[0.472s] DEBUG:colcon:Command line arguments: ['/usr/bin/colcon', 'build']
[0.472s] DEBUG:colcon:Parsed command line arguments: Namespace(log_base=None, log_level=None, verb_name='build', build_base='build', install_base='install', merge_install=False, symlink_install=False, test_result_base=None, continue_on_error=False, executor='parallel', parallel_workers=8, event_handlers=None, ignore_user_meta=False, metas=['./colcon.meta'], base_paths=['.'], packages_ignore=None, packages_ignore_regex=None, paths=None, packages_up_to=None, packages_up_to_regex=None, packages_above=None, packages_above_and_dependencies=None, packages_above_depth=None, packages_select_by_dep=None, packages_skip_by_dep=None, packages_skip_up_to=None, packages_select_build_failed=False, packages_skip_build_finished=False, packages_select_test_failures=False, packages_skip_test_passed=False, packages_select=None, packages_skip=None, packages_select_regex=None, packages_skip_regex=None, packages_start=None, packages_end=None, allow_overriding=[], cmake_args=None, cmake_target=None, cmake_target_skip_unavailable=False, cmake_clean_cache=False, cmake_clean_first=False, cmake_force_configure=False, ament_cmake_args=None, catkin_cmake_args=None, catkin_skip_building_tests=False, mixin_files=None, mixin=None, verb_parser=<colcon_mixin.mixin.mixin_argument.MixinArgumentDecorator object at 0x7277f7786890>, verb_extension=<colcon_core.verb.build.BuildVerb object at 0x7277f7786080>, main=<bound method BuildVerb.main of <colcon_core.verb.build.BuildVerb object at 0x7277f7786080>>, mixin_verb=('build',))
[1.256s] Level 1:colcon.colcon_core.package_discovery:discover_packages(colcon_meta) check parameters
[1.256s] Level 1:colcon.colcon_core.package_discovery:discover_packages(recursive) check parameters
[1.257s] Level 1:colcon.colcon_core.package_discovery:discover_packages(ignore) check parameters
[1.257s] Level 1:colcon.colcon_core.package_discovery:discover_packages(path) check parameters
[1.257s] Level 1:colcon.colcon_core.package_discovery:discover_packages(colcon_meta) discover
[1.257s] Level 1:colcon.colcon_core.package_discovery:discover_packages(recursive) discover
[1.257s] INFO:colcon.colcon_core.package_discovery:Crawling recursively for packages in '/home/asd/temp_git_repo/sakar_asignment'
[1.257s] Level 1:colcon.colcon_core.package_identification:_identify(.) by extensions ['ignore', 'ignore_ament_install']
[1.258s] Level 1:colcon.colcon_core.package_identification:_identify(.) by extension 'ignore'
[1.258s] Level 1:colcon.colcon_core.package_identification:_identify(.) by extension 'ignore_ament_install'
[1.258s] Level 1:colcon.colcon_core.package_identification:_identify(.) by extensions ['colcon_pkg']
[1.258s] Level 1:colcon.colcon_core.package_identification:_identify(.) by extension 'colcon_pkg'
[1.258s] Level 1:colcon.colcon_core.package_identification:_identify(.) by extensions ['colcon_meta']
[1.258s] Level 1:colcon.colcon_core.package_identification:_identify(.) by extension 'colcon_meta'
[1.258s] Level 1:colcon.colcon_core.package_identification:_identify(.) by extensions ['ros']
[1.258s] Level 1:colcon.colcon_core.package_identification:_identify(.) by extension 'ros'
[1.322s] Level 1:colcon.colcon_core.package_identification:_identify(.) by extensions ['cmake', 'python']
[1.323s] Level 1:colcon.colcon_core.package_identification:_identify(.) by extension 'cmake'
[1.323s] Level 1:colcon.colcon_core.package_identification:_identify(.) by extension 'python'
[1.324s] Level 1:colcon.colcon_core.package_identification:_identify(.) by extensions ['python_setup_py']
[1.324s] Level 1:colcon.colcon_core.package_identification:_identify(.) by extension 'python_setup_py'
[1.324s] Level 1:colcon.colcon_core.package_identification:_identify(build) by extensions ['ignore', 'ignore_ament_install']
[1.325s] Level 1:colcon.colcon_core.package_identification:_identify(build) by extension 'ignore'
[1.325s] Level 1:colcon.colcon_core.package_identification:_identify(build) ignored
[1.327s] Level 1:colcon.colcon_core.package_identification:_identify(install) by extensions ['ignore', 'ignore_ament_install']
[1.328s] Level 1:colcon.colcon_core.package_identification:_identify(install) by extension 'ignore'
[1.329s] Level 1:colcon.colcon_core.package_identification:_identify(install) ignored
[1.329s] Level 1:colcon.colcon_core.package_identification:_identify(log) by extensions ['ignore', 'ignore_ament_install']
[1.330s] Level 1:colcon.colcon_core.package_identification:_identify(log) by extension 'ignore'
[1.330s] Level 1:colcon.colcon_core.package_identification:_identify(log) ignored
[1.330s] Level 1:colcon.colcon_core.package_identification:_identify(src) by extensions ['ignore', 'ignore_ament_install']
[1.330s] Level 1:colcon.colcon_core.package_identification:_identify(src) by extension 'ignore'
[1.331s] Level 1:colcon.colcon_core.package_identification:_identify(src) by extension 'ignore_ament_install'
[1.331s] Level 1:colcon.colcon_core.package_identification:_identify(src) by extensions ['colcon_pkg']
[1.331s] Level 1:colcon.colcon_core.package_identification:_identify(src) by extension 'colcon_pkg'
[1.331s] Level 1:colcon.colcon_core.package_identification:_identify(src) by extensions ['colcon_meta']
[1.331s] Level 1:colcon.colcon_core.package_identification:_identify(src) by extension 'colcon_meta'
[1.331s] Level 1:colcon.colcon_core.package_identification:_identify(src) by extensions ['ros']
[1.331s] Level 1:colcon.colcon_core.package_identification:_identify(src) by extension 'ros'
[1.331s] Level 1:colcon.colcon_core.package_identification:_identify(src) by extensions ['cmake', 'python']
[1.331s] Level 1:colcon.colcon_core.package_identification:_identify(src) by extension 'cmake'
[1.332s] Level 1:colcon.colcon_core.package_identification:_identify(src) by extension 'python'
[1.332s] Level 1:colcon.colcon_core.package_identification:_identify(src) by extensions ['python_setup_py']
[1.332s] Level 1:colcon.colcon_core.package_identification:_identify(src) by extension 'python_setup_py'
[1.332s] Level 1:colcon.colcon_core.package_identification:_identify(src/single_robo_bringup) by extensions ['ignore', 'ignore_ament_install']
[1.332s] Level 1:colcon.colcon_core.package_identification:_identify(src/single_robo_bringup) by extension 'ignore'
[1.332s] Level 1:colcon.colcon_core.package_identification:_identify(src/single_robo_bringup) by extension 'ignore_ament_install'
[1.333s] Level 1:colcon.colcon_core.package_identification:_identify(src/single_robo_bringup) by extensions ['colcon_pkg']
[1.333s] Level 1:colcon.colcon_core.package_identification:_identify(src/single_robo_bringup) by extension 'colcon_pkg'
[1.333s] Level 1:colcon.colcon_core.package_identification:_identify(src/single_robo_bringup) by extensions ['colcon_meta']
[1.333s] Level 1:colcon.colcon_core.package_identification:_identify(src/single_robo_bringup) by extension 'colcon_meta'
[1.333s] Level 1:colcon.colcon_core.package_identification:_identify(src/single_robo_bringup) by extensions ['ros']
[1.333s] Level 1:colcon.colcon_core.package_identification:_identify(src/single_robo_bringup) by extension 'ros'
[1.342s] DEBUG:colcon.colcon_core.package_identification:Package 'src/single_robo_bringup' with type 'ros.ament_cmake' and name 'single_robo_bringup'
[1.342s] Level 1:colcon.colcon_core.package_identification:_identify(src/single_robo_discription) by extensions ['ignore', 'ignore_ament_install']
[1.342s] Level 1:colcon.colcon_core.package_identification:_identify(src/single_robo_discription) by extension 'ignore'
[1.343s] Level 1:colcon.colcon_core.package_identification:_identify(src/single_robo_discription) by extension 'ignore_ament_install'
[1.343s] Level 1:colcon.colcon_core.package_identification:_identify(src/single_robo_discription) by extensions ['colcon_pkg']
[1.343s] Level 1:colcon.colcon_core.package_identification:_identify(src/single_robo_discription) by extension 'colcon_pkg'
[1.343s] Level 1:colcon.colcon_core.package_identification:_identify(src/single_robo_discription) by extensions ['colcon_meta']
[1.343s] Level 1:colcon.colcon_core.package_identification:_identify(src/single_robo_discription) by extension 'colcon_meta'
[1.343s] Level 1:colcon.colcon_core.package_identification:_identify(src/single_robo_discription) by extensions ['ros']
[1.343s] Level 1:colcon.colcon_core.package_identification:_identify(src/single_robo_discription) by extension 'ros'
[1.348s] DEBUG:colcon.colcon_core.package_identification:Package 'src/single_robo_discription' with type 'ros.ament_cmake' and name 'single_robo_discription'
[1.348s] Level 1:colcon.colcon_core.package_identification:_identify(src/single_robo_odometry) by extensions ['ignore', 'ignore_ament_install']
[1.349s] Level 1:colcon.colcon_core.package_identification:_identify(src/single_robo_odometry) by extension 'ignore'
[1.350s] Level 1:colcon.colcon_core.package_identification:_identify(src/single_robo_odometry) by extension 'ignore_ament_install'
[1.351s] Level 1:colcon.colcon_core.package_identification:_identify(src/single_robo_odometry) by extensions ['colcon_pkg']
[1.351s] Level 1:colcon.colcon_core.package_identification:_identify(src/single_robo_odometry) by extension 'colcon_pkg'
[1.351s] Level 1:colcon.colcon_core.package_identification:_identify(src/single_robo_odometry) by extensions ['colcon_meta']
[1.352s] Level 1:colcon.colcon_core.package_identification:_identify(src/single_robo_odometry) by extension 'colcon_meta'
[1.352s] Level 1:colcon.colcon_core.package_identification:_identify(src/single_robo_odometry) by extensions ['ros']
[1.352s] Level 1:colcon.colcon_core.package_identification:_identify(src/single_robo_odometry) by extension 'ros'
[1.355s] DEBUG:colcon.colcon_core.package_identification:Package 'src/single_robo_odometry' with type 'ros.ament_python' and name 'single_robo_odometry'
[1.355s] Level 1:colcon.colcon_core.package_identification:_identify(src/single_robo_perception) by extensions ['ignore', 'ignore_ament_install']
[1.356s] Level 1:colcon.colcon_core.package_identification:_identify(src/single_robo_perception) by extension 'ignore'
[1.356s] Level 1:colcon.colcon_core.package_identification:_identify(src/single_robo_perception) by extension 'ignore_ament_install'
[1.356s] Level 1:colcon.colcon_core.package_identification:_identify(src/single_robo_perception) by extensions ['colcon_pkg']
[1.356s] Level 1:colcon.colcon_core.package_identification:_identify(src/single_robo_perception) by extension 'colcon_pkg'
[1.356s] Level 1:colcon.colcon_core.package_identification:_identify(src/single_robo_perception) by extensions ['colcon_meta']
[1.356s] Level 1:colcon.colcon_core.package_identification:_identify(src/single_robo_perception) by extension 'colcon_meta'
[1.357s] Level 1:colcon.colcon_core.package_identification:_identify(src/single_robo_perception) by extensions ['ros']
[1.357s] Level 1:colcon.colcon_core.package_identification:_identify(src/single_robo_perception) by extension 'ros'
[1.358s] DEBUG:colcon.colcon_core.package_identification:Package 'src/single_robo_perception' with type 'ros.ament_python' and name 'single_robo_perception'
[1.358s] Level 1:colcon.colcon_core.package_discovery:discover_packages(recursive) using defaults
[1.358s] Level 1:colcon.colcon_core.package_discovery:discover_packages(ignore) discover
[1.359s] Level 1:colcon.colcon_core.package_discovery:discover_packages(ignore) using defaults
[1.359s] Level 1:colcon.colcon_core.package_discovery:discover_packages(path) discover
[1.359s] Level 1:colcon.colcon_core.package_discovery:discover_packages(path) using defaults
[1.446s] Level 1:colcon.colcon_core.package_discovery:discover_packages(prefix_path) check parameters
[1.446s] Level 1:colcon.colcon_core.package_discovery:discover_packages(prefix_path) discover
[1.463s] DEBUG:colcon.colcon_installed_package_information.package_discovery:Found 3 installed packages in /home/asd/temp_git_repo/sakar_asignment/install
[1.465s] DEBUG:colcon.colcon_installed_package_information.package_discovery:Found 3 installed packages in /home/asd/temp_git_repo/first-mega-project/install
[1.467s] DEBUG:colcon.colcon_installed_package_information.package_discovery:Found 4 installed packages in /home/asd/temp_git_repo/Eric_ws/assignment_ws/install
[1.469s] DEBUG:colcon.colcon_installed_package_information.package_discovery:Found 2 installed packages in /home/asd/ros2_ws2/install
[1.472s] DEBUG:colcon.colcon_installed_package_information.package_discovery:Found 6 installed packages in /home/asd/ros2_ws/install
[1.474s] DEBUG:colcon.colcon_installed_package_information.package_discovery:Found 9 installed packages in /home/asd/ros2_ws_goat2/install
[1.475s] DEBUG:colcon.colcon_installed_package_information.package_discovery:Found 3 installed packages in /home/asd/microros_ws/install
[1.479s] DEBUG:colcon.colcon_installed_package_information.package_discovery:Found 3 installed packages in /home/asd/ros2_ws4/install
[1.484s] DEBUG:colcon.colcon_installed_package_information.package_discovery:Found 16 installed packages in /home/asd/ros2_ws_hardware_int/install
[1.486s] DEBUG:colcon.colcon_installed_package_information.package_discovery:Found 8 installed packages in /home/asd/ros2_ws9/install
[1.488s] DEBUG:colcon.colcon_installed_package_information.package_discovery:Found 3 installed packages in /home/asd/ros2_ws7/install
[1.489s] DEBUG:colcon.colcon_installed_package_information.package_discovery:Found 1 installed packages in /home/asd/ros2_ws_hardware_int2/install
[1.491s] DEBUG:colcon.colcon_installed_package_information.package_discovery:Found 4 installed packages in /home/asd/ros2_ws_glim/install
[1.492s] DEBUG:colcon.colcon_installed_package_information.package_discovery:Found 1 installed packages in /home/asd/ros2_ws_to_build/install
[1.502s] DEBUG:colcon.colcon_installed_package_information.package_discovery:Found 512 installed packages in /opt/ros/humble
[1.513s] Level 1:colcon.colcon_core.package_discovery:discover_packages(prefix_path) using defaults
[1.783s] Level 5:colcon.colcon_core.verb:set package 'single_robo_bringup' build argument 'cmake_args' from command line to 'None'
[1.783s] Level 5:colcon.colcon_core.verb:set package 'single_robo_bringup' build argument 'cmake_target' from command line to 'None'
[1.783s] Level 5:colcon.colcon_core.verb:set package 'single_robo_bringup' build argument 'cmake_target_skip_unavailable' from command line to 'False'
[1.784s] Level 5:colcon.colcon_core.verb:set package 'single_robo_bringup' build argument 'cmake_clean_cache' from command line to 'False'
[1.784s] Level 5:colcon.colcon_core.verb:set package 'single_robo_bringup' build argument 'cmake_clean_first' from command line to 'False'
[1.784s] Level 5:colcon.colcon_core.verb:set package 'single_robo_bringup' build argument 'cmake_force_configure' from command line to 'False'
[1.784s] Level 5:colcon.colcon_core.verb:set package 'single_robo_bringup' build argument 'ament_cmake_args' from command line to 'None'
[1.784s] Level 5:colcon.colcon_core.verb:set package 'single_robo_bringup' build argument 'catkin_cmake_args' from command line to 'None'
[1.784s] Level 5:colcon.colcon_core.verb:set package 'single_robo_bringup' build argument 'catkin_skip_building_tests' from command line to 'False'
[1.784s] DEBUG:colcon.colcon_core.verb:Building package 'single_robo_bringup' with the following arguments: {'ament_cmake_args': None, 'build_base': '/home/asd/temp_git_repo/sakar_asignment/build/single_robo_bringup', 'catkin_cmake_args': None, 'catkin_skip_building_tests': False, 'cmake_args': None, 'cmake_clean_cache': False, 'cmake_clean_first': False, 'cmake_force_configure': False, 'cmake_target': None, 'cmake_target_skip_unavailable': False, 'install_base': '/home/asd/temp_git_repo/sakar_asignment/install/single_robo_bringup', 'merge_install': False, 'path': '/home/asd/temp_git_repo/sakar_asignment/src/single_robo_bringup', 'symlink_install': False, 'test_result_base': None}
[1.785s] Level 5:colcon.colcon_core.verb:set package 'single_robo_discription' build argument 'cmake_args' from command line to 'None'
[1.785s] Level 5:colcon.colcon_core.verb:set package 'single_robo_discription' build argument 'cmake_target' from command line to 'None'
[1.785s] Level 5:colcon.colcon_core.verb:set package 'single_robo_discription' build argument 'cmake_target_skip_unavailable' from command line to 'False'
[1.786s] Level 5:colcon.colcon_core.verb:set package 'single_robo_discription' build argument 'cmake_clean_cache' from command line to 'False'
[1.786s] Level 5:colcon.colcon_core.verb:set package 'single_robo_discription' build argument 'cmake_clean_first' from command line to 'False'
[1.786s] Level 5:colcon.colcon_core.verb:set package 'single_robo_discription' build argument 'cmake_force_configure' from command line to 'False'
[1.786s] Level 5:colcon.colcon_core.verb:set package 'single_robo_discription' build argument 'ament_cmake_args' from command line to 'None'
[1.786s] Level 5:colcon.colcon_core.verb:set package 'single_robo_discription' build argument 'catkin_cmake_args' from command line to 'None'
[1.786s] Level 5:colcon.colcon_core.verb:set package 'single_robo_discription' build argument 'catkin_skip_building_tests' from command line to 'False'
[1.786s] DEBUG:colcon.colcon_core.verb:Building package 'single_robo_discription' with the following arguments: {'ament_cmake_args': None, 'build_base': '/home/asd/temp_git_repo/sakar_asignment/build/single_robo_discription', 'catkin_cmake_args': None, 'catkin_skip_building_tests': False, 'cmake_args': None, 'cmake_clean_cache': False, 'cmake_clean_first': False, 'cmake_force_configure': False, 'cmake_target': None, 'cmake_target_skip_unavailable': False, 'install_base': '/home/asd/temp_git_repo/sakar_asignment/install/single_robo_discription', 'merge_install': False, 'path': '/home/asd/temp_git_repo/sakar_asignment/src/single_robo_discription', 'symlink_install': False, 'test_result_base': None}
[1.788s] Level 5:colcon.colcon_core.verb:set package 'single_robo_odometry' build argument 'cmake_args' from command line to 'None'
[1.788s] Level 5:colcon.colcon_core.verb:set package 'single_robo_odometry' build argument 'cmake_target' from command line to 'None'
[1.789s] Level 5:colcon.colcon_core.verb:set package 'single_robo_odometry' build argument 'cmake_target_skip_unavailable' from command line to 'False'
[1.789s] Level 5:colcon.colcon_core.verb:set package 'single_robo_odometry' build argument 'cmake_clean_cache' from command line to 'False'
[1.789s] Level 5:colcon.colcon_core.verb:set package 'single_robo_odometry' build argument 'cmake_clean_first' from command line to 'False'
[1.789s] Level 5:colcon.colcon_core.verb:set package 'single_robo_odometry' build argument 'cmake_force_configure' from command line to 'False'
[1.789s] Level 5:colcon.colcon_core.verb:set package 'single_robo_odometry' build argument 'ament_cmake_args' from command line to 'None'
[1.789s] Level 5:colcon.colcon_core.verb:set package 'single_robo_odometry' build argument 'catkin_cmake_args' from command line to 'None'
[1.789s] Level 5:colcon.colcon_core.verb:set package 'single_robo_odometry' build argument 'catkin_skip_building_tests' from command line to 'False'
[1.789s] DEBUG:colcon.colcon_core.verb:Building package 'single_robo_odometry' with the following arguments: {'ament_cmake_args': None, 'build_base': '/home/asd/temp_git_repo/sakar_asignment/build/single_robo_odometry', 'catkin_cmake_args': None, 'catkin_skip_building_tests': False, 'cmake_args': None, 'cmake_clean_cache': False, 'cmake_clean_first': False, 'cmake_force_configure': False, 'cmake_target': None, 'cmake_target_skip_unavailable': False, 'install_base': '/home/asd/temp_git_repo/sakar_asignment/install/single_robo_odometry', 'merge_install': False, 'path': '/home/asd/temp_git_repo/sakar_asignment/src/single_robo_odometry', 'symlink_install': False, 'test_result_base': None}
[1.790s] Level 5:colcon.colcon_core.verb:set package 'single_robo_perception' build argument 'cmake_args' from command line to 'None'
[1.791s] Level 5:colcon.colcon_core.verb:set package 'single_robo_perception' build argument 'cmake_target' from command line to 'None'
[1.791s] Level 5:colcon.colcon_core.verb:set package 'single_robo_perception' build argument 'cmake_target_skip_unavailable' from command line to 'False'
[1.791s] Level 5:colcon.colcon_core.verb:set package 'single_robo_perception' build argument 'cmake_clean_cache' from command line to 'False'
[1.791s] Level 5:colcon.colcon_core.verb:set package 'single_robo_perception' build argument 'cmake_clean_first' from command line to 'False'
[1.791s] Level 5:colcon.colcon_core.verb:set package 'single_robo_perception' build argument 'cmake_force_configure' from command line to 'False'
[1.791s] Level 5:colcon.colcon_core.verb:set package 'single_robo_perception' build argument 'ament_cmake_args' from command line to 'None'
[1.791s] Level 5:colcon.colcon_core.verb:set package 'single_robo_perception' build argument 'catkin_cmake_args' from command line to 'None'
[1.791s] Level 5:colcon.colcon_core.verb:set package 'single_robo_perception' build argument 'catkin_skip_building_tests' from command line to 'False'
[1.791s] DEBUG:colcon.colcon_core.verb:Building package 'single_robo_perception' with the following arguments: {'ament_cmake_args': None, 'build_base': '/home/asd/temp_git_repo/sakar_asignment/build/single_robo_perception', 'catkin_cmake_args': None, 'catkin_skip_building_tests': False, 'cmake_args': None, 'cmake_clean_cache': False, 'cmake_clean_first': False, 'cmake_force_configure': False, 'cmake_target': None, 'cmake_target_skip_unavailable': False, 'install_base': '/home/asd/temp_git_repo/sakar_asignment/install/single_robo_perception', 'merge_install': False, 'path': '/home/asd/temp_git_repo/sakar_asignment/src/single_robo_perception', 'symlink_install': False, 'test_result_base': None}
[1.792s] INFO:colcon.colcon_core.executor:Executing jobs using 'parallel' executor
[1.796s] DEBUG:colcon.colcon_parallel_executor.executor.parallel:run_until_complete
[1.797s] INFO:colcon.colcon_ros.task.ament_cmake.build:Building ROS package in '/home/asd/temp_git_repo/sakar_asignment/src/single_robo_bringup' with build type 'ament_cmake'
[1.799s] INFO:colcon.colcon_cmake.task.cmake.build:Building CMake package in '/home/asd/temp_git_repo/sakar_asignment/src/single_robo_bringup'
[1.806s] INFO:colcon.colcon_core.plugin_system:Skipping extension 'colcon_core.shell.bat': Not used on non-Windows systems
[1.807s] INFO:colcon.colcon_core.shell:Skip shell extension 'powershell' for command environment: Not usable outside of PowerShell
[1.807s] DEBUG:colcon.colcon_core.shell:Skip shell extension 'dsv' for command environment
[1.859s] INFO:colcon.colcon_ros.task.ament_cmake.build:Building ROS package in '/home/asd/temp_git_repo/sakar_asignment/src/single_robo_discription' with build type 'ament_cmake'
[1.859s] INFO:colcon.colcon_cmake.task.cmake.build:Building CMake package in '/home/asd/temp_git_repo/sakar_asignment/src/single_robo_discription'
[1.860s] INFO:colcon.colcon_core.shell:Skip shell extension 'powershell' for command environment: Not usable outside of PowerShell
[1.860s] DEBUG:colcon.colcon_core.shell:Skip shell extension 'dsv' for command environment
[1.905s] INFO:colcon.colcon_ros.task.ament_python.build:Building ROS package in '/home/asd/temp_git_repo/sakar_asignment/src/single_robo_odometry' with build type 'ament_python'
[1.906s] Level 1:colcon.colcon_core.shell:create_environment_hook('single_robo_odometry', 'ament_prefix_path')
[1.907s] INFO:colcon.colcon_core.shell:Creating environment hook '/home/asd/temp_git_repo/sakar_asignment/install/single_robo_odometry/share/single_robo_odometry/hook/ament_prefix_path.ps1'
[1.908s] INFO:colcon.colcon_core.shell:Creating environment descriptor '/home/asd/temp_git_repo/sakar_asignment/install/single_robo_odometry/share/single_robo_odometry/hook/ament_prefix_path.dsv'
[1.909s] INFO:colcon.colcon_core.shell:Creating environment hook '/home/asd/temp_git_repo/sakar_asignment/install/single_robo_odometry/share/single_robo_odometry/hook/ament_prefix_path.sh'
[1.913s] INFO:colcon.colcon_core.shell:Skip shell extension 'powershell' for command environment: Not usable outside of PowerShell
[1.914s] DEBUG:colcon.colcon_core.shell:Skip shell extension 'dsv' for command environment
[1.964s] INFO:colcon.colcon_ros.task.ament_python.build:Building ROS package in '/home/asd/temp_git_repo/sakar_asignment/src/single_robo_perception' with build type 'ament_python'
[1.964s] Level 1:colcon.colcon_core.shell:create_environment_hook('single_robo_perception', 'ament_prefix_path')
[1.965s] INFO:colcon.colcon_core.shell:Creating environment hook '/home/asd/temp_git_repo/sakar_asignment/install/single_robo_perception/share/single_robo_perception/hook/ament_prefix_path.ps1'
[1.967s] INFO:colcon.colcon_core.shell:Creating environment descriptor '/home/asd/temp_git_repo/sakar_asignment/install/single_robo_perception/share/single_robo_perception/hook/ament_prefix_path.dsv'
[1.970s] INFO:colcon.colcon_core.shell:Creating environment hook '/home/asd/temp_git_repo/sakar_asignment/install/single_robo_perception/share/single_robo_perception/hook/ament_prefix_path.sh'
[1.972s] INFO:colcon.colcon_core.shell:Skip shell extension 'powershell' for command environment: Not usable outside of PowerShell
[1.973s] DEBUG:colcon.colcon_core.shell:Skip shell extension 'dsv' for command environment
[2.041s] DEBUG:colcon.colcon_core.event_handler.log_command:Invoking command in '/home/asd/temp_git_repo/sakar_asignment/build/single_robo_bringup': CMAKE_PREFIX_PATH=${CMAKE_PREFIX_PATH}:/home/asd/temp_git_repo/sakar_asignment/install/single_robo_odometry:/home/asd/temp_git_repo/first-mega-project/install/single_robo_odometry:/home/asd/ros2_ws_goat2/install/multi_robo_simulator:/home/asd/ros2_ws_goat2/install/swarm_interfaces:/home/asd/ros2_ws_goat2/install/my_robot_description2:/home/asd/ros2_ws_goat2/install/my_robot_bringup2:/home/asd/ros2_ws_goat2/install/goat_robo_discription:/home/asd/ros2_ws_goat2/install/micro_ros_server:/home/asd/ros2_ws_goat2/install/micro_ros_custom_interfaces:/home/asd/ros2_ws_goat2/install/Qr_action:/home/asd/ros2_ws4/install/esp_wifi:/home/asd/ros2_ws4/install/maping_odom:/home/asd/ros2_ws9/install/turtlebot3_simulations:/home/asd/ros2_ws9/install/turtlebot3_gazebo_goat:/home/asd/ros2_ws9/install/turtlebot3_fake_node:/home/asd/ros2_ws9/install/testbed_gazebo_goat:/home/asd/ros2_ws9/install/testbed_description_goat:/home/asd/ros2_ws9/install/my_goat_pkg:/home/asd/ros2_ws9/install/goat_interfaces:/home/asd/ros2_ws9/install/goat_gazebo:/home/asd/ros2_ws7/install/my_py_pkg_anscer:/home/asd/ros2_ws/install/turtlesim_catch_them_all:/home/asd/ros2_ws/install/my_py_pkg:/opt/ros/humble /usr/bin/cmake --build /home/asd/temp_git_repo/sakar_asignment/build/single_robo_bringup -- -j8 -l8
[2.059s] DEBUG:colcon.colcon_core.event_handler.log_command:Invoking command in '/home/asd/temp_git_repo/sakar_asignment/build/single_robo_discription': CMAKE_PREFIX_PATH=${CMAKE_PREFIX_PATH}:/home/asd/temp_git_repo/sakar_asignment/install/single_robo_odometry:/home/asd/temp_git_repo/first-mega-project/install/single_robo_odometry:/home/asd/ros2_ws_goat2/install/multi_robo_simulator:/home/asd/ros2_ws_goat2/install/swarm_interfaces:/home/asd/ros2_ws_goat2/install/my_robot_description2:/home/asd/ros2_ws_goat2/install/my_robot_bringup2:/home/asd/ros2_ws_goat2/install/goat_robo_discription:/home/asd/ros2_ws_goat2/install/micro_ros_server:/home/asd/ros2_ws_goat2/install/micro_ros_custom_interfaces:/home/asd/ros2_ws_goat2/install/Qr_action:/home/asd/ros2_ws4/install/esp_wifi:/home/asd/ros2_ws4/install/maping_odom:/home/asd/ros2_ws9/install/turtlebot3_simulations:/home/asd/ros2_ws9/install/turtlebot3_gazebo_goat:/home/asd/ros2_ws9/install/turtlebot3_fake_node:/home/asd/ros2_ws9/install/testbed_gazebo_goat:/home/asd/ros2_ws9/install/testbed_description_goat:/home/asd/ros2_ws9/install/my_goat_pkg:/home/asd/ros2_ws9/install/goat_interfaces:/home/asd/ros2_ws9/install/goat_gazebo:/home/asd/ros2_ws7/install/my_py_pkg_anscer:/home/asd/ros2_ws/install/turtlesim_catch_them_all:/home/asd/ros2_ws/install/my_py_pkg:/opt/ros/humble /usr/bin/cmake --build /home/asd/temp_git_repo/sakar_asignment/build/single_robo_discription -- -j8 -l8
[3.317s] INFO:colcon.colcon_core.task.python.build:Building Python package in '/home/asd/temp_git_repo/sakar_asignment/src/single_robo_odometry'
[3.319s] INFO:colcon.colcon_core.shell:Skip shell extension 'powershell' for command environment: Not usable outside of PowerShell
[3.319s] DEBUG:colcon.colcon_core.shell:Skip shell extension 'dsv' for command environment
[4.632s] INFO:colcon.colcon_core.task.python.build:Building Python package in '/home/asd/temp_git_repo/sakar_asignment/src/single_robo_perception'
[4.633s] INFO:colcon.colcon_core.shell:Skip shell extension 'powershell' for command environment: Not usable outside of PowerShell
[4.633s] DEBUG:colcon.colcon_core.shell:Skip shell extension 'dsv' for command environment
[4.695s] DEBUG:colcon.colcon_core.event_handler.log_command:Invoked command in '/home/asd/temp_git_repo/sakar_asignment/build/single_robo_discription' returned '0': CMAKE_PREFIX_PATH=${CMAKE_PREFIX_PATH}:/home/asd/temp_git_repo/sakar_asignment/install/single_robo_odometry:/home/asd/temp_git_repo/first-mega-project/install/single_robo_odometry:/home/asd/ros2_ws_goat2/install/multi_robo_simulator:/home/asd/ros2_ws_goat2/install/swarm_interfaces:/home/asd/ros2_ws_goat2/install/my_robot_description2:/home/asd/ros2_ws_goat2/install/my_robot_bringup2:/home/asd/ros2_ws_goat2/install/goat_robo_discription:/home/asd/ros2_ws_goat2/install/micro_ros_server:/home/asd/ros2_ws_goat2/install/micro_ros_custom_interfaces:/home/asd/ros2_ws_goat2/install/Qr_action:/home/asd/ros2_ws4/install/esp_wifi:/home/asd/ros2_ws4/install/maping_odom:/home/asd/ros2_ws9/install/turtlebot3_simulations:/home/asd/ros2_ws9/install/turtlebot3_gazebo_goat:/home/asd/ros2_ws9/install/turtlebot3_fake_node:/home/asd/ros2_ws9/install/testbed_gazebo_goat:/home/asd/ros2_ws9/install/testbed_description_goat:/home/asd/ros2_ws9/install/my_goat_pkg:/home/asd/ros2_ws9/install/goat_interfaces:/home/asd/ros2_ws9/install/goat_gazebo:/home/asd/ros2_ws7/install/my_py_pkg_anscer:/home/asd/ros2_ws/install/turtlesim_catch_them_all:/home/asd/ros2_ws/install/my_py_pkg:/opt/ros/humble /usr/bin/cmake --build /home/asd/temp_git_repo/sakar_asignment/build/single_robo_discription -- -j8 -l8
[4.739s] DEBUG:colcon.colcon_core.event_handler.log_command:Invoking command in '/home/asd/temp_git_repo/sakar_asignment/build/single_robo_discription': CMAKE_PREFIX_PATH=${CMAKE_PREFIX_PATH}:/home/asd/temp_git_repo/sakar_asignment/install/single_robo_odometry:/home/asd/temp_git_repo/first-mega-project/install/single_robo_odometry:/home/asd/ros2_ws_goat2/install/multi_robo_simulator:/home/asd/ros2_ws_goat2/install/swarm_interfaces:/home/asd/ros2_ws_goat2/install/my_robot_description2:/home/asd/ros2_ws_goat2/install/my_robot_bringup2:/home/asd/ros2_ws_goat2/install/goat_robo_discription:/home/asd/ros2_ws_goat2/install/micro_ros_server:/home/asd/ros2_ws_goat2/install/micro_ros_custom_interfaces:/home/asd/ros2_ws_goat2/install/Qr_action:/home/asd/ros2_ws4/install/esp_wifi:/home/asd/ros2_ws4/install/maping_odom:/home/asd/ros2_ws9/install/turtlebot3_simulations:/home/asd/ros2_ws9/install/turtlebot3_gazebo_goat:/home/asd/ros2_ws9/install/turtlebot3_fake_node:/home/asd/ros2_ws9/install/testbed_gazebo_goat:/home/asd/ros2_ws9/install/testbed_description_goat:/home/asd/ros2_ws9/install/my_goat_pkg:/home/asd/ros2_ws9/install/goat_interfaces:/home/asd/ros2_ws9/install/goat_gazebo:/home/asd/ros2_ws7/install/my_py_pkg_anscer:/home/asd/ros2_ws/install/turtlesim_catch_them_all:/home/asd/ros2_ws/install/my_py_pkg:/opt/ros/humble /usr/bin/cmake --install /home/asd/temp_git_repo/sakar_asignment/build/single_robo_discription
[4.741s] DEBUG:colcon.colcon_core.event_handler.log_command:Invoked command in '/home/asd/temp_git_repo/sakar_asignment/build/single_robo_bringup' returned '0': CMAKE_PREFIX_PATH=${CMAKE_PREFIX_PATH}:/home/asd/temp_git_repo/sakar_asignment/install/single_robo_odometry:/home/asd/temp_git_repo/first-mega-project/install/single_robo_odometry:/home/asd/ros2_ws_goat2/install/multi_robo_simulator:/home/asd/ros2_ws_goat2/install/swarm_interfaces:/home/asd/ros2_ws_goat2/install/my_robot_description2:/home/asd/ros2_ws_goat2/install/my_robot_bringup2:/home/asd/ros2_ws_goat2/install/goat_robo_discription:/home/asd/ros2_ws_goat2/install/micro_ros_server:/home/asd/ros2_ws_goat2/install/micro_ros_custom_interfaces:/home/asd/ros2_ws_goat2/install/Qr_action:/home/asd/ros2_ws4/install/esp_wifi:/home/asd/ros2_ws4/install/maping_odom:/home/asd/ros2_ws9/install/turtlebot3_simulations:/home/asd/ros2_ws9/install/turtlebot3_gazebo_goat:/home/asd/ros2_ws9/install/turtlebot3_fake_node:/home/asd/ros2_ws9/install/testbed_gazebo_goat:/home/asd/ros2_ws9/install/testbed_description_goat:/home/asd/ros2_ws9/install/my_goat_pkg:/home/asd/ros2_ws9/install/goat_interfaces:/home/asd/ros2_ws9/install/goat_gazebo:/home/asd/ros2_ws7/install/my_py_pkg_anscer:/home/asd/ros2_ws/install/turtlesim_catch_them_all:/home/asd/ros2_ws/install/my_py_pkg:/opt/ros/humble /usr/bin/cmake --build /home/asd/temp_git_repo/sakar_asignment/build/single_robo_bringup -- -j8 -l8
[4.747s] DEBUG:colcon.colcon_core.event_handler.log_command:Invoking command in '/home/asd/temp_git_repo/sakar_asignment/build/single_robo_bringup': CMAKE_PREFIX_PATH=${CMAKE_PREFIX_PATH}:/home/asd/temp_git_repo/sakar_asignment/install/single_robo_odometry:/home/asd/temp_git_repo/first-mega-project/install/single_robo_odometry:/home/asd/ros2_ws_goat2/install/multi_robo_simulator:/home/asd/ros2_ws_goat2/install/swarm_interfaces:/home/asd/ros2_ws_goat2/install/my_robot_description2:/home/asd/ros2_ws_goat2/install/my_robot_bringup2:/home/asd/ros2_ws_goat2/install/goat_robo_discription:/home/asd/ros2_ws_goat2/install/micro_ros_server:/home/asd/ros2_ws_goat2/install/micro_ros_custom_interfaces:/home/asd/ros2_ws_goat2/install/Qr_action:/home/asd/ros2_ws4/install/esp_wifi:/home/asd/ros2_ws4/install/maping_odom:/home/asd/ros2_ws9/install/turtlebot3_simulations:/home/asd/ros2_ws9/install/turtlebot3_gazebo_goat:/home/asd/ros2_ws9/install/turtlebot3_fake_node:/home/asd/ros2_ws9/install/testbed_gazebo_goat:/home/asd/ros2_ws9/install/testbed_description_goat:/home/asd/ros2_ws9/install/my_goat_pkg:/home/asd/ros2_ws9/install/goat_interfaces:/home/asd/ros2_ws9/install/goat_gazebo:/home/asd/ros2_ws7/install/my_py_pkg_anscer:/home/asd/ros2_ws/install/turtlesim_catch_them_all:/home/asd/ros2_ws/install/my_py_pkg:/opt/ros/humble /usr/bin/cmake --install /home/asd/temp_git_repo/sakar_asignment/build/single_robo_bringup
[4.798s] Level 1:colcon.colcon_core.environment:create_environment_scripts_only(single_robo_discription)
[4.820s] Level 1:colcon.colcon_core.environment:checking '/home/asd/temp_git_repo/sakar_asignment/install/single_robo_discription' for CMake module files
[4.828s] Level 1:colcon.colcon_core.environment:checking '/home/asd/temp_git_repo/sakar_asignment/install/single_robo_discription' for CMake config files
[4.831s] Level 1:colcon.colcon_core.shell:create_environment_hook('single_robo_discription', 'cmake_prefix_path')
[4.832s] INFO:colcon.colcon_core.shell:Creating environment hook '/home/asd/temp_git_repo/sakar_asignment/install/single_robo_discription/share/single_robo_discription/hook/cmake_prefix_path.ps1'
[4.833s] INFO:colcon.colcon_core.shell:Creating environment descriptor '/home/asd/temp_git_repo/sakar_asignment/install/single_robo_discription/share/single_robo_discription/hook/cmake_prefix_path.dsv'
[4.841s] INFO:colcon.colcon_core.shell:Creating environment hook '/home/asd/temp_git_repo/sakar_asignment/install/single_robo_discription/share/single_robo_discription/hook/cmake_prefix_path.sh'
[4.848s] DEBUG:colcon.colcon_core.event_handler.log_command:Invoked command in '/home/asd/temp_git_repo/sakar_asignment/build/single_robo_discription' returned '0': CMAKE_PREFIX_PATH=${CMAKE_PREFIX_PATH}:/home/asd/temp_git_repo/sakar_asignment/install/single_robo_odometry:/home/asd/temp_git_repo/first-mega-project/install/single_robo_odometry:/home/asd/ros2_ws_goat2/install/multi_robo_simulator:/home/asd/ros2_ws_goat2/install/swarm_interfaces:/home/asd/ros2_ws_goat2/install/my_robot_description2:/home/asd/ros2_ws_goat2/install/my_robot_bringup2:/home/asd/ros2_ws_goat2/install/goat_robo_discription:/home/asd/ros2_ws_goat2/install/micro_ros_server:/home/asd/ros2_ws_goat2/install/micro_ros_custom_interfaces:/home/asd/ros2_ws_goat2/install/Qr_action:/home/asd/ros2_ws4/install/esp_wifi:/home/asd/ros2_ws4/install/maping_odom:/home/asd/ros2_ws9/install/turtlebot3_simulations:/home/asd/ros2_ws9/install/turtlebot3_gazebo_goat:/home/asd/ros2_ws9/install/turtlebot3_fake_node:/home/asd/ros2_ws9/install/testbed_gazebo_goat:/home/asd/ros2_ws9/install/testbed_description_goat:/home/asd/ros2_ws9/install/my_goat_pkg:/home/asd/ros2_ws9/install/goat_interfaces:/home/asd/ros2_ws9/install/goat_gazebo:/home/asd/ros2_ws7/install/my_py_pkg_anscer:/home/asd/ros2_ws/install/turtlesim_catch_them_all:/home/asd/ros2_ws/install/my_py_pkg:/opt/ros/humble /usr/bin/cmake --install /home/asd/temp_git_repo/sakar_asignment/build/single_robo_discription
[4.851s] Level 1:colcon.colcon_core.environment:checking '/home/asd/temp_git_repo/sakar_asignment/install/single_robo_discription/bin'
[4.852s] Level 1:colcon.colcon_core.environment:checking '/home/asd/temp_git_repo/sakar_asignment/install/single_robo_discription/lib/pkgconfig/single_robo_discription.pc'
[4.852s] Level 1:colcon.colcon_core.environment:checking '/home/asd/temp_git_repo/sakar_asignment/install/single_robo_discription/lib/python3.10/site-packages'
[4.853s] Level 1:colcon.colcon_core.environment:checking '/home/asd/temp_git_repo/sakar_asignment/install/single_robo_discription/bin'
[4.854s] INFO:colcon.colcon_core.shell:Creating package script '/home/asd/temp_git_repo/sakar_asignment/install/single_robo_discription/share/single_robo_discription/package.ps1'
[4.860s] INFO:colcon.colcon_core.shell:Creating package descriptor '/home/asd/temp_git_repo/sakar_asignment/install/single_robo_discription/share/single_robo_discription/package.dsv'
[4.862s] INFO:colcon.colcon_core.shell:Creating package script '/home/asd/temp_git_repo/sakar_asignment/install/single_robo_discription/share/single_robo_discription/package.sh'
[4.867s] INFO:colcon.colcon_core.shell:Creating package script '/home/asd/temp_git_repo/sakar_asignment/install/single_robo_discription/share/single_robo_discription/package.bash'
[4.870s] INFO:colcon.colcon_core.shell:Creating package script '/home/asd/temp_git_repo/sakar_asignment/install/single_robo_discription/share/single_robo_discription/package.zsh'
[4.872s] Level 1:colcon.colcon_core.environment:create_file_with_runtime_dependencies(/home/asd/temp_git_repo/sakar_asignment/install/single_robo_discription/share/colcon-core/packages/single_robo_discription)
[4.873s] Level 1:colcon.colcon_core.environment:create_environment_scripts_only(single_robo_discription)
[4.874s] Level 1:colcon.colcon_core.environment:checking '/home/asd/temp_git_repo/sakar_asignment/install/single_robo_discription' for CMake module files
[4.876s] Level 1:colcon.colcon_core.environment:checking '/home/asd/temp_git_repo/sakar_asignment/install/single_robo_discription' for CMake config files
[4.877s] Level 1:colcon.colcon_core.shell:create_environment_hook('single_robo_discription', 'cmake_prefix_path')
[4.879s] INFO:colcon.colcon_core.shell:Creating environment hook '/home/asd/temp_git_repo/sakar_asignment/install/single_robo_discription/share/single_robo_discription/hook/cmake_prefix_path.ps1'
[4.882s] INFO:colcon.colcon_core.shell:Creating environment descriptor '/home/asd/temp_git_repo/sakar_asignment/install/single_robo_discription/share/single_robo_discription/hook/cmake_prefix_path.dsv'
[4.886s] INFO:colcon.colcon_core.shell:Creating environment hook '/home/asd/temp_git_repo/sakar_asignment/install/single_robo_discription/share/single_robo_discription/hook/cmake_prefix_path.sh'
[4.889s] Level 1:colcon.colcon_core.environment:checking '/home/asd/temp_git_repo/sakar_asignment/install/single_robo_discription/bin'
[4.889s] Level 1:colcon.colcon_core.environment:checking '/home/asd/temp_git_repo/sakar_asignment/install/single_robo_discription/lib/pkgconfig/single_robo_discription.pc'
[4.890s] Level 1:colcon.colcon_core.environment:checking '/home/asd/temp_git_repo/sakar_asignment/install/single_robo_discription/lib/python3.10/site-packages'
[4.891s] Level 1:colcon.colcon_core.environment:checking '/home/asd/temp_git_repo/sakar_asignment/install/single_robo_discription/bin'
[4.892s] INFO:colcon.colcon_core.shell:Creating package script '/home/asd/temp_git_repo/sakar_asignment/install/single_robo_discription/share/single_robo_discription/package.ps1'
[4.893s] INFO:colcon.colcon_core.shell:Creating package descriptor '/home/asd/temp_git_repo/sakar_asignment/install/single_robo_discription/share/single_robo_discription/package.dsv'
[4.895s] INFO:colcon.colcon_core.shell:Creating package script '/home/asd/temp_git_repo/sakar_asignment/install/single_robo_discription/share/single_robo_discription/package.sh'
[4.896s] INFO:colcon.colcon_core.shell:Creating package script '/home/asd/temp_git_repo/sakar_asignment/install/single_robo_discription/share/single_robo_discription/package.bash'
[4.898s] INFO:colcon.colcon_core.shell:Creating package script '/home/asd/temp_git_repo/sakar_asignment/install/single_robo_discription/share/single_robo_discription/package.zsh'
[4.899s] Level 1:colcon.colcon_core.environment:create_file_with_runtime_dependencies(/home/asd/temp_git_repo/sakar_asignment/install/single_robo_discription/share/colcon-core/packages/single_robo_discription)
[4.900s] Level 1:colcon.colcon_core.environment:create_environment_scripts_only(single_robo_bringup)
[4.900s] Level 1:colcon.colcon_core.environment:checking '/home/asd/temp_git_repo/sakar_asignment/install/single_robo_bringup' for CMake module files
[4.902s] Level 1:colcon.colcon_core.environment:checking '/home/asd/temp_git_repo/sakar_asignment/install/single_robo_bringup' for CMake config files
[4.903s] Level 1:colcon.colcon_core.shell:create_environment_hook('single_robo_bringup', 'cmake_prefix_path')
[4.905s] INFO:colcon.colcon_core.shell:Creating environment hook '/home/asd/temp_git_repo/sakar_asignment/install/single_robo_bringup/share/single_robo_bringup/hook/cmake_prefix_path.ps1'
[4.908s] DEBUG:colcon.colcon_core.event_handler.log_command:Invoked command in '/home/asd/temp_git_repo/sakar_asignment/build/single_robo_bringup' returned '0': CMAKE_PREFIX_PATH=${CMAKE_PREFIX_PATH}:/home/asd/temp_git_repo/sakar_asignment/install/single_robo_odometry:/home/asd/temp_git_repo/first-mega-project/install/single_robo_odometry:/home/asd/ros2_ws_goat2/install/multi_robo_simulator:/home/asd/ros2_ws_goat2/install/swarm_interfaces:/home/asd/ros2_ws_goat2/install/my_robot_description2:/home/asd/ros2_ws_goat2/install/my_robot_bringup2:/home/asd/ros2_ws_goat2/install/goat_robo_discription:/home/asd/ros2_ws_goat2/install/micro_ros_server:/home/asd/ros2_ws_goat2/install/micro_ros_custom_interfaces:/home/asd/ros2_ws_goat2/install/Qr_action:/home/asd/ros2_ws4/install/esp_wifi:/home/asd/ros2_ws4/install/maping_odom:/home/asd/ros2_ws9/install/turtlebot3_simulations:/home/asd/ros2_ws9/install/turtlebot3_gazebo_goat:/home/asd/ros2_ws9/install/turtlebot3_fake_node:/home/asd/ros2_ws9/install/testbed_gazebo_goat:/home/asd/ros2_ws9/install/testbed_description_goat:/home/asd/ros2_ws9/install/my_goat_pkg:/home/asd/ros2_ws9/install/goat_interfaces:/home/asd/ros2_ws9/install/goat_gazebo:/home/asd/ros2_ws7/install/my_py_pkg_anscer:/home/asd/ros2_ws/install/turtlesim_catch_them_all:/home/asd/ros2_ws/install/my_py_pkg:/opt/ros/humble /usr/bin/cmake --install /home/asd/temp_git_repo/sakar_asignment/build/single_robo_bringup
[4.911s] INFO:colcon.colcon_core.shell:Creating environment descriptor '/home/asd/temp_git_repo/sakar_asignment/install/single_robo_bringup/share/single_robo_bringup/hook/cmake_prefix_path.dsv'
[4.916s] INFO:colcon.colcon_core.shell:Creating environment hook '/home/asd/temp_git_repo/sakar_asignment/install/single_robo_bringup/share/single_robo_bringup/hook/cmake_prefix_path.sh'
[4.917s] Level 1:colcon.colcon_core.environment:checking '/home/asd/temp_git_repo/sakar_asignment/install/single_robo_bringup/bin'
[4.918s] Level 1:colcon.colcon_core.environment:checking '/home/asd/temp_git_repo/sakar_asignment/install/single_robo_bringup/lib/pkgconfig/single_robo_bringup.pc'
[4.918s] Level 1:colcon.colcon_core.environment:checking '/home/asd/temp_git_repo/sakar_asignment/install/single_robo_bringup/lib/python3.10/site-packages'
[4.919s] Level 1:colcon.colcon_core.environment:checking '/home/asd/temp_git_repo/sakar_asignment/install/single_robo_bringup/bin'
[4.921s] INFO:colcon.colcon_core.shell:Creating package script '/home/asd/temp_git_repo/sakar_asignment/install/single_robo_bringup/share/single_robo_bringup/package.ps1'
[4.925s] INFO:colcon.colcon_core.shell:Creating package descriptor '/home/asd/temp_git_repo/sakar_asignment/install/single_robo_bringup/share/single_robo_bringup/package.dsv'
[4.931s] INFO:colcon.colcon_core.shell:Creating package script '/home/asd/temp_git_repo/sakar_asignment/install/single_robo_bringup/share/single_robo_bringup/package.sh'
[4.933s] INFO:colcon.colcon_core.shell:Creating package script '/home/asd/temp_git_repo/sakar_asignment/install/single_robo_bringup/share/single_robo_bringup/package.bash'
[4.934s] INFO:colcon.colcon_core.shell:Creating package script '/home/asd/temp_git_repo/sakar_asignment/install/single_robo_bringup/share/single_robo_bringup/package.zsh'
[4.935s] Level 1:colcon.colcon_core.environment:create_file_with_runtime_dependencies(/home/asd/temp_git_repo/sakar_asignment/install/single_robo_bringup/share/colcon-core/packages/single_robo_bringup)
[4.941s] Level 1:colcon.colcon_core.environment:create_environment_scripts_only(single_robo_bringup)
[4.943s] Level 1:colcon.colcon_core.environment:checking '/home/asd/temp_git_repo/sakar_asignment/install/single_robo_bringup' for CMake module files
[4.949s] Level 1:colcon.colcon_core.environment:checking '/home/asd/temp_git_repo/sakar_asignment/install/single_robo_bringup' for CMake config files
[4.950s] Level 1:colcon.colcon_core.shell:create_environment_hook('single_robo_bringup', 'cmake_prefix_path')
[4.951s] INFO:colcon.colcon_core.shell:Creating environment hook '/home/asd/temp_git_repo/sakar_asignment/install/single_robo_bringup/share/single_robo_bringup/hook/cmake_prefix_path.ps1'
[4.953s] INFO:colcon.colcon_core.shell:Creating environment descriptor '/home/asd/temp_git_repo/sakar_asignment/install/single_robo_bringup/share/single_robo_bringup/hook/cmake_prefix_path.dsv'
[4.956s] INFO:colcon.colcon_core.shell:Creating environment hook '/home/asd/temp_git_repo/sakar_asignment/install/single_robo_bringup/share/single_robo_bringup/hook/cmake_prefix_path.sh'
[4.961s] Level 1:colcon.colcon_core.environment:checking '/home/asd/temp_git_repo/sakar_asignment/install/single_robo_bringup/bin'
[4.961s] Level 1:colcon.colcon_core.environment:checking '/home/asd/temp_git_repo/sakar_asignment/install/single_robo_bringup/lib/pkgconfig/single_robo_bringup.pc'
[4.962s] Level 1:colcon.colcon_core.environment:checking '/home/asd/temp_git_repo/sakar_asignment/install/single_robo_bringup/lib/python3.10/site-packages'
[4.962s] Level 1:colcon.colcon_core.environment:checking '/home/asd/temp_git_repo/sakar_asignment/install/single_robo_bringup/bin'
[4.963s] INFO:colcon.colcon_core.shell:Creating package script '/home/asd/temp_git_repo/sakar_asignment/install/single_robo_bringup/share/single_robo_bringup/package.ps1'
[4.967s] INFO:colcon.colcon_core.shell:Creating package descriptor '/home/asd/temp_git_repo/sakar_asignment/install/single_robo_bringup/share/single_robo_bringup/package.dsv'
[4.970s] INFO:colcon.colcon_core.shell:Creating package script '/home/asd/temp_git_repo/sakar_asignment/install/single_robo_bringup/share/single_robo_bringup/package.sh'
[4.972s] INFO:colcon.colcon_core.shell:Creating package script '/home/asd/temp_git_repo/sakar_asignment/install/single_robo_bringup/share/single_robo_bringup/package.bash'
[4.978s] INFO:colcon.colcon_core.shell:Creating package script '/home/asd/temp_git_repo/sakar_asignment/install/single_robo_bringup/share/single_robo_bringup/package.zsh'
[4.981s] Level 1:colcon.colcon_core.environment:create_file_with_runtime_dependencies(/home/asd/temp_git_repo/sakar_asignment/install/single_robo_bringup/share/colcon-core/packages/single_robo_bringup)
[6.438s] DEBUG:colcon.colcon_core.event_handler.log_command:Invoking command in '/home/asd/temp_git_repo/sakar_asignment/src/single_robo_perception': PYTHONPATH=/home/asd/temp_git_repo/sakar_asignment/build/single_robo_perception/prefix_override:/usr/lib/python3/dist-packages/colcon_core/task/python/colcon_distutils_commands:/home/asd/temp_git_repo/sakar_asignment/install/single_robo_perception/lib/python3.10/site-packages:${PYTHONPATH} /usr/bin/python3 -W ignore:setup.py install is deprecated -W ignore:easy_install command is deprecated setup.py egg_info --egg-base ../../build/single_robo_perception build --build-base /home/asd/temp_git_repo/sakar_asignment/build/single_robo_perception/build install --record /home/asd/temp_git_repo/sakar_asignment/build/single_robo_perception/install.log --single-version-externally-managed install_data
[6.553s] DEBUG:colcon.colcon_core.event_handler.log_command:Invoking command in '/home/asd/temp_git_repo/sakar_asignment/src/single_robo_odometry': PYTHONPATH=/home/asd/temp_git_repo/sakar_asignment/build/single_robo_odometry/prefix_override:/usr/lib/python3/dist-packages/colcon_core/task/python/colcon_distutils_commands:/home/asd/temp_git_repo/sakar_asignment/install/single_robo_odometry/lib/python3.10/site-packages:${PYTHONPATH} /usr/bin/python3 -W ignore:setup.py install is deprecated -W ignore:easy_install command is deprecated setup.py egg_info --egg-base ../../build/single_robo_odometry build --build-base /home/asd/temp_git_repo/sakar_asignment/build/single_robo_odometry/build install --record /home/asd/temp_git_repo/sakar_asignment/build/single_robo_odometry/install.log --single-version-externally-managed install_data
[7.734s] Level 1:colcon.colcon_core.environment:checking '/home/asd/temp_git_repo/sakar_asignment/install/single_robo_perception' for CMake module files
[7.735s] Level 1:colcon.colcon_core.environment:checking '/home/asd/temp_git_repo/sakar_asignment/install/single_robo_perception' for CMake config files
[7.737s] Level 1:colcon.colcon_core.environment:checking '/home/asd/temp_git_repo/sakar_asignment/install/single_robo_perception/lib'
[7.740s] DEBUG:colcon.colcon_core.event_handler.log_command:Invoked command in '/home/asd/temp_git_repo/sakar_asignment/src/single_robo_perception' returned '0': PYTHONPATH=/home/asd/temp_git_repo/sakar_asignment/build/single_robo_perception/prefix_override:/usr/lib/python3/dist-packages/colcon_core/task/python/colcon_distutils_commands:/home/asd/temp_git_repo/sakar_asignment/install/single_robo_perception/lib/python3.10/site-packages:${PYTHONPATH} /usr/bin/python3 -W ignore:setup.py install is deprecated -W ignore:easy_install command is deprecated setup.py egg_info --egg-base ../../build/single_robo_perception build --build-base /home/asd/temp_git_repo/sakar_asignment/build/single_robo_perception/build install --record /home/asd/temp_git_repo/sakar_asignment/build/single_robo_perception/install.log --single-version-externally-managed install_data
[7.740s] Level 1:colcon.colcon_core.environment:checking '/home/asd/temp_git_repo/sakar_asignment/install/single_robo_perception/bin'
[7.741s] Level 1:colcon.colcon_core.environment:checking '/home/asd/temp_git_repo/sakar_asignment/install/single_robo_perception/lib/pkgconfig/single_robo_perception.pc'
[7.742s] Level 1:colcon.colcon_core.environment:checking '/home/asd/temp_git_repo/sakar_asignment/install/single_robo_perception/lib/python3.10/site-packages'
[7.743s] Level 1:colcon.colcon_core.shell:create_environment_hook('single_robo_perception', 'pythonpath')
[7.744s] INFO:colcon.colcon_core.shell:Creating environment hook '/home/asd/temp_git_repo/sakar_asignment/install/single_robo_perception/share/single_robo_perception/hook/pythonpath.ps1'
[7.746s] INFO:colcon.colcon_core.shell:Creating environment descriptor '/home/asd/temp_git_repo/sakar_asignment/install/single_robo_perception/share/single_robo_perception/hook/pythonpath.dsv'
[7.747s] INFO:colcon.colcon_core.shell:Creating environment hook '/home/asd/temp_git_repo/sakar_asignment/install/single_robo_perception/share/single_robo_perception/hook/pythonpath.sh'
[7.749s] Level 1:colcon.colcon_core.environment:checking '/home/asd/temp_git_repo/sakar_asignment/install/single_robo_perception/bin'
[7.749s] Level 1:colcon.colcon_core.environment:create_environment_scripts_only(single_robo_perception)
[7.750s] INFO:colcon.colcon_core.shell:Creating package script '/home/asd/temp_git_repo/sakar_asignment/install/single_robo_perception/share/single_robo_perception/package.ps1'
[7.752s] INFO:colcon.colcon_core.shell:Creating package descriptor '/home/asd/temp_git_repo/sakar_asignment/install/single_robo_perception/share/single_robo_perception/package.dsv'
[7.758s] INFO:colcon.colcon_core.shell:Creating package script '/home/asd/temp_git_repo/sakar_asignment/install/single_robo_perception/share/single_robo_perception/package.sh'
[7.759s] INFO:colcon.colcon_core.shell:Creating package script '/home/asd/temp_git_repo/sakar_asignment/install/single_robo_perception/share/single_robo_perception/package.bash'
[7.760s] INFO:colcon.colcon_core.shell:Creating package script '/home/asd/temp_git_repo/sakar_asignment/install/single_robo_perception/share/single_robo_perception/package.zsh'
[7.761s] Level 1:colcon.colcon_core.environment:create_file_with_runtime_dependencies(/home/asd/temp_git_repo/sakar_asignment/install/single_robo_perception/share/colcon-core/packages/single_robo_perception)
[7.913s] Level 1:colcon.colcon_core.environment:checking '/home/asd/temp_git_repo/sakar_asignment/install/single_robo_odometry' for CMake module files
[7.916s] DEBUG:colcon.colcon_core.event_handler.log_command:Invoked command in '/home/asd/temp_git_repo/sakar_asignment/src/single_robo_odometry' returned '0': PYTHONPATH=/home/asd/temp_git_repo/sakar_asignment/build/single_robo_odometry/prefix_override:/usr/lib/python3/dist-packages/colcon_core/task/python/colcon_distutils_commands:/home/asd/temp_git_repo/sakar_asignment/install/single_robo_odometry/lib/python3.10/site-packages:${PYTHONPATH} /usr/bin/python3 -W ignore:setup.py install is deprecated -W ignore:easy_install command is deprecated setup.py egg_info --egg-base ../../build/single_robo_odometry build --build-base /home/asd/temp_git_repo/sakar_asignment/build/single_robo_odometry/build install --record /home/asd/temp_git_repo/sakar_asignment/build/single_robo_odometry/install.log --single-version-externally-managed install_data
[7.918s] Level 1:colcon.colcon_core.environment:checking '/home/asd/temp_git_repo/sakar_asignment/install/single_robo_odometry' for CMake config files
[7.919s] Level 1:colcon.colcon_core.environment:checking '/home/asd/temp_git_repo/sakar_asignment/install/single_robo_odometry/lib'
[7.919s] Level 1:colcon.colcon_core.environment:checking '/home/asd/temp_git_repo/sakar_asignment/install/single_robo_odometry/bin'
[7.919s] Level 1:colcon.colcon_core.environment:checking '/home/asd/temp_git_repo/sakar_asignment/install/single_robo_odometry/lib/pkgconfig/single_robo_odometry.pc'
[7.920s] Level 1:colcon.colcon_core.environment:checking '/home/asd/temp_git_repo/sakar_asignment/install/single_robo_odometry/lib/python3.10/site-packages'
[7.920s] Level 1:colcon.colcon_core.shell:create_environment_hook('single_robo_odometry', 'pythonpath')
[7.921s] INFO:colcon.colcon_core.shell:Creating environment hook '/home/asd/temp_git_repo/sakar_asignment/install/single_robo_odometry/share/single_robo_odometry/hook/pythonpath.ps1'
[7.922s] INFO:colcon.colcon_core.shell:Creating environment descriptor '/home/asd/temp_git_repo/sakar_asignment/install/single_robo_odometry/share/single_robo_odometry/hook/pythonpath.dsv'
[7.924s] INFO:colcon.colcon_core.shell:Creating environment hook '/home/asd/temp_git_repo/sakar_asignment/install/single_robo_odometry/share/single_robo_odometry/hook/pythonpath.sh'
[7.926s] Level 1:colcon.colcon_core.environment:checking '/home/asd/temp_git_repo/sakar_asignment/install/single_robo_odometry/bin'
[7.927s] Level 1:colcon.colcon_core.environment:create_environment_scripts_only(single_robo_odometry)
[7.931s] INFO:colcon.colcon_core.shell:Creating package script '/home/asd/temp_git_repo/sakar_asignment/install/single_robo_odometry/share/single_robo_odometry/package.ps1'
[7.936s] INFO:colcon.colcon_core.shell:Creating package descriptor '/home/asd/temp_git_repo/sakar_asignment/install/single_robo_odometry/share/single_robo_odometry/package.dsv'
[7.938s] INFO:colcon.colcon_core.shell:Creating package script '/home/asd/temp_git_repo/sakar_asignment/install/single_robo_odometry/share/single_robo_odometry/package.sh'
[7.940s] INFO:colcon.colcon_core.shell:Creating package script '/home/asd/temp_git_repo/sakar_asignment/install/single_robo_odometry/share/single_robo_odometry/package.bash'
[7.941s] INFO:colcon.colcon_core.shell:Creating package script '/home/asd/temp_git_repo/sakar_asignment/install/single_robo_odometry/share/single_robo_odometry/package.zsh'
[7.942s] Level 1:colcon.colcon_core.environment:create_file_with_runtime_dependencies(/home/asd/temp_git_repo/sakar_asignment/install/single_robo_odometry/share/colcon-core/packages/single_robo_odometry)
[7.944s] DEBUG:colcon.colcon_parallel_executor.executor.parallel:closing loop
[7.946s] DEBUG:colcon.colcon_parallel_executor.executor.parallel:loop closed
[7.946s] DEBUG:colcon.colcon_parallel_executor.executor.parallel:run_until_complete finished with '0'
[7.946s] DEBUG:colcon.colcon_core.event_reactor:joining thread
[7.971s] INFO:colcon.colcon_core.plugin_system:Skipping extension 'colcon_notification.desktop_notification.terminal_notifier': Not used on non-Darwin systems
[7.972s] INFO:colcon.colcon_core.plugin_system:Skipping extension 'colcon_notification.desktop_notification.win32': Not used on non-Windows systems
[7.972s] INFO:colcon.colcon_notification.desktop_notification:Sending desktop notification using 'notify2'
[8.013s] DEBUG:colcon.colcon_core.event_reactor:joined thread
[8.014s] INFO:colcon.colcon_core.shell:Creating prefix script '/home/asd/temp_git_repo/sakar_asignment/install/local_setup.ps1'
[8.019s] INFO:colcon.colcon_core.shell:Creating prefix util module '/home/asd/temp_git_repo/sakar_asignment/install/_local_setup_util_ps1.py'
[8.035s] INFO:colcon.colcon_core.shell:Creating prefix chain script '/home/asd/temp_git_repo/sakar_asignment/install/setup.ps1'
[8.060s] INFO:colcon.colcon_core.shell:Creating prefix script '/home/asd/temp_git_repo/sakar_asignment/install/local_setup.sh'
[8.063s] INFO:colcon.colcon_core.shell:Creating prefix util module '/home/asd/temp_git_repo/sakar_asignment/install/_local_setup_util_sh.py'
[8.065s] INFO:colcon.colcon_core.shell:Creating prefix chain script '/home/asd/temp_git_repo/sakar_asignment/install/setup.sh'
[8.079s] INFO:colcon.colcon_core.shell:Creating prefix script '/home/asd/temp_git_repo/sakar_asignment/install/local_setup.bash'
[8.081s] INFO:colcon.colcon_core.shell:Creating prefix chain script '/home/asd/temp_git_repo/sakar_asignment/install/setup.bash'
[8.098s] INFO:colcon.colcon_core.shell:Creating prefix script '/home/asd/temp_git_repo/sakar_asignment/install/local_setup.zsh'
[8.103s] INFO:colcon.colcon_core.shell:Creating prefix chain script '/home/asd/temp_git_repo/sakar_asignment/install/setup.zsh'
