[0.668s] DEBUG:colcon:Command line arguments: ['/usr/bin/colcon', 'build']
[0.668s] DEBUG:colcon:Parsed command line arguments: Namespace(log_base=None, log_level=None, verb_name='build', build_base='build', install_base='install', merge_install=False, symlink_install=False, test_result_base=None, continue_on_error=False, executor='parallel', parallel_workers=8, event_handlers=None, ignore_user_meta=False, metas=['./colcon.meta'], base_paths=['.'], packages_ignore=None, packages_ignore_regex=None, paths=None, packages_up_to=None, packages_up_to_regex=None, packages_above=None, packages_above_and_dependencies=None, packages_above_depth=None, packages_select_by_dep=None, packages_skip_by_dep=None, packages_skip_up_to=None, packages_select_build_failed=False, packages_skip_build_finished=False, packages_select_test_failures=False, packages_skip_test_passed=False, packages_select=None, packages_skip=None, packages_select_regex=None, packages_skip_regex=None, packages_start=None, packages_end=None, allow_overriding=[], cmake_args=None, cmake_target=None, cmake_target_skip_unavailable=False, cmake_clean_cache=False, cmake_clean_first=False, cmake_force_configure=False, ament_cmake_args=None, catkin_cmake_args=None, catkin_skip_building_tests=False, mixin_files=None, mixin=None, verb_parser=<colcon_mixin.mixin.mixin_argument.MixinArgumentDecorator object at 0x7ce845b93190>, verb_extension=<colcon_core.verb.build.BuildVerb object at 0x7ce845b92980>, main=<bound method BuildVerb.main of <colcon_core.verb.build.BuildVerb object at 0x7ce845b92980>>, mixin_verb=('build',))
[1.903s] Level 1:colcon.colcon_core.package_discovery:discover_packages(colcon_meta) check parameters
[1.903s] Level 1:colcon.colcon_core.package_discovery:discover_packages(recursive) check parameters
[1.903s] Level 1:colcon.colcon_core.package_discovery:discover_packages(ignore) check parameters
[1.904s] Level 1:colcon.colcon_core.package_discovery:discover_packages(path) check parameters
[1.904s] Level 1:colcon.colcon_core.package_discovery:discover_packages(colcon_meta) discover
[1.904s] Level 1:colcon.colcon_core.package_discovery:discover_packages(recursive) discover
[1.904s] INFO:colcon.colcon_core.package_discovery:Crawling recursively for packages in '/home/asd/temp_git_repo/sakar_asignment'
[1.904s] Level 1:colcon.colcon_core.package_identification:_identify(.) by extensions ['ignore', 'ignore_ament_install']
[1.905s] Level 1:colcon.colcon_core.package_identification:_identify(.) by extension 'ignore'
[1.905s] Level 1:colcon.colcon_core.package_identification:_identify(.) by extension 'ignore_ament_install'
[1.905s] Level 1:colcon.colcon_core.package_identification:_identify(.) by extensions ['colcon_pkg']
[1.905s] Level 1:colcon.colcon_core.package_identification:_identify(.) by extension 'colcon_pkg'
[1.905s] Level 1:colcon.colcon_core.package_identification:_identify(.) by extensions ['colcon_meta']
[1.905s] Level 1:colcon.colcon_core.package_identification:_identify(.) by extension 'colcon_meta'
[1.906s] Level 1:colcon.colcon_core.package_identification:_identify(.) by extensions ['ros']
[1.906s] Level 1:colcon.colcon_core.package_identification:_identify(.) by extension 'ros'
[1.992s] Level 1:colcon.colcon_core.package_identification:_identify(.) by extensions ['cmake', 'python']
[1.992s] Level 1:colcon.colcon_core.package_identification:_identify(.) by extension 'cmake'
[1.992s] Level 1:colcon.colcon_core.package_identification:_identify(.) by extension 'python'
[1.992s] Level 1:colcon.colcon_core.package_identification:_identify(.) by extensions ['python_setup_py']
[1.992s] Level 1:colcon.colcon_core.package_identification:_identify(.) by extension 'python_setup_py'
[1.993s] Level 1:colcon.colcon_core.package_identification:_identify(build) by extensions ['ignore', 'ignore_ament_install']
[1.993s] Level 1:colcon.colcon_core.package_identification:_identify(build) by extension 'ignore'
[1.993s] Level 1:colcon.colcon_core.package_identification:_identify(build) ignored
[1.994s] Level 1:colcon.colcon_core.package_identification:_identify(install) by extensions ['ignore', 'ignore_ament_install']
[1.994s] Level 1:colcon.colcon_core.package_identification:_identify(install) by extension 'ignore'
[1.994s] Level 1:colcon.colcon_core.package_identification:_identify(install) ignored
[1.994s] Level 1:colcon.colcon_core.package_identification:_identify(log) by extensions ['ignore', 'ignore_ament_install']
[1.994s] Level 1:colcon.colcon_core.package_identification:_identify(log) by extension 'ignore'
[1.995s] Level 1:colcon.colcon_core.package_identification:_identify(log) ignored
[1.995s] Level 1:colcon.colcon_core.package_identification:_identify(src) by extensions ['ignore', 'ignore_ament_install']
[1.995s] Level 1:colcon.colcon_core.package_identification:_identify(src) by extension 'ignore'
[1.995s] Level 1:colcon.colcon_core.package_identification:_identify(src) by extension 'ignore_ament_install'
[1.995s] Level 1:colcon.colcon_core.package_identification:_identify(src) by extensions ['colcon_pkg']
[1.995s] Level 1:colcon.colcon_core.package_identification:_identify(src) by extension 'colcon_pkg'
[1.995s] Level 1:colcon.colcon_core.package_identification:_identify(src) by extensions ['colcon_meta']
[1.996s] Level 1:colcon.colcon_core.package_identification:_identify(src) by extension 'colcon_meta'
[1.996s] Level 1:colcon.colcon_core.package_identification:_identify(src) by extensions ['ros']
[1.996s] Level 1:colcon.colcon_core.package_identification:_identify(src) by extension 'ros'
[1.996s] Level 1:colcon.colcon_core.package_identification:_identify(src) by extensions ['cmake', 'python']
[1.996s] Level 1:colcon.colcon_core.package_identification:_identify(src) by extension 'cmake'
[1.996s] Level 1:colcon.colcon_core.package_identification:_identify(src) by extension 'python'
[1.996s] Level 1:colcon.colcon_core.package_identification:_identify(src) by extensions ['python_setup_py']
[1.996s] Level 1:colcon.colcon_core.package_identification:_identify(src) by extension 'python_setup_py'
[1.997s] Level 1:colcon.colcon_core.package_identification:_identify(src/single_robo_bringup) by extensions ['ignore', 'ignore_ament_install']
[1.997s] Level 1:colcon.colcon_core.package_identification:_identify(src/single_robo_bringup) by extension 'ignore'
[1.997s] Level 1:colcon.colcon_core.package_identification:_identify(src/single_robo_bringup) by extension 'ignore_ament_install'
[1.997s] Level 1:colcon.colcon_core.package_identification:_identify(src/single_robo_bringup) by extensions ['colcon_pkg']
[1.997s] Level 1:colcon.colcon_core.package_identification:_identify(src/single_robo_bringup) by extension 'colcon_pkg'
[1.997s] Level 1:colcon.colcon_core.package_identification:_identify(src/single_robo_bringup) by extensions ['colcon_meta']
[1.997s] Level 1:colcon.colcon_core.package_identification:_identify(src/single_robo_bringup) by extension 'colcon_meta'
[1.998s] Level 1:colcon.colcon_core.package_identification:_identify(src/single_robo_bringup) by extensions ['ros']
[1.998s] Level 1:colcon.colcon_core.package_identification:_identify(src/single_robo_bringup) by extension 'ros'
[2.008s] DEBUG:colcon.colcon_core.package_identification:Package 'src/single_robo_bringup' with type 'ros.ament_cmake' and name 'single_robo_bringup'
[2.008s] Level 1:colcon.colcon_core.package_identification:_identify(src/single_robo_custom_interface) by extensions ['ignore', 'ignore_ament_install']
[2.009s] Level 1:colcon.colcon_core.package_identification:_identify(src/single_robo_custom_interface) by extension 'ignore'
[2.009s] Level 1:colcon.colcon_core.package_identification:_identify(src/single_robo_custom_interface) by extension 'ignore_ament_install'
[2.009s] Level 1:colcon.colcon_core.package_identification:_identify(src/single_robo_custom_interface) by extensions ['colcon_pkg']
[2.009s] Level 1:colcon.colcon_core.package_identification:_identify(src/single_robo_custom_interface) by extension 'colcon_pkg'
[2.009s] Level 1:colcon.colcon_core.package_identification:_identify(src/single_robo_custom_interface) by extensions ['colcon_meta']
[2.009s] Level 1:colcon.colcon_core.package_identification:_identify(src/single_robo_custom_interface) by extension 'colcon_meta'
[2.009s] Level 1:colcon.colcon_core.package_identification:_identify(src/single_robo_custom_interface) by extensions ['ros']
[2.009s] Level 1:colcon.colcon_core.package_identification:_identify(src/single_robo_custom_interface) by extension 'ros'
[2.012s] DEBUG:colcon.colcon_core.package_identification:Package 'src/single_robo_custom_interface' with type 'ros.ament_cmake' and name 'single_robo_custom_interface'
[2.012s] Level 1:colcon.colcon_core.package_identification:_identify(src/single_robo_discription) by extensions ['ignore', 'ignore_ament_install']
[2.012s] Level 1:colcon.colcon_core.package_identification:_identify(src/single_robo_discription) by extension 'ignore'
[2.013s] Level 1:colcon.colcon_core.package_identification:_identify(src/single_robo_discription) by extension 'ignore_ament_install'
[2.013s] Level 1:colcon.colcon_core.package_identification:_identify(src/single_robo_discription) by extensions ['colcon_pkg']
[2.013s] Level 1:colcon.colcon_core.package_identification:_identify(src/single_robo_discription) by extension 'colcon_pkg'
[2.013s] Level 1:colcon.colcon_core.package_identification:_identify(src/single_robo_discription) by extensions ['colcon_meta']
[2.013s] Level 1:colcon.colcon_core.package_identification:_identify(src/single_robo_discription) by extension 'colcon_meta'
[2.013s] Level 1:colcon.colcon_core.package_identification:_identify(src/single_robo_discription) by extensions ['ros']
[2.014s] Level 1:colcon.colcon_core.package_identification:_identify(src/single_robo_discription) by extension 'ros'
[2.016s] DEBUG:colcon.colcon_core.package_identification:Package 'src/single_robo_discription' with type 'ros.ament_cmake' and name 'single_robo_discription'
[2.016s] Level 1:colcon.colcon_core.package_identification:_identify(src/single_robo_odometry) by extensions ['ignore', 'ignore_ament_install']
[2.017s] Level 1:colcon.colcon_core.package_identification:_identify(src/single_robo_odometry) by extension 'ignore'
[2.017s] Level 1:colcon.colcon_core.package_identification:_identify(src/single_robo_odometry) by extension 'ignore_ament_install'
[2.017s] Level 1:colcon.colcon_core.package_identification:_identify(src/single_robo_odometry) by extensions ['colcon_pkg']
[2.017s] Level 1:colcon.colcon_core.package_identification:_identify(src/single_robo_odometry) by extension 'colcon_pkg'
[2.018s] Level 1:colcon.colcon_core.package_identification:_identify(src/single_robo_odometry) by extensions ['colcon_meta']
[2.018s] Level 1:colcon.colcon_core.package_identification:_identify(src/single_robo_odometry) by extension 'colcon_meta'
[2.018s] Level 1:colcon.colcon_core.package_identification:_identify(src/single_robo_odometry) by extensions ['ros']
[2.018s] Level 1:colcon.colcon_core.package_identification:_identify(src/single_robo_odometry) by extension 'ros'
[2.022s] DEBUG:colcon.colcon_core.package_identification:Package 'src/single_robo_odometry' with type 'ros.ament_python' and name 'single_robo_odometry'
[2.022s] Level 1:colcon.colcon_core.package_identification:_identify(src/single_robo_perception) by extensions ['ignore', 'ignore_ament_install']
[2.023s] Level 1:colcon.colcon_core.package_identification:_identify(src/single_robo_perception) by extension 'ignore'
[2.023s] Level 1:colcon.colcon_core.package_identification:_identify(src/single_robo_perception) by extension 'ignore_ament_install'
[2.023s] Level 1:colcon.colcon_core.package_identification:_identify(src/single_robo_perception) by extensions ['colcon_pkg']
[2.023s] Level 1:colcon.colcon_core.package_identification:_identify(src/single_robo_perception) by extension 'colcon_pkg'
[2.023s] Level 1:colcon.colcon_core.package_identification:_identify(src/single_robo_perception) by extensions ['colcon_meta']
[2.023s] Level 1:colcon.colcon_core.package_identification:_identify(src/single_robo_perception) by extension 'colcon_meta'
[2.023s] Level 1:colcon.colcon_core.package_identification:_identify(src/single_robo_perception) by extensions ['ros']
[2.024s] Level 1:colcon.colcon_core.package_identification:_identify(src/single_robo_perception) by extension 'ros'
[2.037s] DEBUG:colcon.colcon_core.package_identification:Package 'src/single_robo_perception' with type 'ros.ament_python' and name 'single_robo_perception'
[2.038s] Level 1:colcon.colcon_core.package_discovery:discover_packages(recursive) using defaults
[2.038s] Level 1:colcon.colcon_core.package_discovery:discover_packages(ignore) discover
[2.038s] Level 1:colcon.colcon_core.package_discovery:discover_packages(ignore) using defaults
[2.038s] Level 1:colcon.colcon_core.package_discovery:discover_packages(path) discover
[2.038s] Level 1:colcon.colcon_core.package_discovery:discover_packages(path) using defaults
[2.199s] Level 1:colcon.colcon_core.package_discovery:discover_packages(prefix_path) check parameters
[2.199s] Level 1:colcon.colcon_core.package_discovery:discover_packages(prefix_path) discover
[2.232s] DEBUG:colcon.colcon_installed_package_information.package_discovery:Found 5 installed packages in /home/asd/temp_git_repo/sakar_asignment/install
[2.235s] DEBUG:colcon.colcon_installed_package_information.package_discovery:Found 3 installed packages in /home/asd/temp_git_repo/first-mega-project/install
[2.240s] DEBUG:colcon.colcon_installed_package_information.package_discovery:Found 4 installed packages in /home/asd/temp_git_repo/Eric_ws/assignment_ws/install
[2.243s] DEBUG:colcon.colcon_installed_package_information.package_discovery:Found 2 installed packages in /home/asd/ros2_ws2/install
[2.245s] DEBUG:colcon.colcon_installed_package_information.package_discovery:Found 6 installed packages in /home/asd/ros2_ws/install
[2.248s] DEBUG:colcon.colcon_installed_package_information.package_discovery:Found 9 installed packages in /home/asd/ros2_ws_goat2/install
[2.251s] DEBUG:colcon.colcon_installed_package_information.package_discovery:Found 3 installed packages in /home/asd/microros_ws/install
[2.253s] DEBUG:colcon.colcon_installed_package_information.package_discovery:Found 3 installed packages in /home/asd/ros2_ws4/install
[2.256s] DEBUG:colcon.colcon_installed_package_information.package_discovery:Found 16 installed packages in /home/asd/ros2_ws_hardware_int/install
[2.259s] DEBUG:colcon.colcon_installed_package_information.package_discovery:Found 8 installed packages in /home/asd/ros2_ws9/install
[2.261s] DEBUG:colcon.colcon_installed_package_information.package_discovery:Found 3 installed packages in /home/asd/ros2_ws7/install
[2.263s] DEBUG:colcon.colcon_installed_package_information.package_discovery:Found 1 installed packages in /home/asd/ros2_ws_hardware_int2/install
[2.267s] DEBUG:colcon.colcon_installed_package_information.package_discovery:Found 4 installed packages in /home/asd/ros2_ws_glim/install
[2.269s] DEBUG:colcon.colcon_installed_package_information.package_discovery:Found 1 installed packages in /home/asd/ros2_ws_to_build/install
[2.279s] DEBUG:colcon.colcon_installed_package_information.package_discovery:Found 512 installed packages in /opt/ros/humble
[2.292s] Level 1:colcon.colcon_core.package_discovery:discover_packages(prefix_path) using defaults
[2.707s] Level 5:colcon.colcon_core.verb:set package 'single_robo_bringup' build argument 'cmake_args' from command line to 'None'
[2.707s] Level 5:colcon.colcon_core.verb:set package 'single_robo_bringup' build argument 'cmake_target' from command line to 'None'
[2.707s] Level 5:colcon.colcon_core.verb:set package 'single_robo_bringup' build argument 'cmake_target_skip_unavailable' from command line to 'False'
[2.707s] Level 5:colcon.colcon_core.verb:set package 'single_robo_bringup' build argument 'cmake_clean_cache' from command line to 'False'
[2.707s] Level 5:colcon.colcon_core.verb:set package 'single_robo_bringup' build argument 'cmake_clean_first' from command line to 'False'
[2.707s] Level 5:colcon.colcon_core.verb:set package 'single_robo_bringup' build argument 'cmake_force_configure' from command line to 'False'
[2.707s] Level 5:colcon.colcon_core.verb:set package 'single_robo_bringup' build argument 'ament_cmake_args' from command line to 'None'
[2.708s] Level 5:colcon.colcon_core.verb:set package 'single_robo_bringup' build argument 'catkin_cmake_args' from command line to 'None'
[2.708s] Level 5:colcon.colcon_core.verb:set package 'single_robo_bringup' build argument 'catkin_skip_building_tests' from command line to 'False'
[2.708s] DEBUG:colcon.colcon_core.verb:Building package 'single_robo_bringup' with the following arguments: {'ament_cmake_args': None, 'build_base': '/home/asd/temp_git_repo/sakar_asignment/build/single_robo_bringup', 'catkin_cmake_args': None, 'catkin_skip_building_tests': False, 'cmake_args': None, 'cmake_clean_cache': False, 'cmake_clean_first': False, 'cmake_force_configure': False, 'cmake_target': None, 'cmake_target_skip_unavailable': False, 'install_base': '/home/asd/temp_git_repo/sakar_asignment/install/single_robo_bringup', 'merge_install': False, 'path': '/home/asd/temp_git_repo/sakar_asignment/src/single_robo_bringup', 'symlink_install': False, 'test_result_base': None}
[2.712s] Level 5:colcon.colcon_core.verb:set package 'single_robo_custom_interface' build argument 'cmake_args' from command line to 'None'
[2.712s] Level 5:colcon.colcon_core.verb:set package 'single_robo_custom_interface' build argument 'cmake_target' from command line to 'None'
[2.712s] Level 5:colcon.colcon_core.verb:set package 'single_robo_custom_interface' build argument 'cmake_target_skip_unavailable' from command line to 'False'
[2.713s] Level 5:colcon.colcon_core.verb:set package 'single_robo_custom_interface' build argument 'cmake_clean_cache' from command line to 'False'
[2.713s] Level 5:colcon.colcon_core.verb:set package 'single_robo_custom_interface' build argument 'cmake_clean_first' from command line to 'False'
[2.713s] Level 5:colcon.colcon_core.verb:set package 'single_robo_custom_interface' build argument 'cmake_force_configure' from command line to 'False'
[2.713s] Level 5:colcon.colcon_core.verb:set package 'single_robo_custom_interface' build argument 'ament_cmake_args' from command line to 'None'
[2.713s] Level 5:colcon.colcon_core.verb:set package 'single_robo_custom_interface' build argument 'catkin_cmake_args' from command line to 'None'
[2.714s] Level 5:colcon.colcon_core.verb:set package 'single_robo_custom_interface' build argument 'catkin_skip_building_tests' from command line to 'False'
[2.714s] DEBUG:colcon.colcon_core.verb:Building package 'single_robo_custom_interface' with the following arguments: {'ament_cmake_args': None, 'build_base': '/home/asd/temp_git_repo/sakar_asignment/build/single_robo_custom_interface', 'catkin_cmake_args': None, 'catkin_skip_building_tests': False, 'cmake_args': None, 'cmake_clean_cache': False, 'cmake_clean_first': False, 'cmake_force_configure': False, 'cmake_target': None, 'cmake_target_skip_unavailable': False, 'install_base': '/home/asd/temp_git_repo/sakar_asignment/install/single_robo_custom_interface', 'merge_install': False, 'path': '/home/asd/temp_git_repo/sakar_asignment/src/single_robo_custom_interface', 'symlink_install': False, 'test_result_base': None}
[2.717s] Level 5:colcon.colcon_core.verb:set package 'single_robo_discription' build argument 'cmake_args' from command line to 'None'
[2.718s] Level 5:colcon.colcon_core.verb:set package 'single_robo_discription' build argument 'cmake_target' from command line to 'None'
[2.718s] Level 5:colcon.colcon_core.verb:set package 'single_robo_discription' build argument 'cmake_target_skip_unavailable' from command line to 'False'
[2.718s] Level 5:colcon.colcon_core.verb:set package 'single_robo_discription' build argument 'cmake_clean_cache' from command line to 'False'
[2.718s] Level 5:colcon.colcon_core.verb:set package 'single_robo_discription' build argument 'cmake_clean_first' from command line to 'False'
[2.718s] Level 5:colcon.colcon_core.verb:set package 'single_robo_discription' build argument 'cmake_force_configure' from command line to 'False'
[2.719s] Level 5:colcon.colcon_core.verb:set package 'single_robo_discription' build argument 'ament_cmake_args' from command line to 'None'
[2.719s] Level 5:colcon.colcon_core.verb:set package 'single_robo_discription' build argument 'catkin_cmake_args' from command line to 'None'
[2.719s] Level 5:colcon.colcon_core.verb:set package 'single_robo_discription' build argument 'catkin_skip_building_tests' from command line to 'False'
[2.720s] DEBUG:colcon.colcon_core.verb:Building package 'single_robo_discription' with the following arguments: {'ament_cmake_args': None, 'build_base': '/home/asd/temp_git_repo/sakar_asignment/build/single_robo_discription', 'catkin_cmake_args': None, 'catkin_skip_building_tests': False, 'cmake_args': None, 'cmake_clean_cache': False, 'cmake_clean_first': False, 'cmake_force_configure': False, 'cmake_target': None, 'cmake_target_skip_unavailable': False, 'install_base': '/home/asd/temp_git_repo/sakar_asignment/install/single_robo_discription', 'merge_install': False, 'path': '/home/asd/temp_git_repo/sakar_asignment/src/single_robo_discription', 'symlink_install': False, 'test_result_base': None}
[2.725s] Level 5:colcon.colcon_core.verb:set package 'single_robo_odometry' build argument 'cmake_args' from command line to 'None'
[2.725s] Level 5:colcon.colcon_core.verb:set package 'single_robo_odometry' build argument 'cmake_target' from command line to 'None'
[2.725s] Level 5:colcon.colcon_core.verb:set package 'single_robo_odometry' build argument 'cmake_target_skip_unavailable' from command line to 'False'
[2.726s] Level 5:colcon.colcon_core.verb:set package 'single_robo_odometry' build argument 'cmake_clean_cache' from command line to 'False'
[2.726s] Level 5:colcon.colcon_core.verb:set package 'single_robo_odometry' build argument 'cmake_clean_first' from command line to 'False'
[2.726s] Level 5:colcon.colcon_core.verb:set package 'single_robo_odometry' build argument 'cmake_force_configure' from command line to 'False'
[2.726s] Level 5:colcon.colcon_core.verb:set package 'single_robo_odometry' build argument 'ament_cmake_args' from command line to 'None'
[2.726s] Level 5:colcon.colcon_core.verb:set package 'single_robo_odometry' build argument 'catkin_cmake_args' from command line to 'None'
[2.727s] Level 5:colcon.colcon_core.verb:set package 'single_robo_odometry' build argument 'catkin_skip_building_tests' from command line to 'False'
[2.727s] DEBUG:colcon.colcon_core.verb:Building package 'single_robo_odometry' with the following arguments: {'ament_cmake_args': None, 'build_base': '/home/asd/temp_git_repo/sakar_asignment/build/single_robo_odometry', 'catkin_cmake_args': None, 'catkin_skip_building_tests': False, 'cmake_args': None, 'cmake_clean_cache': False, 'cmake_clean_first': False, 'cmake_force_configure': False, 'cmake_target': None, 'cmake_target_skip_unavailable': False, 'install_base': '/home/asd/temp_git_repo/sakar_asignment/install/single_robo_odometry', 'merge_install': False, 'path': '/home/asd/temp_git_repo/sakar_asignment/src/single_robo_odometry', 'symlink_install': False, 'test_result_base': None}
[2.730s] Level 5:colcon.colcon_core.verb:set package 'single_robo_perception' build argument 'cmake_args' from command line to 'None'
[2.731s] Level 5:colcon.colcon_core.verb:set package 'single_robo_perception' build argument 'cmake_target' from command line to 'None'
[2.731s] Level 5:colcon.colcon_core.verb:set package 'single_robo_perception' build argument 'cmake_target_skip_unavailable' from command line to 'False'
[2.731s] Level 5:colcon.colcon_core.verb:set package 'single_robo_perception' build argument 'cmake_clean_cache' from command line to 'False'
[2.731s] Level 5:colcon.colcon_core.verb:set package 'single_robo_perception' build argument 'cmake_clean_first' from command line to 'False'
[2.731s] Level 5:colcon.colcon_core.verb:set package 'single_robo_perception' build argument 'cmake_force_configure' from command line to 'False'
[2.731s] Level 5:colcon.colcon_core.verb:set package 'single_robo_perception' build argument 'ament_cmake_args' from command line to 'None'
[2.732s] Level 5:colcon.colcon_core.verb:set package 'single_robo_perception' build argument 'catkin_cmake_args' from command line to 'None'
[2.732s] Level 5:colcon.colcon_core.verb:set package 'single_robo_perception' build argument 'catkin_skip_building_tests' from command line to 'False'
[2.732s] DEBUG:colcon.colcon_core.verb:Building package 'single_robo_perception' with the following arguments: {'ament_cmake_args': None, 'build_base': '/home/asd/temp_git_repo/sakar_asignment/build/single_robo_perception', 'catkin_cmake_args': None, 'catkin_skip_building_tests': False, 'cmake_args': None, 'cmake_clean_cache': False, 'cmake_clean_first': False, 'cmake_force_configure': False, 'cmake_target': None, 'cmake_target_skip_unavailable': False, 'install_base': '/home/asd/temp_git_repo/sakar_asignment/install/single_robo_perception', 'merge_install': False, 'path': '/home/asd/temp_git_repo/sakar_asignment/src/single_robo_perception', 'symlink_install': False, 'test_result_base': None}
[2.733s] INFO:colcon.colcon_core.executor:Executing jobs using 'parallel' executor
[2.737s] DEBUG:colcon.colcon_parallel_executor.executor.parallel:run_until_complete
[2.738s] INFO:colcon.colcon_ros.task.ament_cmake.build:Building ROS package in '/home/asd/temp_git_repo/sakar_asignment/src/single_robo_custom_interface' with build type 'ament_cmake'
[2.739s] INFO:colcon.colcon_cmake.task.cmake.build:Building CMake package in '/home/asd/temp_git_repo/sakar_asignment/src/single_robo_custom_interface'
[2.751s] INFO:colcon.colcon_core.plugin_system:Skipping extension 'colcon_core.shell.bat': Not used on non-Windows systems
[2.752s] INFO:colcon.colcon_core.shell:Skip shell extension 'powershell' for command environment: Not usable outside of PowerShell
[2.752s] DEBUG:colcon.colcon_core.shell:Skip shell extension 'dsv' for command environment
[2.813s] INFO:colcon.colcon_ros.task.ament_cmake.build:Building ROS package in '/home/asd/temp_git_repo/sakar_asignment/src/single_robo_bringup' with build type 'ament_cmake'
[2.814s] INFO:colcon.colcon_cmake.task.cmake.build:Building CMake package in '/home/asd/temp_git_repo/sakar_asignment/src/single_robo_bringup'
[2.816s] INFO:colcon.colcon_core.shell:Skip shell extension 'powershell' for command environment: Not usable outside of PowerShell
[2.816s] DEBUG:colcon.colcon_core.shell:Skip shell extension 'dsv' for command environment
[2.892s] INFO:colcon.colcon_ros.task.ament_cmake.build:Building ROS package in '/home/asd/temp_git_repo/sakar_asignment/src/single_robo_discription' with build type 'ament_cmake'
[2.893s] INFO:colcon.colcon_cmake.task.cmake.build:Building CMake package in '/home/asd/temp_git_repo/sakar_asignment/src/single_robo_discription'
[2.895s] INFO:colcon.colcon_core.shell:Skip shell extension 'powershell' for command environment: Not usable outside of PowerShell
[2.895s] DEBUG:colcon.colcon_core.shell:Skip shell extension 'dsv' for command environment
[3.019s] INFO:colcon.colcon_ros.task.ament_python.build:Building ROS package in '/home/asd/temp_git_repo/sakar_asignment/src/single_robo_odometry' with build type 'ament_python'
[3.019s] Level 1:colcon.colcon_core.shell:create_environment_hook('single_robo_odometry', 'ament_prefix_path')
[3.020s] INFO:colcon.colcon_core.shell:Creating environment hook '/home/asd/temp_git_repo/sakar_asignment/install/single_robo_odometry/share/single_robo_odometry/hook/ament_prefix_path.ps1'
[3.025s] INFO:colcon.colcon_core.shell:Creating environment descriptor '/home/asd/temp_git_repo/sakar_asignment/install/single_robo_odometry/share/single_robo_odometry/hook/ament_prefix_path.dsv'
[3.026s] INFO:colcon.colcon_core.shell:Creating environment hook '/home/asd/temp_git_repo/sakar_asignment/install/single_robo_odometry/share/single_robo_odometry/hook/ament_prefix_path.sh'
[3.029s] INFO:colcon.colcon_core.shell:Skip shell extension 'powershell' for command environment: Not usable outside of PowerShell
[3.030s] DEBUG:colcon.colcon_core.shell:Skip shell extension 'dsv' for command environment
[3.153s] DEBUG:colcon.colcon_core.event_handler.log_command:Invoking command in '/home/asd/temp_git_repo/sakar_asignment/build/single_robo_custom_interface': CMAKE_PREFIX_PATH=${CMAKE_PREFIX_PATH}:/home/asd/temp_git_repo/sakar_asignment/install/single_robo_perception:/home/asd/temp_git_repo/sakar_asignment/install/single_robo_odometry:/home/asd/temp_git_repo/first-mega-project/install/single_robo_odometry:/home/asd/ros2_ws_goat2/install/multi_robo_simulator:/home/asd/ros2_ws_goat2/install/swarm_interfaces:/home/asd/ros2_ws_goat2/install/my_robot_description2:/home/asd/ros2_ws_goat2/install/my_robot_bringup2:/home/asd/ros2_ws_goat2/install/goat_robo_discription:/home/asd/ros2_ws_goat2/install/micro_ros_server:/home/asd/ros2_ws_goat2/install/micro_ros_custom_interfaces:/home/asd/ros2_ws_goat2/install/Qr_action:/home/asd/ros2_ws4/install/esp_wifi:/home/asd/ros2_ws4/install/maping_odom:/home/asd/ros2_ws9/install/turtlebot3_simulations:/home/asd/ros2_ws9/install/turtlebot3_gazebo_goat:/home/asd/ros2_ws9/install/turtlebot3_fake_node:/home/asd/ros2_ws9/install/testbed_gazebo_goat:/home/asd/ros2_ws9/install/testbed_description_goat:/home/asd/ros2_ws9/install/my_goat_pkg:/home/asd/ros2_ws9/install/goat_interfaces:/home/asd/ros2_ws9/install/goat_gazebo:/home/asd/ros2_ws7/install/my_py_pkg_anscer:/home/asd/ros2_ws/install/turtlesim_catch_them_all:/home/asd/ros2_ws/install/my_py_pkg:/opt/ros/humble /usr/bin/cmake --build /home/asd/temp_git_repo/sakar_asignment/build/single_robo_custom_interface -- -j8 -l8
[3.180s] DEBUG:colcon.colcon_core.event_handler.log_command:Invoking command in '/home/asd/temp_git_repo/sakar_asignment/build/single_robo_bringup': CMAKE_PREFIX_PATH=${CMAKE_PREFIX_PATH}:/home/asd/temp_git_repo/sakar_asignment/install/single_robo_perception:/home/asd/temp_git_repo/sakar_asignment/install/single_robo_odometry:/home/asd/temp_git_repo/first-mega-project/install/single_robo_odometry:/home/asd/ros2_ws_goat2/install/multi_robo_simulator:/home/asd/ros2_ws_goat2/install/swarm_interfaces:/home/asd/ros2_ws_goat2/install/my_robot_description2:/home/asd/ros2_ws_goat2/install/my_robot_bringup2:/home/asd/ros2_ws_goat2/install/goat_robo_discription:/home/asd/ros2_ws_goat2/install/micro_ros_server:/home/asd/ros2_ws_goat2/install/micro_ros_custom_interfaces:/home/asd/ros2_ws_goat2/install/Qr_action:/home/asd/ros2_ws4/install/esp_wifi:/home/asd/ros2_ws4/install/maping_odom:/home/asd/ros2_ws9/install/turtlebot3_simulations:/home/asd/ros2_ws9/install/turtlebot3_gazebo_goat:/home/asd/ros2_ws9/install/turtlebot3_fake_node:/home/asd/ros2_ws9/install/testbed_gazebo_goat:/home/asd/ros2_ws9/install/testbed_description_goat:/home/asd/ros2_ws9/install/my_goat_pkg:/home/asd/ros2_ws9/install/goat_interfaces:/home/asd/ros2_ws9/install/goat_gazebo:/home/asd/ros2_ws7/install/my_py_pkg_anscer:/home/asd/ros2_ws/install/turtlesim_catch_them_all:/home/asd/ros2_ws/install/my_py_pkg:/opt/ros/humble /usr/bin/cmake --build /home/asd/temp_git_repo/sakar_asignment/build/single_robo_bringup -- -j8 -l8
[3.195s] DEBUG:colcon.colcon_core.event_handler.log_command:Invoking command in '/home/asd/temp_git_repo/sakar_asignment/build/single_robo_discription': CMAKE_PREFIX_PATH=${CMAKE_PREFIX_PATH}:/home/asd/temp_git_repo/sakar_asignment/install/single_robo_perception:/home/asd/temp_git_repo/sakar_asignment/install/single_robo_odometry:/home/asd/temp_git_repo/first-mega-project/install/single_robo_odometry:/home/asd/ros2_ws_goat2/install/multi_robo_simulator:/home/asd/ros2_ws_goat2/install/swarm_interfaces:/home/asd/ros2_ws_goat2/install/my_robot_description2:/home/asd/ros2_ws_goat2/install/my_robot_bringup2:/home/asd/ros2_ws_goat2/install/goat_robo_discription:/home/asd/ros2_ws_goat2/install/micro_ros_server:/home/asd/ros2_ws_goat2/install/micro_ros_custom_interfaces:/home/asd/ros2_ws_goat2/install/Qr_action:/home/asd/ros2_ws4/install/esp_wifi:/home/asd/ros2_ws4/install/maping_odom:/home/asd/ros2_ws9/install/turtlebot3_simulations:/home/asd/ros2_ws9/install/turtlebot3_gazebo_goat:/home/asd/ros2_ws9/install/turtlebot3_fake_node:/home/asd/ros2_ws9/install/testbed_gazebo_goat:/home/asd/ros2_ws9/install/testbed_description_goat:/home/asd/ros2_ws9/install/my_goat_pkg:/home/asd/ros2_ws9/install/goat_interfaces:/home/asd/ros2_ws9/install/goat_gazebo:/home/asd/ros2_ws7/install/my_py_pkg_anscer:/home/asd/ros2_ws/install/turtlesim_catch_them_all:/home/asd/ros2_ws/install/my_py_pkg:/opt/ros/humble /usr/bin/cmake --build /home/asd/temp_git_repo/sakar_asignment/build/single_robo_discription -- -j8 -l8
[5.097s] INFO:colcon.colcon_core.task.python.build:Building Python package in '/home/asd/temp_git_repo/sakar_asignment/src/single_robo_odometry'
[5.099s] INFO:colcon.colcon_core.shell:Skip shell extension 'powershell' for command environment: Not usable outside of PowerShell
[5.100s] DEBUG:colcon.colcon_core.shell:Skip shell extension 'dsv' for command environment
[5.170s] DEBUG:colcon.colcon_core.event_handler.log_command:Invoked command in '/home/asd/temp_git_repo/sakar_asignment/build/single_robo_discription' returned '0': CMAKE_PREFIX_PATH=${CMAKE_PREFIX_PATH}:/home/asd/temp_git_repo/sakar_asignment/install/single_robo_perception:/home/asd/temp_git_repo/sakar_asignment/install/single_robo_odometry:/home/asd/temp_git_repo/first-mega-project/install/single_robo_odometry:/home/asd/ros2_ws_goat2/install/multi_robo_simulator:/home/asd/ros2_ws_goat2/install/swarm_interfaces:/home/asd/ros2_ws_goat2/install/my_robot_description2:/home/asd/ros2_ws_goat2/install/my_robot_bringup2:/home/asd/ros2_ws_goat2/install/goat_robo_discription:/home/asd/ros2_ws_goat2/install/micro_ros_server:/home/asd/ros2_ws_goat2/install/micro_ros_custom_interfaces:/home/asd/ros2_ws_goat2/install/Qr_action:/home/asd/ros2_ws4/install/esp_wifi:/home/asd/ros2_ws4/install/maping_odom:/home/asd/ros2_ws9/install/turtlebot3_simulations:/home/asd/ros2_ws9/install/turtlebot3_gazebo_goat:/home/asd/ros2_ws9/install/turtlebot3_fake_node:/home/asd/ros2_ws9/install/testbed_gazebo_goat:/home/asd/ros2_ws9/install/testbed_description_goat:/home/asd/ros2_ws9/install/my_goat_pkg:/home/asd/ros2_ws9/install/goat_interfaces:/home/asd/ros2_ws9/install/goat_gazebo:/home/asd/ros2_ws7/install/my_py_pkg_anscer:/home/asd/ros2_ws/install/turtlesim_catch_them_all:/home/asd/ros2_ws/install/my_py_pkg:/opt/ros/humble /usr/bin/cmake --build /home/asd/temp_git_repo/sakar_asignment/build/single_robo_discription -- -j8 -l8
[5.216s] DEBUG:colcon.colcon_core.event_handler.log_command:Invoking command in '/home/asd/temp_git_repo/sakar_asignment/build/single_robo_discription': CMAKE_PREFIX_PATH=${CMAKE_PREFIX_PATH}:/home/asd/temp_git_repo/sakar_asignment/install/single_robo_perception:/home/asd/temp_git_repo/sakar_asignment/install/single_robo_odometry:/home/asd/temp_git_repo/first-mega-project/install/single_robo_odometry:/home/asd/ros2_ws_goat2/install/multi_robo_simulator:/home/asd/ros2_ws_goat2/install/swarm_interfaces:/home/asd/ros2_ws_goat2/install/my_robot_description2:/home/asd/ros2_ws_goat2/install/my_robot_bringup2:/home/asd/ros2_ws_goat2/install/goat_robo_discription:/home/asd/ros2_ws_goat2/install/micro_ros_server:/home/asd/ros2_ws_goat2/install/micro_ros_custom_interfaces:/home/asd/ros2_ws_goat2/install/Qr_action:/home/asd/ros2_ws4/install/esp_wifi:/home/asd/ros2_ws4/install/maping_odom:/home/asd/ros2_ws9/install/turtlebot3_simulations:/home/asd/ros2_ws9/install/turtlebot3_gazebo_goat:/home/asd/ros2_ws9/install/turtlebot3_fake_node:/home/asd/ros2_ws9/install/testbed_gazebo_goat:/home/asd/ros2_ws9/install/testbed_description_goat:/home/asd/ros2_ws9/install/my_goat_pkg:/home/asd/ros2_ws9/install/goat_interfaces:/home/asd/ros2_ws9/install/goat_gazebo:/home/asd/ros2_ws7/install/my_py_pkg_anscer:/home/asd/ros2_ws/install/turtlesim_catch_them_all:/home/asd/ros2_ws/install/my_py_pkg:/opt/ros/humble /usr/bin/cmake --install /home/asd/temp_git_repo/sakar_asignment/build/single_robo_discription
[5.240s] DEBUG:colcon.colcon_core.event_handler.log_command:Invoked command in '/home/asd/temp_git_repo/sakar_asignment/build/single_robo_bringup' returned '0': CMAKE_PREFIX_PATH=${CMAKE_PREFIX_PATH}:/home/asd/temp_git_repo/sakar_asignment/install/single_robo_perception:/home/asd/temp_git_repo/sakar_asignment/install/single_robo_odometry:/home/asd/temp_git_repo/first-mega-project/install/single_robo_odometry:/home/asd/ros2_ws_goat2/install/multi_robo_simulator:/home/asd/ros2_ws_goat2/install/swarm_interfaces:/home/asd/ros2_ws_goat2/install/my_robot_description2:/home/asd/ros2_ws_goat2/install/my_robot_bringup2:/home/asd/ros2_ws_goat2/install/goat_robo_discription:/home/asd/ros2_ws_goat2/install/micro_ros_server:/home/asd/ros2_ws_goat2/install/micro_ros_custom_interfaces:/home/asd/ros2_ws_goat2/install/Qr_action:/home/asd/ros2_ws4/install/esp_wifi:/home/asd/ros2_ws4/install/maping_odom:/home/asd/ros2_ws9/install/turtlebot3_simulations:/home/asd/ros2_ws9/install/turtlebot3_gazebo_goat:/home/asd/ros2_ws9/install/turtlebot3_fake_node:/home/asd/ros2_ws9/install/testbed_gazebo_goat:/home/asd/ros2_ws9/install/testbed_description_goat:/home/asd/ros2_ws9/install/my_goat_pkg:/home/asd/ros2_ws9/install/goat_interfaces:/home/asd/ros2_ws9/install/goat_gazebo:/home/asd/ros2_ws7/install/my_py_pkg_anscer:/home/asd/ros2_ws/install/turtlesim_catch_them_all:/home/asd/ros2_ws/install/my_py_pkg:/opt/ros/humble /usr/bin/cmake --build /home/asd/temp_git_repo/sakar_asignment/build/single_robo_bringup -- -j8 -l8
[5.256s] DEBUG:colcon.colcon_core.event_handler.log_command:Invoking command in '/home/asd/temp_git_repo/sakar_asignment/build/single_robo_bringup': CMAKE_PREFIX_PATH=${CMAKE_PREFIX_PATH}:/home/asd/temp_git_repo/sakar_asignment/install/single_robo_perception:/home/asd/temp_git_repo/sakar_asignment/install/single_robo_odometry:/home/asd/temp_git_repo/first-mega-project/install/single_robo_odometry:/home/asd/ros2_ws_goat2/install/multi_robo_simulator:/home/asd/ros2_ws_goat2/install/swarm_interfaces:/home/asd/ros2_ws_goat2/install/my_robot_description2:/home/asd/ros2_ws_goat2/install/my_robot_bringup2:/home/asd/ros2_ws_goat2/install/goat_robo_discription:/home/asd/ros2_ws_goat2/install/micro_ros_server:/home/asd/ros2_ws_goat2/install/micro_ros_custom_interfaces:/home/asd/ros2_ws_goat2/install/Qr_action:/home/asd/ros2_ws4/install/esp_wifi:/home/asd/ros2_ws4/install/maping_odom:/home/asd/ros2_ws9/install/turtlebot3_simulations:/home/asd/ros2_ws9/install/turtlebot3_gazebo_goat:/home/asd/ros2_ws9/install/turtlebot3_fake_node:/home/asd/ros2_ws9/install/testbed_gazebo_goat:/home/asd/ros2_ws9/install/testbed_description_goat:/home/asd/ros2_ws9/install/my_goat_pkg:/home/asd/ros2_ws9/install/goat_interfaces:/home/asd/ros2_ws9/install/goat_gazebo:/home/asd/ros2_ws7/install/my_py_pkg_anscer:/home/asd/ros2_ws/install/turtlesim_catch_them_all:/home/asd/ros2_ws/install/my_py_pkg:/opt/ros/humble /usr/bin/cmake --install /home/asd/temp_git_repo/sakar_asignment/build/single_robo_bringup
[5.334s] Level 1:colcon.colcon_core.environment:create_environment_scripts_only(single_robo_discription)
[5.376s] Level 1:colcon.colcon_core.environment:checking '/home/asd/temp_git_repo/sakar_asignment/install/single_robo_discription' for CMake module files
[5.382s] Level 1:colcon.colcon_core.environment:checking '/home/asd/temp_git_repo/sakar_asignment/install/single_robo_discription' for CMake config files
[5.387s] Level 1:colcon.colcon_core.shell:create_environment_hook('single_robo_discription', 'cmake_prefix_path')
[5.388s] INFO:colcon.colcon_core.shell:Creating environment hook '/home/asd/temp_git_repo/sakar_asignment/install/single_robo_discription/share/single_robo_discription/hook/cmake_prefix_path.ps1'
[5.391s] INFO:colcon.colcon_core.shell:Creating environment descriptor '/home/asd/temp_git_repo/sakar_asignment/install/single_robo_discription/share/single_robo_discription/hook/cmake_prefix_path.dsv'
[5.393s] INFO:colcon.colcon_core.shell:Creating environment hook '/home/asd/temp_git_repo/sakar_asignment/install/single_robo_discription/share/single_robo_discription/hook/cmake_prefix_path.sh'
[5.397s] Level 1:colcon.colcon_core.environment:checking '/home/asd/temp_git_repo/sakar_asignment/install/single_robo_discription/bin'
[5.398s] Level 1:colcon.colcon_core.environment:checking '/home/asd/temp_git_repo/sakar_asignment/install/single_robo_discription/lib/pkgconfig/single_robo_discription.pc'
[5.402s] Level 1:colcon.colcon_core.environment:checking '/home/asd/temp_git_repo/sakar_asignment/install/single_robo_discription/lib/python3.10/site-packages'
[5.405s] Level 1:colcon.colcon_core.environment:checking '/home/asd/temp_git_repo/sakar_asignment/install/single_robo_discription/bin'
[5.408s] INFO:colcon.colcon_core.shell:Creating package script '/home/asd/temp_git_repo/sakar_asignment/install/single_robo_discription/share/single_robo_discription/package.ps1'
[5.425s] INFO:colcon.colcon_core.shell:Creating package descriptor '/home/asd/temp_git_repo/sakar_asignment/install/single_robo_discription/share/single_robo_discription/package.dsv'
[5.430s] DEBUG:colcon.colcon_core.event_handler.log_command:Invoked command in '/home/asd/temp_git_repo/sakar_asignment/build/single_robo_discription' returned '0': CMAKE_PREFIX_PATH=${CMAKE_PREFIX_PATH}:/home/asd/temp_git_repo/sakar_asignment/install/single_robo_perception:/home/asd/temp_git_repo/sakar_asignment/install/single_robo_odometry:/home/asd/temp_git_repo/first-mega-project/install/single_robo_odometry:/home/asd/ros2_ws_goat2/install/multi_robo_simulator:/home/asd/ros2_ws_goat2/install/swarm_interfaces:/home/asd/ros2_ws_goat2/install/my_robot_description2:/home/asd/ros2_ws_goat2/install/my_robot_bringup2:/home/asd/ros2_ws_goat2/install/goat_robo_discription:/home/asd/ros2_ws_goat2/install/micro_ros_server:/home/asd/ros2_ws_goat2/install/micro_ros_custom_interfaces:/home/asd/ros2_ws_goat2/install/Qr_action:/home/asd/ros2_ws4/install/esp_wifi:/home/asd/ros2_ws4/install/maping_odom:/home/asd/ros2_ws9/install/turtlebot3_simulations:/home/asd/ros2_ws9/install/turtlebot3_gazebo_goat:/home/asd/ros2_ws9/install/turtlebot3_fake_node:/home/asd/ros2_ws9/install/testbed_gazebo_goat:/home/asd/ros2_ws9/install/testbed_description_goat:/home/asd/ros2_ws9/install/my_goat_pkg:/home/asd/ros2_ws9/install/goat_interfaces:/home/asd/ros2_ws9/install/goat_gazebo:/home/asd/ros2_ws7/install/my_py_pkg_anscer:/home/asd/ros2_ws/install/turtlesim_catch_them_all:/home/asd/ros2_ws/install/my_py_pkg:/opt/ros/humble /usr/bin/cmake --install /home/asd/temp_git_repo/sakar_asignment/build/single_robo_discription
[5.431s] INFO:colcon.colcon_core.shell:Creating package script '/home/asd/temp_git_repo/sakar_asignment/install/single_robo_discription/share/single_robo_discription/package.sh'
[5.435s] INFO:colcon.colcon_core.shell:Creating package script '/home/asd/temp_git_repo/sakar_asignment/install/single_robo_discription/share/single_robo_discription/package.bash'
[5.439s] INFO:colcon.colcon_core.shell:Creating package script '/home/asd/temp_git_repo/sakar_asignment/install/single_robo_discription/share/single_robo_discription/package.zsh'
[5.447s] Level 1:colcon.colcon_core.environment:create_file_with_runtime_dependencies(/home/asd/temp_git_repo/sakar_asignment/install/single_robo_discription/share/colcon-core/packages/single_robo_discription)
[5.449s] Level 1:colcon.colcon_core.environment:create_environment_scripts_only(single_robo_discription)
[5.450s] Level 1:colcon.colcon_core.environment:checking '/home/asd/temp_git_repo/sakar_asignment/install/single_robo_discription' for CMake module files
[5.453s] Level 1:colcon.colcon_core.environment:checking '/home/asd/temp_git_repo/sakar_asignment/install/single_robo_discription' for CMake config files
[5.454s] Level 1:colcon.colcon_core.shell:create_environment_hook('single_robo_discription', 'cmake_prefix_path')
[5.455s] INFO:colcon.colcon_core.shell:Creating environment hook '/home/asd/temp_git_repo/sakar_asignment/install/single_robo_discription/share/single_robo_discription/hook/cmake_prefix_path.ps1'
[5.457s] INFO:colcon.colcon_core.shell:Creating environment descriptor '/home/asd/temp_git_repo/sakar_asignment/install/single_robo_discription/share/single_robo_discription/hook/cmake_prefix_path.dsv'
[5.458s] INFO:colcon.colcon_core.shell:Creating environment hook '/home/asd/temp_git_repo/sakar_asignment/install/single_robo_discription/share/single_robo_discription/hook/cmake_prefix_path.sh'
[5.460s] Level 1:colcon.colcon_core.environment:checking '/home/asd/temp_git_repo/sakar_asignment/install/single_robo_discription/bin'
[5.460s] Level 1:colcon.colcon_core.environment:checking '/home/asd/temp_git_repo/sakar_asignment/install/single_robo_discription/lib/pkgconfig/single_robo_discription.pc'
[5.462s] Level 1:colcon.colcon_core.environment:checking '/home/asd/temp_git_repo/sakar_asignment/install/single_robo_discription/lib/python3.10/site-packages'
[5.465s] Level 1:colcon.colcon_core.environment:checking '/home/asd/temp_git_repo/sakar_asignment/install/single_robo_discription/bin'
[5.469s] INFO:colcon.colcon_core.shell:Creating package script '/home/asd/temp_git_repo/sakar_asignment/install/single_robo_discription/share/single_robo_discription/package.ps1'
[5.473s] INFO:colcon.colcon_core.shell:Creating package descriptor '/home/asd/temp_git_repo/sakar_asignment/install/single_robo_discription/share/single_robo_discription/package.dsv'
[5.476s] INFO:colcon.colcon_core.shell:Creating package script '/home/asd/temp_git_repo/sakar_asignment/install/single_robo_discription/share/single_robo_discription/package.sh'
[5.479s] INFO:colcon.colcon_core.shell:Creating package script '/home/asd/temp_git_repo/sakar_asignment/install/single_robo_discription/share/single_robo_discription/package.bash'
[5.481s] INFO:colcon.colcon_core.shell:Creating package script '/home/asd/temp_git_repo/sakar_asignment/install/single_robo_discription/share/single_robo_discription/package.zsh'
[5.489s] Level 1:colcon.colcon_core.environment:create_file_with_runtime_dependencies(/home/asd/temp_git_repo/sakar_asignment/install/single_robo_discription/share/colcon-core/packages/single_robo_discription)
[5.491s] Level 1:colcon.colcon_core.environment:create_environment_scripts_only(single_robo_bringup)
[5.493s] Level 1:colcon.colcon_core.environment:checking '/home/asd/temp_git_repo/sakar_asignment/install/single_robo_bringup' for CMake module files
[5.499s] DEBUG:colcon.colcon_core.event_handler.log_command:Invoked command in '/home/asd/temp_git_repo/sakar_asignment/build/single_robo_bringup' returned '0': CMAKE_PREFIX_PATH=${CMAKE_PREFIX_PATH}:/home/asd/temp_git_repo/sakar_asignment/install/single_robo_perception:/home/asd/temp_git_repo/sakar_asignment/install/single_robo_odometry:/home/asd/temp_git_repo/first-mega-project/install/single_robo_odometry:/home/asd/ros2_ws_goat2/install/multi_robo_simulator:/home/asd/ros2_ws_goat2/install/swarm_interfaces:/home/asd/ros2_ws_goat2/install/my_robot_description2:/home/asd/ros2_ws_goat2/install/my_robot_bringup2:/home/asd/ros2_ws_goat2/install/goat_robo_discription:/home/asd/ros2_ws_goat2/install/micro_ros_server:/home/asd/ros2_ws_goat2/install/micro_ros_custom_interfaces:/home/asd/ros2_ws_goat2/install/Qr_action:/home/asd/ros2_ws4/install/esp_wifi:/home/asd/ros2_ws4/install/maping_odom:/home/asd/ros2_ws9/install/turtlebot3_simulations:/home/asd/ros2_ws9/install/turtlebot3_gazebo_goat:/home/asd/ros2_ws9/install/turtlebot3_fake_node:/home/asd/ros2_ws9/install/testbed_gazebo_goat:/home/asd/ros2_ws9/install/testbed_description_goat:/home/asd/ros2_ws9/install/my_goat_pkg:/home/asd/ros2_ws9/install/goat_interfaces:/home/asd/ros2_ws9/install/goat_gazebo:/home/asd/ros2_ws7/install/my_py_pkg_anscer:/home/asd/ros2_ws/install/turtlesim_catch_them_all:/home/asd/ros2_ws/install/my_py_pkg:/opt/ros/humble /usr/bin/cmake --install /home/asd/temp_git_repo/sakar_asignment/build/single_robo_bringup
[5.500s] Level 1:colcon.colcon_core.environment:checking '/home/asd/temp_git_repo/sakar_asignment/install/single_robo_bringup' for CMake config files
[5.501s] Level 1:colcon.colcon_core.shell:create_environment_hook('single_robo_bringup', 'cmake_prefix_path')
[5.503s] INFO:colcon.colcon_core.shell:Creating environment hook '/home/asd/temp_git_repo/sakar_asignment/install/single_robo_bringup/share/single_robo_bringup/hook/cmake_prefix_path.ps1'
[5.512s] INFO:colcon.colcon_core.shell:Creating environment descriptor '/home/asd/temp_git_repo/sakar_asignment/install/single_robo_bringup/share/single_robo_bringup/hook/cmake_prefix_path.dsv'
[5.516s] INFO:colcon.colcon_core.shell:Creating environment hook '/home/asd/temp_git_repo/sakar_asignment/install/single_robo_bringup/share/single_robo_bringup/hook/cmake_prefix_path.sh'
[5.520s] Level 1:colcon.colcon_core.environment:checking '/home/asd/temp_git_repo/sakar_asignment/install/single_robo_bringup/bin'
[5.520s] Level 1:colcon.colcon_core.environment:checking '/home/asd/temp_git_repo/sakar_asignment/install/single_robo_bringup/lib/pkgconfig/single_robo_bringup.pc'
[5.522s] Level 1:colcon.colcon_core.environment:checking '/home/asd/temp_git_repo/sakar_asignment/install/single_robo_bringup/lib/python3.10/site-packages'
[5.523s] Level 1:colcon.colcon_core.environment:checking '/home/asd/temp_git_repo/sakar_asignment/install/single_robo_bringup/bin'
[5.525s] INFO:colcon.colcon_core.shell:Creating package script '/home/asd/temp_git_repo/sakar_asignment/install/single_robo_bringup/share/single_robo_bringup/package.ps1'
[5.531s] INFO:colcon.colcon_core.shell:Creating package descriptor '/home/asd/temp_git_repo/sakar_asignment/install/single_robo_bringup/share/single_robo_bringup/package.dsv'
[5.535s] INFO:colcon.colcon_core.shell:Creating package script '/home/asd/temp_git_repo/sakar_asignment/install/single_robo_bringup/share/single_robo_bringup/package.sh'
[5.538s] INFO:colcon.colcon_core.shell:Creating package script '/home/asd/temp_git_repo/sakar_asignment/install/single_robo_bringup/share/single_robo_bringup/package.bash'
[5.540s] INFO:colcon.colcon_core.shell:Creating package script '/home/asd/temp_git_repo/sakar_asignment/install/single_robo_bringup/share/single_robo_bringup/package.zsh'
[5.542s] Level 1:colcon.colcon_core.environment:create_file_with_runtime_dependencies(/home/asd/temp_git_repo/sakar_asignment/install/single_robo_bringup/share/colcon-core/packages/single_robo_bringup)
[5.545s] Level 1:colcon.colcon_core.environment:create_environment_scripts_only(single_robo_bringup)
[5.546s] Level 1:colcon.colcon_core.environment:checking '/home/asd/temp_git_repo/sakar_asignment/install/single_robo_bringup' for CMake module files
[5.554s] Level 1:colcon.colcon_core.environment:checking '/home/asd/temp_git_repo/sakar_asignment/install/single_robo_bringup' for CMake config files
[5.558s] Level 1:colcon.colcon_core.shell:create_environment_hook('single_robo_bringup', 'cmake_prefix_path')
[5.560s] INFO:colcon.colcon_core.shell:Creating environment hook '/home/asd/temp_git_repo/sakar_asignment/install/single_robo_bringup/share/single_robo_bringup/hook/cmake_prefix_path.ps1'
[5.562s] INFO:colcon.colcon_core.shell:Creating environment descriptor '/home/asd/temp_git_repo/sakar_asignment/install/single_robo_bringup/share/single_robo_bringup/hook/cmake_prefix_path.dsv'
[5.563s] INFO:colcon.colcon_core.shell:Creating environment hook '/home/asd/temp_git_repo/sakar_asignment/install/single_robo_bringup/share/single_robo_bringup/hook/cmake_prefix_path.sh'
[5.566s] Level 1:colcon.colcon_core.environment:checking '/home/asd/temp_git_repo/sakar_asignment/install/single_robo_bringup/bin'
[5.567s] Level 1:colcon.colcon_core.environment:checking '/home/asd/temp_git_repo/sakar_asignment/install/single_robo_bringup/lib/pkgconfig/single_robo_bringup.pc'
[5.568s] Level 1:colcon.colcon_core.environment:checking '/home/asd/temp_git_repo/sakar_asignment/install/single_robo_bringup/lib/python3.10/site-packages'
[5.571s] Level 1:colcon.colcon_core.environment:checking '/home/asd/temp_git_repo/sakar_asignment/install/single_robo_bringup/bin'
[5.575s] INFO:colcon.colcon_core.shell:Creating package script '/home/asd/temp_git_repo/sakar_asignment/install/single_robo_bringup/share/single_robo_bringup/package.ps1'
[5.579s] INFO:colcon.colcon_core.shell:Creating package descriptor '/home/asd/temp_git_repo/sakar_asignment/install/single_robo_bringup/share/single_robo_bringup/package.dsv'
[5.583s] INFO:colcon.colcon_core.shell:Creating package script '/home/asd/temp_git_repo/sakar_asignment/install/single_robo_bringup/share/single_robo_bringup/package.sh'
[5.586s] INFO:colcon.colcon_core.shell:Creating package script '/home/asd/temp_git_repo/sakar_asignment/install/single_robo_bringup/share/single_robo_bringup/package.bash'
[5.589s] INFO:colcon.colcon_core.shell:Creating package script '/home/asd/temp_git_repo/sakar_asignment/install/single_robo_bringup/share/single_robo_bringup/package.zsh'
[5.596s] Level 1:colcon.colcon_core.environment:create_file_with_runtime_dependencies(/home/asd/temp_git_repo/sakar_asignment/install/single_robo_bringup/share/colcon-core/packages/single_robo_bringup)
[7.875s] DEBUG:colcon.colcon_core.event_handler.log_command:Invoked command in '/home/asd/temp_git_repo/sakar_asignment/build/single_robo_custom_interface' returned '0': CMAKE_PREFIX_PATH=${CMAKE_PREFIX_PATH}:/home/asd/temp_git_repo/sakar_asignment/install/single_robo_perception:/home/asd/temp_git_repo/sakar_asignment/install/single_robo_odometry:/home/asd/temp_git_repo/first-mega-project/install/single_robo_odometry:/home/asd/ros2_ws_goat2/install/multi_robo_simulator:/home/asd/ros2_ws_goat2/install/swarm_interfaces:/home/asd/ros2_ws_goat2/install/my_robot_description2:/home/asd/ros2_ws_goat2/install/my_robot_bringup2:/home/asd/ros2_ws_goat2/install/goat_robo_discription:/home/asd/ros2_ws_goat2/install/micro_ros_server:/home/asd/ros2_ws_goat2/install/micro_ros_custom_interfaces:/home/asd/ros2_ws_goat2/install/Qr_action:/home/asd/ros2_ws4/install/esp_wifi:/home/asd/ros2_ws4/install/maping_odom:/home/asd/ros2_ws9/install/turtlebot3_simulations:/home/asd/ros2_ws9/install/turtlebot3_gazebo_goat:/home/asd/ros2_ws9/install/turtlebot3_fake_node:/home/asd/ros2_ws9/install/testbed_gazebo_goat:/home/asd/ros2_ws9/install/testbed_description_goat:/home/asd/ros2_ws9/install/my_goat_pkg:/home/asd/ros2_ws9/install/goat_interfaces:/home/asd/ros2_ws9/install/goat_gazebo:/home/asd/ros2_ws7/install/my_py_pkg_anscer:/home/asd/ros2_ws/install/turtlesim_catch_them_all:/home/asd/ros2_ws/install/my_py_pkg:/opt/ros/humble /usr/bin/cmake --build /home/asd/temp_git_repo/sakar_asignment/build/single_robo_custom_interface -- -j8 -l8
[7.878s] DEBUG:colcon.colcon_core.event_handler.log_command:Invoking command in '/home/asd/temp_git_repo/sakar_asignment/build/single_robo_custom_interface': CMAKE_PREFIX_PATH=${CMAKE_PREFIX_PATH}:/home/asd/temp_git_repo/sakar_asignment/install/single_robo_perception:/home/asd/temp_git_repo/sakar_asignment/install/single_robo_odometry:/home/asd/temp_git_repo/first-mega-project/install/single_robo_odometry:/home/asd/ros2_ws_goat2/install/multi_robo_simulator:/home/asd/ros2_ws_goat2/install/swarm_interfaces:/home/asd/ros2_ws_goat2/install/my_robot_description2:/home/asd/ros2_ws_goat2/install/my_robot_bringup2:/home/asd/ros2_ws_goat2/install/goat_robo_discription:/home/asd/ros2_ws_goat2/install/micro_ros_server:/home/asd/ros2_ws_goat2/install/micro_ros_custom_interfaces:/home/asd/ros2_ws_goat2/install/Qr_action:/home/asd/ros2_ws4/install/esp_wifi:/home/asd/ros2_ws4/install/maping_odom:/home/asd/ros2_ws9/install/turtlebot3_simulations:/home/asd/ros2_ws9/install/turtlebot3_gazebo_goat:/home/asd/ros2_ws9/install/turtlebot3_fake_node:/home/asd/ros2_ws9/install/testbed_gazebo_goat:/home/asd/ros2_ws9/install/testbed_description_goat:/home/asd/ros2_ws9/install/my_goat_pkg:/home/asd/ros2_ws9/install/goat_interfaces:/home/asd/ros2_ws9/install/goat_gazebo:/home/asd/ros2_ws7/install/my_py_pkg_anscer:/home/asd/ros2_ws/install/turtlesim_catch_them_all:/home/asd/ros2_ws/install/my_py_pkg:/opt/ros/humble /usr/bin/cmake --install /home/asd/temp_git_repo/sakar_asignment/build/single_robo_custom_interface
[8.006s] DEBUG:colcon.colcon_core.event_handler.log_command:Invoking command in '/home/asd/temp_git_repo/sakar_asignment/src/single_robo_odometry': PYTHONPATH=/home/asd/temp_git_repo/sakar_asignment/build/single_robo_odometry/prefix_override:/usr/lib/python3/dist-packages/colcon_core/task/python/colcon_distutils_commands:/home/asd/temp_git_repo/sakar_asignment/install/single_robo_odometry/lib/python3.10/site-packages:${PYTHONPATH} /usr/bin/python3 -W ignore:setup.py install is deprecated -W ignore:easy_install command is deprecated setup.py egg_info --egg-base ../../build/single_robo_odometry build --build-base /home/asd/temp_git_repo/sakar_asignment/build/single_robo_odometry/build install --record /home/asd/temp_git_repo/sakar_asignment/build/single_robo_odometry/install.log --single-version-externally-managed install_data
[8.252s] Level 1:colcon.colcon_core.environment:create_environment_scripts_only(single_robo_custom_interface)
[8.254s] Level 1:colcon.colcon_core.environment:checking '/home/asd/temp_git_repo/sakar_asignment/install/single_robo_custom_interface' for CMake module files
[8.257s] DEBUG:colcon.colcon_core.event_handler.log_command:Invoked command in '/home/asd/temp_git_repo/sakar_asignment/build/single_robo_custom_interface' returned '0': CMAKE_PREFIX_PATH=${CMAKE_PREFIX_PATH}:/home/asd/temp_git_repo/sakar_asignment/install/single_robo_perception:/home/asd/temp_git_repo/sakar_asignment/install/single_robo_odometry:/home/asd/temp_git_repo/first-mega-project/install/single_robo_odometry:/home/asd/ros2_ws_goat2/install/multi_robo_simulator:/home/asd/ros2_ws_goat2/install/swarm_interfaces:/home/asd/ros2_ws_goat2/install/my_robot_description2:/home/asd/ros2_ws_goat2/install/my_robot_bringup2:/home/asd/ros2_ws_goat2/install/goat_robo_discription:/home/asd/ros2_ws_goat2/install/micro_ros_server:/home/asd/ros2_ws_goat2/install/micro_ros_custom_interfaces:/home/asd/ros2_ws_goat2/install/Qr_action:/home/asd/ros2_ws4/install/esp_wifi:/home/asd/ros2_ws4/install/maping_odom:/home/asd/ros2_ws9/install/turtlebot3_simulations:/home/asd/ros2_ws9/install/turtlebot3_gazebo_goat:/home/asd/ros2_ws9/install/turtlebot3_fake_node:/home/asd/ros2_ws9/install/testbed_gazebo_goat:/home/asd/ros2_ws9/install/testbed_description_goat:/home/asd/ros2_ws9/install/my_goat_pkg:/home/asd/ros2_ws9/install/goat_interfaces:/home/asd/ros2_ws9/install/goat_gazebo:/home/asd/ros2_ws7/install/my_py_pkg_anscer:/home/asd/ros2_ws/install/turtlesim_catch_them_all:/home/asd/ros2_ws/install/my_py_pkg:/opt/ros/humble /usr/bin/cmake --install /home/asd/temp_git_repo/sakar_asignment/build/single_robo_custom_interface
[8.259s] Level 1:colcon.colcon_core.environment:checking '/home/asd/temp_git_repo/sakar_asignment/install/single_robo_custom_interface' for CMake config files
[8.262s] Level 1:colcon.colcon_core.shell:create_environment_hook('single_robo_custom_interface', 'cmake_prefix_path')
[8.263s] INFO:colcon.colcon_core.shell:Creating environment hook '/home/asd/temp_git_repo/sakar_asignment/install/single_robo_custom_interface/share/single_robo_custom_interface/hook/cmake_prefix_path.ps1'
[8.266s] INFO:colcon.colcon_core.shell:Creating environment descriptor '/home/asd/temp_git_repo/sakar_asignment/install/single_robo_custom_interface/share/single_robo_custom_interface/hook/cmake_prefix_path.dsv'
[8.268s] INFO:colcon.colcon_core.shell:Creating environment hook '/home/asd/temp_git_repo/sakar_asignment/install/single_robo_custom_interface/share/single_robo_custom_interface/hook/cmake_prefix_path.sh'
[8.270s] Level 1:colcon.colcon_core.environment:checking '/home/asd/temp_git_repo/sakar_asignment/install/single_robo_custom_interface/lib'
[8.271s] Level 1:colcon.colcon_core.shell:create_environment_hook('single_robo_custom_interface', 'ld_library_path_lib')
[8.272s] INFO:colcon.colcon_core.shell:Creating environment hook '/home/asd/temp_git_repo/sakar_asignment/install/single_robo_custom_interface/share/single_robo_custom_interface/hook/ld_library_path_lib.ps1'
[8.275s] INFO:colcon.colcon_core.shell:Creating environment descriptor '/home/asd/temp_git_repo/sakar_asignment/install/single_robo_custom_interface/share/single_robo_custom_interface/hook/ld_library_path_lib.dsv'
[8.279s] INFO:colcon.colcon_core.shell:Creating environment hook '/home/asd/temp_git_repo/sakar_asignment/install/single_robo_custom_interface/share/single_robo_custom_interface/hook/ld_library_path_lib.sh'
[8.283s] Level 1:colcon.colcon_core.environment:checking '/home/asd/temp_git_repo/sakar_asignment/install/single_robo_custom_interface/bin'
[8.285s] Level 1:colcon.colcon_core.environment:checking '/home/asd/temp_git_repo/sakar_asignment/install/single_robo_custom_interface/lib/pkgconfig/single_robo_custom_interface.pc'
[8.287s] Level 1:colcon.colcon_core.environment:checking '/home/asd/temp_git_repo/sakar_asignment/install/single_robo_custom_interface/lib/python3.10/site-packages'
[8.289s] Level 1:colcon.colcon_core.environment:checking '/home/asd/temp_git_repo/sakar_asignment/install/single_robo_custom_interface/bin'
[8.292s] INFO:colcon.colcon_core.shell:Creating package script '/home/asd/temp_git_repo/sakar_asignment/install/single_robo_custom_interface/share/single_robo_custom_interface/package.ps1'
[8.296s] INFO:colcon.colcon_core.shell:Creating package descriptor '/home/asd/temp_git_repo/sakar_asignment/install/single_robo_custom_interface/share/single_robo_custom_interface/package.dsv'
[8.299s] INFO:colcon.colcon_core.shell:Creating package script '/home/asd/temp_git_repo/sakar_asignment/install/single_robo_custom_interface/share/single_robo_custom_interface/package.sh'
[8.302s] INFO:colcon.colcon_core.shell:Creating package script '/home/asd/temp_git_repo/sakar_asignment/install/single_robo_custom_interface/share/single_robo_custom_interface/package.bash'
[8.303s] INFO:colcon.colcon_core.shell:Creating package script '/home/asd/temp_git_repo/sakar_asignment/install/single_robo_custom_interface/share/single_robo_custom_interface/package.zsh'
[8.305s] Level 1:colcon.colcon_core.environment:create_file_with_runtime_dependencies(/home/asd/temp_git_repo/sakar_asignment/install/single_robo_custom_interface/share/colcon-core/packages/single_robo_custom_interface)
[8.307s] Level 1:colcon.colcon_core.environment:create_environment_scripts_only(single_robo_custom_interface)
[8.308s] Level 1:colcon.colcon_core.environment:checking '/home/asd/temp_git_repo/sakar_asignment/install/single_robo_custom_interface' for CMake module files
[8.310s] Level 1:colcon.colcon_core.environment:checking '/home/asd/temp_git_repo/sakar_asignment/install/single_robo_custom_interface' for CMake config files
[8.312s] Level 1:colcon.colcon_core.shell:create_environment_hook('single_robo_custom_interface', 'cmake_prefix_path')
[8.312s] INFO:colcon.colcon_core.shell:Creating environment hook '/home/asd/temp_git_repo/sakar_asignment/install/single_robo_custom_interface/share/single_robo_custom_interface/hook/cmake_prefix_path.ps1'
[8.318s] INFO:colcon.colcon_core.shell:Creating environment descriptor '/home/asd/temp_git_repo/sakar_asignment/install/single_robo_custom_interface/share/single_robo_custom_interface/hook/cmake_prefix_path.dsv'
[8.320s] INFO:colcon.colcon_core.shell:Creating environment hook '/home/asd/temp_git_repo/sakar_asignment/install/single_robo_custom_interface/share/single_robo_custom_interface/hook/cmake_prefix_path.sh'
[8.322s] Level 1:colcon.colcon_core.environment:checking '/home/asd/temp_git_repo/sakar_asignment/install/single_robo_custom_interface/lib'
[8.322s] Level 1:colcon.colcon_core.shell:create_environment_hook('single_robo_custom_interface', 'ld_library_path_lib')
[8.323s] INFO:colcon.colcon_core.shell:Creating environment hook '/home/asd/temp_git_repo/sakar_asignment/install/single_robo_custom_interface/share/single_robo_custom_interface/hook/ld_library_path_lib.ps1'
[8.326s] INFO:colcon.colcon_core.shell:Creating environment descriptor '/home/asd/temp_git_repo/sakar_asignment/install/single_robo_custom_interface/share/single_robo_custom_interface/hook/ld_library_path_lib.dsv'
[8.327s] INFO:colcon.colcon_core.shell:Creating environment hook '/home/asd/temp_git_repo/sakar_asignment/install/single_robo_custom_interface/share/single_robo_custom_interface/hook/ld_library_path_lib.sh'
[8.328s] Level 1:colcon.colcon_core.environment:checking '/home/asd/temp_git_repo/sakar_asignment/install/single_robo_custom_interface/bin'
[8.328s] Level 1:colcon.colcon_core.environment:checking '/home/asd/temp_git_repo/sakar_asignment/install/single_robo_custom_interface/lib/pkgconfig/single_robo_custom_interface.pc'
[8.329s] Level 1:colcon.colcon_core.environment:checking '/home/asd/temp_git_repo/sakar_asignment/install/single_robo_custom_interface/lib/python3.10/site-packages'
[8.330s] Level 1:colcon.colcon_core.environment:checking '/home/asd/temp_git_repo/sakar_asignment/install/single_robo_custom_interface/bin'
[8.331s] INFO:colcon.colcon_core.shell:Creating package script '/home/asd/temp_git_repo/sakar_asignment/install/single_robo_custom_interface/share/single_robo_custom_interface/package.ps1'
[8.333s] INFO:colcon.colcon_core.shell:Creating package descriptor '/home/asd/temp_git_repo/sakar_asignment/install/single_robo_custom_interface/share/single_robo_custom_interface/package.dsv'
[8.341s] INFO:colcon.colcon_core.shell:Creating package script '/home/asd/temp_git_repo/sakar_asignment/install/single_robo_custom_interface/share/single_robo_custom_interface/package.sh'
[8.345s] INFO:colcon.colcon_core.shell:Creating package script '/home/asd/temp_git_repo/sakar_asignment/install/single_robo_custom_interface/share/single_robo_custom_interface/package.bash'
[8.347s] INFO:colcon.colcon_core.shell:Creating package script '/home/asd/temp_git_repo/sakar_asignment/install/single_robo_custom_interface/share/single_robo_custom_interface/package.zsh'
[8.350s] Level 1:colcon.colcon_core.environment:create_file_with_runtime_dependencies(/home/asd/temp_git_repo/sakar_asignment/install/single_robo_custom_interface/share/colcon-core/packages/single_robo_custom_interface)
[8.353s] INFO:colcon.colcon_ros.task.ament_python.build:Building ROS package in '/home/asd/temp_git_repo/sakar_asignment/src/single_robo_perception' with build type 'ament_python'
[8.355s] Level 1:colcon.colcon_core.shell:create_environment_hook('single_robo_perception', 'ament_prefix_path')
[8.360s] INFO:colcon.colcon_core.shell:Creating environment hook '/home/asd/temp_git_repo/sakar_asignment/install/single_robo_perception/share/single_robo_perception/hook/ament_prefix_path.ps1'
[8.363s] INFO:colcon.colcon_core.shell:Creating environment descriptor '/home/asd/temp_git_repo/sakar_asignment/install/single_robo_perception/share/single_robo_perception/hook/ament_prefix_path.dsv'
[8.365s] INFO:colcon.colcon_core.shell:Creating environment hook '/home/asd/temp_git_repo/sakar_asignment/install/single_robo_perception/share/single_robo_perception/hook/ament_prefix_path.sh'
[8.368s] INFO:colcon.colcon_core.shell:Skip shell extension 'powershell' for command environment: Not usable outside of PowerShell
[8.368s] DEBUG:colcon.colcon_core.shell:Skip shell extension 'dsv' for command environment
[10.382s] INFO:colcon.colcon_core.task.python.build:Building Python package in '/home/asd/temp_git_repo/sakar_asignment/src/single_robo_perception'
[10.384s] INFO:colcon.colcon_core.shell:Skip shell extension 'powershell' for command environment: Not usable outside of PowerShell
[10.384s] DEBUG:colcon.colcon_core.shell:Skip shell extension 'dsv' for command environment
[10.461s] Level 1:colcon.colcon_core.environment:checking '/home/asd/temp_git_repo/sakar_asignment/install/single_robo_odometry' for CMake module files
[10.463s] DEBUG:colcon.colcon_core.event_handler.log_command:Invoked command in '/home/asd/temp_git_repo/sakar_asignment/src/single_robo_odometry' returned '0': PYTHONPATH=/home/asd/temp_git_repo/sakar_asignment/build/single_robo_odometry/prefix_override:/usr/lib/python3/dist-packages/colcon_core/task/python/colcon_distutils_commands:/home/asd/temp_git_repo/sakar_asignment/install/single_robo_odometry/lib/python3.10/site-packages:${PYTHONPATH} /usr/bin/python3 -W ignore:setup.py install is deprecated -W ignore:easy_install command is deprecated setup.py egg_info --egg-base ../../build/single_robo_odometry build --build-base /home/asd/temp_git_repo/sakar_asignment/build/single_robo_odometry/build install --record /home/asd/temp_git_repo/sakar_asignment/build/single_robo_odometry/install.log --single-version-externally-managed install_data
[10.464s] Level 1:colcon.colcon_core.environment:checking '/home/asd/temp_git_repo/sakar_asignment/install/single_robo_odometry' for CMake config files
[10.467s] Level 1:colcon.colcon_core.environment:checking '/home/asd/temp_git_repo/sakar_asignment/install/single_robo_odometry/lib'
[10.467s] Level 1:colcon.colcon_core.environment:checking '/home/asd/temp_git_repo/sakar_asignment/install/single_robo_odometry/bin'
[10.467s] Level 1:colcon.colcon_core.environment:checking '/home/asd/temp_git_repo/sakar_asignment/install/single_robo_odometry/lib/pkgconfig/single_robo_odometry.pc'
[10.469s] Level 1:colcon.colcon_core.environment:checking '/home/asd/temp_git_repo/sakar_asignment/install/single_robo_odometry/lib/python3.10/site-packages'
[10.469s] Level 1:colcon.colcon_core.shell:create_environment_hook('single_robo_odometry', 'pythonpath')
[10.472s] INFO:colcon.colcon_core.shell:Creating environment hook '/home/asd/temp_git_repo/sakar_asignment/install/single_robo_odometry/share/single_robo_odometry/hook/pythonpath.ps1'
[10.474s] INFO:colcon.colcon_core.shell:Creating environment descriptor '/home/asd/temp_git_repo/sakar_asignment/install/single_robo_odometry/share/single_robo_odometry/hook/pythonpath.dsv'
[10.476s] INFO:colcon.colcon_core.shell:Creating environment hook '/home/asd/temp_git_repo/sakar_asignment/install/single_robo_odometry/share/single_robo_odometry/hook/pythonpath.sh'
[10.478s] Level 1:colcon.colcon_core.environment:checking '/home/asd/temp_git_repo/sakar_asignment/install/single_robo_odometry/bin'
[10.478s] Level 1:colcon.colcon_core.environment:create_environment_scripts_only(single_robo_odometry)
[10.480s] INFO:colcon.colcon_core.shell:Creating package script '/home/asd/temp_git_repo/sakar_asignment/install/single_robo_odometry/share/single_robo_odometry/package.ps1'
[10.482s] INFO:colcon.colcon_core.shell:Creating package descriptor '/home/asd/temp_git_repo/sakar_asignment/install/single_robo_odometry/share/single_robo_odometry/package.dsv'
[10.484s] INFO:colcon.colcon_core.shell:Creating package script '/home/asd/temp_git_repo/sakar_asignment/install/single_robo_odometry/share/single_robo_odometry/package.sh'
[10.486s] INFO:colcon.colcon_core.shell:Creating package script '/home/asd/temp_git_repo/sakar_asignment/install/single_robo_odometry/share/single_robo_odometry/package.bash'
[10.488s] INFO:colcon.colcon_core.shell:Creating package script '/home/asd/temp_git_repo/sakar_asignment/install/single_robo_odometry/share/single_robo_odometry/package.zsh'
[10.491s] Level 1:colcon.colcon_core.environment:create_file_with_runtime_dependencies(/home/asd/temp_git_repo/sakar_asignment/install/single_robo_odometry/share/colcon-core/packages/single_robo_odometry)
[13.627s] DEBUG:colcon.colcon_core.event_handler.log_command:Invoking command in '/home/asd/temp_git_repo/sakar_asignment/src/single_robo_perception': AMENT_PREFIX_PATH=/home/asd/temp_git_repo/sakar_asignment/install/single_robo_custom_interface:${AMENT_PREFIX_PATH} CMAKE_PREFIX_PATH=/home/asd/temp_git_repo/sakar_asignment/install/single_robo_custom_interface:${CMAKE_PREFIX_PATH} LD_LIBRARY_PATH=/home/asd/temp_git_repo/sakar_asignment/install/single_robo_custom_interface/lib:/home/asd/ros2_ws_goat2/install/swarm_interfaces/lib:/home/asd/ros2_ws_goat2/install/micro_ros_custom_interfaces/lib:/home/asd/ros2_ws_goat2/install/apex_bot/lib:/home/asd/microros_ws/install/micro_ros_agent/lib:/home/asd/microros_ws/install/micro_ros_msgs/lib:/home/asd/ros2_ws4/install/my_interfaces/lib:/home/asd/ros2_ws_hardware_int/install/ros2_control_demo_example_9/lib:/home/asd/ros2_ws_hardware_int/install/ros2_control_demo_example_8/lib:/home/asd/ros2_ws_hardware_int/install/ros2_control_demo_example_7/lib:/home/asd/ros2_ws_hardware_int/install/ros2_control_demo_example_6/lib:/home/asd/ros2_ws_hardware_int/install/ros2_control_demo_example_5/lib:/home/asd/ros2_ws_hardware_int/install/ros2_control_demo_example_4/lib:/home/asd/ros2_ws_hardware_int/install/ros2_control_demo_example_3/lib:/home/asd/ros2_ws_hardware_int/install/ros2_control_demo_example_14/lib:/home/asd/ros2_ws_hardware_int/install/ros2_control_demo_example_12/lib:/home/asd/ros2_ws_hardware_int/install/ros2_control_demo_example_11/lib:/home/asd/ros2_ws_hardware_int/install/ros2_control_demo_example_10/lib:/home/asd/ros2_ws_hardware_int/install/ros2_control_demo_example_1/lib:/home/asd/ros2_ws9/install/goat_interfaces/lib:/home/asd/ros2_ws7/install/custom_interfaces_anscer/lib:/home/asd/ros2_ws_hardware_int2/install/ros2_control_demo_example_2/lib:/home/asd/ros2_ws_glim/install/gtsam_points/lib:/home/asd/ros2_ws_glim/install/iridescence/lib:/home/asd/ros2_ws_glim/install/glim_ros/lib:/home/asd/ros2_ws_glim/install/glim/lib:/home/asd/ros2_ws_to_build/install/rmw_cyclonedds_cpp/lib:/home/asd/ros2_ws/install/my_robot_interfaces/lib:/usr/lib/x86_64-linux-gnu/gazebo-11/plugins:/opt/ros/humble/opt/rviz_ogre_vendor/lib:/opt/ros/humble/lib/x86_64-linux-gnu:/opt/ros/humble/lib:/usr/share/gazebo/../../lib/x86_64-linux-gnu/gazebo-11/plugins PYTHONPATH=/home/asd/temp_git_repo/sakar_asignment/build/single_robo_perception/prefix_override:/usr/lib/python3/dist-packages/colcon_core/task/python/colcon_distutils_commands:/home/asd/temp_git_repo/sakar_asignment/install/single_robo_perception/lib/python3.10/site-packages:/home/asd/temp_git_repo/sakar_asignment/install/single_robo_custom_interface/local/lib/python3.10/dist-packages:${PYTHONPATH} /usr/bin/python3 -W ignore:setup.py install is deprecated -W ignore:easy_install command is deprecated setup.py egg_info --egg-base ../../build/single_robo_perception build --build-base /home/asd/temp_git_repo/sakar_asignment/build/single_robo_perception/build install --record /home/asd/temp_git_repo/sakar_asignment/build/single_robo_perception/install.log --single-version-externally-managed install_data
[16.035s] Level 1:colcon.colcon_core.environment:checking '/home/asd/temp_git_repo/sakar_asignment/install/single_robo_perception' for CMake module files
[16.036s] DEBUG:colcon.colcon_core.event_handler.log_command:Invoked command in '/home/asd/temp_git_repo/sakar_asignment/src/single_robo_perception' returned '0': AMENT_PREFIX_PATH=/home/asd/temp_git_repo/sakar_asignment/install/single_robo_custom_interface:${AMENT_PREFIX_PATH} CMAKE_PREFIX_PATH=/home/asd/temp_git_repo/sakar_asignment/install/single_robo_custom_interface:${CMAKE_PREFIX_PATH} LD_LIBRARY_PATH=/home/asd/temp_git_repo/sakar_asignment/install/single_robo_custom_interface/lib:/home/asd/ros2_ws_goat2/install/swarm_interfaces/lib:/home/asd/ros2_ws_goat2/install/micro_ros_custom_interfaces/lib:/home/asd/ros2_ws_goat2/install/apex_bot/lib:/home/asd/microros_ws/install/micro_ros_agent/lib:/home/asd/microros_ws/install/micro_ros_msgs/lib:/home/asd/ros2_ws4/install/my_interfaces/lib:/home/asd/ros2_ws_hardware_int/install/ros2_control_demo_example_9/lib:/home/asd/ros2_ws_hardware_int/install/ros2_control_demo_example_8/lib:/home/asd/ros2_ws_hardware_int/install/ros2_control_demo_example_7/lib:/home/asd/ros2_ws_hardware_int/install/ros2_control_demo_example_6/lib:/home/asd/ros2_ws_hardware_int/install/ros2_control_demo_example_5/lib:/home/asd/ros2_ws_hardware_int/install/ros2_control_demo_example_4/lib:/home/asd/ros2_ws_hardware_int/install/ros2_control_demo_example_3/lib:/home/asd/ros2_ws_hardware_int/install/ros2_control_demo_example_14/lib:/home/asd/ros2_ws_hardware_int/install/ros2_control_demo_example_12/lib:/home/asd/ros2_ws_hardware_int/install/ros2_control_demo_example_11/lib:/home/asd/ros2_ws_hardware_int/install/ros2_control_demo_example_10/lib:/home/asd/ros2_ws_hardware_int/install/ros2_control_demo_example_1/lib:/home/asd/ros2_ws9/install/goat_interfaces/lib:/home/asd/ros2_ws7/install/custom_interfaces_anscer/lib:/home/asd/ros2_ws_hardware_int2/install/ros2_control_demo_example_2/lib:/home/asd/ros2_ws_glim/install/gtsam_points/lib:/home/asd/ros2_ws_glim/install/iridescence/lib:/home/asd/ros2_ws_glim/install/glim_ros/lib:/home/asd/ros2_ws_glim/install/glim/lib:/home/asd/ros2_ws_to_build/install/rmw_cyclonedds_cpp/lib:/home/asd/ros2_ws/install/my_robot_interfaces/lib:/usr/lib/x86_64-linux-gnu/gazebo-11/plugins:/opt/ros/humble/opt/rviz_ogre_vendor/lib:/opt/ros/humble/lib/x86_64-linux-gnu:/opt/ros/humble/lib:/usr/share/gazebo/../../lib/x86_64-linux-gnu/gazebo-11/plugins PYTHONPATH=/home/asd/temp_git_repo/sakar_asignment/build/single_robo_perception/prefix_override:/usr/lib/python3/dist-packages/colcon_core/task/python/colcon_distutils_commands:/home/asd/temp_git_repo/sakar_asignment/install/single_robo_perception/lib/python3.10/site-packages:/home/asd/temp_git_repo/sakar_asignment/install/single_robo_custom_interface/local/lib/python3.10/dist-packages:${PYTHONPATH} /usr/bin/python3 -W ignore:setup.py install is deprecated -W ignore:easy_install command is deprecated setup.py egg_info --egg-base ../../build/single_robo_perception build --build-base /home/asd/temp_git_repo/sakar_asignment/build/single_robo_perception/build install --record /home/asd/temp_git_repo/sakar_asignment/build/single_robo_perception/install.log --single-version-externally-managed install_data
[16.037s] Level 1:colcon.colcon_core.environment:checking '/home/asd/temp_git_repo/sakar_asignment/install/single_robo_perception' for CMake config files
[16.039s] Level 1:colcon.colcon_core.environment:checking '/home/asd/temp_git_repo/sakar_asignment/install/single_robo_perception/lib'
[16.039s] Level 1:colcon.colcon_core.environment:checking '/home/asd/temp_git_repo/sakar_asignment/install/single_robo_perception/bin'
[16.039s] Level 1:colcon.colcon_core.environment:checking '/home/asd/temp_git_repo/sakar_asignment/install/single_robo_perception/lib/pkgconfig/single_robo_perception.pc'
[16.040s] Level 1:colcon.colcon_core.environment:checking '/home/asd/temp_git_repo/sakar_asignment/install/single_robo_perception/lib/python3.10/site-packages'
[16.040s] Level 1:colcon.colcon_core.shell:create_environment_hook('single_robo_perception', 'pythonpath')
[16.041s] INFO:colcon.colcon_core.shell:Creating environment hook '/home/asd/temp_git_repo/sakar_asignment/install/single_robo_perception/share/single_robo_perception/hook/pythonpath.ps1'
[16.042s] INFO:colcon.colcon_core.shell:Creating environment descriptor '/home/asd/temp_git_repo/sakar_asignment/install/single_robo_perception/share/single_robo_perception/hook/pythonpath.dsv'
[16.043s] INFO:colcon.colcon_core.shell:Creating environment hook '/home/asd/temp_git_repo/sakar_asignment/install/single_robo_perception/share/single_robo_perception/hook/pythonpath.sh'
[16.046s] Level 1:colcon.colcon_core.environment:checking '/home/asd/temp_git_repo/sakar_asignment/install/single_robo_perception/bin'
[16.047s] Level 1:colcon.colcon_core.environment:create_environment_scripts_only(single_robo_perception)
[16.051s] INFO:colcon.colcon_core.shell:Creating package script '/home/asd/temp_git_repo/sakar_asignment/install/single_robo_perception/share/single_robo_perception/package.ps1'
[16.056s] INFO:colcon.colcon_core.shell:Creating package descriptor '/home/asd/temp_git_repo/sakar_asignment/install/single_robo_perception/share/single_robo_perception/package.dsv'
[16.060s] INFO:colcon.colcon_core.shell:Creating package script '/home/asd/temp_git_repo/sakar_asignment/install/single_robo_perception/share/single_robo_perception/package.sh'
[16.062s] INFO:colcon.colcon_core.shell:Creating package script '/home/asd/temp_git_repo/sakar_asignment/install/single_robo_perception/share/single_robo_perception/package.bash'
[16.064s] INFO:colcon.colcon_core.shell:Creating package script '/home/asd/temp_git_repo/sakar_asignment/install/single_robo_perception/share/single_robo_perception/package.zsh'
[16.067s] Level 1:colcon.colcon_core.environment:create_file_with_runtime_dependencies(/home/asd/temp_git_repo/sakar_asignment/install/single_robo_perception/share/colcon-core/packages/single_robo_perception)
[16.070s] DEBUG:colcon.colcon_parallel_executor.executor.parallel:closing loop
[16.073s] DEBUG:colcon.colcon_parallel_executor.executor.parallel:loop closed
[16.073s] DEBUG:colcon.colcon_parallel_executor.executor.parallel:run_until_complete finished with '0'
[16.077s] DEBUG:colcon.colcon_core.event_reactor:joining thread
[16.107s] INFO:colcon.colcon_core.plugin_system:Skipping extension 'colcon_notification.desktop_notification.terminal_notifier': Not used on non-Darwin systems
[16.107s] INFO:colcon.colcon_core.plugin_system:Skipping extension 'colcon_notification.desktop_notification.win32': Not used on non-Windows systems
[16.107s] INFO:colcon.colcon_notification.desktop_notification:Sending desktop notification using 'notify2'
[16.201s] DEBUG:colcon.colcon_core.event_reactor:joined thread
[16.203s] INFO:colcon.colcon_core.shell:Creating prefix script '/home/asd/temp_git_repo/sakar_asignment/install/local_setup.ps1'
[16.210s] INFO:colcon.colcon_core.shell:Creating prefix util module '/home/asd/temp_git_repo/sakar_asignment/install/_local_setup_util_ps1.py'
[16.216s] INFO:colcon.colcon_core.shell:Creating prefix chain script '/home/asd/temp_git_repo/sakar_asignment/install/setup.ps1'
[16.246s] INFO:colcon.colcon_core.shell:Creating prefix script '/home/asd/temp_git_repo/sakar_asignment/install/local_setup.sh'
[16.252s] INFO:colcon.colcon_core.shell:Creating prefix util module '/home/asd/temp_git_repo/sakar_asignment/install/_local_setup_util_sh.py'
[16.256s] INFO:colcon.colcon_core.shell:Creating prefix chain script '/home/asd/temp_git_repo/sakar_asignment/install/setup.sh'
[16.277s] INFO:colcon.colcon_core.shell:Creating prefix script '/home/asd/temp_git_repo/sakar_asignment/install/local_setup.bash'
[16.279s] INFO:colcon.colcon_core.shell:Creating prefix chain script '/home/asd/temp_git_repo/sakar_asignment/install/setup.bash'
[16.328s] INFO:colcon.colcon_core.shell:Creating prefix script '/home/asd/temp_git_repo/sakar_asignment/install/local_setup.zsh'
[16.335s] INFO:colcon.colcon_core.shell:Creating prefix chain script '/home/asd/temp_git_repo/sakar_asignment/install/setup.zsh'
