[0.053s] Invoking command in '/home/asd/temp_git_repo/sakar_asignment/build/single_robo_bringup': CMAKE_PREFIX_PATH=${CMAKE_PREFIX_PATH}:/home/asd/ros2_ws_goat2/install/multi_robo_simulator:/home/asd/ros2_ws_goat2/install/swarm_interfaces:/home/asd/ros2_ws_goat2/install/my_robot_description2:/home/asd/ros2_ws_goat2/install/my_robot_bringup2:/home/asd/ros2_ws_goat2/install/goat_robo_discription:/home/asd/ros2_ws_goat2/install/micro_ros_server:/home/asd/ros2_ws_goat2/install/micro_ros_custom_interfaces:/home/asd/ros2_ws_goat2/install/Qr_action:/home/asd/ros2_ws4/install/esp_wifi:/home/asd/ros2_ws4/install/maping_odom:/home/asd/ros2_ws9/install/turtlebot3_simulations:/home/asd/ros2_ws9/install/turtlebot3_gazebo_goat:/home/asd/ros2_ws9/install/turtlebot3_fake_node:/home/asd/ros2_ws9/install/testbed_gazebo_goat:/home/asd/ros2_ws9/install/testbed_description_goat:/home/asd/ros2_ws9/install/my_goat_pkg:/home/asd/ros2_ws9/install/goat_interfaces:/home/asd/ros2_ws9/install/goat_gazebo:/home/asd/ros2_ws7/install/my_py_pkg_anscer:/home/asd/ros2_ws/install/turtlesim_catch_them_all:/home/asd/ros2_ws/install/my_py_pkg:/opt/ros/humble /usr/bin/cmake /home/asd/temp_git_repo/sakar_asignment/src/single_robo_bringup -DCMAKE_INSTALL_PREFIX=/home/asd/temp_git_repo/sakar_asignment/install/single_robo_bringup
[0.146s] -- The C compiler identification is GNU 11.4.0
[0.228s] -- The CXX compiler identification is GNU 11.4.0
[0.240s] -- Detecting C compiler ABI info
[0.350s] -- Detecting C compiler ABI info - done
[0.362s] -- Check for working C compiler: /usr/bin/cc - skipped
[0.362s] -- Detecting C compile features
[0.363s] -- Detecting C compile features - done
[0.366s] -- Detecting CXX compiler ABI info
[0.484s] -- Detecting CXX compiler ABI info - done
[0.496s] -- Check for working CXX compiler: /usr/bin/c++ - skipped
[0.496s] -- Detecting CXX compile features
[0.497s] -- Detecting CXX compile features - done
[0.508s] -- Found ament_cmake: 1.3.11 (/opt/ros/humble/share/ament_cmake/cmake)
[0.763s] -- Found Python3: /usr/bin/python3 (found version "3.10.12") found components: Interpreter 
[1.153s] -- Configuring done
[1.157s] -- Generating done
[1.159s] -- Build files have been written to: /home/asd/temp_git_repo/sakar_asignment/build/single_robo_bringup
[1.165s] Invoked command in '/home/asd/temp_git_repo/sakar_asignment/build/single_robo_bringup' returned '0': CMAKE_PREFIX_PATH=${CMAKE_PREFIX_PATH}:/home/asd/ros2_ws_goat2/install/multi_robo_simulator:/home/asd/ros2_ws_goat2/install/swarm_interfaces:/home/asd/ros2_ws_goat2/install/my_robot_description2:/home/asd/ros2_ws_goat2/install/my_robot_bringup2:/home/asd/ros2_ws_goat2/install/goat_robo_discription:/home/asd/ros2_ws_goat2/install/micro_ros_server:/home/asd/ros2_ws_goat2/install/micro_ros_custom_interfaces:/home/asd/ros2_ws_goat2/install/Qr_action:/home/asd/ros2_ws4/install/esp_wifi:/home/asd/ros2_ws4/install/maping_odom:/home/asd/ros2_ws9/install/turtlebot3_simulations:/home/asd/ros2_ws9/install/turtlebot3_gazebo_goat:/home/asd/ros2_ws9/install/turtlebot3_fake_node:/home/asd/ros2_ws9/install/testbed_gazebo_goat:/home/asd/ros2_ws9/install/testbed_description_goat:/home/asd/ros2_ws9/install/my_goat_pkg:/home/asd/ros2_ws9/install/goat_interfaces:/home/asd/ros2_ws9/install/goat_gazebo:/home/asd/ros2_ws7/install/my_py_pkg_anscer:/home/asd/ros2_ws/install/turtlesim_catch_them_all:/home/asd/ros2_ws/install/my_py_pkg:/opt/ros/humble /usr/bin/cmake /home/asd/temp_git_repo/sakar_asignment/src/single_robo_bringup -DCMAKE_INSTALL_PREFIX=/home/asd/temp_git_repo/sakar_asignment/install/single_robo_bringup
[1.167s] Invoking command in '/home/asd/temp_git_repo/sakar_asignment/build/single_robo_bringup': CMAKE_PREFIX_PATH=${CMAKE_PREFIX_PATH}:/home/asd/ros2_ws_goat2/install/multi_robo_simulator:/home/asd/ros2_ws_goat2/install/swarm_interfaces:/home/asd/ros2_ws_goat2/install/my_robot_description2:/home/asd/ros2_ws_goat2/install/my_robot_bringup2:/home/asd/ros2_ws_goat2/install/goat_robo_discription:/home/asd/ros2_ws_goat2/install/micro_ros_server:/home/asd/ros2_ws_goat2/install/micro_ros_custom_interfaces:/home/asd/ros2_ws_goat2/install/Qr_action:/home/asd/ros2_ws4/install/esp_wifi:/home/asd/ros2_ws4/install/maping_odom:/home/asd/ros2_ws9/install/turtlebot3_simulations:/home/asd/ros2_ws9/install/turtlebot3_gazebo_goat:/home/asd/ros2_ws9/install/turtlebot3_fake_node:/home/asd/ros2_ws9/install/testbed_gazebo_goat:/home/asd/ros2_ws9/install/testbed_description_goat:/home/asd/ros2_ws9/install/my_goat_pkg:/home/asd/ros2_ws9/install/goat_interfaces:/home/asd/ros2_ws9/install/goat_gazebo:/home/asd/ros2_ws7/install/my_py_pkg_anscer:/home/asd/ros2_ws/install/turtlesim_catch_them_all:/home/asd/ros2_ws/install/my_py_pkg:/opt/ros/humble /usr/bin/cmake --build /home/asd/temp_git_repo/sakar_asignment/build/single_robo_bringup -- -j8 -l8
[1.238s] Invoked command in '/home/asd/temp_git_repo/sakar_asignment/build/single_robo_bringup' returned '0': CMAKE_PREFIX_PATH=${CMAKE_PREFIX_PATH}:/home/asd/ros2_ws_goat2/install/multi_robo_simulator:/home/asd/ros2_ws_goat2/install/swarm_interfaces:/home/asd/ros2_ws_goat2/install/my_robot_description2:/home/asd/ros2_ws_goat2/install/my_robot_bringup2:/home/asd/ros2_ws_goat2/install/goat_robo_discription:/home/asd/ros2_ws_goat2/install/micro_ros_server:/home/asd/ros2_ws_goat2/install/micro_ros_custom_interfaces:/home/asd/ros2_ws_goat2/install/Qr_action:/home/asd/ros2_ws4/install/esp_wifi:/home/asd/ros2_ws4/install/maping_odom:/home/asd/ros2_ws9/install/turtlebot3_simulations:/home/asd/ros2_ws9/install/turtlebot3_gazebo_goat:/home/asd/ros2_ws9/install/turtlebot3_fake_node:/home/asd/ros2_ws9/install/testbed_gazebo_goat:/home/asd/ros2_ws9/install/testbed_description_goat:/home/asd/ros2_ws9/install/my_goat_pkg:/home/asd/ros2_ws9/install/goat_interfaces:/home/asd/ros2_ws9/install/goat_gazebo:/home/asd/ros2_ws7/install/my_py_pkg_anscer:/home/asd/ros2_ws/install/turtlesim_catch_them_all:/home/asd/ros2_ws/install/my_py_pkg:/opt/ros/humble /usr/bin/cmake --build /home/asd/temp_git_repo/sakar_asignment/build/single_robo_bringup -- -j8 -l8
[1.242s] Invoking command in '/home/asd/temp_git_repo/sakar_asignment/build/single_robo_bringup': CMAKE_PREFIX_PATH=${CMAKE_PREFIX_PATH}:/home/asd/ros2_ws_goat2/install/multi_robo_simulator:/home/asd/ros2_ws_goat2/install/swarm_interfaces:/home/asd/ros2_ws_goat2/install/my_robot_description2:/home/asd/ros2_ws_goat2/install/my_robot_bringup2:/home/asd/ros2_ws_goat2/install/goat_robo_discription:/home/asd/ros2_ws_goat2/install/micro_ros_server:/home/asd/ros2_ws_goat2/install/micro_ros_custom_interfaces:/home/asd/ros2_ws_goat2/install/Qr_action:/home/asd/ros2_ws4/install/esp_wifi:/home/asd/ros2_ws4/install/maping_odom:/home/asd/ros2_ws9/install/turtlebot3_simulations:/home/asd/ros2_ws9/install/turtlebot3_gazebo_goat:/home/asd/ros2_ws9/install/turtlebot3_fake_node:/home/asd/ros2_ws9/install/testbed_gazebo_goat:/home/asd/ros2_ws9/install/testbed_description_goat:/home/asd/ros2_ws9/install/my_goat_pkg:/home/asd/ros2_ws9/install/goat_interfaces:/home/asd/ros2_ws9/install/goat_gazebo:/home/asd/ros2_ws7/install/my_py_pkg_anscer:/home/asd/ros2_ws/install/turtlesim_catch_them_all:/home/asd/ros2_ws/install/my_py_pkg:/opt/ros/humble /usr/bin/cmake --install /home/asd/temp_git_repo/sakar_asignment/build/single_robo_bringup
[1.254s] -- Install configuration: ""
[1.254s] -- Installing: /home/asd/temp_git_repo/sakar_asignment/install/single_robo_bringup/share/single_robo_bringup//launch
[1.254s] -- Installing: /home/asd/temp_git_repo/sakar_asignment/install/single_robo_bringup/share/single_robo_bringup//launch/diferent_odoms.launch.py
[1.254s] -- Installing: /home/asd/temp_git_repo/sakar_asignment/install/single_robo_bringup/share/single_robo_bringup//launch/single_robo_navigation.launch.py
[1.255s] -- Installing: /home/asd/temp_git_repo/sakar_asignment/install/single_robo_bringup/share/single_robo_bringup//launch/single_robo_nav_map.launch.py
[1.255s] -- Installing: /home/asd/temp_git_repo/sakar_asignment/install/single_robo_bringup/share/single_robo_bringup//launch/kalman_filter.launch.py
[1.255s] -- Installing: /home/asd/temp_git_repo/sakar_asignment/install/single_robo_bringup/share/single_robo_bringup//launch/single_robo_spawn.launch.py
[1.255s] -- Installing: /home/asd/temp_git_repo/sakar_asignment/install/single_robo_bringup/share/single_robo_bringup//launch/single_robo_bringup.launch.py
[1.255s] -- Installing: /home/asd/temp_git_repo/sakar_asignment/install/single_robo_bringup/share/single_robo_bringup//config
[1.255s] -- Installing: /home/asd/temp_git_repo/sakar_asignment/install/single_robo_bringup/share/single_robo_bringup//config/planner_server.yaml
[1.255s] -- Installing: /home/asd/temp_git_repo/sakar_asignment/install/single_robo_bringup/share/single_robo_bringup//config/rviz_map_config.rviz
[1.256s] -- Installing: /home/asd/temp_git_repo/sakar_asignment/install/single_robo_bringup/share/single_robo_bringup//config/controller_server.yaml
[1.256s] -- Installing: /home/asd/temp_git_repo/sakar_asignment/install/single_robo_bringup/share/single_robo_bringup//config/bt_navigator.yaml
[1.256s] -- Installing: /home/asd/temp_git_repo/sakar_asignment/install/single_robo_bringup/share/single_robo_bringup//config/smoother_server.yaml
[1.256s] -- Installing: /home/asd/temp_git_repo/sakar_asignment/install/single_robo_bringup/share/single_robo_bringup//config/basic_bt_tree.xml
[1.256s] -- Installing: /home/asd/temp_git_repo/sakar_asignment/install/single_robo_bringup/share/single_robo_bringup//config/behavior_server.yaml
[1.257s] -- Installing: /home/asd/temp_git_repo/sakar_asignment/install/single_robo_bringup/share/single_robo_bringup//config/costmap.yaml
[1.257s] -- Installing: /home/asd/temp_git_repo/sakar_asignment/install/single_robo_bringup/share/single_robo_bringup//config/amcl.yaml
[1.257s] -- Installing: /home/asd/temp_git_repo/sakar_asignment/install/single_robo_bringup/share/single_robo_bringup//config/adwance_bt_tree.xml
[1.257s] -- Installing: /home/asd/temp_git_repo/sakar_asignment/install/single_robo_bringup/share/ament_index/resource_index/package_run_dependencies/single_robo_bringup
[1.257s] -- Installing: /home/asd/temp_git_repo/sakar_asignment/install/single_robo_bringup/share/ament_index/resource_index/parent_prefix_path/single_robo_bringup
[1.257s] -- Installing: /home/asd/temp_git_repo/sakar_asignment/install/single_robo_bringup/share/single_robo_bringup/environment/ament_prefix_path.sh
[1.257s] -- Installing: /home/asd/temp_git_repo/sakar_asignment/install/single_robo_bringup/share/single_robo_bringup/environment/ament_prefix_path.dsv
[1.257s] -- Installing: /home/asd/temp_git_repo/sakar_asignment/install/single_robo_bringup/share/single_robo_bringup/environment/path.sh
[1.258s] -- Installing: /home/asd/temp_git_repo/sakar_asignment/install/single_robo_bringup/share/single_robo_bringup/environment/path.dsv
[1.258s] -- Installing: /home/asd/temp_git_repo/sakar_asignment/install/single_robo_bringup/share/single_robo_bringup/local_setup.bash
[1.258s] -- Installing: /home/asd/temp_git_repo/sakar_asignment/install/single_robo_bringup/share/single_robo_bringup/local_setup.sh
[1.258s] -- Installing: /home/asd/temp_git_repo/sakar_asignment/install/single_robo_bringup/share/single_robo_bringup/local_setup.zsh
[1.258s] -- Installing: /home/asd/temp_git_repo/sakar_asignment/install/single_robo_bringup/share/single_robo_bringup/local_setup.dsv
[1.258s] -- Installing: /home/asd/temp_git_repo/sakar_asignment/install/single_robo_bringup/share/single_robo_bringup/package.dsv
[1.258s] -- Installing: /home/asd/temp_git_repo/sakar_asignment/install/single_robo_bringup/share/ament_index/resource_index/packages/single_robo_bringup
[1.258s] -- Installing: /home/asd/temp_git_repo/sakar_asignment/install/single_robo_bringup/share/single_robo_bringup/cmake/single_robo_bringupConfig.cmake
[1.258s] -- Installing: /home/asd/temp_git_repo/sakar_asignment/install/single_robo_bringup/share/single_robo_bringup/cmake/single_robo_bringupConfig-version.cmake
[1.258s] -- Installing: /home/asd/temp_git_repo/sakar_asignment/install/single_robo_bringup/share/single_robo_bringup/package.xml
[1.283s] Invoked command in '/home/asd/temp_git_repo/sakar_asignment/build/single_robo_bringup' returned '0': CMAKE_PREFIX_PATH=${CMAKE_PREFIX_PATH}:/home/asd/ros2_ws_goat2/install/multi_robo_simulator:/home/asd/ros2_ws_goat2/install/swarm_interfaces:/home/asd/ros2_ws_goat2/install/my_robot_description2:/home/asd/ros2_ws_goat2/install/my_robot_bringup2:/home/asd/ros2_ws_goat2/install/goat_robo_discription:/home/asd/ros2_ws_goat2/install/micro_ros_server:/home/asd/ros2_ws_goat2/install/micro_ros_custom_interfaces:/home/asd/ros2_ws_goat2/install/Qr_action:/home/asd/ros2_ws4/install/esp_wifi:/home/asd/ros2_ws4/install/maping_odom:/home/asd/ros2_ws9/install/turtlebot3_simulations:/home/asd/ros2_ws9/install/turtlebot3_gazebo_goat:/home/asd/ros2_ws9/install/turtlebot3_fake_node:/home/asd/ros2_ws9/install/testbed_gazebo_goat:/home/asd/ros2_ws9/install/testbed_description_goat:/home/asd/ros2_ws9/install/my_goat_pkg:/home/asd/ros2_ws9/install/goat_interfaces:/home/asd/ros2_ws9/install/goat_gazebo:/home/asd/ros2_ws7/install/my_py_pkg_anscer:/home/asd/ros2_ws/install/turtlesim_catch_them_all:/home/asd/ros2_ws/install/my_py_pkg:/opt/ros/humble /usr/bin/cmake --install /home/asd/temp_git_repo/sakar_asignment/build/single_robo_bringup
