[0.360s] Invoking command in '/home/asd/temp_git_repo/sakar_asignment/build/single_robo_discription': CMAKE_PREFIX_PATH=${CMAKE_PREFIX_PATH}:/home/asd/temp_git_repo/sakar_asignment/install/single_robo_perception:/home/asd/temp_git_repo/sakar_asignment/install/single_robo_odometry:/home/asd/temp_git_repo/first-mega-project/install/single_robo_odometry:/home/asd/ros2_ws_goat2/install/multi_robo_simulator:/home/asd/ros2_ws_goat2/install/swarm_interfaces:/home/asd/ros2_ws_goat2/install/my_robot_description2:/home/asd/ros2_ws_goat2/install/my_robot_bringup2:/home/asd/ros2_ws_goat2/install/goat_robo_discription:/home/asd/ros2_ws_goat2/install/micro_ros_server:/home/asd/ros2_ws_goat2/install/micro_ros_custom_interfaces:/home/asd/ros2_ws_goat2/install/Qr_action:/home/asd/ros2_ws4/install/esp_wifi:/home/asd/ros2_ws4/install/maping_odom:/home/asd/ros2_ws9/install/turtlebot3_simulations:/home/asd/ros2_ws9/install/turtlebot3_gazebo_goat:/home/asd/ros2_ws9/install/turtlebot3_fake_node:/home/asd/ros2_ws9/install/testbed_gazebo_goat:/home/asd/ros2_ws9/install/testbed_description_goat:/home/asd/ros2_ws9/install/my_goat_pkg:/home/asd/ros2_ws9/install/goat_interfaces:/home/asd/ros2_ws9/install/goat_gazebo:/home/asd/ros2_ws7/install/my_py_pkg_anscer:/home/asd/ros2_ws/install/turtlesim_catch_them_all:/home/asd/ros2_ws/install/my_py_pkg:/opt/ros/humble /usr/bin/cmake --build /home/asd/temp_git_repo/sakar_asignment/build/single_robo_discription -- -j8 -l8
[2.671s] Invoked command in '/home/asd/temp_git_repo/sakar_asignment/build/single_robo_discription' returned '0': CMAKE_PREFIX_PATH=${CMAKE_PREFIX_PATH}:/home/asd/temp_git_repo/sakar_asignment/install/single_robo_perception:/home/asd/temp_git_repo/sakar_asignment/install/single_robo_odometry:/home/asd/temp_git_repo/first-mega-project/install/single_robo_odometry:/home/asd/ros2_ws_goat2/install/multi_robo_simulator:/home/asd/ros2_ws_goat2/install/swarm_interfaces:/home/asd/ros2_ws_goat2/install/my_robot_description2:/home/asd/ros2_ws_goat2/install/my_robot_bringup2:/home/asd/ros2_ws_goat2/install/goat_robo_discription:/home/asd/ros2_ws_goat2/install/micro_ros_server:/home/asd/ros2_ws_goat2/install/micro_ros_custom_interfaces:/home/asd/ros2_ws_goat2/install/Qr_action:/home/asd/ros2_ws4/install/esp_wifi:/home/asd/ros2_ws4/install/maping_odom:/home/asd/ros2_ws9/install/turtlebot3_simulations:/home/asd/ros2_ws9/install/turtlebot3_gazebo_goat:/home/asd/ros2_ws9/install/turtlebot3_fake_node:/home/asd/ros2_ws9/install/testbed_gazebo_goat:/home/asd/ros2_ws9/install/testbed_description_goat:/home/asd/ros2_ws9/install/my_goat_pkg:/home/asd/ros2_ws9/install/goat_interfaces:/home/asd/ros2_ws9/install/goat_gazebo:/home/asd/ros2_ws7/install/my_py_pkg_anscer:/home/asd/ros2_ws/install/turtlesim_catch_them_all:/home/asd/ros2_ws/install/my_py_pkg:/opt/ros/humble /usr/bin/cmake --build /home/asd/temp_git_repo/sakar_asignment/build/single_robo_discription -- -j8 -l8
[2.772s] Invoking command in '/home/asd/temp_git_repo/sakar_asignment/build/single_robo_discription': CMAKE_PREFIX_PATH=${CMAKE_PREFIX_PATH}:/home/asd/temp_git_repo/sakar_asignment/install/single_robo_perception:/home/asd/temp_git_repo/sakar_asignment/install/single_robo_odometry:/home/asd/temp_git_repo/first-mega-project/install/single_robo_odometry:/home/asd/ros2_ws_goat2/install/multi_robo_simulator:/home/asd/ros2_ws_goat2/install/swarm_interfaces:/home/asd/ros2_ws_goat2/install/my_robot_description2:/home/asd/ros2_ws_goat2/install/my_robot_bringup2:/home/asd/ros2_ws_goat2/install/goat_robo_discription:/home/asd/ros2_ws_goat2/install/micro_ros_server:/home/asd/ros2_ws_goat2/install/micro_ros_custom_interfaces:/home/asd/ros2_ws_goat2/install/Qr_action:/home/asd/ros2_ws4/install/esp_wifi:/home/asd/ros2_ws4/install/maping_odom:/home/asd/ros2_ws9/install/turtlebot3_simulations:/home/asd/ros2_ws9/install/turtlebot3_gazebo_goat:/home/asd/ros2_ws9/install/turtlebot3_fake_node:/home/asd/ros2_ws9/install/testbed_gazebo_goat:/home/asd/ros2_ws9/install/testbed_description_goat:/home/asd/ros2_ws9/install/my_goat_pkg:/home/asd/ros2_ws9/install/goat_interfaces:/home/asd/ros2_ws9/install/goat_gazebo:/home/asd/ros2_ws7/install/my_py_pkg_anscer:/home/asd/ros2_ws/install/turtlesim_catch_them_all:/home/asd/ros2_ws/install/my_py_pkg:/opt/ros/humble /usr/bin/cmake --install /home/asd/temp_git_repo/sakar_asignment/build/single_robo_discription
[2.856s] -- Install configuration: ""
[2.856s] -- Up-to-date: /home/asd/temp_git_repo/sakar_asignment/install/single_robo_discription/share/single_robo_discription//urdf
[2.857s] -- Up-to-date: /home/asd/temp_git_repo/sakar_asignment/install/single_robo_discription/share/single_robo_discription//urdf/my_robot.urdf.xacro
[2.858s] -- Up-to-date: /home/asd/temp_git_repo/sakar_asignment/install/single_robo_discription/share/single_robo_discription//urdf/mobile_base_gazebo.xacro
[2.858s] -- Up-to-date: /home/asd/temp_git_repo/sakar_asignment/install/single_robo_discription/share/single_robo_discription//urdf/.vscode
[2.859s] -- Up-to-date: /home/asd/temp_git_repo/sakar_asignment/install/single_robo_discription/share/single_robo_discription//urdf/.vscode/c_cpp_properties.json
[2.859s] -- Up-to-date: /home/asd/temp_git_repo/sakar_asignment/install/single_robo_discription/share/single_robo_discription//urdf/.vscode/settings.json
[2.860s] -- Up-to-date: /home/asd/temp_git_repo/sakar_asignment/install/single_robo_discription/share/single_robo_discription//urdf/imu_sensor.xacro
[2.860s] -- Up-to-date: /home/asd/temp_git_repo/sakar_asignment/install/single_robo_discription/share/single_robo_discription//urdf/camera.xacro
[2.861s] -- Up-to-date: /home/asd/temp_git_repo/sakar_asignment/install/single_robo_discription/share/single_robo_discription//urdf/lidar_sensor.xacro
[2.863s] -- Up-to-date: /home/asd/temp_git_repo/sakar_asignment/install/single_robo_discription/share/single_robo_discription//urdf/common_properties.xacro
[2.863s] -- Up-to-date: /home/asd/temp_git_repo/sakar_asignment/install/single_robo_discription/share/single_robo_discription//urdf/mobile_base.xacro
[2.868s] -- Up-to-date: /home/asd/temp_git_repo/sakar_asignment/install/single_robo_discription/share/single_robo_discription//launch
[2.868s] -- Up-to-date: /home/asd/temp_git_repo/sakar_asignment/install/single_robo_discription/share/single_robo_discription//launch/spawn_gazebo.launch.py
[2.869s] -- Up-to-date: /home/asd/temp_git_repo/sakar_asignment/install/single_robo_discription/share/single_robo_discription//world
[2.869s] -- Up-to-date: /home/asd/temp_git_repo/sakar_asignment/install/single_robo_discription/share/single_robo_discription//world/ware_house_edit.sdf
[2.869s] -- Up-to-date: /home/asd/temp_git_repo/sakar_asignment/install/single_robo_discription/share/single_robo_discription//config
[2.870s] -- Up-to-date: /home/asd/temp_git_repo/sakar_asignment/install/single_robo_discription/share/single_robo_discription//config/GZ_bridge.yaml
[2.870s] -- Up-to-date: /home/asd/temp_git_repo/sakar_asignment/install/single_robo_discription/share/single_robo_discription//config/rviz_config.rviz
[2.870s] -- Up-to-date: /home/asd/temp_git_repo/sakar_asignment/install/single_robo_discription/share/single_robo_discription//config/ekf.yaml
[2.870s] -- Up-to-date: /home/asd/temp_git_repo/sakar_asignment/install/single_robo_discription/share/single_robo_discription//config/ps4_config.yaml
[2.871s] -- Up-to-date: /home/asd/temp_git_repo/sakar_asignment/install/single_robo_discription/share/single_robo_discription//maps
[2.871s] -- Up-to-date: /home/asd/temp_git_repo/sakar_asignment/install/single_robo_discription/share/single_robo_discription//maps/small_warehouse
[2.871s] -- Up-to-date: /home/asd/temp_git_repo/sakar_asignment/install/single_robo_discription/share/single_robo_discription//maps/small_warehouse/my_map.pgm
[2.871s] -- Up-to-date: /home/asd/temp_git_repo/sakar_asignment/install/single_robo_discription/share/single_robo_discription//maps/small_warehouse/my_map.yaml
[2.871s] -- Up-to-date: /home/asd/temp_git_repo/sakar_asignment/install/single_robo_discription/share/single_robo_discription//maps/small_warehouse2
[2.872s] -- Up-to-date: /home/asd/temp_git_repo/sakar_asignment/install/single_robo_discription/share/single_robo_discription//maps/small_warehouse2/my_map.pgm
[2.875s] -- Up-to-date: /home/asd/temp_git_repo/sakar_asignment/install/single_robo_discription/share/single_robo_discription//maps/small_warehouse2/my_map.yaml
[2.875s] -- Up-to-date: /home/asd/temp_git_repo/sakar_asignment/install/single_robo_discription/share/ament_index/resource_index/package_run_dependencies/single_robo_discription
[2.876s] -- Up-to-date: /home/asd/temp_git_repo/sakar_asignment/install/single_robo_discription/share/ament_index/resource_index/parent_prefix_path/single_robo_discription
[2.876s] -- Up-to-date: /home/asd/temp_git_repo/sakar_asignment/install/single_robo_discription/share/single_robo_discription/environment/ament_prefix_path.sh
[2.876s] -- Up-to-date: /home/asd/temp_git_repo/sakar_asignment/install/single_robo_discription/share/single_robo_discription/environment/ament_prefix_path.dsv
[2.876s] -- Up-to-date: /home/asd/temp_git_repo/sakar_asignment/install/single_robo_discription/share/single_robo_discription/environment/path.sh
[2.877s] -- Up-to-date: /home/asd/temp_git_repo/sakar_asignment/install/single_robo_discription/share/single_robo_discription/environment/path.dsv
[2.877s] -- Up-to-date: /home/asd/temp_git_repo/sakar_asignment/install/single_robo_discription/share/single_robo_discription/local_setup.bash
[2.878s] -- Up-to-date: /home/asd/temp_git_repo/sakar_asignment/install/single_robo_discription/share/single_robo_discription/local_setup.sh
[2.885s] -- Up-to-date: /home/asd/temp_git_repo/sakar_asignment/install/single_robo_discription/share/single_robo_discription/local_setup.zsh
[2.890s] -- Up-to-date: /home/asd/temp_git_repo/sakar_asignment/install/single_robo_discription/share/single_robo_discription/local_setup.dsv
[2.892s] -- Installing: /home/asd/temp_git_repo/sakar_asignment/install/single_robo_discription/share/single_robo_discription/package.dsv
[2.894s] -- Up-to-date: /home/asd/temp_git_repo/sakar_asignment/install/single_robo_discription/share/ament_index/resource_index/packages/single_robo_discription
[2.897s] -- Up-to-date: /home/asd/temp_git_repo/sakar_asignment/install/single_robo_discription/share/single_robo_discription/cmake/single_robo_discriptionConfig.cmake
[2.897s] -- Up-to-date: /home/asd/temp_git_repo/sakar_asignment/install/single_robo_discription/share/single_robo_discription/cmake/single_robo_discriptionConfig-version.cmake
[2.899s] -- Up-to-date: /home/asd/temp_git_repo/sakar_asignment/install/single_robo_discription/share/single_robo_discription/package.xml
[2.938s] Invoked command in '/home/asd/temp_git_repo/sakar_asignment/build/single_robo_discription' returned '0': CMAKE_PREFIX_PATH=${CMAKE_PREFIX_PATH}:/home/asd/temp_git_repo/sakar_asignment/install/single_robo_perception:/home/asd/temp_git_repo/sakar_asignment/install/single_robo_odometry:/home/asd/temp_git_repo/first-mega-project/install/single_robo_odometry:/home/asd/ros2_ws_goat2/install/multi_robo_simulator:/home/asd/ros2_ws_goat2/install/swarm_interfaces:/home/asd/ros2_ws_goat2/install/my_robot_description2:/home/asd/ros2_ws_goat2/install/my_robot_bringup2:/home/asd/ros2_ws_goat2/install/goat_robo_discription:/home/asd/ros2_ws_goat2/install/micro_ros_server:/home/asd/ros2_ws_goat2/install/micro_ros_custom_interfaces:/home/asd/ros2_ws_goat2/install/Qr_action:/home/asd/ros2_ws4/install/esp_wifi:/home/asd/ros2_ws4/install/maping_odom:/home/asd/ros2_ws9/install/turtlebot3_simulations:/home/asd/ros2_ws9/install/turtlebot3_gazebo_goat:/home/asd/ros2_ws9/install/turtlebot3_fake_node:/home/asd/ros2_ws9/install/testbed_gazebo_goat:/home/asd/ros2_ws9/install/testbed_description_goat:/home/asd/ros2_ws9/install/my_goat_pkg:/home/asd/ros2_ws9/install/goat_interfaces:/home/asd/ros2_ws9/install/goat_gazebo:/home/asd/ros2_ws7/install/my_py_pkg_anscer:/home/asd/ros2_ws/install/turtlesim_catch_them_all:/home/asd/ros2_ws/install/my_py_pkg:/opt/ros/humble /usr/bin/cmake --install /home/asd/temp_git_repo/sakar_asignment/build/single_robo_discription
