[0.149s] Invoking command in '/home/asd/temp_git_repo/sakar_asignment/build/single_robo_discription': CMAKE_PREFIX_PATH=${CMAKE_PREFIX_PATH}:/home/asd/temp_git_repo/first-mega-project/install/single_robo_odometry:/home/asd/ros2_ws_goat2/install/multi_robo_simulator:/home/asd/ros2_ws_goat2/install/swarm_interfaces:/home/asd/ros2_ws_goat2/install/my_robot_description2:/home/asd/ros2_ws_goat2/install/my_robot_bringup2:/home/asd/ros2_ws_goat2/install/goat_robo_discription:/home/asd/ros2_ws_goat2/install/micro_ros_server:/home/asd/ros2_ws_goat2/install/micro_ros_custom_interfaces:/home/asd/ros2_ws_goat2/install/Qr_action:/home/asd/ros2_ws4/install/esp_wifi:/home/asd/ros2_ws4/install/maping_odom:/home/asd/ros2_ws9/install/turtlebot3_simulations:/home/asd/ros2_ws9/install/turtlebot3_gazebo_goat:/home/asd/ros2_ws9/install/turtlebot3_fake_node:/home/asd/ros2_ws9/install/testbed_gazebo_goat:/home/asd/ros2_ws9/install/testbed_description_goat:/home/asd/ros2_ws9/install/my_goat_pkg:/home/asd/ros2_ws9/install/goat_interfaces:/home/asd/ros2_ws9/install/goat_gazebo:/home/asd/ros2_ws7/install/my_py_pkg_anscer:/home/asd/ros2_ws/install/turtlesim_catch_them_all:/home/asd/ros2_ws/install/my_py_pkg:/opt/ros/humble /usr/bin/cmake /home/asd/temp_git_repo/sakar_asignment/src/single_robo_discription -DCMAKE_INSTALL_PREFIX=/home/asd/temp_git_repo/sakar_asignment/install/single_robo_discription
[0.625s] -- The C compiler identification is GNU 11.4.0
[0.951s] -- The CXX compiler identification is GNU 11.4.0
[1.010s] -- Detecting C compiler ABI info
[1.341s] -- Detecting C compiler ABI info - done
[1.375s] -- Check for working C compiler: /usr/bin/cc - skipped
[1.378s] -- Detecting C compile features
[1.381s] -- Detecting C compile features - done
[1.392s] -- Detecting CXX compiler ABI info
[1.782s] -- Detecting CXX compiler ABI info - done
[1.821s] -- Check for working CXX compiler: /usr/bin/c++ - skipped
[1.822s] -- Detecting CXX compile features
[1.824s] -- Detecting CXX compile features - done
[1.899s] -- Found ament_cmake: 1.3.11 (/opt/ros/humble/share/ament_cmake/cmake)
[2.569s] -- Found Python3: /usr/bin/python3 (found version "3.10.12") found components: Interpreter 
[3.735s] -- Configuring done
[3.746s] -- Generating done
[3.752s] -- Build files have been written to: /home/asd/temp_git_repo/sakar_asignment/build/single_robo_discription
[3.766s] Invoked command in '/home/asd/temp_git_repo/sakar_asignment/build/single_robo_discription' returned '0': CMAKE_PREFIX_PATH=${CMAKE_PREFIX_PATH}:/home/asd/temp_git_repo/first-mega-project/install/single_robo_odometry:/home/asd/ros2_ws_goat2/install/multi_robo_simulator:/home/asd/ros2_ws_goat2/install/swarm_interfaces:/home/asd/ros2_ws_goat2/install/my_robot_description2:/home/asd/ros2_ws_goat2/install/my_robot_bringup2:/home/asd/ros2_ws_goat2/install/goat_robo_discription:/home/asd/ros2_ws_goat2/install/micro_ros_server:/home/asd/ros2_ws_goat2/install/micro_ros_custom_interfaces:/home/asd/ros2_ws_goat2/install/Qr_action:/home/asd/ros2_ws4/install/esp_wifi:/home/asd/ros2_ws4/install/maping_odom:/home/asd/ros2_ws9/install/turtlebot3_simulations:/home/asd/ros2_ws9/install/turtlebot3_gazebo_goat:/home/asd/ros2_ws9/install/turtlebot3_fake_node:/home/asd/ros2_ws9/install/testbed_gazebo_goat:/home/asd/ros2_ws9/install/testbed_description_goat:/home/asd/ros2_ws9/install/my_goat_pkg:/home/asd/ros2_ws9/install/goat_interfaces:/home/asd/ros2_ws9/install/goat_gazebo:/home/asd/ros2_ws7/install/my_py_pkg_anscer:/home/asd/ros2_ws/install/turtlesim_catch_them_all:/home/asd/ros2_ws/install/my_py_pkg:/opt/ros/humble /usr/bin/cmake /home/asd/temp_git_repo/sakar_asignment/src/single_robo_discription -DCMAKE_INSTALL_PREFIX=/home/asd/temp_git_repo/sakar_asignment/install/single_robo_discription
[3.772s] Invoking command in '/home/asd/temp_git_repo/sakar_asignment/build/single_robo_discription': CMAKE_PREFIX_PATH=${CMAKE_PREFIX_PATH}:/home/asd/temp_git_repo/first-mega-project/install/single_robo_odometry:/home/asd/ros2_ws_goat2/install/multi_robo_simulator:/home/asd/ros2_ws_goat2/install/swarm_interfaces:/home/asd/ros2_ws_goat2/install/my_robot_description2:/home/asd/ros2_ws_goat2/install/my_robot_bringup2:/home/asd/ros2_ws_goat2/install/goat_robo_discription:/home/asd/ros2_ws_goat2/install/micro_ros_server:/home/asd/ros2_ws_goat2/install/micro_ros_custom_interfaces:/home/asd/ros2_ws_goat2/install/Qr_action:/home/asd/ros2_ws4/install/esp_wifi:/home/asd/ros2_ws4/install/maping_odom:/home/asd/ros2_ws9/install/turtlebot3_simulations:/home/asd/ros2_ws9/install/turtlebot3_gazebo_goat:/home/asd/ros2_ws9/install/turtlebot3_fake_node:/home/asd/ros2_ws9/install/testbed_gazebo_goat:/home/asd/ros2_ws9/install/testbed_description_goat:/home/asd/ros2_ws9/install/my_goat_pkg:/home/asd/ros2_ws9/install/goat_interfaces:/home/asd/ros2_ws9/install/goat_gazebo:/home/asd/ros2_ws7/install/my_py_pkg_anscer:/home/asd/ros2_ws/install/turtlesim_catch_them_all:/home/asd/ros2_ws/install/my_py_pkg:/opt/ros/humble /usr/bin/cmake --build /home/asd/temp_git_repo/sakar_asignment/build/single_robo_discription -- -j8 -l8
[3.973s] Invoked command in '/home/asd/temp_git_repo/sakar_asignment/build/single_robo_discription' returned '0': CMAKE_PREFIX_PATH=${CMAKE_PREFIX_PATH}:/home/asd/temp_git_repo/first-mega-project/install/single_robo_odometry:/home/asd/ros2_ws_goat2/install/multi_robo_simulator:/home/asd/ros2_ws_goat2/install/swarm_interfaces:/home/asd/ros2_ws_goat2/install/my_robot_description2:/home/asd/ros2_ws_goat2/install/my_robot_bringup2:/home/asd/ros2_ws_goat2/install/goat_robo_discription:/home/asd/ros2_ws_goat2/install/micro_ros_server:/home/asd/ros2_ws_goat2/install/micro_ros_custom_interfaces:/home/asd/ros2_ws_goat2/install/Qr_action:/home/asd/ros2_ws4/install/esp_wifi:/home/asd/ros2_ws4/install/maping_odom:/home/asd/ros2_ws9/install/turtlebot3_simulations:/home/asd/ros2_ws9/install/turtlebot3_gazebo_goat:/home/asd/ros2_ws9/install/turtlebot3_fake_node:/home/asd/ros2_ws9/install/testbed_gazebo_goat:/home/asd/ros2_ws9/install/testbed_description_goat:/home/asd/ros2_ws9/install/my_goat_pkg:/home/asd/ros2_ws9/install/goat_interfaces:/home/asd/ros2_ws9/install/goat_gazebo:/home/asd/ros2_ws7/install/my_py_pkg_anscer:/home/asd/ros2_ws/install/turtlesim_catch_them_all:/home/asd/ros2_ws/install/my_py_pkg:/opt/ros/humble /usr/bin/cmake --build /home/asd/temp_git_repo/sakar_asignment/build/single_robo_discription -- -j8 -l8
[4.007s] Invoking command in '/home/asd/temp_git_repo/sakar_asignment/build/single_robo_discription': CMAKE_PREFIX_PATH=${CMAKE_PREFIX_PATH}:/home/asd/temp_git_repo/first-mega-project/install/single_robo_odometry:/home/asd/ros2_ws_goat2/install/multi_robo_simulator:/home/asd/ros2_ws_goat2/install/swarm_interfaces:/home/asd/ros2_ws_goat2/install/my_robot_description2:/home/asd/ros2_ws_goat2/install/my_robot_bringup2:/home/asd/ros2_ws_goat2/install/goat_robo_discription:/home/asd/ros2_ws_goat2/install/micro_ros_server:/home/asd/ros2_ws_goat2/install/micro_ros_custom_interfaces:/home/asd/ros2_ws_goat2/install/Qr_action:/home/asd/ros2_ws4/install/esp_wifi:/home/asd/ros2_ws4/install/maping_odom:/home/asd/ros2_ws9/install/turtlebot3_simulations:/home/asd/ros2_ws9/install/turtlebot3_gazebo_goat:/home/asd/ros2_ws9/install/turtlebot3_fake_node:/home/asd/ros2_ws9/install/testbed_gazebo_goat:/home/asd/ros2_ws9/install/testbed_description_goat:/home/asd/ros2_ws9/install/my_goat_pkg:/home/asd/ros2_ws9/install/goat_interfaces:/home/asd/ros2_ws9/install/goat_gazebo:/home/asd/ros2_ws7/install/my_py_pkg_anscer:/home/asd/ros2_ws/install/turtlesim_catch_them_all:/home/asd/ros2_ws/install/my_py_pkg:/opt/ros/humble /usr/bin/cmake --install /home/asd/temp_git_repo/sakar_asignment/build/single_robo_discription
[4.040s] -- Install configuration: ""
[4.040s] -- Installing: /home/asd/temp_git_repo/sakar_asignment/install/single_robo_discription/share/single_robo_discription//urdf
[4.041s] -- Installing: /home/asd/temp_git_repo/sakar_asignment/install/single_robo_discription/share/single_robo_discription//urdf/my_robot.urdf.xacro
[4.041s] -- Installing: /home/asd/temp_git_repo/sakar_asignment/install/single_robo_discription/share/single_robo_discription//urdf/mobile_base_gazebo.xacro
[4.042s] -- Installing: /home/asd/temp_git_repo/sakar_asignment/install/single_robo_discription/share/single_robo_discription//urdf/.vscode
[4.042s] -- Installing: /home/asd/temp_git_repo/sakar_asignment/install/single_robo_discription/share/single_robo_discription//urdf/.vscode/c_cpp_properties.json
[4.043s] -- Installing: /home/asd/temp_git_repo/sakar_asignment/install/single_robo_discription/share/single_robo_discription//urdf/.vscode/settings.json
[4.043s] -- Installing: /home/asd/temp_git_repo/sakar_asignment/install/single_robo_discription/share/single_robo_discription//urdf/imu_sensor.xacro
[4.043s] -- Installing: /home/asd/temp_git_repo/sakar_asignment/install/single_robo_discription/share/single_robo_discription//urdf/lidar_sensor.xacro
[4.044s] -- Installing: /home/asd/temp_git_repo/sakar_asignment/install/single_robo_discription/share/single_robo_discription//urdf/common_properties.xacro
[4.045s] -- Installing: /home/asd/temp_git_repo/sakar_asignment/install/single_robo_discription/share/single_robo_discription//urdf/mobile_base.xacro
[4.045s] -- Installing: /home/asd/temp_git_repo/sakar_asignment/install/single_robo_discription/share/single_robo_discription//launch
[4.045s] -- Installing: /home/asd/temp_git_repo/sakar_asignment/install/single_robo_discription/share/single_robo_discription//launch/spawn_gazebo.launch.py
[4.046s] -- Installing: /home/asd/temp_git_repo/sakar_asignment/install/single_robo_discription/share/single_robo_discription//world
[4.046s] -- Installing: /home/asd/temp_git_repo/sakar_asignment/install/single_robo_discription/share/single_robo_discription//world/ware_house_edit.sdf
[4.047s] -- Installing: /home/asd/temp_git_repo/sakar_asignment/install/single_robo_discription/share/single_robo_discription//config
[4.047s] -- Installing: /home/asd/temp_git_repo/sakar_asignment/install/single_robo_discription/share/single_robo_discription//config/GZ_bridge.yaml
[4.048s] -- Installing: /home/asd/temp_git_repo/sakar_asignment/install/single_robo_discription/share/single_robo_discription//config/rviz_config.rviz
[4.048s] -- Installing: /home/asd/temp_git_repo/sakar_asignment/install/single_robo_discription/share/single_robo_discription//config/ekf.yaml
[4.049s] -- Installing: /home/asd/temp_git_repo/sakar_asignment/install/single_robo_discription/share/single_robo_discription//config/ps4_config.yaml
[4.049s] -- Installing: /home/asd/temp_git_repo/sakar_asignment/install/single_robo_discription/share/single_robo_discription//maps
[4.049s] -- Installing: /home/asd/temp_git_repo/sakar_asignment/install/single_robo_discription/share/single_robo_discription//maps/small_warehouse
[4.050s] -- Installing: /home/asd/temp_git_repo/sakar_asignment/install/single_robo_discription/share/single_robo_discription//maps/small_warehouse/my_map.pgm
[4.053s] -- Installing: /home/asd/temp_git_repo/sakar_asignment/install/single_robo_discription/share/single_robo_discription//maps/small_warehouse/my_map.yaml
[4.054s] -- Installing: /home/asd/temp_git_repo/sakar_asignment/install/single_robo_discription/share/single_robo_discription//maps/small_warehouse2
[4.054s] -- Installing: /home/asd/temp_git_repo/sakar_asignment/install/single_robo_discription/share/single_robo_discription//maps/small_warehouse2/my_map.pgm
[4.061s] -- Installing: /home/asd/temp_git_repo/sakar_asignment/install/single_robo_discription/share/single_robo_discription//maps/small_warehouse2/my_map.yaml
[4.062s] -- Installing: /home/asd/temp_git_repo/sakar_asignment/install/single_robo_discription/share/ament_index/resource_index/package_run_dependencies/single_robo_discription
[4.063s] -- Installing: /home/asd/temp_git_repo/sakar_asignment/install/single_robo_discription/share/ament_index/resource_index/parent_prefix_path/single_robo_discription
[4.064s] -- Installing: /home/asd/temp_git_repo/sakar_asignment/install/single_robo_discription/share/single_robo_discription/environment/ament_prefix_path.sh
[4.065s] -- Installing: /home/asd/temp_git_repo/sakar_asignment/install/single_robo_discription/share/single_robo_discription/environment/ament_prefix_path.dsv
[4.066s] -- Installing: /home/asd/temp_git_repo/sakar_asignment/install/single_robo_discription/share/single_robo_discription/environment/path.sh
[4.067s] -- Installing: /home/asd/temp_git_repo/sakar_asignment/install/single_robo_discription/share/single_robo_discription/environment/path.dsv
[4.069s] -- Installing: /home/asd/temp_git_repo/sakar_asignment/install/single_robo_discription/share/single_robo_discription/local_setup.bash
[4.069s] -- Installing: /home/asd/temp_git_repo/sakar_asignment/install/single_robo_discription/share/single_robo_discription/local_setup.sh
[4.072s] -- Installing: /home/asd/temp_git_repo/sakar_asignment/install/single_robo_discription/share/single_robo_discription/local_setup.zsh
[4.072s] -- Installing: /home/asd/temp_git_repo/sakar_asignment/install/single_robo_discription/share/single_robo_discription/local_setup.dsv
[4.072s] -- Installing: /home/asd/temp_git_repo/sakar_asignment/install/single_robo_discription/share/single_robo_discription/package.dsv
[4.073s] -- Installing: /home/asd/temp_git_repo/sakar_asignment/install/single_robo_discription/share/ament_index/resource_index/packages/single_robo_discription
[4.073s] -- Installing: /home/asd/temp_git_repo/sakar_asignment/install/single_robo_discription/share/single_robo_discription/cmake/single_robo_discriptionConfig.cmake
[4.073s] -- Installing: /home/asd/temp_git_repo/sakar_asignment/install/single_robo_discription/share/single_robo_discription/cmake/single_robo_discriptionConfig-version.cmake
[4.073s] -- Installing: /home/asd/temp_git_repo/sakar_asignment/install/single_robo_discription/share/single_robo_discription/package.xml
[4.146s] Invoked command in '/home/asd/temp_git_repo/sakar_asignment/build/single_robo_discription' returned '0': CMAKE_PREFIX_PATH=${CMAKE_PREFIX_PATH}:/home/asd/temp_git_repo/first-mega-project/install/single_robo_odometry:/home/asd/ros2_ws_goat2/install/multi_robo_simulator:/home/asd/ros2_ws_goat2/install/swarm_interfaces:/home/asd/ros2_ws_goat2/install/my_robot_description2:/home/asd/ros2_ws_goat2/install/my_robot_bringup2:/home/asd/ros2_ws_goat2/install/goat_robo_discription:/home/asd/ros2_ws_goat2/install/micro_ros_server:/home/asd/ros2_ws_goat2/install/micro_ros_custom_interfaces:/home/asd/ros2_ws_goat2/install/Qr_action:/home/asd/ros2_ws4/install/esp_wifi:/home/asd/ros2_ws4/install/maping_odom:/home/asd/ros2_ws9/install/turtlebot3_simulations:/home/asd/ros2_ws9/install/turtlebot3_gazebo_goat:/home/asd/ros2_ws9/install/turtlebot3_fake_node:/home/asd/ros2_ws9/install/testbed_gazebo_goat:/home/asd/ros2_ws9/install/testbed_description_goat:/home/asd/ros2_ws9/install/my_goat_pkg:/home/asd/ros2_ws9/install/goat_interfaces:/home/asd/ros2_ws9/install/goat_gazebo:/home/asd/ros2_ws7/install/my_py_pkg_anscer:/home/asd/ros2_ws/install/turtlesim_catch_them_all:/home/asd/ros2_ws/install/my_py_pkg:/opt/ros/humble /usr/bin/cmake --install /home/asd/temp_git_repo/sakar_asignment/build/single_robo_discription
