[0.281s] Invoking command in '/home/asd/temp_git_repo/sakar_asignment/build/single_robo_bringup': CMAKE_PREFIX_PATH=${CMAKE_PREFIX_PATH}:/home/asd/temp_git_repo/sakar_asignment/install/single_robo_odometry:/home/asd/temp_git_repo/first-mega-project/install/single_robo_odometry:/home/asd/ros2_ws_goat2/install/multi_robo_simulator:/home/asd/ros2_ws_goat2/install/swarm_interfaces:/home/asd/ros2_ws_goat2/install/my_robot_description2:/home/asd/ros2_ws_goat2/install/my_robot_bringup2:/home/asd/ros2_ws_goat2/install/goat_robo_discription:/home/asd/ros2_ws_goat2/install/micro_ros_server:/home/asd/ros2_ws_goat2/install/micro_ros_custom_interfaces:/home/asd/ros2_ws_goat2/install/Qr_action:/home/asd/ros2_ws4/install/esp_wifi:/home/asd/ros2_ws4/install/maping_odom:/home/asd/ros2_ws9/install/turtlebot3_simulations:/home/asd/ros2_ws9/install/turtlebot3_gazebo_goat:/home/asd/ros2_ws9/install/turtlebot3_fake_node:/home/asd/ros2_ws9/install/testbed_gazebo_goat:/home/asd/ros2_ws9/install/testbed_description_goat:/home/asd/ros2_ws9/install/my_goat_pkg:/home/asd/ros2_ws9/install/goat_interfaces:/home/asd/ros2_ws9/install/goat_gazebo:/home/asd/ros2_ws7/install/my_py_pkg_anscer:/home/asd/ros2_ws/install/turtlesim_catch_them_all:/home/asd/ros2_ws/install/my_py_pkg:/opt/ros/humble /usr/bin/cmake --build /home/asd/temp_git_repo/sakar_asignment/build/single_robo_bringup -- -j8 -l8
[2.873s] Invoked command in '/home/asd/temp_git_repo/sakar_asignment/build/single_robo_bringup' returned '0': CMAKE_PREFIX_PATH=${CMAKE_PREFIX_PATH}:/home/asd/temp_git_repo/sakar_asignment/install/single_robo_odometry:/home/asd/temp_git_repo/first-mega-project/install/single_robo_odometry:/home/asd/ros2_ws_goat2/install/multi_robo_simulator:/home/asd/ros2_ws_goat2/install/swarm_interfaces:/home/asd/ros2_ws_goat2/install/my_robot_description2:/home/asd/ros2_ws_goat2/install/my_robot_bringup2:/home/asd/ros2_ws_goat2/install/goat_robo_discription:/home/asd/ros2_ws_goat2/install/micro_ros_server:/home/asd/ros2_ws_goat2/install/micro_ros_custom_interfaces:/home/asd/ros2_ws_goat2/install/Qr_action:/home/asd/ros2_ws4/install/esp_wifi:/home/asd/ros2_ws4/install/maping_odom:/home/asd/ros2_ws9/install/turtlebot3_simulations:/home/asd/ros2_ws9/install/turtlebot3_gazebo_goat:/home/asd/ros2_ws9/install/turtlebot3_fake_node:/home/asd/ros2_ws9/install/testbed_gazebo_goat:/home/asd/ros2_ws9/install/testbed_description_goat:/home/asd/ros2_ws9/install/my_goat_pkg:/home/asd/ros2_ws9/install/goat_interfaces:/home/asd/ros2_ws9/install/goat_gazebo:/home/asd/ros2_ws7/install/my_py_pkg_anscer:/home/asd/ros2_ws/install/turtlesim_catch_them_all:/home/asd/ros2_ws/install/my_py_pkg:/opt/ros/humble /usr/bin/cmake --build /home/asd/temp_git_repo/sakar_asignment/build/single_robo_bringup -- -j8 -l8
[2.877s] Invoking command in '/home/asd/temp_git_repo/sakar_asignment/build/single_robo_bringup': CMAKE_PREFIX_PATH=${CMAKE_PREFIX_PATH}:/home/asd/temp_git_repo/sakar_asignment/install/single_robo_odometry:/home/asd/temp_git_repo/first-mega-project/install/single_robo_odometry:/home/asd/ros2_ws_goat2/install/multi_robo_simulator:/home/asd/ros2_ws_goat2/install/swarm_interfaces:/home/asd/ros2_ws_goat2/install/my_robot_description2:/home/asd/ros2_ws_goat2/install/my_robot_bringup2:/home/asd/ros2_ws_goat2/install/goat_robo_discription:/home/asd/ros2_ws_goat2/install/micro_ros_server:/home/asd/ros2_ws_goat2/install/micro_ros_custom_interfaces:/home/asd/ros2_ws_goat2/install/Qr_action:/home/asd/ros2_ws4/install/esp_wifi:/home/asd/ros2_ws4/install/maping_odom:/home/asd/ros2_ws9/install/turtlebot3_simulations:/home/asd/ros2_ws9/install/turtlebot3_gazebo_goat:/home/asd/ros2_ws9/install/turtlebot3_fake_node:/home/asd/ros2_ws9/install/testbed_gazebo_goat:/home/asd/ros2_ws9/install/testbed_description_goat:/home/asd/ros2_ws9/install/my_goat_pkg:/home/asd/ros2_ws9/install/goat_interfaces:/home/asd/ros2_ws9/install/goat_gazebo:/home/asd/ros2_ws7/install/my_py_pkg_anscer:/home/asd/ros2_ws/install/turtlesim_catch_them_all:/home/asd/ros2_ws/install/my_py_pkg:/opt/ros/humble /usr/bin/cmake --install /home/asd/temp_git_repo/sakar_asignment/build/single_robo_bringup
[2.912s] -- Install configuration: ""
[2.915s] -- Up-to-date: /home/asd/temp_git_repo/sakar_asignment/install/single_robo_bringup/share/single_robo_bringup//launch
[2.915s] -- Up-to-date: /home/asd/temp_git_repo/sakar_asignment/install/single_robo_bringup/share/single_robo_bringup//launch/diferent_odoms.launch.py
[2.920s] -- Up-to-date: /home/asd/temp_git_repo/sakar_asignment/install/single_robo_bringup/share/single_robo_bringup//launch/single_robo_navigation.launch.py
[2.920s] -- Installing: /home/asd/temp_git_repo/sakar_asignment/install/single_robo_bringup/share/single_robo_bringup//launch/single_robo_nav_map.launch.py
[2.920s] -- Up-to-date: /home/asd/temp_git_repo/sakar_asignment/install/single_robo_bringup/share/single_robo_bringup//launch/kalman_filter.launch.py
[2.920s] -- Up-to-date: /home/asd/temp_git_repo/sakar_asignment/install/single_robo_bringup/share/single_robo_bringup//launch/single_robo_spawn.launch.py
[2.920s] -- Installing: /home/asd/temp_git_repo/sakar_asignment/install/single_robo_bringup/share/single_robo_bringup//launch/single_robo_bringup.launch.py
[2.921s] -- Up-to-date: /home/asd/temp_git_repo/sakar_asignment/install/single_robo_bringup/share/single_robo_bringup//config
[2.921s] -- Up-to-date: /home/asd/temp_git_repo/sakar_asignment/install/single_robo_bringup/share/single_robo_bringup//config/planner_server.yaml
[2.921s] -- Up-to-date: /home/asd/temp_git_repo/sakar_asignment/install/single_robo_bringup/share/single_robo_bringup//config/rviz_map_config.rviz
[2.922s] -- Up-to-date: /home/asd/temp_git_repo/sakar_asignment/install/single_robo_bringup/share/single_robo_bringup//config/controller_server.yaml
[2.922s] -- Up-to-date: /home/asd/temp_git_repo/sakar_asignment/install/single_robo_bringup/share/single_robo_bringup//config/bt_navigator.yaml
[2.927s] -- Up-to-date: /home/asd/temp_git_repo/sakar_asignment/install/single_robo_bringup/share/single_robo_bringup//config/smoother_server.yaml
[2.928s] -- Up-to-date: /home/asd/temp_git_repo/sakar_asignment/install/single_robo_bringup/share/single_robo_bringup//config/basic_bt_tree.xml
[2.928s] -- Up-to-date: /home/asd/temp_git_repo/sakar_asignment/install/single_robo_bringup/share/single_robo_bringup//config/behavior_server.yaml
[2.928s] -- Up-to-date: /home/asd/temp_git_repo/sakar_asignment/install/single_robo_bringup/share/single_robo_bringup//config/costmap.yaml
[2.929s] -- Up-to-date: /home/asd/temp_git_repo/sakar_asignment/install/single_robo_bringup/share/single_robo_bringup//config/amcl.yaml
[2.930s] -- Up-to-date: /home/asd/temp_git_repo/sakar_asignment/install/single_robo_bringup/share/single_robo_bringup//config/adwance_bt_tree.xml
[2.934s] -- Up-to-date: /home/asd/temp_git_repo/sakar_asignment/install/single_robo_bringup/share/ament_index/resource_index/package_run_dependencies/single_robo_bringup
[2.935s] -- Up-to-date: /home/asd/temp_git_repo/sakar_asignment/install/single_robo_bringup/share/ament_index/resource_index/parent_prefix_path/single_robo_bringup
[2.935s] -- Up-to-date: /home/asd/temp_git_repo/sakar_asignment/install/single_robo_bringup/share/single_robo_bringup/environment/ament_prefix_path.sh
[2.935s] -- Up-to-date: /home/asd/temp_git_repo/sakar_asignment/install/single_robo_bringup/share/single_robo_bringup/environment/ament_prefix_path.dsv
[2.935s] -- Up-to-date: /home/asd/temp_git_repo/sakar_asignment/install/single_robo_bringup/share/single_robo_bringup/environment/path.sh
[2.935s] -- Up-to-date: /home/asd/temp_git_repo/sakar_asignment/install/single_robo_bringup/share/single_robo_bringup/environment/path.dsv
[2.936s] -- Up-to-date: /home/asd/temp_git_repo/sakar_asignment/install/single_robo_bringup/share/single_robo_bringup/local_setup.bash
[2.936s] -- Up-to-date: /home/asd/temp_git_repo/sakar_asignment/install/single_robo_bringup/share/single_robo_bringup/local_setup.sh
[2.936s] -- Up-to-date: /home/asd/temp_git_repo/sakar_asignment/install/single_robo_bringup/share/single_robo_bringup/local_setup.zsh
[2.936s] -- Up-to-date: /home/asd/temp_git_repo/sakar_asignment/install/single_robo_bringup/share/single_robo_bringup/local_setup.dsv
[2.936s] -- Installing: /home/asd/temp_git_repo/sakar_asignment/install/single_robo_bringup/share/single_robo_bringup/package.dsv
[2.937s] -- Up-to-date: /home/asd/temp_git_repo/sakar_asignment/install/single_robo_bringup/share/ament_index/resource_index/packages/single_robo_bringup
[2.937s] -- Up-to-date: /home/asd/temp_git_repo/sakar_asignment/install/single_robo_bringup/share/single_robo_bringup/cmake/single_robo_bringupConfig.cmake
[2.941s] -- Up-to-date: /home/asd/temp_git_repo/sakar_asignment/install/single_robo_bringup/share/single_robo_bringup/cmake/single_robo_bringupConfig-version.cmake
[2.941s] -- Up-to-date: /home/asd/temp_git_repo/sakar_asignment/install/single_robo_bringup/share/single_robo_bringup/package.xml
[2.980s] Invoked command in '/home/asd/temp_git_repo/sakar_asignment/build/single_robo_bringup' returned '0': CMAKE_PREFIX_PATH=${CMAKE_PREFIX_PATH}:/home/asd/temp_git_repo/sakar_asignment/install/single_robo_odometry:/home/asd/temp_git_repo/first-mega-project/install/single_robo_odometry:/home/asd/ros2_ws_goat2/install/multi_robo_simulator:/home/asd/ros2_ws_goat2/install/swarm_interfaces:/home/asd/ros2_ws_goat2/install/my_robot_description2:/home/asd/ros2_ws_goat2/install/my_robot_bringup2:/home/asd/ros2_ws_goat2/install/goat_robo_discription:/home/asd/ros2_ws_goat2/install/micro_ros_server:/home/asd/ros2_ws_goat2/install/micro_ros_custom_interfaces:/home/asd/ros2_ws_goat2/install/Qr_action:/home/asd/ros2_ws4/install/esp_wifi:/home/asd/ros2_ws4/install/maping_odom:/home/asd/ros2_ws9/install/turtlebot3_simulations:/home/asd/ros2_ws9/install/turtlebot3_gazebo_goat:/home/asd/ros2_ws9/install/turtlebot3_fake_node:/home/asd/ros2_ws9/install/testbed_gazebo_goat:/home/asd/ros2_ws9/install/testbed_description_goat:/home/asd/ros2_ws9/install/my_goat_pkg:/home/asd/ros2_ws9/install/goat_interfaces:/home/asd/ros2_ws9/install/goat_gazebo:/home/asd/ros2_ws7/install/my_py_pkg_anscer:/home/asd/ros2_ws/install/turtlesim_catch_them_all:/home/asd/ros2_ws/install/my_py_pkg:/opt/ros/humble /usr/bin/cmake --install /home/asd/temp_git_repo/sakar_asignment/build/single_robo_bringup
