/home/asd/temp_git_repo/sakar_asignment/install/single_robo_perception/lib/python3.10/site-packages/single_robo_perception/rviz_point_visualiser.py
/home/asd/temp_git_repo/sakar_asignment/install/single_robo_perception/lib/python3.10/site-packages/single_robo_perception/camera_feed_old.py
/home/asd/temp_git_repo/sakar_asignment/install/single_robo_perception/lib/python3.10/site-packages/single_robo_perception/camera_feed_edit.py
/home/asd/temp_git_repo/sakar_asignment/install/single_robo_perception/lib/python3.10/site-packages/single_robo_perception/camera_feed.py
/home/asd/temp_git_repo/sakar_asignment/install/single_robo_perception/lib/python3.10/site-packages/single_robo_perception/__init__.py
/home/asd/temp_git_repo/sakar_asignment/install/single_robo_perception/lib/python3.10/site-packages/single_robo_perception/__pycache__/rviz_point_visualiser.cpython-310.pyc
/home/asd/temp_git_repo/sakar_asignment/install/single_robo_perception/lib/python3.10/site-packages/single_robo_perception/__pycache__/camera_feed_old.cpython-310.pyc
/home/asd/temp_git_repo/sakar_asignment/install/single_robo_perception/lib/python3.10/site-packages/single_robo_perception/__pycache__/camera_feed_edit.cpython-310.pyc
/home/asd/temp_git_repo/sakar_asignment/install/single_robo_perception/lib/python3.10/site-packages/single_robo_perception/__pycache__/camera_feed.cpython-310.pyc
/home/asd/temp_git_repo/sakar_asignment/install/single_robo_perception/lib/python3.10/site-packages/single_robo_perception/__pycache__/__init__.cpython-310.pyc
/home/asd/temp_git_repo/sakar_asignment/install/single_robo_perception/share/ament_index/resource_index/packages/single_robo_perception
/home/asd/temp_git_repo/sakar_asignment/install/single_robo_perception/share/single_robo_perception/package.xml
/home/asd/temp_git_repo/sakar_asignment/install/single_robo_perception/lib/python3.10/site-packages/single_robo_perception-0.0.0-py3.10.egg-info/top_level.txt
/home/asd/temp_git_repo/sakar_asignment/install/single_robo_perception/lib/python3.10/site-packages/single_robo_perception-0.0.0-py3.10.egg-info/PKG-INFO
/home/asd/temp_git_repo/sakar_asignment/install/single_robo_perception/lib/python3.10/site-packages/single_robo_perception-0.0.0-py3.10.egg-info/dependency_links.txt
/home/asd/temp_git_repo/sakar_asignment/install/single_robo_perception/lib/python3.10/site-packages/single_robo_perception-0.0.0-py3.10.egg-info/zip-safe
/home/asd/temp_git_repo/sakar_asignment/install/single_robo_perception/lib/python3.10/site-packages/single_robo_perception-0.0.0-py3.10.egg-info/SOURCES.txt
/home/asd/temp_git_repo/sakar_asignment/install/single_robo_perception/lib/python3.10/site-packages/single_robo_perception-0.0.0-py3.10.egg-info/entry_points.txt
/home/asd/temp_git_repo/sakar_asignment/install/single_robo_perception/lib/python3.10/site-packages/single_robo_perception-0.0.0-py3.10.egg-info/requires.txt
/home/asd/temp_git_repo/sakar_asignment/install/single_robo_perception/lib/single_robo_perception/camera_feed
/home/asd/temp_git_repo/sakar_asignment/install/single_robo_perception/lib/single_robo_perception/camera_feed_edit
/home/asd/temp_git_repo/sakar_asignment/install/single_robo_perception/lib/single_robo_perception/camera_feed_old
/home/asd/temp_git_repo/sakar_asignment/install/single_robo_perception/lib/single_robo_perception/rviz_point_visualiser
