[5.206s] Invoking command in '/home/asd/temp_git_repo/sakar_asignment/src/single_robo_perception': PYTHONPATH=/home/asd/temp_git_repo/sakar_asignment/build/single_robo_perception/prefix_override:/usr/lib/python3/dist-packages/colcon_core/task/python/colcon_distutils_commands:/home/asd/temp_git_repo/sakar_asignment/install/single_robo_perception/lib/python3.10/site-packages:${PYTHONPATH} /usr/bin/python3 -W ignore:setup.py install is deprecated -W ignore:easy_install command is deprecated setup.py egg_info --egg-base ../../build/single_robo_perception build --build-base /home/asd/temp_git_repo/sakar_asignment/build/single_robo_perception/build install --record /home/asd/temp_git_repo/sakar_asignment/build/single_robo_perception/install.log --single-version-externally-managed install_data
[6.527s] running egg_info
[6.529s] writing ../../build/single_robo_perception/single_robo_perception.egg-info/PKG-INFO
[6.530s] writing dependency_links to ../../build/single_robo_perception/single_robo_perception.egg-info/dependency_links.txt
[6.531s] writing entry points to ../../build/single_robo_perception/single_robo_perception.egg-info/entry_points.txt
[6.531s] writing requirements to ../../build/single_robo_perception/single_robo_perception.egg-info/requires.txt
[6.531s] writing top-level names to ../../build/single_robo_perception/single_robo_perception.egg-info/top_level.txt
[6.538s] reading manifest file '../../build/single_robo_perception/single_robo_perception.egg-info/SOURCES.txt'
[6.542s] writing manifest file '../../build/single_robo_perception/single_robo_perception.egg-info/SOURCES.txt'
[6.544s] running build
[6.545s] running build_py
[6.545s] running install
[6.546s] running install_lib
[6.552s] running install_data
[6.554s] running install_egg_info
[6.562s] removing '/home/asd/temp_git_repo/sakar_asignment/install/single_robo_perception/lib/python3.10/site-packages/single_robo_perception-0.0.0-py3.10.egg-info' (and everything under it)
[6.563s] Copying ../../build/single_robo_perception/single_robo_perception.egg-info to /home/asd/temp_git_repo/sakar_asignment/install/single_robo_perception/lib/python3.10/site-packages/single_robo_perception-0.0.0-py3.10.egg-info
[6.568s] running install_scripts
[6.668s] Installing camera_feed script to /home/asd/temp_git_repo/sakar_asignment/install/single_robo_perception/lib/single_robo_perception
[6.671s] writing list of installed files to '/home/asd/temp_git_repo/sakar_asignment/build/single_robo_perception/install.log'
[6.829s] Invoked command in '/home/asd/temp_git_repo/sakar_asignment/src/single_robo_perception' returned '0': PYTHONPATH=/home/asd/temp_git_repo/sakar_asignment/build/single_robo_perception/prefix_override:/usr/lib/python3/dist-packages/colcon_core/task/python/colcon_distutils_commands:/home/asd/temp_git_repo/sakar_asignment/install/single_robo_perception/lib/python3.10/site-packages:${PYTHONPATH} /usr/bin/python3 -W ignore:setup.py install is deprecated -W ignore:easy_install command is deprecated setup.py egg_info --egg-base ../../build/single_robo_perception build --build-base /home/asd/temp_git_repo/sakar_asignment/build/single_robo_perception/build install --record /home/asd/temp_git_repo/sakar_asignment/build/single_robo_perception/install.log --single-version-externally-managed install_data
