[1.122s] Invoking command in '/home/asd/temp_git_repo/sakar_asignment/src/single_robo_odometry': PYTHONPATH=/home/asd/temp_git_repo/sakar_asignment/build/single_robo_odometry/prefix_override:/usr/lib/python3/dist-packages/colcon_core/task/python/colcon_distutils_commands:/home/asd/temp_git_repo/sakar_asignment/install/single_robo_odometry/lib/python3.10/site-packages:${PYTHONPATH} /usr/bin/python3 -W ignore:setup.py install is deprecated -W ignore:easy_install command is deprecated setup.py egg_info --egg-base ../../build/single_robo_odometry build --build-base /home/asd/temp_git_repo/sakar_asignment/build/single_robo_odometry/build install --record /home/asd/temp_git_repo/sakar_asignment/build/single_robo_odometry/install.log --single-version-externally-managed install_data
[1.494s] running egg_info
[1.494s] creating ../../build/single_robo_odometry/single_robo_odometry.egg-info
[1.495s] writing ../../build/single_robo_odometry/single_robo_odometry.egg-info/PKG-INFO
[1.495s] writing dependency_links to ../../build/single_robo_odometry/single_robo_odometry.egg-info/dependency_links.txt
[1.495s] writing entry points to ../../build/single_robo_odometry/single_robo_odometry.egg-info/entry_points.txt
[1.495s] writing requirements to ../../build/single_robo_odometry/single_robo_odometry.egg-info/requires.txt
[1.495s] writing top-level names to ../../build/single_robo_odometry/single_robo_odometry.egg-info/top_level.txt
[1.496s] writing manifest file '../../build/single_robo_odometry/single_robo_odometry.egg-info/SOURCES.txt'
[1.498s] reading manifest file '../../build/single_robo_odometry/single_robo_odometry.egg-info/SOURCES.txt'
[1.499s] writing manifest file '../../build/single_robo_odometry/single_robo_odometry.egg-info/SOURCES.txt'
[1.500s] running build
[1.500s] running build_py
[1.500s] creating /home/asd/temp_git_repo/sakar_asignment/build/single_robo_odometry/build
[1.500s] creating /home/asd/temp_git_repo/sakar_asignment/build/single_robo_odometry/build/lib
[1.500s] creating /home/asd/temp_git_repo/sakar_asignment/build/single_robo_odometry/build/lib/single_robo_odometry
[1.500s] copying single_robo_odometry/imu_republisher.py -> /home/asd/temp_git_repo/sakar_asignment/build/single_robo_odometry/build/lib/single_robo_odometry
[1.500s] copying single_robo_odometry/odom_tf_pub_w_error.py -> /home/asd/temp_git_repo/sakar_asignment/build/single_robo_odometry/build/lib/single_robo_odometry
[1.501s] copying single_robo_odometry/odom_tf_pub_w_error_inv.py -> /home/asd/temp_git_repo/sakar_asignment/build/single_robo_odometry/build/lib/single_robo_odometry
[1.501s] copying single_robo_odometry/odometry_calculation.py -> /home/asd/temp_git_repo/sakar_asignment/build/single_robo_odometry/build/lib/single_robo_odometry
[1.501s] copying single_robo_odometry/odometry_error.py -> /home/asd/temp_git_repo/sakar_asignment/build/single_robo_odometry/build/lib/single_robo_odometry
[1.501s] copying single_robo_odometry/__init__.py -> /home/asd/temp_git_repo/sakar_asignment/build/single_robo_odometry/build/lib/single_robo_odometry
[1.501s] copying single_robo_odometry/odom_tf_pub_.py -> /home/asd/temp_git_repo/sakar_asignment/build/single_robo_odometry/build/lib/single_robo_odometry
[1.501s] copying single_robo_odometry/odom_tf_pub_inv.py -> /home/asd/temp_git_repo/sakar_asignment/build/single_robo_odometry/build/lib/single_robo_odometry
[1.502s] running install
[1.502s] running install_lib
[1.503s] creating /home/asd/temp_git_repo/sakar_asignment/install/single_robo_odometry/lib/python3.10/site-packages/single_robo_odometry
[1.504s] copying /home/asd/temp_git_repo/sakar_asignment/build/single_robo_odometry/build/lib/single_robo_odometry/imu_republisher.py -> /home/asd/temp_git_repo/sakar_asignment/install/single_robo_odometry/lib/python3.10/site-packages/single_robo_odometry
[1.504s] copying /home/asd/temp_git_repo/sakar_asignment/build/single_robo_odometry/build/lib/single_robo_odometry/odom_tf_pub_w_error.py -> /home/asd/temp_git_repo/sakar_asignment/install/single_robo_odometry/lib/python3.10/site-packages/single_robo_odometry
[1.504s] copying /home/asd/temp_git_repo/sakar_asignment/build/single_robo_odometry/build/lib/single_robo_odometry/odom_tf_pub_w_error_inv.py -> /home/asd/temp_git_repo/sakar_asignment/install/single_robo_odometry/lib/python3.10/site-packages/single_robo_odometry
[1.504s] copying /home/asd/temp_git_repo/sakar_asignment/build/single_robo_odometry/build/lib/single_robo_odometry/odometry_calculation.py -> /home/asd/temp_git_repo/sakar_asignment/install/single_robo_odometry/lib/python3.10/site-packages/single_robo_odometry
[1.504s] copying /home/asd/temp_git_repo/sakar_asignment/build/single_robo_odometry/build/lib/single_robo_odometry/odometry_error.py -> /home/asd/temp_git_repo/sakar_asignment/install/single_robo_odometry/lib/python3.10/site-packages/single_robo_odometry
[1.505s] copying /home/asd/temp_git_repo/sakar_asignment/build/single_robo_odometry/build/lib/single_robo_odometry/__init__.py -> /home/asd/temp_git_repo/sakar_asignment/install/single_robo_odometry/lib/python3.10/site-packages/single_robo_odometry
[1.505s] copying /home/asd/temp_git_repo/sakar_asignment/build/single_robo_odometry/build/lib/single_robo_odometry/odom_tf_pub_.py -> /home/asd/temp_git_repo/sakar_asignment/install/single_robo_odometry/lib/python3.10/site-packages/single_robo_odometry
[1.505s] copying /home/asd/temp_git_repo/sakar_asignment/build/single_robo_odometry/build/lib/single_robo_odometry/odom_tf_pub_inv.py -> /home/asd/temp_git_repo/sakar_asignment/install/single_robo_odometry/lib/python3.10/site-packages/single_robo_odometry
[1.506s] byte-compiling /home/asd/temp_git_repo/sakar_asignment/install/single_robo_odometry/lib/python3.10/site-packages/single_robo_odometry/imu_republisher.py to imu_republisher.cpython-310.pyc
[1.506s] byte-compiling /home/asd/temp_git_repo/sakar_asignment/install/single_robo_odometry/lib/python3.10/site-packages/single_robo_odometry/odom_tf_pub_w_error.py to odom_tf_pub_w_error.cpython-310.pyc
[1.508s] byte-compiling /home/asd/temp_git_repo/sakar_asignment/install/single_robo_odometry/lib/python3.10/site-packages/single_robo_odometry/odom_tf_pub_w_error_inv.py to odom_tf_pub_w_error_inv.cpython-310.pyc
[1.509s] byte-compiling /home/asd/temp_git_repo/sakar_asignment/install/single_robo_odometry/lib/python3.10/site-packages/single_robo_odometry/odometry_calculation.py to odometry_calculation.cpython-310.pyc
[1.510s] byte-compiling /home/asd/temp_git_repo/sakar_asignment/install/single_robo_odometry/lib/python3.10/site-packages/single_robo_odometry/odometry_error.py to odometry_error.cpython-310.pyc
[1.512s] byte-compiling /home/asd/temp_git_repo/sakar_asignment/install/single_robo_odometry/lib/python3.10/site-packages/single_robo_odometry/__init__.py to __init__.cpython-310.pyc
[1.512s] byte-compiling /home/asd/temp_git_repo/sakar_asignment/install/single_robo_odometry/lib/python3.10/site-packages/single_robo_odometry/odom_tf_pub_.py to odom_tf_pub_.cpython-310.pyc
[1.513s] byte-compiling /home/asd/temp_git_repo/sakar_asignment/install/single_robo_odometry/lib/python3.10/site-packages/single_robo_odometry/odom_tf_pub_inv.py to odom_tf_pub_inv.cpython-310.pyc
[1.514s] running install_data
[1.514s] creating /home/asd/temp_git_repo/sakar_asignment/install/single_robo_odometry/share/ament_index
[1.514s] creating /home/asd/temp_git_repo/sakar_asignment/install/single_robo_odometry/share/ament_index/resource_index
[1.514s] creating /home/asd/temp_git_repo/sakar_asignment/install/single_robo_odometry/share/ament_index/resource_index/packages
[1.515s] copying resource/single_robo_odometry -> /home/asd/temp_git_repo/sakar_asignment/install/single_robo_odometry/share/ament_index/resource_index/packages
[1.515s] copying package.xml -> /home/asd/temp_git_repo/sakar_asignment/install/single_robo_odometry/share/single_robo_odometry
[1.515s] running install_egg_info
[1.518s] Copying ../../build/single_robo_odometry/single_robo_odometry.egg-info to /home/asd/temp_git_repo/sakar_asignment/install/single_robo_odometry/lib/python3.10/site-packages/single_robo_odometry-0.0.0-py3.10.egg-info
[1.519s] running install_scripts
[1.546s] Installing imu_republisher script to /home/asd/temp_git_repo/sakar_asignment/install/single_robo_odometry/lib/single_robo_odometry
[1.546s] Installing odom_tf_pub script to /home/asd/temp_git_repo/sakar_asignment/install/single_robo_odometry/lib/single_robo_odometry
[1.546s] Installing odom_tf_pub_inv script to /home/asd/temp_git_repo/sakar_asignment/install/single_robo_odometry/lib/single_robo_odometry
[1.546s] Installing odom_tf_pub_w_error script to /home/asd/temp_git_repo/sakar_asignment/install/single_robo_odometry/lib/single_robo_odometry
[1.547s] Installing odom_tf_pub_w_error_inv script to /home/asd/temp_git_repo/sakar_asignment/install/single_robo_odometry/lib/single_robo_odometry
[1.547s] Installing odometry_calculation script to /home/asd/temp_git_repo/sakar_asignment/install/single_robo_odometry/lib/single_robo_odometry
[1.547s] Installing odometry_error script to /home/asd/temp_git_repo/sakar_asignment/install/single_robo_odometry/lib/single_robo_odometry
[1.547s] writing list of installed files to '/home/asd/temp_git_repo/sakar_asignment/build/single_robo_odometry/install.log'
[1.579s] Invoked command in '/home/asd/temp_git_repo/sakar_asignment/src/single_robo_odometry' returned '0': PYTHONPATH=/home/asd/temp_git_repo/sakar_asignment/build/single_robo_odometry/prefix_override:/usr/lib/python3/dist-packages/colcon_core/task/python/colcon_distutils_commands:/home/asd/temp_git_repo/sakar_asignment/install/single_robo_odometry/lib/python3.10/site-packages:${PYTHONPATH} /usr/bin/python3 -W ignore:setup.py install is deprecated -W ignore:easy_install command is deprecated setup.py egg_info --egg-base ../../build/single_robo_odometry build --build-base /home/asd/temp_git_repo/sakar_asignment/build/single_robo_odometry/build install --record /home/asd/temp_git_repo/sakar_asignment/build/single_robo_odometry/install.log --single-version-externally-managed install_data
