[0.113s] Invoking command in '/home/asd/temp_git_repo/sakar_asignment/build/single_robo_discription': CMAKE_PREFIX_PATH=${CMAKE_PREFIX_PATH}:/home/asd/temp_git_repo/sakar_asignment/install/single_robo_perception:/home/asd/temp_git_repo/sakar_asignment/install/single_robo_odometry:/home/asd/temp_git_repo/first-mega-project/install/single_robo_odometry:/home/asd/ros2_ws_goat2/install/multi_robo_simulator:/home/asd/ros2_ws_goat2/install/swarm_interfaces:/home/asd/ros2_ws_goat2/install/my_robot_description2:/home/asd/ros2_ws_goat2/install/my_robot_bringup2:/home/asd/ros2_ws_goat2/install/goat_robo_discription:/home/asd/ros2_ws_goat2/install/micro_ros_server:/home/asd/ros2_ws_goat2/install/micro_ros_custom_interfaces:/home/asd/ros2_ws_goat2/install/Qr_action:/home/asd/ros2_ws4/install/esp_wifi:/home/asd/ros2_ws4/install/maping_odom:/home/asd/ros2_ws9/install/turtlebot3_simulations:/home/asd/ros2_ws9/install/turtlebot3_gazebo_goat:/home/asd/ros2_ws9/install/turtlebot3_fake_node:/home/asd/ros2_ws9/install/testbed_gazebo_goat:/home/asd/ros2_ws9/install/testbed_description_goat:/home/asd/ros2_ws9/install/my_goat_pkg:/home/asd/ros2_ws9/install/goat_interfaces:/home/asd/ros2_ws9/install/goat_gazebo:/home/asd/ros2_ws7/install/my_py_pkg_anscer:/home/asd/ros2_ws/install/turtlesim_catch_them_all:/home/asd/ros2_ws/install/my_py_pkg:/opt/ros/humble /usr/bin/cmake --build /home/asd/temp_git_repo/sakar_asignment/build/single_robo_discription -- -j8 -l8
[1.126s] Invoked command in '/home/asd/temp_git_repo/sakar_asignment/build/single_robo_discription' returned '0': CMAKE_PREFIX_PATH=${CMAKE_PREFIX_PATH}:/home/asd/temp_git_repo/sakar_asignment/install/single_robo_perception:/home/asd/temp_git_repo/sakar_asignment/install/single_robo_odometry:/home/asd/temp_git_repo/first-mega-project/install/single_robo_odometry:/home/asd/ros2_ws_goat2/install/multi_robo_simulator:/home/asd/ros2_ws_goat2/install/swarm_interfaces:/home/asd/ros2_ws_goat2/install/my_robot_description2:/home/asd/ros2_ws_goat2/install/my_robot_bringup2:/home/asd/ros2_ws_goat2/install/goat_robo_discription:/home/asd/ros2_ws_goat2/install/micro_ros_server:/home/asd/ros2_ws_goat2/install/micro_ros_custom_interfaces:/home/asd/ros2_ws_goat2/install/Qr_action:/home/asd/ros2_ws4/install/esp_wifi:/home/asd/ros2_ws4/install/maping_odom:/home/asd/ros2_ws9/install/turtlebot3_simulations:/home/asd/ros2_ws9/install/turtlebot3_gazebo_goat:/home/asd/ros2_ws9/install/turtlebot3_fake_node:/home/asd/ros2_ws9/install/testbed_gazebo_goat:/home/asd/ros2_ws9/install/testbed_description_goat:/home/asd/ros2_ws9/install/my_goat_pkg:/home/asd/ros2_ws9/install/goat_interfaces:/home/asd/ros2_ws9/install/goat_gazebo:/home/asd/ros2_ws7/install/my_py_pkg_anscer:/home/asd/ros2_ws/install/turtlesim_catch_them_all:/home/asd/ros2_ws/install/my_py_pkg:/opt/ros/humble /usr/bin/cmake --build /home/asd/temp_git_repo/sakar_asignment/build/single_robo_discription -- -j8 -l8
[1.162s] Invoking command in '/home/asd/temp_git_repo/sakar_asignment/build/single_robo_discription': CMAKE_PREFIX_PATH=${CMAKE_PREFIX_PATH}:/home/asd/temp_git_repo/sakar_asignment/install/single_robo_perception:/home/asd/temp_git_repo/sakar_asignment/install/single_robo_odometry:/home/asd/temp_git_repo/first-mega-project/install/single_robo_odometry:/home/asd/ros2_ws_goat2/install/multi_robo_simulator:/home/asd/ros2_ws_goat2/install/swarm_interfaces:/home/asd/ros2_ws_goat2/install/my_robot_description2:/home/asd/ros2_ws_goat2/install/my_robot_bringup2:/home/asd/ros2_ws_goat2/install/goat_robo_discription:/home/asd/ros2_ws_goat2/install/micro_ros_server:/home/asd/ros2_ws_goat2/install/micro_ros_custom_interfaces:/home/asd/ros2_ws_goat2/install/Qr_action:/home/asd/ros2_ws4/install/esp_wifi:/home/asd/ros2_ws4/install/maping_odom:/home/asd/ros2_ws9/install/turtlebot3_simulations:/home/asd/ros2_ws9/install/turtlebot3_gazebo_goat:/home/asd/ros2_ws9/install/turtlebot3_fake_node:/home/asd/ros2_ws9/install/testbed_gazebo_goat:/home/asd/ros2_ws9/install/testbed_description_goat:/home/asd/ros2_ws9/install/my_goat_pkg:/home/asd/ros2_ws9/install/goat_interfaces:/home/asd/ros2_ws9/install/goat_gazebo:/home/asd/ros2_ws7/install/my_py_pkg_anscer:/home/asd/ros2_ws/install/turtlesim_catch_them_all:/home/asd/ros2_ws/install/my_py_pkg:/opt/ros/humble /usr/bin/cmake --install /home/asd/temp_git_repo/sakar_asignment/build/single_robo_discription
[1.187s] -- Install configuration: ""
[1.189s] -- Up-to-date: /home/asd/temp_git_repo/sakar_asignment/install/single_robo_discription/share/single_robo_discription//urdf
[1.189s] -- Up-to-date: /home/asd/temp_git_repo/sakar_asignment/install/single_robo_discription/share/single_robo_discription//urdf/my_robot.urdf.xacro
[1.189s] -- Up-to-date: /home/asd/temp_git_repo/sakar_asignment/install/single_robo_discription/share/single_robo_discription//urdf/mobile_base_gazebo.xacro
[1.190s] -- Up-to-date: /home/asd/temp_git_repo/sakar_asignment/install/single_robo_discription/share/single_robo_discription//urdf/.vscode
[1.190s] -- Up-to-date: /home/asd/temp_git_repo/sakar_asignment/install/single_robo_discription/share/single_robo_discription//urdf/.vscode/c_cpp_properties.json
[1.190s] -- Up-to-date: /home/asd/temp_git_repo/sakar_asignment/install/single_robo_discription/share/single_robo_discription//urdf/.vscode/settings.json
[1.190s] -- Up-to-date: /home/asd/temp_git_repo/sakar_asignment/install/single_robo_discription/share/single_robo_discription//urdf/imu_sensor.xacro
[1.190s] -- Up-to-date: /home/asd/temp_git_repo/sakar_asignment/install/single_robo_discription/share/single_robo_discription//urdf/camera.xacro
[1.190s] -- Up-to-date: /home/asd/temp_git_repo/sakar_asignment/install/single_robo_discription/share/single_robo_discription//urdf/lidar_sensor.xacro
[1.191s] -- Up-to-date: /home/asd/temp_git_repo/sakar_asignment/install/single_robo_discription/share/single_robo_discription//urdf/common_properties.xacro
[1.191s] -- Up-to-date: /home/asd/temp_git_repo/sakar_asignment/install/single_robo_discription/share/single_robo_discription//urdf/mobile_base.xacro
[1.191s] -- Up-to-date: /home/asd/temp_git_repo/sakar_asignment/install/single_robo_discription/share/single_robo_discription//launch
[1.191s] -- Up-to-date: /home/asd/temp_git_repo/sakar_asignment/install/single_robo_discription/share/single_robo_discription//launch/spawn_gazebo.launch.py
[1.191s] -- Up-to-date: /home/asd/temp_git_repo/sakar_asignment/install/single_robo_discription/share/single_robo_discription//world
[1.192s] -- Up-to-date: /home/asd/temp_git_repo/sakar_asignment/install/single_robo_discription/share/single_robo_discription//world/ware_house_edit.sdf
[1.192s] -- Up-to-date: /home/asd/temp_git_repo/sakar_asignment/install/single_robo_discription/share/single_robo_discription//config
[1.193s] -- Up-to-date: /home/asd/temp_git_repo/sakar_asignment/install/single_robo_discription/share/single_robo_discription//config/GZ_bridge.yaml
[1.193s] -- Up-to-date: /home/asd/temp_git_repo/sakar_asignment/install/single_robo_discription/share/single_robo_discription//config/rviz_config.rviz
[1.194s] -- Up-to-date: /home/asd/temp_git_repo/sakar_asignment/install/single_robo_discription/share/single_robo_discription//config/ekf.yaml
[1.194s] -- Up-to-date: /home/asd/temp_git_repo/sakar_asignment/install/single_robo_discription/share/single_robo_discription//config/ps4_config.yaml
[1.195s] -- Up-to-date: /home/asd/temp_git_repo/sakar_asignment/install/single_robo_discription/share/single_robo_discription//maps
[1.195s] -- Up-to-date: /home/asd/temp_git_repo/sakar_asignment/install/single_robo_discription/share/single_robo_discription//maps/small_warehouse
[1.195s] -- Up-to-date: /home/asd/temp_git_repo/sakar_asignment/install/single_robo_discription/share/single_robo_discription//maps/small_warehouse/my_map.pgm
[1.197s] -- Up-to-date: /home/asd/temp_git_repo/sakar_asignment/install/single_robo_discription/share/single_robo_discription//maps/small_warehouse/my_map.yaml
[1.197s] -- Up-to-date: /home/asd/temp_git_repo/sakar_asignment/install/single_robo_discription/share/single_robo_discription//maps/small_warehouse2
[1.197s] -- Up-to-date: /home/asd/temp_git_repo/sakar_asignment/install/single_robo_discription/share/single_robo_discription//maps/small_warehouse2/my_map.pgm
[1.198s] -- Up-to-date: /home/asd/temp_git_repo/sakar_asignment/install/single_robo_discription/share/single_robo_discription//maps/small_warehouse2/my_map.yaml
[1.200s] -- Up-to-date: /home/asd/temp_git_repo/sakar_asignment/install/single_robo_discription/share/ament_index/resource_index/package_run_dependencies/single_robo_discription
[1.205s] -- Up-to-date: /home/asd/temp_git_repo/sakar_asignment/install/single_robo_discription/share/ament_index/resource_index/parent_prefix_path/single_robo_discription
[1.205s] -- Up-to-date: /home/asd/temp_git_repo/sakar_asignment/install/single_robo_discription/share/single_robo_discription/environment/ament_prefix_path.sh
[1.205s] -- Up-to-date: /home/asd/temp_git_repo/sakar_asignment/install/single_robo_discription/share/single_robo_discription/environment/ament_prefix_path.dsv
[1.206s] -- Up-to-date: /home/asd/temp_git_repo/sakar_asignment/install/single_robo_discription/share/single_robo_discription/environment/path.sh
[1.206s] -- Up-to-date: /home/asd/temp_git_repo/sakar_asignment/install/single_robo_discription/share/single_robo_discription/environment/path.dsv
[1.206s] -- Up-to-date: /home/asd/temp_git_repo/sakar_asignment/install/single_robo_discription/share/single_robo_discription/local_setup.bash
[1.206s] -- Up-to-date: /home/asd/temp_git_repo/sakar_asignment/install/single_robo_discription/share/single_robo_discription/local_setup.sh
[1.216s] -- Up-to-date: /home/asd/temp_git_repo/sakar_asignment/install/single_robo_discription/share/single_robo_discription/local_setup.zsh
[1.216s] -- Up-to-date: /home/asd/temp_git_repo/sakar_asignment/install/single_robo_discription/share/single_robo_discription/local_setup.dsv
[1.217s] -- Installing: /home/asd/temp_git_repo/sakar_asignment/install/single_robo_discription/share/single_robo_discription/package.dsv
[1.218s] -- Up-to-date: /home/asd/temp_git_repo/sakar_asignment/install/single_robo_discription/share/ament_index/resource_index/packages/single_robo_discription
[1.218s] -- Up-to-date: /home/asd/temp_git_repo/sakar_asignment/install/single_robo_discription/share/single_robo_discription/cmake/single_robo_discriptionConfig.cmake
[1.218s] -- Up-to-date: /home/asd/temp_git_repo/sakar_asignment/install/single_robo_discription/share/single_robo_discription/cmake/single_robo_discriptionConfig-version.cmake
[1.219s] -- Up-to-date: /home/asd/temp_git_repo/sakar_asignment/install/single_robo_discription/share/single_robo_discription/package.xml
[1.220s] Invoked command in '/home/asd/temp_git_repo/sakar_asignment/build/single_robo_discription' returned '0': CMAKE_PREFIX_PATH=${CMAKE_PREFIX_PATH}:/home/asd/temp_git_repo/sakar_asignment/install/single_robo_perception:/home/asd/temp_git_repo/sakar_asignment/install/single_robo_odometry:/home/asd/temp_git_repo/first-mega-project/install/single_robo_odometry:/home/asd/ros2_ws_goat2/install/multi_robo_simulator:/home/asd/ros2_ws_goat2/install/swarm_interfaces:/home/asd/ros2_ws_goat2/install/my_robot_description2:/home/asd/ros2_ws_goat2/install/my_robot_bringup2:/home/asd/ros2_ws_goat2/install/goat_robo_discription:/home/asd/ros2_ws_goat2/install/micro_ros_server:/home/asd/ros2_ws_goat2/install/micro_ros_custom_interfaces:/home/asd/ros2_ws_goat2/install/Qr_action:/home/asd/ros2_ws4/install/esp_wifi:/home/asd/ros2_ws4/install/maping_odom:/home/asd/ros2_ws9/install/turtlebot3_simulations:/home/asd/ros2_ws9/install/turtlebot3_gazebo_goat:/home/asd/ros2_ws9/install/turtlebot3_fake_node:/home/asd/ros2_ws9/install/testbed_gazebo_goat:/home/asd/ros2_ws9/install/testbed_description_goat:/home/asd/ros2_ws9/install/my_goat_pkg:/home/asd/ros2_ws9/install/goat_interfaces:/home/asd/ros2_ws9/install/goat_gazebo:/home/asd/ros2_ws7/install/my_py_pkg_anscer:/home/asd/ros2_ws/install/turtlesim_catch_them_all:/home/asd/ros2_ws/install/my_py_pkg:/opt/ros/humble /usr/bin/cmake --install /home/asd/temp_git_repo/sakar_asignment/build/single_robo_discription
