[0.502s] DEBUG:colcon:Command line arguments: ['/usr/bin/colcon', 'build']
[0.502s] DEBUG:colcon:Parsed command line arguments: Namespace(log_base=None, log_level=None, verb_name='build', build_base='build', install_base='install', merge_install=False, symlink_install=False, test_result_base=None, continue_on_error=False, executor='parallel', parallel_workers=8, event_handlers=None, ignore_user_meta=False, metas=['./colcon.meta'], base_paths=['.'], packages_ignore=None, packages_ignore_regex=None, paths=None, packages_up_to=None, packages_up_to_regex=None, packages_above=None, packages_above_and_dependencies=None, packages_above_depth=None, packages_select_by_dep=None, packages_skip_by_dep=None, packages_skip_up_to=None, packages_select_build_failed=False, packages_skip_build_finished=False, packages_select_test_failures=False, packages_skip_test_passed=False, packages_select=None, packages_skip=None, packages_select_regex=None, packages_skip_regex=None, packages_start=None, packages_end=None, allow_overriding=[], cmake_args=None, cmake_target=None, cmake_target_skip_unavailable=False, cmake_clean_cache=False, cmake_clean_first=False, cmake_force_configure=False, ament_cmake_args=None, catkin_cmake_args=None, catkin_skip_building_tests=False, mixin_files=None, mixin=None, verb_parser=<colcon_mixin.mixin.mixin_argument.MixinArgumentDecorator object at 0x7f148b556890>, verb_extension=<colcon_core.verb.build.BuildVerb object at 0x7f148b556080>, main=<bound method BuildVerb.main of <colcon_core.verb.build.BuildVerb object at 0x7f148b556080>>, mixin_verb=('build',))
[1.564s] Level 1:colcon.colcon_core.package_discovery:discover_packages(colcon_meta) check parameters
[1.564s] Level 1:colcon.colcon_core.package_discovery:discover_packages(recursive) check parameters
[1.565s] Level 1:colcon.colcon_core.package_discovery:discover_packages(ignore) check parameters
[1.565s] Level 1:colcon.colcon_core.package_discovery:discover_packages(path) check parameters
[1.565s] Level 1:colcon.colcon_core.package_discovery:discover_packages(colcon_meta) discover
[1.565s] Level 1:colcon.colcon_core.package_discovery:discover_packages(recursive) discover
[1.565s] INFO:colcon.colcon_core.package_discovery:Crawling recursively for packages in '/home/asd/temp_git_repo/sakar_asignment'
[1.565s] Level 1:colcon.colcon_core.package_identification:_identify(.) by extensions ['ignore', 'ignore_ament_install']
[1.566s] Level 1:colcon.colcon_core.package_identification:_identify(.) by extension 'ignore'
[1.566s] Level 1:colcon.colcon_core.package_identification:_identify(.) by extension 'ignore_ament_install'
[1.566s] Level 1:colcon.colcon_core.package_identification:_identify(.) by extensions ['colcon_pkg']
[1.566s] Level 1:colcon.colcon_core.package_identification:_identify(.) by extension 'colcon_pkg'
[1.566s] Level 1:colcon.colcon_core.package_identification:_identify(.) by extensions ['colcon_meta']
[1.566s] Level 1:colcon.colcon_core.package_identification:_identify(.) by extension 'colcon_meta'
[1.567s] Level 1:colcon.colcon_core.package_identification:_identify(.) by extensions ['ros']
[1.567s] Level 1:colcon.colcon_core.package_identification:_identify(.) by extension 'ros'
[1.656s] Level 1:colcon.colcon_core.package_identification:_identify(.) by extensions ['cmake', 'python']
[1.657s] Level 1:colcon.colcon_core.package_identification:_identify(.) by extension 'cmake'
[1.657s] Level 1:colcon.colcon_core.package_identification:_identify(.) by extension 'python'
[1.658s] Level 1:colcon.colcon_core.package_identification:_identify(.) by extensions ['python_setup_py']
[1.658s] Level 1:colcon.colcon_core.package_identification:_identify(.) by extension 'python_setup_py'
[1.659s] Level 1:colcon.colcon_core.package_identification:_identify(build) by extensions ['ignore', 'ignore_ament_install']
[1.660s] Level 1:colcon.colcon_core.package_identification:_identify(build) by extension 'ignore'
[1.660s] Level 1:colcon.colcon_core.package_identification:_identify(build) ignored
[1.661s] Level 1:colcon.colcon_core.package_identification:_identify(install) by extensions ['ignore', 'ignore_ament_install']
[1.661s] Level 1:colcon.colcon_core.package_identification:_identify(install) by extension 'ignore'
[1.661s] Level 1:colcon.colcon_core.package_identification:_identify(install) ignored
[1.662s] Level 1:colcon.colcon_core.package_identification:_identify(log) by extensions ['ignore', 'ignore_ament_install']
[1.662s] Level 1:colcon.colcon_core.package_identification:_identify(log) by extension 'ignore'
[1.662s] Level 1:colcon.colcon_core.package_identification:_identify(log) ignored
[1.663s] Level 1:colcon.colcon_core.package_identification:_identify(src) by extensions ['ignore', 'ignore_ament_install']
[1.663s] Level 1:colcon.colcon_core.package_identification:_identify(src) by extension 'ignore'
[1.663s] Level 1:colcon.colcon_core.package_identification:_identify(src) by extension 'ignore_ament_install'
[1.663s] Level 1:colcon.colcon_core.package_identification:_identify(src) by extensions ['colcon_pkg']
[1.663s] Level 1:colcon.colcon_core.package_identification:_identify(src) by extension 'colcon_pkg'
[1.663s] Level 1:colcon.colcon_core.package_identification:_identify(src) by extensions ['colcon_meta']
[1.664s] Level 1:colcon.colcon_core.package_identification:_identify(src) by extension 'colcon_meta'
[1.664s] Level 1:colcon.colcon_core.package_identification:_identify(src) by extensions ['ros']
[1.664s] Level 1:colcon.colcon_core.package_identification:_identify(src) by extension 'ros'
[1.664s] Level 1:colcon.colcon_core.package_identification:_identify(src) by extensions ['cmake', 'python']
[1.664s] Level 1:colcon.colcon_core.package_identification:_identify(src) by extension 'cmake'
[1.665s] Level 1:colcon.colcon_core.package_identification:_identify(src) by extension 'python'
[1.665s] Level 1:colcon.colcon_core.package_identification:_identify(src) by extensions ['python_setup_py']
[1.665s] Level 1:colcon.colcon_core.package_identification:_identify(src) by extension 'python_setup_py'
[1.666s] Level 1:colcon.colcon_core.package_identification:_identify(src/single_robo_bringup) by extensions ['ignore', 'ignore_ament_install']
[1.667s] Level 1:colcon.colcon_core.package_identification:_identify(src/single_robo_bringup) by extension 'ignore'
[1.667s] Level 1:colcon.colcon_core.package_identification:_identify(src/single_robo_bringup) by extension 'ignore_ament_install'
[1.667s] Level 1:colcon.colcon_core.package_identification:_identify(src/single_robo_bringup) by extensions ['colcon_pkg']
[1.667s] Level 1:colcon.colcon_core.package_identification:_identify(src/single_robo_bringup) by extension 'colcon_pkg'
[1.668s] Level 1:colcon.colcon_core.package_identification:_identify(src/single_robo_bringup) by extensions ['colcon_meta']
[1.668s] Level 1:colcon.colcon_core.package_identification:_identify(src/single_robo_bringup) by extension 'colcon_meta'
[1.668s] Level 1:colcon.colcon_core.package_identification:_identify(src/single_robo_bringup) by extensions ['ros']
[1.668s] Level 1:colcon.colcon_core.package_identification:_identify(src/single_robo_bringup) by extension 'ros'
[1.688s] DEBUG:colcon.colcon_core.package_identification:Package 'src/single_robo_bringup' with type 'ros.ament_cmake' and name 'single_robo_bringup'
[1.689s] Level 1:colcon.colcon_core.package_identification:_identify(src/single_robo_discription) by extensions ['ignore', 'ignore_ament_install']
[1.689s] Level 1:colcon.colcon_core.package_identification:_identify(src/single_robo_discription) by extension 'ignore'
[1.689s] Level 1:colcon.colcon_core.package_identification:_identify(src/single_robo_discription) by extension 'ignore_ament_install'
[1.689s] Level 1:colcon.colcon_core.package_identification:_identify(src/single_robo_discription) by extensions ['colcon_pkg']
[1.690s] Level 1:colcon.colcon_core.package_identification:_identify(src/single_robo_discription) by extension 'colcon_pkg'
[1.690s] Level 1:colcon.colcon_core.package_identification:_identify(src/single_robo_discription) by extensions ['colcon_meta']
[1.690s] Level 1:colcon.colcon_core.package_identification:_identify(src/single_robo_discription) by extension 'colcon_meta'
[1.690s] Level 1:colcon.colcon_core.package_identification:_identify(src/single_robo_discription) by extensions ['ros']
[1.690s] Level 1:colcon.colcon_core.package_identification:_identify(src/single_robo_discription) by extension 'ros'
[1.694s] DEBUG:colcon.colcon_core.package_identification:Package 'src/single_robo_discription' with type 'ros.ament_cmake' and name 'single_robo_discription'
[1.694s] Level 1:colcon.colcon_core.package_identification:_identify(src/single_robo_odometry) by extensions ['ignore', 'ignore_ament_install']
[1.695s] Level 1:colcon.colcon_core.package_identification:_identify(src/single_robo_odometry) by extension 'ignore'
[1.695s] Level 1:colcon.colcon_core.package_identification:_identify(src/single_robo_odometry) by extension 'ignore_ament_install'
[1.695s] Level 1:colcon.colcon_core.package_identification:_identify(src/single_robo_odometry) by extensions ['colcon_pkg']
[1.695s] Level 1:colcon.colcon_core.package_identification:_identify(src/single_robo_odometry) by extension 'colcon_pkg'
[1.695s] Level 1:colcon.colcon_core.package_identification:_identify(src/single_robo_odometry) by extensions ['colcon_meta']
[1.695s] Level 1:colcon.colcon_core.package_identification:_identify(src/single_robo_odometry) by extension 'colcon_meta'
[1.696s] Level 1:colcon.colcon_core.package_identification:_identify(src/single_robo_odometry) by extensions ['ros']
[1.696s] Level 1:colcon.colcon_core.package_identification:_identify(src/single_robo_odometry) by extension 'ros'
[1.700s] DEBUG:colcon.colcon_core.package_identification:Package 'src/single_robo_odometry' with type 'ros.ament_python' and name 'single_robo_odometry'
[1.701s] Level 1:colcon.colcon_core.package_identification:_identify(src/single_robo_perception) by extensions ['ignore', 'ignore_ament_install']
[1.701s] Level 1:colcon.colcon_core.package_identification:_identify(src/single_robo_perception) by extension 'ignore'
[1.701s] Level 1:colcon.colcon_core.package_identification:_identify(src/single_robo_perception) by extension 'ignore_ament_install'
[1.702s] Level 1:colcon.colcon_core.package_identification:_identify(src/single_robo_perception) by extensions ['colcon_pkg']
[1.702s] Level 1:colcon.colcon_core.package_identification:_identify(src/single_robo_perception) by extension 'colcon_pkg'
[1.702s] Level 1:colcon.colcon_core.package_identification:_identify(src/single_robo_perception) by extensions ['colcon_meta']
[1.702s] Level 1:colcon.colcon_core.package_identification:_identify(src/single_robo_perception) by extension 'colcon_meta'
[1.702s] Level 1:colcon.colcon_core.package_identification:_identify(src/single_robo_perception) by extensions ['ros']
[1.702s] Level 1:colcon.colcon_core.package_identification:_identify(src/single_robo_perception) by extension 'ros'
[1.710s] DEBUG:colcon.colcon_core.package_identification:Package 'src/single_robo_perception' with type 'ros.ament_python' and name 'single_robo_perception'
[1.710s] Level 1:colcon.colcon_core.package_discovery:discover_packages(recursive) using defaults
[1.711s] Level 1:colcon.colcon_core.package_discovery:discover_packages(ignore) discover
[1.712s] Level 1:colcon.colcon_core.package_discovery:discover_packages(ignore) using defaults
[1.713s] Level 1:colcon.colcon_core.package_discovery:discover_packages(path) discover
[1.713s] Level 1:colcon.colcon_core.package_discovery:discover_packages(path) using defaults
[1.834s] Level 1:colcon.colcon_core.package_discovery:discover_packages(prefix_path) check parameters
[1.834s] Level 1:colcon.colcon_core.package_discovery:discover_packages(prefix_path) discover
[1.853s] DEBUG:colcon.colcon_installed_package_information.package_discovery:Found 4 installed packages in /home/asd/temp_git_repo/sakar_asignment/install
[1.855s] DEBUG:colcon.colcon_installed_package_information.package_discovery:Found 3 installed packages in /home/asd/temp_git_repo/first-mega-project/install
[1.858s] DEBUG:colcon.colcon_installed_package_information.package_discovery:Found 4 installed packages in /home/asd/temp_git_repo/Eric_ws/assignment_ws/install
[1.859s] DEBUG:colcon.colcon_installed_package_information.package_discovery:Found 2 installed packages in /home/asd/ros2_ws2/install
[1.860s] DEBUG:colcon.colcon_installed_package_information.package_discovery:Found 6 installed packages in /home/asd/ros2_ws/install
[1.864s] DEBUG:colcon.colcon_installed_package_information.package_discovery:Found 9 installed packages in /home/asd/ros2_ws_goat2/install
[1.867s] DEBUG:colcon.colcon_installed_package_information.package_discovery:Found 3 installed packages in /home/asd/microros_ws/install
[1.872s] DEBUG:colcon.colcon_installed_package_information.package_discovery:Found 3 installed packages in /home/asd/ros2_ws4/install
[1.877s] DEBUG:colcon.colcon_installed_package_information.package_discovery:Found 16 installed packages in /home/asd/ros2_ws_hardware_int/install
[1.879s] DEBUG:colcon.colcon_installed_package_information.package_discovery:Found 8 installed packages in /home/asd/ros2_ws9/install
[1.881s] DEBUG:colcon.colcon_installed_package_information.package_discovery:Found 3 installed packages in /home/asd/ros2_ws7/install
[1.882s] DEBUG:colcon.colcon_installed_package_information.package_discovery:Found 1 installed packages in /home/asd/ros2_ws_hardware_int2/install
[1.884s] DEBUG:colcon.colcon_installed_package_information.package_discovery:Found 4 installed packages in /home/asd/ros2_ws_glim/install
[1.886s] DEBUG:colcon.colcon_installed_package_information.package_discovery:Found 1 installed packages in /home/asd/ros2_ws_to_build/install
[1.894s] DEBUG:colcon.colcon_installed_package_information.package_discovery:Found 512 installed packages in /opt/ros/humble
[1.908s] Level 1:colcon.colcon_core.package_discovery:discover_packages(prefix_path) using defaults
[2.248s] Level 5:colcon.colcon_core.verb:set package 'single_robo_bringup' build argument 'cmake_args' from command line to 'None'
[2.248s] Level 5:colcon.colcon_core.verb:set package 'single_robo_bringup' build argument 'cmake_target' from command line to 'None'
[2.249s] Level 5:colcon.colcon_core.verb:set package 'single_robo_bringup' build argument 'cmake_target_skip_unavailable' from command line to 'False'
[2.249s] Level 5:colcon.colcon_core.verb:set package 'single_robo_bringup' build argument 'cmake_clean_cache' from command line to 'False'
[2.249s] Level 5:colcon.colcon_core.verb:set package 'single_robo_bringup' build argument 'cmake_clean_first' from command line to 'False'
[2.249s] Level 5:colcon.colcon_core.verb:set package 'single_robo_bringup' build argument 'cmake_force_configure' from command line to 'False'
[2.249s] Level 5:colcon.colcon_core.verb:set package 'single_robo_bringup' build argument 'ament_cmake_args' from command line to 'None'
[2.250s] Level 5:colcon.colcon_core.verb:set package 'single_robo_bringup' build argument 'catkin_cmake_args' from command line to 'None'
[2.250s] Level 5:colcon.colcon_core.verb:set package 'single_robo_bringup' build argument 'catkin_skip_building_tests' from command line to 'False'
[2.250s] DEBUG:colcon.colcon_core.verb:Building package 'single_robo_bringup' with the following arguments: {'ament_cmake_args': None, 'build_base': '/home/asd/temp_git_repo/sakar_asignment/build/single_robo_bringup', 'catkin_cmake_args': None, 'catkin_skip_building_tests': False, 'cmake_args': None, 'cmake_clean_cache': False, 'cmake_clean_first': False, 'cmake_force_configure': False, 'cmake_target': None, 'cmake_target_skip_unavailable': False, 'install_base': '/home/asd/temp_git_repo/sakar_asignment/install/single_robo_bringup', 'merge_install': False, 'path': '/home/asd/temp_git_repo/sakar_asignment/src/single_robo_bringup', 'symlink_install': False, 'test_result_base': None}
[2.251s] Level 5:colcon.colcon_core.verb:set package 'single_robo_discription' build argument 'cmake_args' from command line to 'None'
[2.252s] Level 5:colcon.colcon_core.verb:set package 'single_robo_discription' build argument 'cmake_target' from command line to 'None'
[2.252s] Level 5:colcon.colcon_core.verb:set package 'single_robo_discription' build argument 'cmake_target_skip_unavailable' from command line to 'False'
[2.253s] Level 5:colcon.colcon_core.verb:set package 'single_robo_discription' build argument 'cmake_clean_cache' from command line to 'False'
[2.253s] Level 5:colcon.colcon_core.verb:set package 'single_robo_discription' build argument 'cmake_clean_first' from command line to 'False'
[2.253s] Level 5:colcon.colcon_core.verb:set package 'single_robo_discription' build argument 'cmake_force_configure' from command line to 'False'
[2.254s] Level 5:colcon.colcon_core.verb:set package 'single_robo_discription' build argument 'ament_cmake_args' from command line to 'None'
[2.254s] Level 5:colcon.colcon_core.verb:set package 'single_robo_discription' build argument 'catkin_cmake_args' from command line to 'None'
[2.254s] Level 5:colcon.colcon_core.verb:set package 'single_robo_discription' build argument 'catkin_skip_building_tests' from command line to 'False'
[2.254s] DEBUG:colcon.colcon_core.verb:Building package 'single_robo_discription' with the following arguments: {'ament_cmake_args': None, 'build_base': '/home/asd/temp_git_repo/sakar_asignment/build/single_robo_discription', 'catkin_cmake_args': None, 'catkin_skip_building_tests': False, 'cmake_args': None, 'cmake_clean_cache': False, 'cmake_clean_first': False, 'cmake_force_configure': False, 'cmake_target': None, 'cmake_target_skip_unavailable': False, 'install_base': '/home/asd/temp_git_repo/sakar_asignment/install/single_robo_discription', 'merge_install': False, 'path': '/home/asd/temp_git_repo/sakar_asignment/src/single_robo_discription', 'symlink_install': False, 'test_result_base': None}
[2.256s] Level 5:colcon.colcon_core.verb:set package 'single_robo_odometry' build argument 'cmake_args' from command line to 'None'
[2.256s] Level 5:colcon.colcon_core.verb:set package 'single_robo_odometry' build argument 'cmake_target' from command line to 'None'
[2.256s] Level 5:colcon.colcon_core.verb:set package 'single_robo_odometry' build argument 'cmake_target_skip_unavailable' from command line to 'False'
[2.257s] Level 5:colcon.colcon_core.verb:set package 'single_robo_odometry' build argument 'cmake_clean_cache' from command line to 'False'
[2.257s] Level 5:colcon.colcon_core.verb:set package 'single_robo_odometry' build argument 'cmake_clean_first' from command line to 'False'
[2.257s] Level 5:colcon.colcon_core.verb:set package 'single_robo_odometry' build argument 'cmake_force_configure' from command line to 'False'
[2.257s] Level 5:colcon.colcon_core.verb:set package 'single_robo_odometry' build argument 'ament_cmake_args' from command line to 'None'
[2.257s] Level 5:colcon.colcon_core.verb:set package 'single_robo_odometry' build argument 'catkin_cmake_args' from command line to 'None'
[2.257s] Level 5:colcon.colcon_core.verb:set package 'single_robo_odometry' build argument 'catkin_skip_building_tests' from command line to 'False'
[2.257s] DEBUG:colcon.colcon_core.verb:Building package 'single_robo_odometry' with the following arguments: {'ament_cmake_args': None, 'build_base': '/home/asd/temp_git_repo/sakar_asignment/build/single_robo_odometry', 'catkin_cmake_args': None, 'catkin_skip_building_tests': False, 'cmake_args': None, 'cmake_clean_cache': False, 'cmake_clean_first': False, 'cmake_force_configure': False, 'cmake_target': None, 'cmake_target_skip_unavailable': False, 'install_base': '/home/asd/temp_git_repo/sakar_asignment/install/single_robo_odometry', 'merge_install': False, 'path': '/home/asd/temp_git_repo/sakar_asignment/src/single_robo_odometry', 'symlink_install': False, 'test_result_base': None}
[2.258s] Level 5:colcon.colcon_core.verb:set package 'single_robo_perception' build argument 'cmake_args' from command line to 'None'
[2.258s] Level 5:colcon.colcon_core.verb:set package 'single_robo_perception' build argument 'cmake_target' from command line to 'None'
[2.258s] Level 5:colcon.colcon_core.verb:set package 'single_robo_perception' build argument 'cmake_target_skip_unavailable' from command line to 'False'
[2.258s] Level 5:colcon.colcon_core.verb:set package 'single_robo_perception' build argument 'cmake_clean_cache' from command line to 'False'
[2.259s] Level 5:colcon.colcon_core.verb:set package 'single_robo_perception' build argument 'cmake_clean_first' from command line to 'False'
[2.259s] Level 5:colcon.colcon_core.verb:set package 'single_robo_perception' build argument 'cmake_force_configure' from command line to 'False'
[2.259s] Level 5:colcon.colcon_core.verb:set package 'single_robo_perception' build argument 'ament_cmake_args' from command line to 'None'
[2.259s] Level 5:colcon.colcon_core.verb:set package 'single_robo_perception' build argument 'catkin_cmake_args' from command line to 'None'
[2.259s] Level 5:colcon.colcon_core.verb:set package 'single_robo_perception' build argument 'catkin_skip_building_tests' from command line to 'False'
[2.259s] DEBUG:colcon.colcon_core.verb:Building package 'single_robo_perception' with the following arguments: {'ament_cmake_args': None, 'build_base': '/home/asd/temp_git_repo/sakar_asignment/build/single_robo_perception', 'catkin_cmake_args': None, 'catkin_skip_building_tests': False, 'cmake_args': None, 'cmake_clean_cache': False, 'cmake_clean_first': False, 'cmake_force_configure': False, 'cmake_target': None, 'cmake_target_skip_unavailable': False, 'install_base': '/home/asd/temp_git_repo/sakar_asignment/install/single_robo_perception', 'merge_install': False, 'path': '/home/asd/temp_git_repo/sakar_asignment/src/single_robo_perception', 'symlink_install': False, 'test_result_base': None}
[2.259s] INFO:colcon.colcon_core.executor:Executing jobs using 'parallel' executor
[2.263s] DEBUG:colcon.colcon_parallel_executor.executor.parallel:run_until_complete
[2.266s] INFO:colcon.colcon_ros.task.ament_cmake.build:Building ROS package in '/home/asd/temp_git_repo/sakar_asignment/src/single_robo_bringup' with build type 'ament_cmake'
[2.268s] INFO:colcon.colcon_cmake.task.cmake.build:Building CMake package in '/home/asd/temp_git_repo/sakar_asignment/src/single_robo_bringup'
[2.279s] INFO:colcon.colcon_core.plugin_system:Skipping extension 'colcon_core.shell.bat': Not used on non-Windows systems
[2.280s] INFO:colcon.colcon_core.shell:Skip shell extension 'powershell' for command environment: Not usable outside of PowerShell
[2.280s] DEBUG:colcon.colcon_core.shell:Skip shell extension 'dsv' for command environment
[2.339s] INFO:colcon.colcon_ros.task.ament_cmake.build:Building ROS package in '/home/asd/temp_git_repo/sakar_asignment/src/single_robo_discription' with build type 'ament_cmake'
[2.341s] INFO:colcon.colcon_cmake.task.cmake.build:Building CMake package in '/home/asd/temp_git_repo/sakar_asignment/src/single_robo_discription'
[2.342s] INFO:colcon.colcon_core.shell:Skip shell extension 'powershell' for command environment: Not usable outside of PowerShell
[2.343s] DEBUG:colcon.colcon_core.shell:Skip shell extension 'dsv' for command environment
[2.416s] INFO:colcon.colcon_ros.task.ament_python.build:Building ROS package in '/home/asd/temp_git_repo/sakar_asignment/src/single_robo_odometry' with build type 'ament_python'
[2.418s] Level 1:colcon.colcon_core.shell:create_environment_hook('single_robo_odometry', 'ament_prefix_path')
[2.423s] INFO:colcon.colcon_core.shell:Creating environment hook '/home/asd/temp_git_repo/sakar_asignment/install/single_robo_odometry/share/single_robo_odometry/hook/ament_prefix_path.ps1'
[2.428s] INFO:colcon.colcon_core.shell:Creating environment descriptor '/home/asd/temp_git_repo/sakar_asignment/install/single_robo_odometry/share/single_robo_odometry/hook/ament_prefix_path.dsv'
[2.429s] INFO:colcon.colcon_core.shell:Creating environment hook '/home/asd/temp_git_repo/sakar_asignment/install/single_robo_odometry/share/single_robo_odometry/hook/ament_prefix_path.sh'
[2.433s] INFO:colcon.colcon_core.shell:Skip shell extension 'powershell' for command environment: Not usable outside of PowerShell
[2.433s] DEBUG:colcon.colcon_core.shell:Skip shell extension 'dsv' for command environment
[2.500s] INFO:colcon.colcon_ros.task.ament_python.build:Building ROS package in '/home/asd/temp_git_repo/sakar_asignment/src/single_robo_perception' with build type 'ament_python'
[2.501s] Level 1:colcon.colcon_core.shell:create_environment_hook('single_robo_perception', 'ament_prefix_path')
[2.502s] INFO:colcon.colcon_core.shell:Creating environment hook '/home/asd/temp_git_repo/sakar_asignment/install/single_robo_perception/share/single_robo_perception/hook/ament_prefix_path.ps1'
[2.504s] INFO:colcon.colcon_core.shell:Creating environment descriptor '/home/asd/temp_git_repo/sakar_asignment/install/single_robo_perception/share/single_robo_perception/hook/ament_prefix_path.dsv'
[2.505s] INFO:colcon.colcon_core.shell:Creating environment hook '/home/asd/temp_git_repo/sakar_asignment/install/single_robo_perception/share/single_robo_perception/hook/ament_prefix_path.sh'
[2.507s] INFO:colcon.colcon_core.shell:Skip shell extension 'powershell' for command environment: Not usable outside of PowerShell
[2.508s] DEBUG:colcon.colcon_core.shell:Skip shell extension 'dsv' for command environment
[2.612s] DEBUG:colcon.colcon_core.event_handler.log_command:Invoking command in '/home/asd/temp_git_repo/sakar_asignment/build/single_robo_bringup': CMAKE_PREFIX_PATH=${CMAKE_PREFIX_PATH}:/home/asd/temp_git_repo/sakar_asignment/install/single_robo_odometry:/home/asd/temp_git_repo/first-mega-project/install/single_robo_odometry:/home/asd/ros2_ws_goat2/install/multi_robo_simulator:/home/asd/ros2_ws_goat2/install/swarm_interfaces:/home/asd/ros2_ws_goat2/install/my_robot_description2:/home/asd/ros2_ws_goat2/install/my_robot_bringup2:/home/asd/ros2_ws_goat2/install/goat_robo_discription:/home/asd/ros2_ws_goat2/install/micro_ros_server:/home/asd/ros2_ws_goat2/install/micro_ros_custom_interfaces:/home/asd/ros2_ws_goat2/install/Qr_action:/home/asd/ros2_ws4/install/esp_wifi:/home/asd/ros2_ws4/install/maping_odom:/home/asd/ros2_ws9/install/turtlebot3_simulations:/home/asd/ros2_ws9/install/turtlebot3_gazebo_goat:/home/asd/ros2_ws9/install/turtlebot3_fake_node:/home/asd/ros2_ws9/install/testbed_gazebo_goat:/home/asd/ros2_ws9/install/testbed_description_goat:/home/asd/ros2_ws9/install/my_goat_pkg:/home/asd/ros2_ws9/install/goat_interfaces:/home/asd/ros2_ws9/install/goat_gazebo:/home/asd/ros2_ws7/install/my_py_pkg_anscer:/home/asd/ros2_ws/install/turtlesim_catch_them_all:/home/asd/ros2_ws/install/my_py_pkg:/opt/ros/humble /usr/bin/cmake --build /home/asd/temp_git_repo/sakar_asignment/build/single_robo_bringup -- -j8 -l8
[2.633s] DEBUG:colcon.colcon_core.event_handler.log_command:Invoking command in '/home/asd/temp_git_repo/sakar_asignment/build/single_robo_discription': CMAKE_PREFIX_PATH=${CMAKE_PREFIX_PATH}:/home/asd/temp_git_repo/sakar_asignment/install/single_robo_odometry:/home/asd/temp_git_repo/first-mega-project/install/single_robo_odometry:/home/asd/ros2_ws_goat2/install/multi_robo_simulator:/home/asd/ros2_ws_goat2/install/swarm_interfaces:/home/asd/ros2_ws_goat2/install/my_robot_description2:/home/asd/ros2_ws_goat2/install/my_robot_bringup2:/home/asd/ros2_ws_goat2/install/goat_robo_discription:/home/asd/ros2_ws_goat2/install/micro_ros_server:/home/asd/ros2_ws_goat2/install/micro_ros_custom_interfaces:/home/asd/ros2_ws_goat2/install/Qr_action:/home/asd/ros2_ws4/install/esp_wifi:/home/asd/ros2_ws4/install/maping_odom:/home/asd/ros2_ws9/install/turtlebot3_simulations:/home/asd/ros2_ws9/install/turtlebot3_gazebo_goat:/home/asd/ros2_ws9/install/turtlebot3_fake_node:/home/asd/ros2_ws9/install/testbed_gazebo_goat:/home/asd/ros2_ws9/install/testbed_description_goat:/home/asd/ros2_ws9/install/my_goat_pkg:/home/asd/ros2_ws9/install/goat_interfaces:/home/asd/ros2_ws9/install/goat_gazebo:/home/asd/ros2_ws7/install/my_py_pkg_anscer:/home/asd/ros2_ws/install/turtlesim_catch_them_all:/home/asd/ros2_ws/install/my_py_pkg:/opt/ros/humble /usr/bin/cmake --build /home/asd/temp_git_repo/sakar_asignment/build/single_robo_discription -- -j8 -l8
[4.034s] INFO:colcon.colcon_core.task.python.build:Building Python package in '/home/asd/temp_git_repo/sakar_asignment/src/single_robo_odometry'
[4.035s] INFO:colcon.colcon_core.shell:Skip shell extension 'powershell' for command environment: Not usable outside of PowerShell
[4.035s] DEBUG:colcon.colcon_core.shell:Skip shell extension 'dsv' for command environment
[4.098s] DEBUG:colcon.colcon_core.event_handler.log_command:Invoked command in '/home/asd/temp_git_repo/sakar_asignment/build/single_robo_discription' returned '0': CMAKE_PREFIX_PATH=${CMAKE_PREFIX_PATH}:/home/asd/temp_git_repo/sakar_asignment/install/single_robo_odometry:/home/asd/temp_git_repo/first-mega-project/install/single_robo_odometry:/home/asd/ros2_ws_goat2/install/multi_robo_simulator:/home/asd/ros2_ws_goat2/install/swarm_interfaces:/home/asd/ros2_ws_goat2/install/my_robot_description2:/home/asd/ros2_ws_goat2/install/my_robot_bringup2:/home/asd/ros2_ws_goat2/install/goat_robo_discription:/home/asd/ros2_ws_goat2/install/micro_ros_server:/home/asd/ros2_ws_goat2/install/micro_ros_custom_interfaces:/home/asd/ros2_ws_goat2/install/Qr_action:/home/asd/ros2_ws4/install/esp_wifi:/home/asd/ros2_ws4/install/maping_odom:/home/asd/ros2_ws9/install/turtlebot3_simulations:/home/asd/ros2_ws9/install/turtlebot3_gazebo_goat:/home/asd/ros2_ws9/install/turtlebot3_fake_node:/home/asd/ros2_ws9/install/testbed_gazebo_goat:/home/asd/ros2_ws9/install/testbed_description_goat:/home/asd/ros2_ws9/install/my_goat_pkg:/home/asd/ros2_ws9/install/goat_interfaces:/home/asd/ros2_ws9/install/goat_gazebo:/home/asd/ros2_ws7/install/my_py_pkg_anscer:/home/asd/ros2_ws/install/turtlesim_catch_them_all:/home/asd/ros2_ws/install/my_py_pkg:/opt/ros/humble /usr/bin/cmake --build /home/asd/temp_git_repo/sakar_asignment/build/single_robo_discription -- -j8 -l8
[4.154s] DEBUG:colcon.colcon_core.event_handler.log_command:Invoking command in '/home/asd/temp_git_repo/sakar_asignment/build/single_robo_discription': CMAKE_PREFIX_PATH=${CMAKE_PREFIX_PATH}:/home/asd/temp_git_repo/sakar_asignment/install/single_robo_odometry:/home/asd/temp_git_repo/first-mega-project/install/single_robo_odometry:/home/asd/ros2_ws_goat2/install/multi_robo_simulator:/home/asd/ros2_ws_goat2/install/swarm_interfaces:/home/asd/ros2_ws_goat2/install/my_robot_description2:/home/asd/ros2_ws_goat2/install/my_robot_bringup2:/home/asd/ros2_ws_goat2/install/goat_robo_discription:/home/asd/ros2_ws_goat2/install/micro_ros_server:/home/asd/ros2_ws_goat2/install/micro_ros_custom_interfaces:/home/asd/ros2_ws_goat2/install/Qr_action:/home/asd/ros2_ws4/install/esp_wifi:/home/asd/ros2_ws4/install/maping_odom:/home/asd/ros2_ws9/install/turtlebot3_simulations:/home/asd/ros2_ws9/install/turtlebot3_gazebo_goat:/home/asd/ros2_ws9/install/turtlebot3_fake_node:/home/asd/ros2_ws9/install/testbed_gazebo_goat:/home/asd/ros2_ws9/install/testbed_description_goat:/home/asd/ros2_ws9/install/my_goat_pkg:/home/asd/ros2_ws9/install/goat_interfaces:/home/asd/ros2_ws9/install/goat_gazebo:/home/asd/ros2_ws7/install/my_py_pkg_anscer:/home/asd/ros2_ws/install/turtlesim_catch_them_all:/home/asd/ros2_ws/install/my_py_pkg:/opt/ros/humble /usr/bin/cmake --install /home/asd/temp_git_repo/sakar_asignment/build/single_robo_discription
[4.155s] DEBUG:colcon.colcon_core.event_handler.log_command:Invoked command in '/home/asd/temp_git_repo/sakar_asignment/build/single_robo_bringup' returned '0': CMAKE_PREFIX_PATH=${CMAKE_PREFIX_PATH}:/home/asd/temp_git_repo/sakar_asignment/install/single_robo_odometry:/home/asd/temp_git_repo/first-mega-project/install/single_robo_odometry:/home/asd/ros2_ws_goat2/install/multi_robo_simulator:/home/asd/ros2_ws_goat2/install/swarm_interfaces:/home/asd/ros2_ws_goat2/install/my_robot_description2:/home/asd/ros2_ws_goat2/install/my_robot_bringup2:/home/asd/ros2_ws_goat2/install/goat_robo_discription:/home/asd/ros2_ws_goat2/install/micro_ros_server:/home/asd/ros2_ws_goat2/install/micro_ros_custom_interfaces:/home/asd/ros2_ws_goat2/install/Qr_action:/home/asd/ros2_ws4/install/esp_wifi:/home/asd/ros2_ws4/install/maping_odom:/home/asd/ros2_ws9/install/turtlebot3_simulations:/home/asd/ros2_ws9/install/turtlebot3_gazebo_goat:/home/asd/ros2_ws9/install/turtlebot3_fake_node:/home/asd/ros2_ws9/install/testbed_gazebo_goat:/home/asd/ros2_ws9/install/testbed_description_goat:/home/asd/ros2_ws9/install/my_goat_pkg:/home/asd/ros2_ws9/install/goat_interfaces:/home/asd/ros2_ws9/install/goat_gazebo:/home/asd/ros2_ws7/install/my_py_pkg_anscer:/home/asd/ros2_ws/install/turtlesim_catch_them_all:/home/asd/ros2_ws/install/my_py_pkg:/opt/ros/humble /usr/bin/cmake --build /home/asd/temp_git_repo/sakar_asignment/build/single_robo_bringup -- -j8 -l8
[4.167s] DEBUG:colcon.colcon_core.event_handler.log_command:Invoking command in '/home/asd/temp_git_repo/sakar_asignment/build/single_robo_bringup': CMAKE_PREFIX_PATH=${CMAKE_PREFIX_PATH}:/home/asd/temp_git_repo/sakar_asignment/install/single_robo_odometry:/home/asd/temp_git_repo/first-mega-project/install/single_robo_odometry:/home/asd/ros2_ws_goat2/install/multi_robo_simulator:/home/asd/ros2_ws_goat2/install/swarm_interfaces:/home/asd/ros2_ws_goat2/install/my_robot_description2:/home/asd/ros2_ws_goat2/install/my_robot_bringup2:/home/asd/ros2_ws_goat2/install/goat_robo_discription:/home/asd/ros2_ws_goat2/install/micro_ros_server:/home/asd/ros2_ws_goat2/install/micro_ros_custom_interfaces:/home/asd/ros2_ws_goat2/install/Qr_action:/home/asd/ros2_ws4/install/esp_wifi:/home/asd/ros2_ws4/install/maping_odom:/home/asd/ros2_ws9/install/turtlebot3_simulations:/home/asd/ros2_ws9/install/turtlebot3_gazebo_goat:/home/asd/ros2_ws9/install/turtlebot3_fake_node:/home/asd/ros2_ws9/install/testbed_gazebo_goat:/home/asd/ros2_ws9/install/testbed_description_goat:/home/asd/ros2_ws9/install/my_goat_pkg:/home/asd/ros2_ws9/install/goat_interfaces:/home/asd/ros2_ws9/install/goat_gazebo:/home/asd/ros2_ws7/install/my_py_pkg_anscer:/home/asd/ros2_ws/install/turtlesim_catch_them_all:/home/asd/ros2_ws/install/my_py_pkg:/opt/ros/humble /usr/bin/cmake --install /home/asd/temp_git_repo/sakar_asignment/build/single_robo_bringup
[5.286s] INFO:colcon.colcon_core.task.python.build:Building Python package in '/home/asd/temp_git_repo/sakar_asignment/src/single_robo_perception'
[5.287s] INFO:colcon.colcon_core.shell:Skip shell extension 'powershell' for command environment: Not usable outside of PowerShell
[5.287s] DEBUG:colcon.colcon_core.shell:Skip shell extension 'dsv' for command environment
[5.366s] Level 1:colcon.colcon_core.environment:create_environment_scripts_only(single_robo_bringup)
[5.374s] Level 1:colcon.colcon_core.environment:checking '/home/asd/temp_git_repo/sakar_asignment/install/single_robo_bringup' for CMake module files
[5.376s] Level 1:colcon.colcon_core.environment:checking '/home/asd/temp_git_repo/sakar_asignment/install/single_robo_bringup' for CMake config files
[5.389s] Level 1:colcon.colcon_core.shell:create_environment_hook('single_robo_bringup', 'cmake_prefix_path')
[5.391s] INFO:colcon.colcon_core.shell:Creating environment hook '/home/asd/temp_git_repo/sakar_asignment/install/single_robo_bringup/share/single_robo_bringup/hook/cmake_prefix_path.ps1'
[5.396s] INFO:colcon.colcon_core.shell:Creating environment descriptor '/home/asd/temp_git_repo/sakar_asignment/install/single_robo_bringup/share/single_robo_bringup/hook/cmake_prefix_path.dsv'
[5.398s] INFO:colcon.colcon_core.shell:Creating environment hook '/home/asd/temp_git_repo/sakar_asignment/install/single_robo_bringup/share/single_robo_bringup/hook/cmake_prefix_path.sh'
[5.404s] Level 1:colcon.colcon_core.environment:checking '/home/asd/temp_git_repo/sakar_asignment/install/single_robo_bringup/bin'
[5.405s] Level 1:colcon.colcon_core.environment:checking '/home/asd/temp_git_repo/sakar_asignment/install/single_robo_bringup/lib/pkgconfig/single_robo_bringup.pc'
[5.406s] Level 1:colcon.colcon_core.environment:checking '/home/asd/temp_git_repo/sakar_asignment/install/single_robo_bringup/lib/python3.10/site-packages'
[5.408s] Level 1:colcon.colcon_core.environment:checking '/home/asd/temp_git_repo/sakar_asignment/install/single_robo_bringup/bin'
[5.418s] INFO:colcon.colcon_core.shell:Creating package script '/home/asd/temp_git_repo/sakar_asignment/install/single_robo_bringup/share/single_robo_bringup/package.ps1'
[5.422s] DEBUG:colcon.colcon_core.event_handler.log_command:Invoked command in '/home/asd/temp_git_repo/sakar_asignment/build/single_robo_bringup' returned '0': CMAKE_PREFIX_PATH=${CMAKE_PREFIX_PATH}:/home/asd/temp_git_repo/sakar_asignment/install/single_robo_odometry:/home/asd/temp_git_repo/first-mega-project/install/single_robo_odometry:/home/asd/ros2_ws_goat2/install/multi_robo_simulator:/home/asd/ros2_ws_goat2/install/swarm_interfaces:/home/asd/ros2_ws_goat2/install/my_robot_description2:/home/asd/ros2_ws_goat2/install/my_robot_bringup2:/home/asd/ros2_ws_goat2/install/goat_robo_discription:/home/asd/ros2_ws_goat2/install/micro_ros_server:/home/asd/ros2_ws_goat2/install/micro_ros_custom_interfaces:/home/asd/ros2_ws_goat2/install/Qr_action:/home/asd/ros2_ws4/install/esp_wifi:/home/asd/ros2_ws4/install/maping_odom:/home/asd/ros2_ws9/install/turtlebot3_simulations:/home/asd/ros2_ws9/install/turtlebot3_gazebo_goat:/home/asd/ros2_ws9/install/turtlebot3_fake_node:/home/asd/ros2_ws9/install/testbed_gazebo_goat:/home/asd/ros2_ws9/install/testbed_description_goat:/home/asd/ros2_ws9/install/my_goat_pkg:/home/asd/ros2_ws9/install/goat_interfaces:/home/asd/ros2_ws9/install/goat_gazebo:/home/asd/ros2_ws7/install/my_py_pkg_anscer:/home/asd/ros2_ws/install/turtlesim_catch_them_all:/home/asd/ros2_ws/install/my_py_pkg:/opt/ros/humble /usr/bin/cmake --install /home/asd/temp_git_repo/sakar_asignment/build/single_robo_bringup
[5.423s] INFO:colcon.colcon_core.shell:Creating package descriptor '/home/asd/temp_git_repo/sakar_asignment/install/single_robo_bringup/share/single_robo_bringup/package.dsv'
[5.429s] INFO:colcon.colcon_core.shell:Creating package script '/home/asd/temp_git_repo/sakar_asignment/install/single_robo_bringup/share/single_robo_bringup/package.sh'
[5.431s] INFO:colcon.colcon_core.shell:Creating package script '/home/asd/temp_git_repo/sakar_asignment/install/single_robo_bringup/share/single_robo_bringup/package.bash'
[5.433s] INFO:colcon.colcon_core.shell:Creating package script '/home/asd/temp_git_repo/sakar_asignment/install/single_robo_bringup/share/single_robo_bringup/package.zsh'
[5.435s] Level 1:colcon.colcon_core.environment:create_file_with_runtime_dependencies(/home/asd/temp_git_repo/sakar_asignment/install/single_robo_bringup/share/colcon-core/packages/single_robo_bringup)
[5.437s] Level 1:colcon.colcon_core.environment:create_environment_scripts_only(single_robo_bringup)
[5.437s] Level 1:colcon.colcon_core.environment:checking '/home/asd/temp_git_repo/sakar_asignment/install/single_robo_bringup' for CMake module files
[5.438s] Level 1:colcon.colcon_core.environment:checking '/home/asd/temp_git_repo/sakar_asignment/install/single_robo_bringup' for CMake config files
[5.439s] Level 1:colcon.colcon_core.shell:create_environment_hook('single_robo_bringup', 'cmake_prefix_path')
[5.440s] INFO:colcon.colcon_core.shell:Creating environment hook '/home/asd/temp_git_repo/sakar_asignment/install/single_robo_bringup/share/single_robo_bringup/hook/cmake_prefix_path.ps1'
[5.443s] INFO:colcon.colcon_core.shell:Creating environment descriptor '/home/asd/temp_git_repo/sakar_asignment/install/single_robo_bringup/share/single_robo_bringup/hook/cmake_prefix_path.dsv'
[5.446s] INFO:colcon.colcon_core.shell:Creating environment hook '/home/asd/temp_git_repo/sakar_asignment/install/single_robo_bringup/share/single_robo_bringup/hook/cmake_prefix_path.sh'
[5.451s] Level 1:colcon.colcon_core.environment:checking '/home/asd/temp_git_repo/sakar_asignment/install/single_robo_bringup/bin'
[5.451s] Level 1:colcon.colcon_core.environment:checking '/home/asd/temp_git_repo/sakar_asignment/install/single_robo_bringup/lib/pkgconfig/single_robo_bringup.pc'
[5.452s] Level 1:colcon.colcon_core.environment:checking '/home/asd/temp_git_repo/sakar_asignment/install/single_robo_bringup/lib/python3.10/site-packages'
[5.453s] Level 1:colcon.colcon_core.environment:checking '/home/asd/temp_git_repo/sakar_asignment/install/single_robo_bringup/bin'
[5.454s] INFO:colcon.colcon_core.shell:Creating package script '/home/asd/temp_git_repo/sakar_asignment/install/single_robo_bringup/share/single_robo_bringup/package.ps1'
[5.456s] INFO:colcon.colcon_core.shell:Creating package descriptor '/home/asd/temp_git_repo/sakar_asignment/install/single_robo_bringup/share/single_robo_bringup/package.dsv'
[5.457s] INFO:colcon.colcon_core.shell:Creating package script '/home/asd/temp_git_repo/sakar_asignment/install/single_robo_bringup/share/single_robo_bringup/package.sh'
[5.459s] INFO:colcon.colcon_core.shell:Creating package script '/home/asd/temp_git_repo/sakar_asignment/install/single_robo_bringup/share/single_robo_bringup/package.bash'
[5.462s] INFO:colcon.colcon_core.shell:Creating package script '/home/asd/temp_git_repo/sakar_asignment/install/single_robo_bringup/share/single_robo_bringup/package.zsh'
[5.464s] Level 1:colcon.colcon_core.environment:create_file_with_runtime_dependencies(/home/asd/temp_git_repo/sakar_asignment/install/single_robo_bringup/share/colcon-core/packages/single_robo_bringup)
[5.467s] Level 1:colcon.colcon_core.environment:create_environment_scripts_only(single_robo_discription)
[5.469s] Level 1:colcon.colcon_core.environment:checking '/home/asd/temp_git_repo/sakar_asignment/install/single_robo_discription' for CMake module files
[5.471s] Level 1:colcon.colcon_core.environment:checking '/home/asd/temp_git_repo/sakar_asignment/install/single_robo_discription' for CMake config files
[5.476s] Level 1:colcon.colcon_core.shell:create_environment_hook('single_robo_discription', 'cmake_prefix_path')
[5.477s] INFO:colcon.colcon_core.shell:Creating environment hook '/home/asd/temp_git_repo/sakar_asignment/install/single_robo_discription/share/single_robo_discription/hook/cmake_prefix_path.ps1'
[5.475s] DEBUG:colcon.colcon_core.event_handler.log_command:Invoked command in '/home/asd/temp_git_repo/sakar_asignment/build/single_robo_discription' returned '0': CMAKE_PREFIX_PATH=${CMAKE_PREFIX_PATH}:/home/asd/temp_git_repo/sakar_asignment/install/single_robo_odometry:/home/asd/temp_git_repo/first-mega-project/install/single_robo_odometry:/home/asd/ros2_ws_goat2/install/multi_robo_simulator:/home/asd/ros2_ws_goat2/install/swarm_interfaces:/home/asd/ros2_ws_goat2/install/my_robot_description2:/home/asd/ros2_ws_goat2/install/my_robot_bringup2:/home/asd/ros2_ws_goat2/install/goat_robo_discription:/home/asd/ros2_ws_goat2/install/micro_ros_server:/home/asd/ros2_ws_goat2/install/micro_ros_custom_interfaces:/home/asd/ros2_ws_goat2/install/Qr_action:/home/asd/ros2_ws4/install/esp_wifi:/home/asd/ros2_ws4/install/maping_odom:/home/asd/ros2_ws9/install/turtlebot3_simulations:/home/asd/ros2_ws9/install/turtlebot3_gazebo_goat:/home/asd/ros2_ws9/install/turtlebot3_fake_node:/home/asd/ros2_ws9/install/testbed_gazebo_goat:/home/asd/ros2_ws9/install/testbed_description_goat:/home/asd/ros2_ws9/install/my_goat_pkg:/home/asd/ros2_ws9/install/goat_interfaces:/home/asd/ros2_ws9/install/goat_gazebo:/home/asd/ros2_ws7/install/my_py_pkg_anscer:/home/asd/ros2_ws/install/turtlesim_catch_them_all:/home/asd/ros2_ws/install/my_py_pkg:/opt/ros/humble /usr/bin/cmake --install /home/asd/temp_git_repo/sakar_asignment/build/single_robo_discription
[5.479s] INFO:colcon.colcon_core.shell:Creating environment descriptor '/home/asd/temp_git_repo/sakar_asignment/install/single_robo_discription/share/single_robo_discription/hook/cmake_prefix_path.dsv'
[5.480s] INFO:colcon.colcon_core.shell:Creating environment hook '/home/asd/temp_git_repo/sakar_asignment/install/single_robo_discription/share/single_robo_discription/hook/cmake_prefix_path.sh'
[5.482s] Level 1:colcon.colcon_core.environment:checking '/home/asd/temp_git_repo/sakar_asignment/install/single_robo_discription/bin'
[5.482s] Level 1:colcon.colcon_core.environment:checking '/home/asd/temp_git_repo/sakar_asignment/install/single_robo_discription/lib/pkgconfig/single_robo_discription.pc'
[5.483s] Level 1:colcon.colcon_core.environment:checking '/home/asd/temp_git_repo/sakar_asignment/install/single_robo_discription/lib/python3.10/site-packages'
[5.483s] Level 1:colcon.colcon_core.environment:checking '/home/asd/temp_git_repo/sakar_asignment/install/single_robo_discription/bin'
[5.484s] INFO:colcon.colcon_core.shell:Creating package script '/home/asd/temp_git_repo/sakar_asignment/install/single_robo_discription/share/single_robo_discription/package.ps1'
[5.486s] INFO:colcon.colcon_core.shell:Creating package descriptor '/home/asd/temp_git_repo/sakar_asignment/install/single_robo_discription/share/single_robo_discription/package.dsv'
[5.487s] INFO:colcon.colcon_core.shell:Creating package script '/home/asd/temp_git_repo/sakar_asignment/install/single_robo_discription/share/single_robo_discription/package.sh'
[5.490s] INFO:colcon.colcon_core.shell:Creating package script '/home/asd/temp_git_repo/sakar_asignment/install/single_robo_discription/share/single_robo_discription/package.bash'
[5.492s] INFO:colcon.colcon_core.shell:Creating package script '/home/asd/temp_git_repo/sakar_asignment/install/single_robo_discription/share/single_robo_discription/package.zsh'
[5.493s] Level 1:colcon.colcon_core.environment:create_file_with_runtime_dependencies(/home/asd/temp_git_repo/sakar_asignment/install/single_robo_discription/share/colcon-core/packages/single_robo_discription)
[5.494s] Level 1:colcon.colcon_core.environment:create_environment_scripts_only(single_robo_discription)
[5.495s] Level 1:colcon.colcon_core.environment:checking '/home/asd/temp_git_repo/sakar_asignment/install/single_robo_discription' for CMake module files
[5.496s] Level 1:colcon.colcon_core.environment:checking '/home/asd/temp_git_repo/sakar_asignment/install/single_robo_discription' for CMake config files
[5.497s] Level 1:colcon.colcon_core.shell:create_environment_hook('single_robo_discription', 'cmake_prefix_path')
[5.498s] INFO:colcon.colcon_core.shell:Creating environment hook '/home/asd/temp_git_repo/sakar_asignment/install/single_robo_discription/share/single_robo_discription/hook/cmake_prefix_path.ps1'
[5.501s] INFO:colcon.colcon_core.shell:Creating environment descriptor '/home/asd/temp_git_repo/sakar_asignment/install/single_robo_discription/share/single_robo_discription/hook/cmake_prefix_path.dsv'
[5.503s] INFO:colcon.colcon_core.shell:Creating environment hook '/home/asd/temp_git_repo/sakar_asignment/install/single_robo_discription/share/single_robo_discription/hook/cmake_prefix_path.sh'
[5.507s] Level 1:colcon.colcon_core.environment:checking '/home/asd/temp_git_repo/sakar_asignment/install/single_robo_discription/bin'
[5.507s] Level 1:colcon.colcon_core.environment:checking '/home/asd/temp_git_repo/sakar_asignment/install/single_robo_discription/lib/pkgconfig/single_robo_discription.pc'
[5.508s] Level 1:colcon.colcon_core.environment:checking '/home/asd/temp_git_repo/sakar_asignment/install/single_robo_discription/lib/python3.10/site-packages'
[5.509s] Level 1:colcon.colcon_core.environment:checking '/home/asd/temp_git_repo/sakar_asignment/install/single_robo_discription/bin'
[5.510s] INFO:colcon.colcon_core.shell:Creating package script '/home/asd/temp_git_repo/sakar_asignment/install/single_robo_discription/share/single_robo_discription/package.ps1'
[5.512s] INFO:colcon.colcon_core.shell:Creating package descriptor '/home/asd/temp_git_repo/sakar_asignment/install/single_robo_discription/share/single_robo_discription/package.dsv'
[5.513s] INFO:colcon.colcon_core.shell:Creating package script '/home/asd/temp_git_repo/sakar_asignment/install/single_robo_discription/share/single_robo_discription/package.sh'
[5.515s] INFO:colcon.colcon_core.shell:Creating package script '/home/asd/temp_git_repo/sakar_asignment/install/single_robo_discription/share/single_robo_discription/package.bash'
[5.516s] INFO:colcon.colcon_core.shell:Creating package script '/home/asd/temp_git_repo/sakar_asignment/install/single_robo_discription/share/single_robo_discription/package.zsh'
[5.519s] Level 1:colcon.colcon_core.environment:create_file_with_runtime_dependencies(/home/asd/temp_git_repo/sakar_asignment/install/single_robo_discription/share/colcon-core/packages/single_robo_discription)
[7.232s] DEBUG:colcon.colcon_core.event_handler.log_command:Invoking command in '/home/asd/temp_git_repo/sakar_asignment/src/single_robo_odometry': PYTHONPATH=/home/asd/temp_git_repo/sakar_asignment/build/single_robo_odometry/prefix_override:/usr/lib/python3/dist-packages/colcon_core/task/python/colcon_distutils_commands:/home/asd/temp_git_repo/sakar_asignment/install/single_robo_odometry/lib/python3.10/site-packages:${PYTHONPATH} /usr/bin/python3 -W ignore:setup.py install is deprecated -W ignore:easy_install command is deprecated setup.py egg_info --egg-base ../../build/single_robo_odometry build --build-base /home/asd/temp_git_repo/sakar_asignment/build/single_robo_odometry/build install --record /home/asd/temp_git_repo/sakar_asignment/build/single_robo_odometry/install.log --single-version-externally-managed install_data
[7.586s] DEBUG:colcon.colcon_core.event_handler.log_command:Invoking command in '/home/asd/temp_git_repo/sakar_asignment/src/single_robo_perception': PYTHONPATH=/home/asd/temp_git_repo/sakar_asignment/build/single_robo_perception/prefix_override:/usr/lib/python3/dist-packages/colcon_core/task/python/colcon_distutils_commands:/home/asd/temp_git_repo/sakar_asignment/install/single_robo_perception/lib/python3.10/site-packages:${PYTHONPATH} /usr/bin/python3 -W ignore:setup.py install is deprecated -W ignore:easy_install command is deprecated setup.py egg_info --egg-base ../../build/single_robo_perception build --build-base /home/asd/temp_git_repo/sakar_asignment/build/single_robo_perception/build install --record /home/asd/temp_git_repo/sakar_asignment/build/single_robo_perception/install.log --single-version-externally-managed install_data
[8.986s] Level 1:colcon.colcon_core.environment:checking '/home/asd/temp_git_repo/sakar_asignment/install/single_robo_odometry' for CMake module files
[8.989s] DEBUG:colcon.colcon_core.event_handler.log_command:Invoked command in '/home/asd/temp_git_repo/sakar_asignment/src/single_robo_odometry' returned '0': PYTHONPATH=/home/asd/temp_git_repo/sakar_asignment/build/single_robo_odometry/prefix_override:/usr/lib/python3/dist-packages/colcon_core/task/python/colcon_distutils_commands:/home/asd/temp_git_repo/sakar_asignment/install/single_robo_odometry/lib/python3.10/site-packages:${PYTHONPATH} /usr/bin/python3 -W ignore:setup.py install is deprecated -W ignore:easy_install command is deprecated setup.py egg_info --egg-base ../../build/single_robo_odometry build --build-base /home/asd/temp_git_repo/sakar_asignment/build/single_robo_odometry/build install --record /home/asd/temp_git_repo/sakar_asignment/build/single_robo_odometry/install.log --single-version-externally-managed install_data
[8.990s] Level 1:colcon.colcon_core.environment:checking '/home/asd/temp_git_repo/sakar_asignment/install/single_robo_odometry' for CMake config files
[9.000s] Level 1:colcon.colcon_core.environment:checking '/home/asd/temp_git_repo/sakar_asignment/install/single_robo_odometry/lib'
[9.002s] Level 1:colcon.colcon_core.environment:checking '/home/asd/temp_git_repo/sakar_asignment/install/single_robo_odometry/bin'
[9.002s] Level 1:colcon.colcon_core.environment:checking '/home/asd/temp_git_repo/sakar_asignment/install/single_robo_odometry/lib/pkgconfig/single_robo_odometry.pc'
[9.003s] Level 1:colcon.colcon_core.environment:checking '/home/asd/temp_git_repo/sakar_asignment/install/single_robo_odometry/lib/python3.10/site-packages'
[9.003s] Level 1:colcon.colcon_core.shell:create_environment_hook('single_robo_odometry', 'pythonpath')
[9.004s] INFO:colcon.colcon_core.shell:Creating environment hook '/home/asd/temp_git_repo/sakar_asignment/install/single_robo_odometry/share/single_robo_odometry/hook/pythonpath.ps1'
[9.007s] INFO:colcon.colcon_core.shell:Creating environment descriptor '/home/asd/temp_git_repo/sakar_asignment/install/single_robo_odometry/share/single_robo_odometry/hook/pythonpath.dsv'
[9.012s] INFO:colcon.colcon_core.shell:Creating environment hook '/home/asd/temp_git_repo/sakar_asignment/install/single_robo_odometry/share/single_robo_odometry/hook/pythonpath.sh'
[9.015s] Level 1:colcon.colcon_core.environment:checking '/home/asd/temp_git_repo/sakar_asignment/install/single_robo_odometry/bin'
[9.015s] Level 1:colcon.colcon_core.environment:create_environment_scripts_only(single_robo_odometry)
[9.016s] INFO:colcon.colcon_core.shell:Creating package script '/home/asd/temp_git_repo/sakar_asignment/install/single_robo_odometry/share/single_robo_odometry/package.ps1'
[9.019s] INFO:colcon.colcon_core.shell:Creating package descriptor '/home/asd/temp_git_repo/sakar_asignment/install/single_robo_odometry/share/single_robo_odometry/package.dsv'
[9.021s] INFO:colcon.colcon_core.shell:Creating package script '/home/asd/temp_git_repo/sakar_asignment/install/single_robo_odometry/share/single_robo_odometry/package.sh'
[9.023s] INFO:colcon.colcon_core.shell:Creating package script '/home/asd/temp_git_repo/sakar_asignment/install/single_robo_odometry/share/single_robo_odometry/package.bash'
[9.025s] INFO:colcon.colcon_core.shell:Creating package script '/home/asd/temp_git_repo/sakar_asignment/install/single_robo_odometry/share/single_robo_odometry/package.zsh'
[9.026s] Level 1:colcon.colcon_core.environment:create_file_with_runtime_dependencies(/home/asd/temp_git_repo/sakar_asignment/install/single_robo_odometry/share/colcon-core/packages/single_robo_odometry)
[9.222s] Level 1:colcon.colcon_core.environment:checking '/home/asd/temp_git_repo/sakar_asignment/install/single_robo_perception' for CMake module files
[9.223s] Level 1:colcon.colcon_core.environment:checking '/home/asd/temp_git_repo/sakar_asignment/install/single_robo_perception' for CMake config files
[9.225s] DEBUG:colcon.colcon_core.event_handler.log_command:Invoked command in '/home/asd/temp_git_repo/sakar_asignment/src/single_robo_perception' returned '0': PYTHONPATH=/home/asd/temp_git_repo/sakar_asignment/build/single_robo_perception/prefix_override:/usr/lib/python3/dist-packages/colcon_core/task/python/colcon_distutils_commands:/home/asd/temp_git_repo/sakar_asignment/install/single_robo_perception/lib/python3.10/site-packages:${PYTHONPATH} /usr/bin/python3 -W ignore:setup.py install is deprecated -W ignore:easy_install command is deprecated setup.py egg_info --egg-base ../../build/single_robo_perception build --build-base /home/asd/temp_git_repo/sakar_asignment/build/single_robo_perception/build install --record /home/asd/temp_git_repo/sakar_asignment/build/single_robo_perception/install.log --single-version-externally-managed install_data
[9.226s] Level 1:colcon.colcon_core.environment:checking '/home/asd/temp_git_repo/sakar_asignment/install/single_robo_perception/lib'
[9.226s] Level 1:colcon.colcon_core.environment:checking '/home/asd/temp_git_repo/sakar_asignment/install/single_robo_perception/bin'
[9.226s] Level 1:colcon.colcon_core.environment:checking '/home/asd/temp_git_repo/sakar_asignment/install/single_robo_perception/lib/pkgconfig/single_robo_perception.pc'
[9.226s] Level 1:colcon.colcon_core.environment:checking '/home/asd/temp_git_repo/sakar_asignment/install/single_robo_perception/lib/python3.10/site-packages'
[9.227s] Level 1:colcon.colcon_core.shell:create_environment_hook('single_robo_perception', 'pythonpath')
[9.227s] INFO:colcon.colcon_core.shell:Creating environment hook '/home/asd/temp_git_repo/sakar_asignment/install/single_robo_perception/share/single_robo_perception/hook/pythonpath.ps1'
[9.230s] INFO:colcon.colcon_core.shell:Creating environment descriptor '/home/asd/temp_git_repo/sakar_asignment/install/single_robo_perception/share/single_robo_perception/hook/pythonpath.dsv'
[9.232s] INFO:colcon.colcon_core.shell:Creating environment hook '/home/asd/temp_git_repo/sakar_asignment/install/single_robo_perception/share/single_robo_perception/hook/pythonpath.sh'
[9.234s] Level 1:colcon.colcon_core.environment:checking '/home/asd/temp_git_repo/sakar_asignment/install/single_robo_perception/bin'
[9.234s] Level 1:colcon.colcon_core.environment:create_environment_scripts_only(single_robo_perception)
[9.235s] INFO:colcon.colcon_core.shell:Creating package script '/home/asd/temp_git_repo/sakar_asignment/install/single_robo_perception/share/single_robo_perception/package.ps1'
[9.237s] INFO:colcon.colcon_core.shell:Creating package descriptor '/home/asd/temp_git_repo/sakar_asignment/install/single_robo_perception/share/single_robo_perception/package.dsv'
[9.238s] INFO:colcon.colcon_core.shell:Creating package script '/home/asd/temp_git_repo/sakar_asignment/install/single_robo_perception/share/single_robo_perception/package.sh'
[9.239s] INFO:colcon.colcon_core.shell:Creating package script '/home/asd/temp_git_repo/sakar_asignment/install/single_robo_perception/share/single_robo_perception/package.bash'
[9.242s] INFO:colcon.colcon_core.shell:Creating package script '/home/asd/temp_git_repo/sakar_asignment/install/single_robo_perception/share/single_robo_perception/package.zsh'
[9.244s] Level 1:colcon.colcon_core.environment:create_file_with_runtime_dependencies(/home/asd/temp_git_repo/sakar_asignment/install/single_robo_perception/share/colcon-core/packages/single_robo_perception)
[9.245s] DEBUG:colcon.colcon_parallel_executor.executor.parallel:closing loop
[9.245s] DEBUG:colcon.colcon_parallel_executor.executor.parallel:loop closed
[9.245s] DEBUG:colcon.colcon_parallel_executor.executor.parallel:run_until_complete finished with '0'
[9.247s] DEBUG:colcon.colcon_core.event_reactor:joining thread
[9.269s] INFO:colcon.colcon_core.plugin_system:Skipping extension 'colcon_notification.desktop_notification.terminal_notifier': Not used on non-Darwin systems
[9.270s] INFO:colcon.colcon_core.plugin_system:Skipping extension 'colcon_notification.desktop_notification.win32': Not used on non-Windows systems
[9.271s] INFO:colcon.colcon_notification.desktop_notification:Sending desktop notification using 'notify2'
[9.311s] DEBUG:colcon.colcon_core.event_reactor:joined thread
[9.312s] INFO:colcon.colcon_core.shell:Creating prefix script '/home/asd/temp_git_repo/sakar_asignment/install/local_setup.ps1'
[9.316s] INFO:colcon.colcon_core.shell:Creating prefix util module '/home/asd/temp_git_repo/sakar_asignment/install/_local_setup_util_ps1.py'
[9.319s] INFO:colcon.colcon_core.shell:Creating prefix chain script '/home/asd/temp_git_repo/sakar_asignment/install/setup.ps1'
[9.337s] INFO:colcon.colcon_core.shell:Creating prefix script '/home/asd/temp_git_repo/sakar_asignment/install/local_setup.sh'
[9.340s] INFO:colcon.colcon_core.shell:Creating prefix util module '/home/asd/temp_git_repo/sakar_asignment/install/_local_setup_util_sh.py'
[9.347s] INFO:colcon.colcon_core.shell:Creating prefix chain script '/home/asd/temp_git_repo/sakar_asignment/install/setup.sh'
[9.364s] INFO:colcon.colcon_core.shell:Creating prefix script '/home/asd/temp_git_repo/sakar_asignment/install/local_setup.bash'
[9.366s] INFO:colcon.colcon_core.shell:Creating prefix chain script '/home/asd/temp_git_repo/sakar_asignment/install/setup.bash'
[9.381s] INFO:colcon.colcon_core.shell:Creating prefix script '/home/asd/temp_git_repo/sakar_asignment/install/local_setup.zsh'
[9.383s] INFO:colcon.colcon_core.shell:Creating prefix chain script '/home/asd/temp_git_repo/sakar_asignment/install/setup.zsh'
