[4.469s] Invoking command in '/home/asd/temp_git_repo/sakar_asignment/src/single_robo_perception': PYTHONPATH=/home/asd/temp_git_repo/sakar_asignment/build/single_robo_perception/prefix_override:/usr/lib/python3/dist-packages/colcon_core/task/python/colcon_distutils_commands:/home/asd/temp_git_repo/sakar_asignment/install/single_robo_perception/lib/python3.10/site-packages:${PYTHONPATH} /usr/bin/python3 -W ignore:setup.py install is deprecated -W ignore:easy_install command is deprecated setup.py egg_info --egg-base ../../build/single_robo_perception build --build-base /home/asd/temp_git_repo/sakar_asignment/build/single_robo_perception/build install --record /home/asd/temp_git_repo/sakar_asignment/build/single_robo_perception/install.log --single-version-externally-managed install_data
[5.533s] running egg_info
[5.536s] creating ../../build/single_robo_perception/single_robo_perception.egg-info
[5.537s] writing ../../build/single_robo_perception/single_robo_perception.egg-info/PKG-INFO
[5.537s] writing dependency_links to ../../build/single_robo_perception/single_robo_perception.egg-info/dependency_links.txt
[5.537s] writing entry points to ../../build/single_robo_perception/single_robo_perception.egg-info/entry_points.txt
[5.537s] writing requirements to ../../build/single_robo_perception/single_robo_perception.egg-info/requires.txt
[5.538s] writing top-level names to ../../build/single_robo_perception/single_robo_perception.egg-info/top_level.txt
[5.538s] writing manifest file '../../build/single_robo_perception/single_robo_perception.egg-info/SOURCES.txt'
[5.539s] reading manifest file '../../build/single_robo_perception/single_robo_perception.egg-info/SOURCES.txt'
[5.544s] writing manifest file '../../build/single_robo_perception/single_robo_perception.egg-info/SOURCES.txt'
[5.544s] running build
[5.547s] running build_py
[5.549s] creating /home/asd/temp_git_repo/sakar_asignment/build/single_robo_perception/build
[5.551s] creating /home/asd/temp_git_repo/sakar_asignment/build/single_robo_perception/build/lib
[5.551s] creating /home/asd/temp_git_repo/sakar_asignment/build/single_robo_perception/build/lib/single_robo_perception
[5.553s] copying single_robo_perception/camera_feed.py -> /home/asd/temp_git_repo/sakar_asignment/build/single_robo_perception/build/lib/single_robo_perception
[5.554s] copying single_robo_perception/__init__.py -> /home/asd/temp_git_repo/sakar_asignment/build/single_robo_perception/build/lib/single_robo_perception
[5.554s] running install
[5.555s] running install_lib
[5.555s] creating /home/asd/temp_git_repo/sakar_asignment/install/single_robo_perception/lib/python3.10/site-packages/single_robo_perception
[5.555s] copying /home/asd/temp_git_repo/sakar_asignment/build/single_robo_perception/build/lib/single_robo_perception/camera_feed.py -> /home/asd/temp_git_repo/sakar_asignment/install/single_robo_perception/lib/python3.10/site-packages/single_robo_perception
[5.555s] copying /home/asd/temp_git_repo/sakar_asignment/build/single_robo_perception/build/lib/single_robo_perception/__init__.py -> /home/asd/temp_git_repo/sakar_asignment/install/single_robo_perception/lib/python3.10/site-packages/single_robo_perception
[5.555s] byte-compiling /home/asd/temp_git_repo/sakar_asignment/install/single_robo_perception/lib/python3.10/site-packages/single_robo_perception/camera_feed.py to camera_feed.cpython-310.pyc
[5.556s] byte-compiling /home/asd/temp_git_repo/sakar_asignment/install/single_robo_perception/lib/python3.10/site-packages/single_robo_perception/__init__.py to __init__.cpython-310.pyc
[5.556s] running install_data
[5.556s] creating /home/asd/temp_git_repo/sakar_asignment/install/single_robo_perception/share/ament_index
[5.557s] creating /home/asd/temp_git_repo/sakar_asignment/install/single_robo_perception/share/ament_index/resource_index
[5.557s] creating /home/asd/temp_git_repo/sakar_asignment/install/single_robo_perception/share/ament_index/resource_index/packages
[5.557s] copying resource/single_robo_perception -> /home/asd/temp_git_repo/sakar_asignment/install/single_robo_perception/share/ament_index/resource_index/packages
[5.559s] copying package.xml -> /home/asd/temp_git_repo/sakar_asignment/install/single_robo_perception/share/single_robo_perception
[5.559s] running install_egg_info
[5.564s] Copying ../../build/single_robo_perception/single_robo_perception.egg-info to /home/asd/temp_git_repo/sakar_asignment/install/single_robo_perception/lib/python3.10/site-packages/single_robo_perception-0.0.0-py3.10.egg-info
[5.566s] running install_scripts
[5.648s] Installing camera_feed script to /home/asd/temp_git_repo/sakar_asignment/install/single_robo_perception/lib/single_robo_perception
[5.649s] writing list of installed files to '/home/asd/temp_git_repo/sakar_asignment/build/single_robo_perception/install.log'
[5.771s] Invoked command in '/home/asd/temp_git_repo/sakar_asignment/src/single_robo_perception' returned '0': PYTHONPATH=/home/asd/temp_git_repo/sakar_asignment/build/single_robo_perception/prefix_override:/usr/lib/python3/dist-packages/colcon_core/task/python/colcon_distutils_commands:/home/asd/temp_git_repo/sakar_asignment/install/single_robo_perception/lib/python3.10/site-packages:${PYTHONPATH} /usr/bin/python3 -W ignore:setup.py install is deprecated -W ignore:easy_install command is deprecated setup.py egg_info --egg-base ../../build/single_robo_perception build --build-base /home/asd/temp_git_repo/sakar_asignment/build/single_robo_perception/build install --record /home/asd/temp_git_repo/sakar_asignment/build/single_robo_perception/install.log --single-version-externally-managed install_data
