[0.059s] Invoking command in '/home/asd/temp_git_repo/sakar_asignment/build/single_robo_discription': CMAKE_PREFIX_PATH=${CMAKE_PREFIX_PATH}:/home/asd/temp_git_repo/sakar_asignment/install/single_robo_perception:/home/asd/temp_git_repo/sakar_asignment/install/single_robo_odometry:/home/asd/temp_git_repo/first-mega-project/install/single_robo_odometry:/home/asd/ros2_ws_goat2/install/multi_robo_simulator:/home/asd/ros2_ws_goat2/install/swarm_interfaces:/home/asd/ros2_ws_goat2/install/my_robot_description2:/home/asd/ros2_ws_goat2/install/my_robot_bringup2:/home/asd/ros2_ws_goat2/install/goat_robo_discription:/home/asd/ros2_ws_goat2/install/micro_ros_server:/home/asd/ros2_ws_goat2/install/micro_ros_custom_interfaces:/home/asd/ros2_ws_goat2/install/Qr_action:/home/asd/ros2_ws4/install/esp_wifi:/home/asd/ros2_ws4/install/maping_odom:/home/asd/ros2_ws9/install/turtlebot3_simulations:/home/asd/ros2_ws9/install/turtlebot3_gazebo_goat:/home/asd/ros2_ws9/install/turtlebot3_fake_node:/home/asd/ros2_ws9/install/testbed_gazebo_goat:/home/asd/ros2_ws9/install/testbed_description_goat:/home/asd/ros2_ws9/install/my_goat_pkg:/home/asd/ros2_ws9/install/goat_interfaces:/home/asd/ros2_ws9/install/goat_gazebo:/home/asd/ros2_ws7/install/my_py_pkg_anscer:/home/asd/ros2_ws/install/turtlesim_catch_them_all:/home/asd/ros2_ws/install/my_py_pkg:/opt/ros/humble /usr/bin/cmake --build /home/asd/temp_git_repo/sakar_asignment/build/single_robo_discription -- -j8 -l8
[0.775s] Invoked command in '/home/asd/temp_git_repo/sakar_asignment/build/single_robo_discription' returned '0': CMAKE_PREFIX_PATH=${CMAKE_PREFIX_PATH}:/home/asd/temp_git_repo/sakar_asignment/install/single_robo_perception:/home/asd/temp_git_repo/sakar_asignment/install/single_robo_odometry:/home/asd/temp_git_repo/first-mega-project/install/single_robo_odometry:/home/asd/ros2_ws_goat2/install/multi_robo_simulator:/home/asd/ros2_ws_goat2/install/swarm_interfaces:/home/asd/ros2_ws_goat2/install/my_robot_description2:/home/asd/ros2_ws_goat2/install/my_robot_bringup2:/home/asd/ros2_ws_goat2/install/goat_robo_discription:/home/asd/ros2_ws_goat2/install/micro_ros_server:/home/asd/ros2_ws_goat2/install/micro_ros_custom_interfaces:/home/asd/ros2_ws_goat2/install/Qr_action:/home/asd/ros2_ws4/install/esp_wifi:/home/asd/ros2_ws4/install/maping_odom:/home/asd/ros2_ws9/install/turtlebot3_simulations:/home/asd/ros2_ws9/install/turtlebot3_gazebo_goat:/home/asd/ros2_ws9/install/turtlebot3_fake_node:/home/asd/ros2_ws9/install/testbed_gazebo_goat:/home/asd/ros2_ws9/install/testbed_description_goat:/home/asd/ros2_ws9/install/my_goat_pkg:/home/asd/ros2_ws9/install/goat_interfaces:/home/asd/ros2_ws9/install/goat_gazebo:/home/asd/ros2_ws7/install/my_py_pkg_anscer:/home/asd/ros2_ws/install/turtlesim_catch_them_all:/home/asd/ros2_ws/install/my_py_pkg:/opt/ros/humble /usr/bin/cmake --build /home/asd/temp_git_repo/sakar_asignment/build/single_robo_discription -- -j8 -l8
[0.777s] Invoking command in '/home/asd/temp_git_repo/sakar_asignment/build/single_robo_discription': CMAKE_PREFIX_PATH=${CMAKE_PREFIX_PATH}:/home/asd/temp_git_repo/sakar_asignment/install/single_robo_perception:/home/asd/temp_git_repo/sakar_asignment/install/single_robo_odometry:/home/asd/temp_git_repo/first-mega-project/install/single_robo_odometry:/home/asd/ros2_ws_goat2/install/multi_robo_simulator:/home/asd/ros2_ws_goat2/install/swarm_interfaces:/home/asd/ros2_ws_goat2/install/my_robot_description2:/home/asd/ros2_ws_goat2/install/my_robot_bringup2:/home/asd/ros2_ws_goat2/install/goat_robo_discription:/home/asd/ros2_ws_goat2/install/micro_ros_server:/home/asd/ros2_ws_goat2/install/micro_ros_custom_interfaces:/home/asd/ros2_ws_goat2/install/Qr_action:/home/asd/ros2_ws4/install/esp_wifi:/home/asd/ros2_ws4/install/maping_odom:/home/asd/ros2_ws9/install/turtlebot3_simulations:/home/asd/ros2_ws9/install/turtlebot3_gazebo_goat:/home/asd/ros2_ws9/install/turtlebot3_fake_node:/home/asd/ros2_ws9/install/testbed_gazebo_goat:/home/asd/ros2_ws9/install/testbed_description_goat:/home/asd/ros2_ws9/install/my_goat_pkg:/home/asd/ros2_ws9/install/goat_interfaces:/home/asd/ros2_ws9/install/goat_gazebo:/home/asd/ros2_ws7/install/my_py_pkg_anscer:/home/asd/ros2_ws/install/turtlesim_catch_them_all:/home/asd/ros2_ws/install/my_py_pkg:/opt/ros/humble /usr/bin/cmake --install /home/asd/temp_git_repo/sakar_asignment/build/single_robo_discription
[0.795s] -- Install configuration: ""
[0.795s] -- Up-to-date: /home/asd/temp_git_repo/sakar_asignment/install/single_robo_discription/share/single_robo_discription//urdf
[0.796s] -- Up-to-date: /home/asd/temp_git_repo/sakar_asignment/install/single_robo_discription/share/single_robo_discription//urdf/my_robot.urdf.xacro
[0.796s] -- Up-to-date: /home/asd/temp_git_repo/sakar_asignment/install/single_robo_discription/share/single_robo_discription//urdf/mobile_base_gazebo.xacro
[0.796s] -- Up-to-date: /home/asd/temp_git_repo/sakar_asignment/install/single_robo_discription/share/single_robo_discription//urdf/.vscode
[0.796s] -- Up-to-date: /home/asd/temp_git_repo/sakar_asignment/install/single_robo_discription/share/single_robo_discription//urdf/.vscode/c_cpp_properties.json
[0.796s] -- Up-to-date: /home/asd/temp_git_repo/sakar_asignment/install/single_robo_discription/share/single_robo_discription//urdf/.vscode/settings.json
[0.796s] -- Up-to-date: /home/asd/temp_git_repo/sakar_asignment/install/single_robo_discription/share/single_robo_discription//urdf/imu_sensor.xacro
[0.796s] -- Up-to-date: /home/asd/temp_git_repo/sakar_asignment/install/single_robo_discription/share/single_robo_discription//urdf/camera.xacro
[0.796s] -- Up-to-date: /home/asd/temp_git_repo/sakar_asignment/install/single_robo_discription/share/single_robo_discription//urdf/lidar_sensor.xacro
[0.797s] -- Up-to-date: /home/asd/temp_git_repo/sakar_asignment/install/single_robo_discription/share/single_robo_discription//urdf/common_properties.xacro
[0.797s] -- Up-to-date: /home/asd/temp_git_repo/sakar_asignment/install/single_robo_discription/share/single_robo_discription//urdf/mobile_base.xacro
[0.797s] -- Up-to-date: /home/asd/temp_git_repo/sakar_asignment/install/single_robo_discription/share/single_robo_discription//launch
[0.797s] -- Up-to-date: /home/asd/temp_git_repo/sakar_asignment/install/single_robo_discription/share/single_robo_discription//launch/spawn_gazebo.launch.py
[0.797s] -- Up-to-date: /home/asd/temp_git_repo/sakar_asignment/install/single_robo_discription/share/single_robo_discription//world
[0.797s] -- Up-to-date: /home/asd/temp_git_repo/sakar_asignment/install/single_robo_discription/share/single_robo_discription//world/ware_house_edit.sdf
[0.797s] -- Up-to-date: /home/asd/temp_git_repo/sakar_asignment/install/single_robo_discription/share/single_robo_discription//config
[0.798s] -- Up-to-date: /home/asd/temp_git_repo/sakar_asignment/install/single_robo_discription/share/single_robo_discription//config/GZ_bridge.yaml
[0.798s] -- Up-to-date: /home/asd/temp_git_repo/sakar_asignment/install/single_robo_discription/share/single_robo_discription//config/rviz_config.rviz
[0.798s] -- Up-to-date: /home/asd/temp_git_repo/sakar_asignment/install/single_robo_discription/share/single_robo_discription//config/ekf.yaml
[0.798s] -- Up-to-date: /home/asd/temp_git_repo/sakar_asignment/install/single_robo_discription/share/single_robo_discription//config/ps4_config.yaml
[0.798s] -- Up-to-date: /home/asd/temp_git_repo/sakar_asignment/install/single_robo_discription/share/single_robo_discription//maps
[0.798s] -- Up-to-date: /home/asd/temp_git_repo/sakar_asignment/install/single_robo_discription/share/single_robo_discription//maps/small_warehouse
[0.799s] -- Up-to-date: /home/asd/temp_git_repo/sakar_asignment/install/single_robo_discription/share/single_robo_discription//maps/small_warehouse/my_map.pgm
[0.799s] -- Up-to-date: /home/asd/temp_git_repo/sakar_asignment/install/single_robo_discription/share/single_robo_discription//maps/small_warehouse/my_map.yaml
[0.799s] -- Up-to-date: /home/asd/temp_git_repo/sakar_asignment/install/single_robo_discription/share/single_robo_discription//maps/small_warehouse2
[0.799s] -- Up-to-date: /home/asd/temp_git_repo/sakar_asignment/install/single_robo_discription/share/single_robo_discription//maps/small_warehouse2/my_map.pgm
[0.799s] -- Up-to-date: /home/asd/temp_git_repo/sakar_asignment/install/single_robo_discription/share/single_robo_discription//maps/small_warehouse2/my_map.yaml
[0.799s] -- Up-to-date: /home/asd/temp_git_repo/sakar_asignment/install/single_robo_discription/share/ament_index/resource_index/package_run_dependencies/single_robo_discription
[0.800s] -- Up-to-date: /home/asd/temp_git_repo/sakar_asignment/install/single_robo_discription/share/ament_index/resource_index/parent_prefix_path/single_robo_discription
[0.800s] -- Up-to-date: /home/asd/temp_git_repo/sakar_asignment/install/single_robo_discription/share/single_robo_discription/environment/ament_prefix_path.sh
[0.800s] -- Up-to-date: /home/asd/temp_git_repo/sakar_asignment/install/single_robo_discription/share/single_robo_discription/environment/ament_prefix_path.dsv
[0.800s] -- Up-to-date: /home/asd/temp_git_repo/sakar_asignment/install/single_robo_discription/share/single_robo_discription/environment/path.sh
[0.801s] -- Up-to-date: /home/asd/temp_git_repo/sakar_asignment/install/single_robo_discription/share/single_robo_discription/environment/path.dsv
[0.801s] -- Up-to-date: /home/asd/temp_git_repo/sakar_asignment/install/single_robo_discription/share/single_robo_discription/local_setup.bash
[0.801s] -- Up-to-date: /home/asd/temp_git_repo/sakar_asignment/install/single_robo_discription/share/single_robo_discription/local_setup.sh
[0.801s] -- Up-to-date: /home/asd/temp_git_repo/sakar_asignment/install/single_robo_discription/share/single_robo_discription/local_setup.zsh
[0.801s] -- Up-to-date: /home/asd/temp_git_repo/sakar_asignment/install/single_robo_discription/share/single_robo_discription/local_setup.dsv
[0.801s] -- Installing: /home/asd/temp_git_repo/sakar_asignment/install/single_robo_discription/share/single_robo_discription/package.dsv
[0.801s] -- Up-to-date: /home/asd/temp_git_repo/sakar_asignment/install/single_robo_discription/share/ament_index/resource_index/packages/single_robo_discription
[0.802s] -- Up-to-date: /home/asd/temp_git_repo/sakar_asignment/install/single_robo_discription/share/single_robo_discription/cmake/single_robo_discriptionConfig.cmake
[0.802s] -- Up-to-date: /home/asd/temp_git_repo/sakar_asignment/install/single_robo_discription/share/single_robo_discription/cmake/single_robo_discriptionConfig-version.cmake
[0.802s] -- Up-to-date: /home/asd/temp_git_repo/sakar_asignment/install/single_robo_discription/share/single_robo_discription/package.xml
[0.824s] Invoked command in '/home/asd/temp_git_repo/sakar_asignment/build/single_robo_discription' returned '0': CMAKE_PREFIX_PATH=${CMAKE_PREFIX_PATH}:/home/asd/temp_git_repo/sakar_asignment/install/single_robo_perception:/home/asd/temp_git_repo/sakar_asignment/install/single_robo_odometry:/home/asd/temp_git_repo/first-mega-project/install/single_robo_odometry:/home/asd/ros2_ws_goat2/install/multi_robo_simulator:/home/asd/ros2_ws_goat2/install/swarm_interfaces:/home/asd/ros2_ws_goat2/install/my_robot_description2:/home/asd/ros2_ws_goat2/install/my_robot_bringup2:/home/asd/ros2_ws_goat2/install/goat_robo_discription:/home/asd/ros2_ws_goat2/install/micro_ros_server:/home/asd/ros2_ws_goat2/install/micro_ros_custom_interfaces:/home/asd/ros2_ws_goat2/install/Qr_action:/home/asd/ros2_ws4/install/esp_wifi:/home/asd/ros2_ws4/install/maping_odom:/home/asd/ros2_ws9/install/turtlebot3_simulations:/home/asd/ros2_ws9/install/turtlebot3_gazebo_goat:/home/asd/ros2_ws9/install/turtlebot3_fake_node:/home/asd/ros2_ws9/install/testbed_gazebo_goat:/home/asd/ros2_ws9/install/testbed_description_goat:/home/asd/ros2_ws9/install/my_goat_pkg:/home/asd/ros2_ws9/install/goat_interfaces:/home/asd/ros2_ws9/install/goat_gazebo:/home/asd/ros2_ws7/install/my_py_pkg_anscer:/home/asd/ros2_ws/install/turtlesim_catch_them_all:/home/asd/ros2_ws/install/my_py_pkg:/opt/ros/humble /usr/bin/cmake --install /home/asd/temp_git_repo/sakar_asignment/build/single_robo_discription
