running egg_info
writing ../../build/single_robo_perception/single_robo_perception.egg-info/PKG-INFO
writing dependency_links to ../../build/single_robo_perception/single_robo_perception.egg-info/dependency_links.txt
writing entry points to ../../build/single_robo_perception/single_robo_perception.egg-info/entry_points.txt
writing requirements to ../../build/single_robo_perception/single_robo_perception.egg-info/requires.txt
writing top-level names to ../../build/single_robo_perception/single_robo_perception.egg-info/top_level.txt
reading manifest file '../../build/single_robo_perception/single_robo_perception.egg-info/SOURCES.txt'
writing manifest file '../../build/single_robo_perception/single_robo_perception.egg-info/SOURCES.txt'
running build
running build_py
running install
running install_lib
running install_data
copying package.xml -> /home/asd/temp_git_repo/sakar_asignment/install/single_robo_perception/share/single_robo_perception
running install_egg_info
removing '/home/asd/temp_git_repo/sakar_asignment/install/single_robo_perception/lib/python3.10/site-packages/single_robo_perception-0.0.0-py3.10.egg-info' (and everything under it)
Copying ../../build/single_robo_perception/single_robo_perception.egg-info to /home/asd/temp_git_repo/sakar_asignment/install/single_robo_perception/lib/python3.10/site-packages/single_robo_perception-0.0.0-py3.10.egg-info
running install_scripts
Installing camera_feed script to /home/asd/temp_git_repo/sakar_asignment/install/single_robo_perception/lib/single_robo_perception
writing list of installed files to '/home/asd/temp_git_repo/sakar_asignment/build/single_robo_perception/install.log'
