[0.125s] DEBUG:colcon:Command line arguments: ['/usr/bin/colcon', 'build']
[0.125s] DEBUG:colcon:Parsed command line arguments: Namespace(log_base=None, log_level=None, verb_name='build', build_base='build', install_base='install', merge_install=False, symlink_install=False, test_result_base=None, continue_on_error=False, executor='parallel', parallel_workers=8, event_handlers=None, ignore_user_meta=False, metas=['./colcon.meta'], base_paths=['.'], packages_ignore=None, packages_ignore_regex=None, paths=None, packages_up_to=None, packages_up_to_regex=None, packages_above=None, packages_above_and_dependencies=None, packages_above_depth=None, packages_select_by_dep=None, packages_skip_by_dep=None, packages_skip_up_to=None, packages_select_build_failed=False, packages_skip_build_finished=False, packages_select_test_failures=False, packages_skip_test_passed=False, packages_select=None, packages_skip=None, packages_select_regex=None, packages_skip_regex=None, packages_start=None, packages_end=None, allow_overriding=[], cmake_args=None, cmake_target=None, cmake_target_skip_unavailable=False, cmake_clean_cache=False, cmake_clean_first=False, cmake_force_configure=False, ament_cmake_args=None, catkin_cmake_args=None, catkin_skip_building_tests=False, mixin_files=None, mixin=None, verb_parser=<colcon_mixin.mixin.mixin_argument.MixinArgumentDecorator object at 0x71e69db9a7d0>, verb_extension=<colcon_core.verb.build.BuildVerb object at 0x71e69db99fc0>, main=<bound method BuildVerb.main of <colcon_core.verb.build.BuildVerb object at 0x71e69db99fc0>>, mixin_verb=('build',))
[0.346s] Level 1:colcon.colcon_core.package_discovery:discover_packages(colcon_meta) check parameters
[0.346s] Level 1:colcon.colcon_core.package_discovery:discover_packages(recursive) check parameters
[0.346s] Level 1:colcon.colcon_core.package_discovery:discover_packages(ignore) check parameters
[0.346s] Level 1:colcon.colcon_core.package_discovery:discover_packages(path) check parameters
[0.346s] Level 1:colcon.colcon_core.package_discovery:discover_packages(colcon_meta) discover
[0.346s] Level 1:colcon.colcon_core.package_discovery:discover_packages(recursive) discover
[0.346s] INFO:colcon.colcon_core.package_discovery:Crawling recursively for packages in '/home/asd/temp_git_repo/sakar_asignment'
[0.346s] Level 1:colcon.colcon_core.package_identification:_identify(.) by extensions ['ignore', 'ignore_ament_install']
[0.346s] Level 1:colcon.colcon_core.package_identification:_identify(.) by extension 'ignore'
[0.346s] Level 1:colcon.colcon_core.package_identification:_identify(.) by extension 'ignore_ament_install'
[0.346s] Level 1:colcon.colcon_core.package_identification:_identify(.) by extensions ['colcon_pkg']
[0.346s] Level 1:colcon.colcon_core.package_identification:_identify(.) by extension 'colcon_pkg'
[0.347s] Level 1:colcon.colcon_core.package_identification:_identify(.) by extensions ['colcon_meta']
[0.347s] Level 1:colcon.colcon_core.package_identification:_identify(.) by extension 'colcon_meta'
[0.347s] Level 1:colcon.colcon_core.package_identification:_identify(.) by extensions ['ros']
[0.347s] Level 1:colcon.colcon_core.package_identification:_identify(.) by extension 'ros'
[0.367s] Level 1:colcon.colcon_core.package_identification:_identify(.) by extensions ['cmake', 'python']
[0.367s] Level 1:colcon.colcon_core.package_identification:_identify(.) by extension 'cmake'
[0.367s] Level 1:colcon.colcon_core.package_identification:_identify(.) by extension 'python'
[0.367s] Level 1:colcon.colcon_core.package_identification:_identify(.) by extensions ['python_setup_py']
[0.367s] Level 1:colcon.colcon_core.package_identification:_identify(.) by extension 'python_setup_py'
[0.368s] Level 1:colcon.colcon_core.package_identification:_identify(build) by extensions ['ignore', 'ignore_ament_install']
[0.368s] Level 1:colcon.colcon_core.package_identification:_identify(build) by extension 'ignore'
[0.368s] Level 1:colcon.colcon_core.package_identification:_identify(build) ignored
[0.368s] Level 1:colcon.colcon_core.package_identification:_identify(install) by extensions ['ignore', 'ignore_ament_install']
[0.368s] Level 1:colcon.colcon_core.package_identification:_identify(install) by extension 'ignore'
[0.368s] Level 1:colcon.colcon_core.package_identification:_identify(install) ignored
[0.368s] Level 1:colcon.colcon_core.package_identification:_identify(log) by extensions ['ignore', 'ignore_ament_install']
[0.368s] Level 1:colcon.colcon_core.package_identification:_identify(log) by extension 'ignore'
[0.368s] Level 1:colcon.colcon_core.package_identification:_identify(log) ignored
[0.368s] Level 1:colcon.colcon_core.package_identification:_identify(src) by extensions ['ignore', 'ignore_ament_install']
[0.369s] Level 1:colcon.colcon_core.package_identification:_identify(src) by extension 'ignore'
[0.369s] Level 1:colcon.colcon_core.package_identification:_identify(src) by extension 'ignore_ament_install'
[0.369s] Level 1:colcon.colcon_core.package_identification:_identify(src) by extensions ['colcon_pkg']
[0.369s] Level 1:colcon.colcon_core.package_identification:_identify(src) by extension 'colcon_pkg'
[0.369s] Level 1:colcon.colcon_core.package_identification:_identify(src) by extensions ['colcon_meta']
[0.369s] Level 1:colcon.colcon_core.package_identification:_identify(src) by extension 'colcon_meta'
[0.369s] Level 1:colcon.colcon_core.package_identification:_identify(src) by extensions ['ros']
[0.369s] Level 1:colcon.colcon_core.package_identification:_identify(src) by extension 'ros'
[0.369s] Level 1:colcon.colcon_core.package_identification:_identify(src) by extensions ['cmake', 'python']
[0.369s] Level 1:colcon.colcon_core.package_identification:_identify(src) by extension 'cmake'
[0.369s] Level 1:colcon.colcon_core.package_identification:_identify(src) by extension 'python'
[0.369s] Level 1:colcon.colcon_core.package_identification:_identify(src) by extensions ['python_setup_py']
[0.369s] Level 1:colcon.colcon_core.package_identification:_identify(src) by extension 'python_setup_py'
[0.369s] Level 1:colcon.colcon_core.package_identification:_identify(src/single_robo_bringup) by extensions ['ignore', 'ignore_ament_install']
[0.369s] Level 1:colcon.colcon_core.package_identification:_identify(src/single_robo_bringup) by extension 'ignore'
[0.369s] Level 1:colcon.colcon_core.package_identification:_identify(src/single_robo_bringup) by extension 'ignore_ament_install'
[0.370s] Level 1:colcon.colcon_core.package_identification:_identify(src/single_robo_bringup) by extensions ['colcon_pkg']
[0.370s] Level 1:colcon.colcon_core.package_identification:_identify(src/single_robo_bringup) by extension 'colcon_pkg'
[0.370s] Level 1:colcon.colcon_core.package_identification:_identify(src/single_robo_bringup) by extensions ['colcon_meta']
[0.370s] Level 1:colcon.colcon_core.package_identification:_identify(src/single_robo_bringup) by extension 'colcon_meta'
[0.370s] Level 1:colcon.colcon_core.package_identification:_identify(src/single_robo_bringup) by extensions ['ros']
[0.370s] Level 1:colcon.colcon_core.package_identification:_identify(src/single_robo_bringup) by extension 'ros'
[0.373s] DEBUG:colcon.colcon_core.package_identification:Package 'src/single_robo_bringup' with type 'ros.ament_cmake' and name 'single_robo_bringup'
[0.373s] Level 1:colcon.colcon_core.package_identification:_identify(src/single_robo_custom_interface) by extensions ['ignore', 'ignore_ament_install']
[0.373s] Level 1:colcon.colcon_core.package_identification:_identify(src/single_robo_custom_interface) by extension 'ignore'
[0.373s] Level 1:colcon.colcon_core.package_identification:_identify(src/single_robo_custom_interface) by extension 'ignore_ament_install'
[0.373s] Level 1:colcon.colcon_core.package_identification:_identify(src/single_robo_custom_interface) by extensions ['colcon_pkg']
[0.373s] Level 1:colcon.colcon_core.package_identification:_identify(src/single_robo_custom_interface) by extension 'colcon_pkg'
[0.373s] Level 1:colcon.colcon_core.package_identification:_identify(src/single_robo_custom_interface) by extensions ['colcon_meta']
[0.373s] Level 1:colcon.colcon_core.package_identification:_identify(src/single_robo_custom_interface) by extension 'colcon_meta'
[0.373s] Level 1:colcon.colcon_core.package_identification:_identify(src/single_robo_custom_interface) by extensions ['ros']
[0.373s] Level 1:colcon.colcon_core.package_identification:_identify(src/single_robo_custom_interface) by extension 'ros'
[0.374s] DEBUG:colcon.colcon_core.package_identification:Package 'src/single_robo_custom_interface' with type 'ros.ament_cmake' and name 'single_robo_custom_interface'
[0.374s] Level 1:colcon.colcon_core.package_identification:_identify(src/single_robo_discription) by extensions ['ignore', 'ignore_ament_install']
[0.374s] Level 1:colcon.colcon_core.package_identification:_identify(src/single_robo_discription) by extension 'ignore'
[0.374s] Level 1:colcon.colcon_core.package_identification:_identify(src/single_robo_discription) by extension 'ignore_ament_install'
[0.374s] Level 1:colcon.colcon_core.package_identification:_identify(src/single_robo_discription) by extensions ['colcon_pkg']
[0.374s] Level 1:colcon.colcon_core.package_identification:_identify(src/single_robo_discription) by extension 'colcon_pkg'
[0.374s] Level 1:colcon.colcon_core.package_identification:_identify(src/single_robo_discription) by extensions ['colcon_meta']
[0.374s] Level 1:colcon.colcon_core.package_identification:_identify(src/single_robo_discription) by extension 'colcon_meta'
[0.374s] Level 1:colcon.colcon_core.package_identification:_identify(src/single_robo_discription) by extensions ['ros']
[0.375s] Level 1:colcon.colcon_core.package_identification:_identify(src/single_robo_discription) by extension 'ros'
[0.375s] DEBUG:colcon.colcon_core.package_identification:Package 'src/single_robo_discription' with type 'ros.ament_cmake' and name 'single_robo_discription'
[0.375s] Level 1:colcon.colcon_core.package_identification:_identify(src/single_robo_odometry) by extensions ['ignore', 'ignore_ament_install']
[0.375s] Level 1:colcon.colcon_core.package_identification:_identify(src/single_robo_odometry) by extension 'ignore'
[0.375s] Level 1:colcon.colcon_core.package_identification:_identify(src/single_robo_odometry) by extension 'ignore_ament_install'
[0.376s] Level 1:colcon.colcon_core.package_identification:_identify(src/single_robo_odometry) by extensions ['colcon_pkg']
[0.376s] Level 1:colcon.colcon_core.package_identification:_identify(src/single_robo_odometry) by extension 'colcon_pkg'
[0.376s] Level 1:colcon.colcon_core.package_identification:_identify(src/single_robo_odometry) by extensions ['colcon_meta']
[0.376s] Level 1:colcon.colcon_core.package_identification:_identify(src/single_robo_odometry) by extension 'colcon_meta'
[0.376s] Level 1:colcon.colcon_core.package_identification:_identify(src/single_robo_odometry) by extensions ['ros']
[0.376s] Level 1:colcon.colcon_core.package_identification:_identify(src/single_robo_odometry) by extension 'ros'
[0.377s] DEBUG:colcon.colcon_core.package_identification:Package 'src/single_robo_odometry' with type 'ros.ament_python' and name 'single_robo_odometry'
[0.377s] Level 1:colcon.colcon_core.package_identification:_identify(src/single_robo_perception) by extensions ['ignore', 'ignore_ament_install']
[0.377s] Level 1:colcon.colcon_core.package_identification:_identify(src/single_robo_perception) by extension 'ignore'
[0.377s] Level 1:colcon.colcon_core.package_identification:_identify(src/single_robo_perception) by extension 'ignore_ament_install'
[0.377s] Level 1:colcon.colcon_core.package_identification:_identify(src/single_robo_perception) by extensions ['colcon_pkg']
[0.377s] Level 1:colcon.colcon_core.package_identification:_identify(src/single_robo_perception) by extension 'colcon_pkg'
[0.377s] Level 1:colcon.colcon_core.package_identification:_identify(src/single_robo_perception) by extensions ['colcon_meta']
[0.377s] Level 1:colcon.colcon_core.package_identification:_identify(src/single_robo_perception) by extension 'colcon_meta'
[0.378s] Level 1:colcon.colcon_core.package_identification:_identify(src/single_robo_perception) by extensions ['ros']
[0.378s] Level 1:colcon.colcon_core.package_identification:_identify(src/single_robo_perception) by extension 'ros'
[0.379s] DEBUG:colcon.colcon_core.package_identification:Package 'src/single_robo_perception' with type 'ros.ament_python' and name 'single_robo_perception'
[0.379s] Level 1:colcon.colcon_core.package_discovery:discover_packages(recursive) using defaults
[0.379s] Level 1:colcon.colcon_core.package_discovery:discover_packages(ignore) discover
[0.379s] Level 1:colcon.colcon_core.package_discovery:discover_packages(ignore) using defaults
[0.379s] Level 1:colcon.colcon_core.package_discovery:discover_packages(path) discover
[0.379s] Level 1:colcon.colcon_core.package_discovery:discover_packages(path) using defaults
[0.405s] Level 1:colcon.colcon_core.package_discovery:discover_packages(prefix_path) check parameters
[0.405s] Level 1:colcon.colcon_core.package_discovery:discover_packages(prefix_path) discover
[0.410s] DEBUG:colcon.colcon_installed_package_information.package_discovery:Found 4 installed packages in /home/asd/temp_git_repo/Eric_ws/assignment_ws/install
[0.411s] DEBUG:colcon.colcon_installed_package_information.package_discovery:Found 2 installed packages in /home/asd/ros2_ws2/install
[0.411s] DEBUG:colcon.colcon_installed_package_information.package_discovery:Found 6 installed packages in /home/asd/ros2_ws/install
[0.412s] DEBUG:colcon.colcon_installed_package_information.package_discovery:Found 9 installed packages in /home/asd/ros2_ws_goat2/install
[0.412s] DEBUG:colcon.colcon_installed_package_information.package_discovery:Found 3 installed packages in /home/asd/microros_ws/install
[0.413s] DEBUG:colcon.colcon_installed_package_information.package_discovery:Found 3 installed packages in /home/asd/ros2_ws4/install
[0.414s] DEBUG:colcon.colcon_installed_package_information.package_discovery:Found 16 installed packages in /home/asd/ros2_ws_hardware_int/install
[0.414s] DEBUG:colcon.colcon_installed_package_information.package_discovery:Found 8 installed packages in /home/asd/ros2_ws9/install
[0.415s] DEBUG:colcon.colcon_installed_package_information.package_discovery:Found 3 installed packages in /home/asd/ros2_ws7/install
[0.415s] DEBUG:colcon.colcon_installed_package_information.package_discovery:Found 1 installed packages in /home/asd/ros2_ws_hardware_int2/install
[0.416s] DEBUG:colcon.colcon_installed_package_information.package_discovery:Found 4 installed packages in /home/asd/ros2_ws_glim/install
[0.416s] DEBUG:colcon.colcon_installed_package_information.package_discovery:Found 1 installed packages in /home/asd/ros2_ws_to_build/install
[0.418s] DEBUG:colcon.colcon_installed_package_information.package_discovery:Found 512 installed packages in /opt/ros/humble
[0.422s] Level 1:colcon.colcon_core.package_discovery:discover_packages(prefix_path) using defaults
[0.493s] Level 5:colcon.colcon_core.verb:set package 'single_robo_bringup' build argument 'cmake_args' from command line to 'None'
[0.494s] Level 5:colcon.colcon_core.verb:set package 'single_robo_bringup' build argument 'cmake_target' from command line to 'None'
[0.494s] Level 5:colcon.colcon_core.verb:set package 'single_robo_bringup' build argument 'cmake_target_skip_unavailable' from command line to 'False'
[0.494s] Level 5:colcon.colcon_core.verb:set package 'single_robo_bringup' build argument 'cmake_clean_cache' from command line to 'False'
[0.494s] Level 5:colcon.colcon_core.verb:set package 'single_robo_bringup' build argument 'cmake_clean_first' from command line to 'False'
[0.494s] Level 5:colcon.colcon_core.verb:set package 'single_robo_bringup' build argument 'cmake_force_configure' from command line to 'False'
[0.494s] Level 5:colcon.colcon_core.verb:set package 'single_robo_bringup' build argument 'ament_cmake_args' from command line to 'None'
[0.494s] Level 5:colcon.colcon_core.verb:set package 'single_robo_bringup' build argument 'catkin_cmake_args' from command line to 'None'
[0.494s] Level 5:colcon.colcon_core.verb:set package 'single_robo_bringup' build argument 'catkin_skip_building_tests' from command line to 'False'
[0.494s] DEBUG:colcon.colcon_core.verb:Building package 'single_robo_bringup' with the following arguments: {'ament_cmake_args': None, 'build_base': '/home/asd/temp_git_repo/sakar_asignment/build/single_robo_bringup', 'catkin_cmake_args': None, 'catkin_skip_building_tests': False, 'cmake_args': None, 'cmake_clean_cache': False, 'cmake_clean_first': False, 'cmake_force_configure': False, 'cmake_target': None, 'cmake_target_skip_unavailable': False, 'install_base': '/home/asd/temp_git_repo/sakar_asignment/install/single_robo_bringup', 'merge_install': False, 'path': '/home/asd/temp_git_repo/sakar_asignment/src/single_robo_bringup', 'symlink_install': False, 'test_result_base': None}
[0.494s] Level 5:colcon.colcon_core.verb:set package 'single_robo_custom_interface' build argument 'cmake_args' from command line to 'None'
[0.494s] Level 5:colcon.colcon_core.verb:set package 'single_robo_custom_interface' build argument 'cmake_target' from command line to 'None'
[0.495s] Level 5:colcon.colcon_core.verb:set package 'single_robo_custom_interface' build argument 'cmake_target_skip_unavailable' from command line to 'False'
[0.495s] Level 5:colcon.colcon_core.verb:set package 'single_robo_custom_interface' build argument 'cmake_clean_cache' from command line to 'False'
[0.495s] Level 5:colcon.colcon_core.verb:set package 'single_robo_custom_interface' build argument 'cmake_clean_first' from command line to 'False'
[0.495s] Level 5:colcon.colcon_core.verb:set package 'single_robo_custom_interface' build argument 'cmake_force_configure' from command line to 'False'
[0.495s] Level 5:colcon.colcon_core.verb:set package 'single_robo_custom_interface' build argument 'ament_cmake_args' from command line to 'None'
[0.495s] Level 5:colcon.colcon_core.verb:set package 'single_robo_custom_interface' build argument 'catkin_cmake_args' from command line to 'None'
[0.495s] Level 5:colcon.colcon_core.verb:set package 'single_robo_custom_interface' build argument 'catkin_skip_building_tests' from command line to 'False'
[0.495s] DEBUG:colcon.colcon_core.verb:Building package 'single_robo_custom_interface' with the following arguments: {'ament_cmake_args': None, 'build_base': '/home/asd/temp_git_repo/sakar_asignment/build/single_robo_custom_interface', 'catkin_cmake_args': None, 'catkin_skip_building_tests': False, 'cmake_args': None, 'cmake_clean_cache': False, 'cmake_clean_first': False, 'cmake_force_configure': False, 'cmake_target': None, 'cmake_target_skip_unavailable': False, 'install_base': '/home/asd/temp_git_repo/sakar_asignment/install/single_robo_custom_interface', 'merge_install': False, 'path': '/home/asd/temp_git_repo/sakar_asignment/src/single_robo_custom_interface', 'symlink_install': False, 'test_result_base': None}
[0.495s] Level 5:colcon.colcon_core.verb:set package 'single_robo_discription' build argument 'cmake_args' from command line to 'None'
[0.495s] Level 5:colcon.colcon_core.verb:set package 'single_robo_discription' build argument 'cmake_target' from command line to 'None'
[0.495s] Level 5:colcon.colcon_core.verb:set package 'single_robo_discription' build argument 'cmake_target_skip_unavailable' from command line to 'False'
[0.495s] Level 5:colcon.colcon_core.verb:set package 'single_robo_discription' build argument 'cmake_clean_cache' from command line to 'False'
[0.495s] Level 5:colcon.colcon_core.verb:set package 'single_robo_discription' build argument 'cmake_clean_first' from command line to 'False'
[0.495s] Level 5:colcon.colcon_core.verb:set package 'single_robo_discription' build argument 'cmake_force_configure' from command line to 'False'
[0.495s] Level 5:colcon.colcon_core.verb:set package 'single_robo_discription' build argument 'ament_cmake_args' from command line to 'None'
[0.495s] Level 5:colcon.colcon_core.verb:set package 'single_robo_discription' build argument 'catkin_cmake_args' from command line to 'None'
[0.495s] Level 5:colcon.colcon_core.verb:set package 'single_robo_discription' build argument 'catkin_skip_building_tests' from command line to 'False'
[0.495s] DEBUG:colcon.colcon_core.verb:Building package 'single_robo_discription' with the following arguments: {'ament_cmake_args': None, 'build_base': '/home/asd/temp_git_repo/sakar_asignment/build/single_robo_discription', 'catkin_cmake_args': None, 'catkin_skip_building_tests': False, 'cmake_args': None, 'cmake_clean_cache': False, 'cmake_clean_first': False, 'cmake_force_configure': False, 'cmake_target': None, 'cmake_target_skip_unavailable': False, 'install_base': '/home/asd/temp_git_repo/sakar_asignment/install/single_robo_discription', 'merge_install': False, 'path': '/home/asd/temp_git_repo/sakar_asignment/src/single_robo_discription', 'symlink_install': False, 'test_result_base': None}
[0.496s] Level 5:colcon.colcon_core.verb:set package 'single_robo_odometry' build argument 'cmake_args' from command line to 'None'
[0.496s] Level 5:colcon.colcon_core.verb:set package 'single_robo_odometry' build argument 'cmake_target' from command line to 'None'
[0.496s] Level 5:colcon.colcon_core.verb:set package 'single_robo_odometry' build argument 'cmake_target_skip_unavailable' from command line to 'False'
[0.496s] Level 5:colcon.colcon_core.verb:set package 'single_robo_odometry' build argument 'cmake_clean_cache' from command line to 'False'
[0.496s] Level 5:colcon.colcon_core.verb:set package 'single_robo_odometry' build argument 'cmake_clean_first' from command line to 'False'
[0.496s] Level 5:colcon.colcon_core.verb:set package 'single_robo_odometry' build argument 'cmake_force_configure' from command line to 'False'
[0.496s] Level 5:colcon.colcon_core.verb:set package 'single_robo_odometry' build argument 'ament_cmake_args' from command line to 'None'
[0.496s] Level 5:colcon.colcon_core.verb:set package 'single_robo_odometry' build argument 'catkin_cmake_args' from command line to 'None'
[0.496s] Level 5:colcon.colcon_core.verb:set package 'single_robo_odometry' build argument 'catkin_skip_building_tests' from command line to 'False'
[0.496s] DEBUG:colcon.colcon_core.verb:Building package 'single_robo_odometry' with the following arguments: {'ament_cmake_args': None, 'build_base': '/home/asd/temp_git_repo/sakar_asignment/build/single_robo_odometry', 'catkin_cmake_args': None, 'catkin_skip_building_tests': False, 'cmake_args': None, 'cmake_clean_cache': False, 'cmake_clean_first': False, 'cmake_force_configure': False, 'cmake_target': None, 'cmake_target_skip_unavailable': False, 'install_base': '/home/asd/temp_git_repo/sakar_asignment/install/single_robo_odometry', 'merge_install': False, 'path': '/home/asd/temp_git_repo/sakar_asignment/src/single_robo_odometry', 'symlink_install': False, 'test_result_base': None}
[0.496s] Level 5:colcon.colcon_core.verb:set package 'single_robo_perception' build argument 'cmake_args' from command line to 'None'
[0.496s] Level 5:colcon.colcon_core.verb:set package 'single_robo_perception' build argument 'cmake_target' from command line to 'None'
[0.496s] Level 5:colcon.colcon_core.verb:set package 'single_robo_perception' build argument 'cmake_target_skip_unavailable' from command line to 'False'
[0.496s] Level 5:colcon.colcon_core.verb:set package 'single_robo_perception' build argument 'cmake_clean_cache' from command line to 'False'
[0.496s] Level 5:colcon.colcon_core.verb:set package 'single_robo_perception' build argument 'cmake_clean_first' from command line to 'False'
[0.496s] Level 5:colcon.colcon_core.verb:set package 'single_robo_perception' build argument 'cmake_force_configure' from command line to 'False'
[0.496s] Level 5:colcon.colcon_core.verb:set package 'single_robo_perception' build argument 'ament_cmake_args' from command line to 'None'
[0.496s] Level 5:colcon.colcon_core.verb:set package 'single_robo_perception' build argument 'catkin_cmake_args' from command line to 'None'
[0.497s] Level 5:colcon.colcon_core.verb:set package 'single_robo_perception' build argument 'catkin_skip_building_tests' from command line to 'False'
[0.497s] DEBUG:colcon.colcon_core.verb:Building package 'single_robo_perception' with the following arguments: {'ament_cmake_args': None, 'build_base': '/home/asd/temp_git_repo/sakar_asignment/build/single_robo_perception', 'catkin_cmake_args': None, 'catkin_skip_building_tests': False, 'cmake_args': None, 'cmake_clean_cache': False, 'cmake_clean_first': False, 'cmake_force_configure': False, 'cmake_target': None, 'cmake_target_skip_unavailable': False, 'install_base': '/home/asd/temp_git_repo/sakar_asignment/install/single_robo_perception', 'merge_install': False, 'path': '/home/asd/temp_git_repo/sakar_asignment/src/single_robo_perception', 'symlink_install': False, 'test_result_base': None}
[0.497s] INFO:colcon.colcon_core.executor:Executing jobs using 'parallel' executor
[0.498s] DEBUG:colcon.colcon_parallel_executor.executor.parallel:run_until_complete
[0.498s] INFO:colcon.colcon_ros.task.ament_cmake.build:Building ROS package in '/home/asd/temp_git_repo/sakar_asignment/src/single_robo_custom_interface' with build type 'ament_cmake'
[0.498s] INFO:colcon.colcon_cmake.task.cmake.build:Building CMake package in '/home/asd/temp_git_repo/sakar_asignment/src/single_robo_custom_interface'
[0.501s] INFO:colcon.colcon_core.plugin_system:Skipping extension 'colcon_core.shell.bat': Not used on non-Windows systems
[0.501s] INFO:colcon.colcon_core.shell:Skip shell extension 'powershell' for command environment: Not usable outside of PowerShell
[0.501s] DEBUG:colcon.colcon_core.shell:Skip shell extension 'dsv' for command environment
[0.513s] INFO:colcon.colcon_ros.task.ament_cmake.build:Building ROS package in '/home/asd/temp_git_repo/sakar_asignment/src/single_robo_bringup' with build type 'ament_cmake'
[0.513s] INFO:colcon.colcon_cmake.task.cmake.build:Building CMake package in '/home/asd/temp_git_repo/sakar_asignment/src/single_robo_bringup'
[0.514s] INFO:colcon.colcon_core.shell:Skip shell extension 'powershell' for command environment: Not usable outside of PowerShell
[0.514s] DEBUG:colcon.colcon_core.shell:Skip shell extension 'dsv' for command environment
[0.526s] INFO:colcon.colcon_ros.task.ament_cmake.build:Building ROS package in '/home/asd/temp_git_repo/sakar_asignment/src/single_robo_discription' with build type 'ament_cmake'
[0.527s] INFO:colcon.colcon_cmake.task.cmake.build:Building CMake package in '/home/asd/temp_git_repo/sakar_asignment/src/single_robo_discription'
[0.527s] INFO:colcon.colcon_core.shell:Skip shell extension 'powershell' for command environment: Not usable outside of PowerShell
[0.527s] DEBUG:colcon.colcon_core.shell:Skip shell extension 'dsv' for command environment
[0.540s] INFO:colcon.colcon_ros.task.ament_python.build:Building ROS package in '/home/asd/temp_git_repo/sakar_asignment/src/single_robo_odometry' with build type 'ament_python'
[0.541s] Level 1:colcon.colcon_core.shell:create_environment_hook('single_robo_odometry', 'ament_prefix_path')
[0.541s] INFO:colcon.colcon_core.shell:Creating environment hook '/home/asd/temp_git_repo/sakar_asignment/install/single_robo_odometry/share/single_robo_odometry/hook/ament_prefix_path.ps1'
[0.542s] INFO:colcon.colcon_core.shell:Creating environment descriptor '/home/asd/temp_git_repo/sakar_asignment/install/single_robo_odometry/share/single_robo_odometry/hook/ament_prefix_path.dsv'
[0.543s] INFO:colcon.colcon_core.shell:Creating environment hook '/home/asd/temp_git_repo/sakar_asignment/install/single_robo_odometry/share/single_robo_odometry/hook/ament_prefix_path.sh'
[0.544s] INFO:colcon.colcon_core.shell:Skip shell extension 'powershell' for command environment: Not usable outside of PowerShell
[0.544s] DEBUG:colcon.colcon_core.shell:Skip shell extension 'dsv' for command environment
[0.562s] DEBUG:colcon.colcon_core.event_handler.log_command:Invoking command in '/home/asd/temp_git_repo/sakar_asignment/build/single_robo_custom_interface': CMAKE_PREFIX_PATH=${CMAKE_PREFIX_PATH}:/home/asd/ros2_ws_goat2/install/multi_robo_simulator:/home/asd/ros2_ws_goat2/install/swarm_interfaces:/home/asd/ros2_ws_goat2/install/my_robot_description2:/home/asd/ros2_ws_goat2/install/my_robot_bringup2:/home/asd/ros2_ws_goat2/install/goat_robo_discription:/home/asd/ros2_ws_goat2/install/micro_ros_server:/home/asd/ros2_ws_goat2/install/micro_ros_custom_interfaces:/home/asd/ros2_ws_goat2/install/Qr_action:/home/asd/ros2_ws4/install/esp_wifi:/home/asd/ros2_ws4/install/maping_odom:/home/asd/ros2_ws9/install/turtlebot3_simulations:/home/asd/ros2_ws9/install/turtlebot3_gazebo_goat:/home/asd/ros2_ws9/install/turtlebot3_fake_node:/home/asd/ros2_ws9/install/testbed_gazebo_goat:/home/asd/ros2_ws9/install/testbed_description_goat:/home/asd/ros2_ws9/install/my_goat_pkg:/home/asd/ros2_ws9/install/goat_interfaces:/home/asd/ros2_ws9/install/goat_gazebo:/home/asd/ros2_ws7/install/my_py_pkg_anscer:/home/asd/ros2_ws/install/turtlesim_catch_them_all:/home/asd/ros2_ws/install/my_py_pkg:/opt/ros/humble /usr/bin/cmake /home/asd/temp_git_repo/sakar_asignment/src/single_robo_custom_interface -DCMAKE_INSTALL_PREFIX=/home/asd/temp_git_repo/sakar_asignment/install/single_robo_custom_interface
[0.567s] DEBUG:colcon.colcon_core.event_handler.log_command:Invoking command in '/home/asd/temp_git_repo/sakar_asignment/build/single_robo_bringup': CMAKE_PREFIX_PATH=${CMAKE_PREFIX_PATH}:/home/asd/ros2_ws_goat2/install/multi_robo_simulator:/home/asd/ros2_ws_goat2/install/swarm_interfaces:/home/asd/ros2_ws_goat2/install/my_robot_description2:/home/asd/ros2_ws_goat2/install/my_robot_bringup2:/home/asd/ros2_ws_goat2/install/goat_robo_discription:/home/asd/ros2_ws_goat2/install/micro_ros_server:/home/asd/ros2_ws_goat2/install/micro_ros_custom_interfaces:/home/asd/ros2_ws_goat2/install/Qr_action:/home/asd/ros2_ws4/install/esp_wifi:/home/asd/ros2_ws4/install/maping_odom:/home/asd/ros2_ws9/install/turtlebot3_simulations:/home/asd/ros2_ws9/install/turtlebot3_gazebo_goat:/home/asd/ros2_ws9/install/turtlebot3_fake_node:/home/asd/ros2_ws9/install/testbed_gazebo_goat:/home/asd/ros2_ws9/install/testbed_description_goat:/home/asd/ros2_ws9/install/my_goat_pkg:/home/asd/ros2_ws9/install/goat_interfaces:/home/asd/ros2_ws9/install/goat_gazebo:/home/asd/ros2_ws7/install/my_py_pkg_anscer:/home/asd/ros2_ws/install/turtlesim_catch_them_all:/home/asd/ros2_ws/install/my_py_pkg:/opt/ros/humble /usr/bin/cmake /home/asd/temp_git_repo/sakar_asignment/src/single_robo_bringup -DCMAKE_INSTALL_PREFIX=/home/asd/temp_git_repo/sakar_asignment/install/single_robo_bringup
[0.571s] DEBUG:colcon.colcon_core.event_handler.log_command:Invoking command in '/home/asd/temp_git_repo/sakar_asignment/build/single_robo_discription': CMAKE_PREFIX_PATH=${CMAKE_PREFIX_PATH}:/home/asd/ros2_ws_goat2/install/multi_robo_simulator:/home/asd/ros2_ws_goat2/install/swarm_interfaces:/home/asd/ros2_ws_goat2/install/my_robot_description2:/home/asd/ros2_ws_goat2/install/my_robot_bringup2:/home/asd/ros2_ws_goat2/install/goat_robo_discription:/home/asd/ros2_ws_goat2/install/micro_ros_server:/home/asd/ros2_ws_goat2/install/micro_ros_custom_interfaces:/home/asd/ros2_ws_goat2/install/Qr_action:/home/asd/ros2_ws4/install/esp_wifi:/home/asd/ros2_ws4/install/maping_odom:/home/asd/ros2_ws9/install/turtlebot3_simulations:/home/asd/ros2_ws9/install/turtlebot3_gazebo_goat:/home/asd/ros2_ws9/install/turtlebot3_fake_node:/home/asd/ros2_ws9/install/testbed_gazebo_goat:/home/asd/ros2_ws9/install/testbed_description_goat:/home/asd/ros2_ws9/install/my_goat_pkg:/home/asd/ros2_ws9/install/goat_interfaces:/home/asd/ros2_ws9/install/goat_gazebo:/home/asd/ros2_ws7/install/my_py_pkg_anscer:/home/asd/ros2_ws/install/turtlesim_catch_them_all:/home/asd/ros2_ws/install/my_py_pkg:/opt/ros/humble /usr/bin/cmake /home/asd/temp_git_repo/sakar_asignment/src/single_robo_discription -DCMAKE_INSTALL_PREFIX=/home/asd/temp_git_repo/sakar_asignment/install/single_robo_discription
[1.006s] INFO:colcon.colcon_core.task.python.build:Building Python package in '/home/asd/temp_git_repo/sakar_asignment/src/single_robo_odometry'
[1.006s] INFO:colcon.colcon_core.shell:Skip shell extension 'powershell' for command environment: Not usable outside of PowerShell
[1.006s] DEBUG:colcon.colcon_core.shell:Skip shell extension 'dsv' for command environment
[1.633s] DEBUG:colcon.colcon_core.event_handler.log_command:Invoked command in '/home/asd/temp_git_repo/sakar_asignment/build/single_robo_discription' returned '0': CMAKE_PREFIX_PATH=${CMAKE_PREFIX_PATH}:/home/asd/ros2_ws_goat2/install/multi_robo_simulator:/home/asd/ros2_ws_goat2/install/swarm_interfaces:/home/asd/ros2_ws_goat2/install/my_robot_description2:/home/asd/ros2_ws_goat2/install/my_robot_bringup2:/home/asd/ros2_ws_goat2/install/goat_robo_discription:/home/asd/ros2_ws_goat2/install/micro_ros_server:/home/asd/ros2_ws_goat2/install/micro_ros_custom_interfaces:/home/asd/ros2_ws_goat2/install/Qr_action:/home/asd/ros2_ws4/install/esp_wifi:/home/asd/ros2_ws4/install/maping_odom:/home/asd/ros2_ws9/install/turtlebot3_simulations:/home/asd/ros2_ws9/install/turtlebot3_gazebo_goat:/home/asd/ros2_ws9/install/turtlebot3_fake_node:/home/asd/ros2_ws9/install/testbed_gazebo_goat:/home/asd/ros2_ws9/install/testbed_description_goat:/home/asd/ros2_ws9/install/my_goat_pkg:/home/asd/ros2_ws9/install/goat_interfaces:/home/asd/ros2_ws9/install/goat_gazebo:/home/asd/ros2_ws7/install/my_py_pkg_anscer:/home/asd/ros2_ws/install/turtlesim_catch_them_all:/home/asd/ros2_ws/install/my_py_pkg:/opt/ros/humble /usr/bin/cmake /home/asd/temp_git_repo/sakar_asignment/src/single_robo_discription -DCMAKE_INSTALL_PREFIX=/home/asd/temp_git_repo/sakar_asignment/install/single_robo_discription
[1.637s] DEBUG:colcon.colcon_core.event_handler.log_command:Invoking command in '/home/asd/temp_git_repo/sakar_asignment/build/single_robo_discription': CMAKE_PREFIX_PATH=${CMAKE_PREFIX_PATH}:/home/asd/ros2_ws_goat2/install/multi_robo_simulator:/home/asd/ros2_ws_goat2/install/swarm_interfaces:/home/asd/ros2_ws_goat2/install/my_robot_description2:/home/asd/ros2_ws_goat2/install/my_robot_bringup2:/home/asd/ros2_ws_goat2/install/goat_robo_discription:/home/asd/ros2_ws_goat2/install/micro_ros_server:/home/asd/ros2_ws_goat2/install/micro_ros_custom_interfaces:/home/asd/ros2_ws_goat2/install/Qr_action:/home/asd/ros2_ws4/install/esp_wifi:/home/asd/ros2_ws4/install/maping_odom:/home/asd/ros2_ws9/install/turtlebot3_simulations:/home/asd/ros2_ws9/install/turtlebot3_gazebo_goat:/home/asd/ros2_ws9/install/turtlebot3_fake_node:/home/asd/ros2_ws9/install/testbed_gazebo_goat:/home/asd/ros2_ws9/install/testbed_description_goat:/home/asd/ros2_ws9/install/my_goat_pkg:/home/asd/ros2_ws9/install/goat_interfaces:/home/asd/ros2_ws9/install/goat_gazebo:/home/asd/ros2_ws7/install/my_py_pkg_anscer:/home/asd/ros2_ws/install/turtlesim_catch_them_all:/home/asd/ros2_ws/install/my_py_pkg:/opt/ros/humble /usr/bin/cmake --build /home/asd/temp_git_repo/sakar_asignment/build/single_robo_discription -- -j8 -l8
[1.663s] DEBUG:colcon.colcon_core.event_handler.log_command:Invoking command in '/home/asd/temp_git_repo/sakar_asignment/src/single_robo_odometry': PYTHONPATH=/home/asd/temp_git_repo/sakar_asignment/build/single_robo_odometry/prefix_override:/usr/lib/python3/dist-packages/colcon_core/task/python/colcon_distutils_commands:/home/asd/temp_git_repo/sakar_asignment/install/single_robo_odometry/lib/python3.10/site-packages:${PYTHONPATH} /usr/bin/python3 -W ignore:setup.py install is deprecated -W ignore:easy_install command is deprecated setup.py egg_info --egg-base ../../build/single_robo_odometry build --build-base /home/asd/temp_git_repo/sakar_asignment/build/single_robo_odometry/build install --record /home/asd/temp_git_repo/sakar_asignment/build/single_robo_odometry/install.log --single-version-externally-managed install_data
[1.679s] DEBUG:colcon.colcon_core.event_handler.log_command:Invoked command in '/home/asd/temp_git_repo/sakar_asignment/build/single_robo_bringup' returned '0': CMAKE_PREFIX_PATH=${CMAKE_PREFIX_PATH}:/home/asd/ros2_ws_goat2/install/multi_robo_simulator:/home/asd/ros2_ws_goat2/install/swarm_interfaces:/home/asd/ros2_ws_goat2/install/my_robot_description2:/home/asd/ros2_ws_goat2/install/my_robot_bringup2:/home/asd/ros2_ws_goat2/install/goat_robo_discription:/home/asd/ros2_ws_goat2/install/micro_ros_server:/home/asd/ros2_ws_goat2/install/micro_ros_custom_interfaces:/home/asd/ros2_ws_goat2/install/Qr_action:/home/asd/ros2_ws4/install/esp_wifi:/home/asd/ros2_ws4/install/maping_odom:/home/asd/ros2_ws9/install/turtlebot3_simulations:/home/asd/ros2_ws9/install/turtlebot3_gazebo_goat:/home/asd/ros2_ws9/install/turtlebot3_fake_node:/home/asd/ros2_ws9/install/testbed_gazebo_goat:/home/asd/ros2_ws9/install/testbed_description_goat:/home/asd/ros2_ws9/install/my_goat_pkg:/home/asd/ros2_ws9/install/goat_interfaces:/home/asd/ros2_ws9/install/goat_gazebo:/home/asd/ros2_ws7/install/my_py_pkg_anscer:/home/asd/ros2_ws/install/turtlesim_catch_them_all:/home/asd/ros2_ws/install/my_py_pkg:/opt/ros/humble /usr/bin/cmake /home/asd/temp_git_repo/sakar_asignment/src/single_robo_bringup -DCMAKE_INSTALL_PREFIX=/home/asd/temp_git_repo/sakar_asignment/install/single_robo_bringup
[1.681s] DEBUG:colcon.colcon_core.event_handler.log_command:Invoking command in '/home/asd/temp_git_repo/sakar_asignment/build/single_robo_bringup': CMAKE_PREFIX_PATH=${CMAKE_PREFIX_PATH}:/home/asd/ros2_ws_goat2/install/multi_robo_simulator:/home/asd/ros2_ws_goat2/install/swarm_interfaces:/home/asd/ros2_ws_goat2/install/my_robot_description2:/home/asd/ros2_ws_goat2/install/my_robot_bringup2:/home/asd/ros2_ws_goat2/install/goat_robo_discription:/home/asd/ros2_ws_goat2/install/micro_ros_server:/home/asd/ros2_ws_goat2/install/micro_ros_custom_interfaces:/home/asd/ros2_ws_goat2/install/Qr_action:/home/asd/ros2_ws4/install/esp_wifi:/home/asd/ros2_ws4/install/maping_odom:/home/asd/ros2_ws9/install/turtlebot3_simulations:/home/asd/ros2_ws9/install/turtlebot3_gazebo_goat:/home/asd/ros2_ws9/install/turtlebot3_fake_node:/home/asd/ros2_ws9/install/testbed_gazebo_goat:/home/asd/ros2_ws9/install/testbed_description_goat:/home/asd/ros2_ws9/install/my_goat_pkg:/home/asd/ros2_ws9/install/goat_interfaces:/home/asd/ros2_ws9/install/goat_gazebo:/home/asd/ros2_ws7/install/my_py_pkg_anscer:/home/asd/ros2_ws/install/turtlesim_catch_them_all:/home/asd/ros2_ws/install/my_py_pkg:/opt/ros/humble /usr/bin/cmake --build /home/asd/temp_git_repo/sakar_asignment/build/single_robo_bringup -- -j8 -l8
[1.715s] DEBUG:colcon.colcon_core.event_handler.log_command:Invoked command in '/home/asd/temp_git_repo/sakar_asignment/build/single_robo_discription' returned '0': CMAKE_PREFIX_PATH=${CMAKE_PREFIX_PATH}:/home/asd/ros2_ws_goat2/install/multi_robo_simulator:/home/asd/ros2_ws_goat2/install/swarm_interfaces:/home/asd/ros2_ws_goat2/install/my_robot_description2:/home/asd/ros2_ws_goat2/install/my_robot_bringup2:/home/asd/ros2_ws_goat2/install/goat_robo_discription:/home/asd/ros2_ws_goat2/install/micro_ros_server:/home/asd/ros2_ws_goat2/install/micro_ros_custom_interfaces:/home/asd/ros2_ws_goat2/install/Qr_action:/home/asd/ros2_ws4/install/esp_wifi:/home/asd/ros2_ws4/install/maping_odom:/home/asd/ros2_ws9/install/turtlebot3_simulations:/home/asd/ros2_ws9/install/turtlebot3_gazebo_goat:/home/asd/ros2_ws9/install/turtlebot3_fake_node:/home/asd/ros2_ws9/install/testbed_gazebo_goat:/home/asd/ros2_ws9/install/testbed_description_goat:/home/asd/ros2_ws9/install/my_goat_pkg:/home/asd/ros2_ws9/install/goat_interfaces:/home/asd/ros2_ws9/install/goat_gazebo:/home/asd/ros2_ws7/install/my_py_pkg_anscer:/home/asd/ros2_ws/install/turtlesim_catch_them_all:/home/asd/ros2_ws/install/my_py_pkg:/opt/ros/humble /usr/bin/cmake --build /home/asd/temp_git_repo/sakar_asignment/build/single_robo_discription -- -j8 -l8
[1.733s] DEBUG:colcon.colcon_core.event_handler.log_command:Invoking command in '/home/asd/temp_git_repo/sakar_asignment/build/single_robo_discription': CMAKE_PREFIX_PATH=${CMAKE_PREFIX_PATH}:/home/asd/ros2_ws_goat2/install/multi_robo_simulator:/home/asd/ros2_ws_goat2/install/swarm_interfaces:/home/asd/ros2_ws_goat2/install/my_robot_description2:/home/asd/ros2_ws_goat2/install/my_robot_bringup2:/home/asd/ros2_ws_goat2/install/goat_robo_discription:/home/asd/ros2_ws_goat2/install/micro_ros_server:/home/asd/ros2_ws_goat2/install/micro_ros_custom_interfaces:/home/asd/ros2_ws_goat2/install/Qr_action:/home/asd/ros2_ws4/install/esp_wifi:/home/asd/ros2_ws4/install/maping_odom:/home/asd/ros2_ws9/install/turtlebot3_simulations:/home/asd/ros2_ws9/install/turtlebot3_gazebo_goat:/home/asd/ros2_ws9/install/turtlebot3_fake_node:/home/asd/ros2_ws9/install/testbed_gazebo_goat:/home/asd/ros2_ws9/install/testbed_description_goat:/home/asd/ros2_ws9/install/my_goat_pkg:/home/asd/ros2_ws9/install/goat_interfaces:/home/asd/ros2_ws9/install/goat_gazebo:/home/asd/ros2_ws7/install/my_py_pkg_anscer:/home/asd/ros2_ws/install/turtlesim_catch_them_all:/home/asd/ros2_ws/install/my_py_pkg:/opt/ros/humble /usr/bin/cmake --install /home/asd/temp_git_repo/sakar_asignment/build/single_robo_discription
[1.752s] DEBUG:colcon.colcon_core.event_handler.log_command:Invoked command in '/home/asd/temp_git_repo/sakar_asignment/build/single_robo_bringup' returned '0': CMAKE_PREFIX_PATH=${CMAKE_PREFIX_PATH}:/home/asd/ros2_ws_goat2/install/multi_robo_simulator:/home/asd/ros2_ws_goat2/install/swarm_interfaces:/home/asd/ros2_ws_goat2/install/my_robot_description2:/home/asd/ros2_ws_goat2/install/my_robot_bringup2:/home/asd/ros2_ws_goat2/install/goat_robo_discription:/home/asd/ros2_ws_goat2/install/micro_ros_server:/home/asd/ros2_ws_goat2/install/micro_ros_custom_interfaces:/home/asd/ros2_ws_goat2/install/Qr_action:/home/asd/ros2_ws4/install/esp_wifi:/home/asd/ros2_ws4/install/maping_odom:/home/asd/ros2_ws9/install/turtlebot3_simulations:/home/asd/ros2_ws9/install/turtlebot3_gazebo_goat:/home/asd/ros2_ws9/install/turtlebot3_fake_node:/home/asd/ros2_ws9/install/testbed_gazebo_goat:/home/asd/ros2_ws9/install/testbed_description_goat:/home/asd/ros2_ws9/install/my_goat_pkg:/home/asd/ros2_ws9/install/goat_interfaces:/home/asd/ros2_ws9/install/goat_gazebo:/home/asd/ros2_ws7/install/my_py_pkg_anscer:/home/asd/ros2_ws/install/turtlesim_catch_them_all:/home/asd/ros2_ws/install/my_py_pkg:/opt/ros/humble /usr/bin/cmake --build /home/asd/temp_git_repo/sakar_asignment/build/single_robo_bringup -- -j8 -l8
[1.756s] DEBUG:colcon.colcon_core.event_handler.log_command:Invoking command in '/home/asd/temp_git_repo/sakar_asignment/build/single_robo_bringup': CMAKE_PREFIX_PATH=${CMAKE_PREFIX_PATH}:/home/asd/ros2_ws_goat2/install/multi_robo_simulator:/home/asd/ros2_ws_goat2/install/swarm_interfaces:/home/asd/ros2_ws_goat2/install/my_robot_description2:/home/asd/ros2_ws_goat2/install/my_robot_bringup2:/home/asd/ros2_ws_goat2/install/goat_robo_discription:/home/asd/ros2_ws_goat2/install/micro_ros_server:/home/asd/ros2_ws_goat2/install/micro_ros_custom_interfaces:/home/asd/ros2_ws_goat2/install/Qr_action:/home/asd/ros2_ws4/install/esp_wifi:/home/asd/ros2_ws4/install/maping_odom:/home/asd/ros2_ws9/install/turtlebot3_simulations:/home/asd/ros2_ws9/install/turtlebot3_gazebo_goat:/home/asd/ros2_ws9/install/turtlebot3_fake_node:/home/asd/ros2_ws9/install/testbed_gazebo_goat:/home/asd/ros2_ws9/install/testbed_description_goat:/home/asd/ros2_ws9/install/my_goat_pkg:/home/asd/ros2_ws9/install/goat_interfaces:/home/asd/ros2_ws9/install/goat_gazebo:/home/asd/ros2_ws7/install/my_py_pkg_anscer:/home/asd/ros2_ws/install/turtlesim_catch_them_all:/home/asd/ros2_ws/install/my_py_pkg:/opt/ros/humble /usr/bin/cmake --install /home/asd/temp_git_repo/sakar_asignment/build/single_robo_bringup
[1.757s] Level 1:colcon.colcon_core.environment:create_environment_scripts_only(single_robo_discription)
[1.759s] DEBUG:colcon.colcon_core.event_handler.log_command:Invoked command in '/home/asd/temp_git_repo/sakar_asignment/build/single_robo_discription' returned '0': CMAKE_PREFIX_PATH=${CMAKE_PREFIX_PATH}:/home/asd/ros2_ws_goat2/install/multi_robo_simulator:/home/asd/ros2_ws_goat2/install/swarm_interfaces:/home/asd/ros2_ws_goat2/install/my_robot_description2:/home/asd/ros2_ws_goat2/install/my_robot_bringup2:/home/asd/ros2_ws_goat2/install/goat_robo_discription:/home/asd/ros2_ws_goat2/install/micro_ros_server:/home/asd/ros2_ws_goat2/install/micro_ros_custom_interfaces:/home/asd/ros2_ws_goat2/install/Qr_action:/home/asd/ros2_ws4/install/esp_wifi:/home/asd/ros2_ws4/install/maping_odom:/home/asd/ros2_ws9/install/turtlebot3_simulations:/home/asd/ros2_ws9/install/turtlebot3_gazebo_goat:/home/asd/ros2_ws9/install/turtlebot3_fake_node:/home/asd/ros2_ws9/install/testbed_gazebo_goat:/home/asd/ros2_ws9/install/testbed_description_goat:/home/asd/ros2_ws9/install/my_goat_pkg:/home/asd/ros2_ws9/install/goat_interfaces:/home/asd/ros2_ws9/install/goat_gazebo:/home/asd/ros2_ws7/install/my_py_pkg_anscer:/home/asd/ros2_ws/install/turtlesim_catch_them_all:/home/asd/ros2_ws/install/my_py_pkg:/opt/ros/humble /usr/bin/cmake --install /home/asd/temp_git_repo/sakar_asignment/build/single_robo_discription
[1.764s] Level 1:colcon.colcon_core.environment:checking '/home/asd/temp_git_repo/sakar_asignment/install/single_robo_discription' for CMake module files
[1.766s] Level 1:colcon.colcon_core.environment:checking '/home/asd/temp_git_repo/sakar_asignment/install/single_robo_discription' for CMake config files
[1.766s] Level 1:colcon.colcon_core.shell:create_environment_hook('single_robo_discription', 'cmake_prefix_path')
[1.767s] INFO:colcon.colcon_core.shell:Creating environment hook '/home/asd/temp_git_repo/sakar_asignment/install/single_robo_discription/share/single_robo_discription/hook/cmake_prefix_path.ps1'
[1.770s] INFO:colcon.colcon_core.shell:Creating environment descriptor '/home/asd/temp_git_repo/sakar_asignment/install/single_robo_discription/share/single_robo_discription/hook/cmake_prefix_path.dsv'
[1.773s] INFO:colcon.colcon_core.shell:Creating environment hook '/home/asd/temp_git_repo/sakar_asignment/install/single_robo_discription/share/single_robo_discription/hook/cmake_prefix_path.sh'
[1.774s] Level 1:colcon.colcon_core.environment:checking '/home/asd/temp_git_repo/sakar_asignment/install/single_robo_discription/bin'
[1.774s] Level 1:colcon.colcon_core.environment:checking '/home/asd/temp_git_repo/sakar_asignment/install/single_robo_discription/lib/pkgconfig/single_robo_discription.pc'
[1.774s] Level 1:colcon.colcon_core.environment:checking '/home/asd/temp_git_repo/sakar_asignment/install/single_robo_discription/lib/python3.10/site-packages'
[1.775s] Level 1:colcon.colcon_core.environment:checking '/home/asd/temp_git_repo/sakar_asignment/install/single_robo_discription/bin'
[1.775s] INFO:colcon.colcon_core.shell:Creating package script '/home/asd/temp_git_repo/sakar_asignment/install/single_robo_discription/share/single_robo_discription/package.ps1'
[1.777s] INFO:colcon.colcon_core.shell:Creating package descriptor '/home/asd/temp_git_repo/sakar_asignment/install/single_robo_discription/share/single_robo_discription/package.dsv'
[1.778s] INFO:colcon.colcon_core.shell:Creating package script '/home/asd/temp_git_repo/sakar_asignment/install/single_robo_discription/share/single_robo_discription/package.sh'
[1.779s] INFO:colcon.colcon_core.shell:Creating package script '/home/asd/temp_git_repo/sakar_asignment/install/single_robo_discription/share/single_robo_discription/package.bash'
[1.780s] INFO:colcon.colcon_core.shell:Creating package script '/home/asd/temp_git_repo/sakar_asignment/install/single_robo_discription/share/single_robo_discription/package.zsh'
[1.781s] Level 1:colcon.colcon_core.environment:create_file_with_runtime_dependencies(/home/asd/temp_git_repo/sakar_asignment/install/single_robo_discription/share/colcon-core/packages/single_robo_discription)
[1.783s] Level 1:colcon.colcon_core.environment:create_environment_scripts_only(single_robo_discription)
[1.783s] Level 1:colcon.colcon_core.environment:checking '/home/asd/temp_git_repo/sakar_asignment/install/single_robo_discription' for CMake module files
[1.785s] Level 1:colcon.colcon_core.environment:checking '/home/asd/temp_git_repo/sakar_asignment/install/single_robo_discription' for CMake config files
[1.785s] Level 1:colcon.colcon_core.shell:create_environment_hook('single_robo_discription', 'cmake_prefix_path')
[1.786s] INFO:colcon.colcon_core.shell:Creating environment hook '/home/asd/temp_git_repo/sakar_asignment/install/single_robo_discription/share/single_robo_discription/hook/cmake_prefix_path.ps1'
[1.787s] INFO:colcon.colcon_core.shell:Creating environment descriptor '/home/asd/temp_git_repo/sakar_asignment/install/single_robo_discription/share/single_robo_discription/hook/cmake_prefix_path.dsv'
[1.787s] INFO:colcon.colcon_core.shell:Creating environment hook '/home/asd/temp_git_repo/sakar_asignment/install/single_robo_discription/share/single_robo_discription/hook/cmake_prefix_path.sh'
[1.788s] Level 1:colcon.colcon_core.environment:checking '/home/asd/temp_git_repo/sakar_asignment/install/single_robo_discription/bin'
[1.788s] Level 1:colcon.colcon_core.environment:checking '/home/asd/temp_git_repo/sakar_asignment/install/single_robo_discription/lib/pkgconfig/single_robo_discription.pc'
[1.789s] Level 1:colcon.colcon_core.environment:checking '/home/asd/temp_git_repo/sakar_asignment/install/single_robo_discription/lib/python3.10/site-packages'
[1.789s] Level 1:colcon.colcon_core.environment:checking '/home/asd/temp_git_repo/sakar_asignment/install/single_robo_discription/bin'
[1.790s] INFO:colcon.colcon_core.shell:Creating package script '/home/asd/temp_git_repo/sakar_asignment/install/single_robo_discription/share/single_robo_discription/package.ps1'
[1.791s] INFO:colcon.colcon_core.shell:Creating package descriptor '/home/asd/temp_git_repo/sakar_asignment/install/single_robo_discription/share/single_robo_discription/package.dsv'
[1.792s] INFO:colcon.colcon_core.shell:Creating package script '/home/asd/temp_git_repo/sakar_asignment/install/single_robo_discription/share/single_robo_discription/package.sh'
[1.792s] INFO:colcon.colcon_core.shell:Creating package script '/home/asd/temp_git_repo/sakar_asignment/install/single_robo_discription/share/single_robo_discription/package.bash'
[1.793s] INFO:colcon.colcon_core.shell:Creating package script '/home/asd/temp_git_repo/sakar_asignment/install/single_robo_discription/share/single_robo_discription/package.zsh'
[1.794s] Level 1:colcon.colcon_core.environment:create_file_with_runtime_dependencies(/home/asd/temp_git_repo/sakar_asignment/install/single_robo_discription/share/colcon-core/packages/single_robo_discription)
[1.795s] Level 1:colcon.colcon_core.environment:create_environment_scripts_only(single_robo_bringup)
[1.796s] Level 1:colcon.colcon_core.environment:checking '/home/asd/temp_git_repo/sakar_asignment/install/single_robo_bringup' for CMake module files
[1.797s] DEBUG:colcon.colcon_core.event_handler.log_command:Invoked command in '/home/asd/temp_git_repo/sakar_asignment/build/single_robo_bringup' returned '0': CMAKE_PREFIX_PATH=${CMAKE_PREFIX_PATH}:/home/asd/ros2_ws_goat2/install/multi_robo_simulator:/home/asd/ros2_ws_goat2/install/swarm_interfaces:/home/asd/ros2_ws_goat2/install/my_robot_description2:/home/asd/ros2_ws_goat2/install/my_robot_bringup2:/home/asd/ros2_ws_goat2/install/goat_robo_discription:/home/asd/ros2_ws_goat2/install/micro_ros_server:/home/asd/ros2_ws_goat2/install/micro_ros_custom_interfaces:/home/asd/ros2_ws_goat2/install/Qr_action:/home/asd/ros2_ws4/install/esp_wifi:/home/asd/ros2_ws4/install/maping_odom:/home/asd/ros2_ws9/install/turtlebot3_simulations:/home/asd/ros2_ws9/install/turtlebot3_gazebo_goat:/home/asd/ros2_ws9/install/turtlebot3_fake_node:/home/asd/ros2_ws9/install/testbed_gazebo_goat:/home/asd/ros2_ws9/install/testbed_description_goat:/home/asd/ros2_ws9/install/my_goat_pkg:/home/asd/ros2_ws9/install/goat_interfaces:/home/asd/ros2_ws9/install/goat_gazebo:/home/asd/ros2_ws7/install/my_py_pkg_anscer:/home/asd/ros2_ws/install/turtlesim_catch_them_all:/home/asd/ros2_ws/install/my_py_pkg:/opt/ros/humble /usr/bin/cmake --install /home/asd/temp_git_repo/sakar_asignment/build/single_robo_bringup
[1.797s] Level 1:colcon.colcon_core.environment:checking '/home/asd/temp_git_repo/sakar_asignment/install/single_robo_bringup' for CMake config files
[1.798s] Level 1:colcon.colcon_core.shell:create_environment_hook('single_robo_bringup', 'cmake_prefix_path')
[1.798s] INFO:colcon.colcon_core.shell:Creating environment hook '/home/asd/temp_git_repo/sakar_asignment/install/single_robo_bringup/share/single_robo_bringup/hook/cmake_prefix_path.ps1'
[1.799s] INFO:colcon.colcon_core.shell:Creating environment descriptor '/home/asd/temp_git_repo/sakar_asignment/install/single_robo_bringup/share/single_robo_bringup/hook/cmake_prefix_path.dsv'
[1.800s] INFO:colcon.colcon_core.shell:Creating environment hook '/home/asd/temp_git_repo/sakar_asignment/install/single_robo_bringup/share/single_robo_bringup/hook/cmake_prefix_path.sh'
[1.801s] Level 1:colcon.colcon_core.environment:checking '/home/asd/temp_git_repo/sakar_asignment/install/single_robo_bringup/bin'
[1.801s] Level 1:colcon.colcon_core.environment:checking '/home/asd/temp_git_repo/sakar_asignment/install/single_robo_bringup/lib/pkgconfig/single_robo_bringup.pc'
[1.801s] Level 1:colcon.colcon_core.environment:checking '/home/asd/temp_git_repo/sakar_asignment/install/single_robo_bringup/lib/python3.10/site-packages'
[1.802s] Level 1:colcon.colcon_core.environment:checking '/home/asd/temp_git_repo/sakar_asignment/install/single_robo_bringup/bin'
[1.803s] INFO:colcon.colcon_core.shell:Creating package script '/home/asd/temp_git_repo/sakar_asignment/install/single_robo_bringup/share/single_robo_bringup/package.ps1'
[1.804s] INFO:colcon.colcon_core.shell:Creating package descriptor '/home/asd/temp_git_repo/sakar_asignment/install/single_robo_bringup/share/single_robo_bringup/package.dsv'
[1.804s] INFO:colcon.colcon_core.shell:Creating package script '/home/asd/temp_git_repo/sakar_asignment/install/single_robo_bringup/share/single_robo_bringup/package.sh'
[1.805s] INFO:colcon.colcon_core.shell:Creating package script '/home/asd/temp_git_repo/sakar_asignment/install/single_robo_bringup/share/single_robo_bringup/package.bash'
[1.806s] INFO:colcon.colcon_core.shell:Creating package script '/home/asd/temp_git_repo/sakar_asignment/install/single_robo_bringup/share/single_robo_bringup/package.zsh'
[1.807s] Level 1:colcon.colcon_core.environment:create_file_with_runtime_dependencies(/home/asd/temp_git_repo/sakar_asignment/install/single_robo_bringup/share/colcon-core/packages/single_robo_bringup)
[1.808s] Level 1:colcon.colcon_core.environment:create_environment_scripts_only(single_robo_bringup)
[1.809s] Level 1:colcon.colcon_core.environment:checking '/home/asd/temp_git_repo/sakar_asignment/install/single_robo_bringup' for CMake module files
[1.810s] Level 1:colcon.colcon_core.environment:checking '/home/asd/temp_git_repo/sakar_asignment/install/single_robo_bringup' for CMake config files
[1.811s] Level 1:colcon.colcon_core.shell:create_environment_hook('single_robo_bringup', 'cmake_prefix_path')
[1.812s] INFO:colcon.colcon_core.shell:Creating environment hook '/home/asd/temp_git_repo/sakar_asignment/install/single_robo_bringup/share/single_robo_bringup/hook/cmake_prefix_path.ps1'
[1.813s] INFO:colcon.colcon_core.shell:Creating environment descriptor '/home/asd/temp_git_repo/sakar_asignment/install/single_robo_bringup/share/single_robo_bringup/hook/cmake_prefix_path.dsv'
[1.813s] INFO:colcon.colcon_core.shell:Creating environment hook '/home/asd/temp_git_repo/sakar_asignment/install/single_robo_bringup/share/single_robo_bringup/hook/cmake_prefix_path.sh'
[1.814s] Level 1:colcon.colcon_core.environment:checking '/home/asd/temp_git_repo/sakar_asignment/install/single_robo_bringup/bin'
[1.814s] Level 1:colcon.colcon_core.environment:checking '/home/asd/temp_git_repo/sakar_asignment/install/single_robo_bringup/lib/pkgconfig/single_robo_bringup.pc'
[1.815s] Level 1:colcon.colcon_core.environment:checking '/home/asd/temp_git_repo/sakar_asignment/install/single_robo_bringup/lib/python3.10/site-packages'
[1.815s] Level 1:colcon.colcon_core.environment:checking '/home/asd/temp_git_repo/sakar_asignment/install/single_robo_bringup/bin'
[1.816s] INFO:colcon.colcon_core.shell:Creating package script '/home/asd/temp_git_repo/sakar_asignment/install/single_robo_bringup/share/single_robo_bringup/package.ps1'
[1.816s] INFO:colcon.colcon_core.shell:Creating package descriptor '/home/asd/temp_git_repo/sakar_asignment/install/single_robo_bringup/share/single_robo_bringup/package.dsv'
[1.817s] INFO:colcon.colcon_core.shell:Creating package script '/home/asd/temp_git_repo/sakar_asignment/install/single_robo_bringup/share/single_robo_bringup/package.sh'
[1.818s] INFO:colcon.colcon_core.shell:Creating package script '/home/asd/temp_git_repo/sakar_asignment/install/single_robo_bringup/share/single_robo_bringup/package.bash'
[1.819s] INFO:colcon.colcon_core.shell:Creating package script '/home/asd/temp_git_repo/sakar_asignment/install/single_robo_bringup/share/single_robo_bringup/package.zsh'
[1.820s] Level 1:colcon.colcon_core.environment:create_file_with_runtime_dependencies(/home/asd/temp_git_repo/sakar_asignment/install/single_robo_bringup/share/colcon-core/packages/single_robo_bringup)
[2.120s] Level 1:colcon.colcon_core.environment:checking '/home/asd/temp_git_repo/sakar_asignment/install/single_robo_odometry' for CMake module files
[2.121s] DEBUG:colcon.colcon_core.event_handler.log_command:Invoked command in '/home/asd/temp_git_repo/sakar_asignment/src/single_robo_odometry' returned '0': PYTHONPATH=/home/asd/temp_git_repo/sakar_asignment/build/single_robo_odometry/prefix_override:/usr/lib/python3/dist-packages/colcon_core/task/python/colcon_distutils_commands:/home/asd/temp_git_repo/sakar_asignment/install/single_robo_odometry/lib/python3.10/site-packages:${PYTHONPATH} /usr/bin/python3 -W ignore:setup.py install is deprecated -W ignore:easy_install command is deprecated setup.py egg_info --egg-base ../../build/single_robo_odometry build --build-base /home/asd/temp_git_repo/sakar_asignment/build/single_robo_odometry/build install --record /home/asd/temp_git_repo/sakar_asignment/build/single_robo_odometry/install.log --single-version-externally-managed install_data
[2.122s] Level 1:colcon.colcon_core.environment:checking '/home/asd/temp_git_repo/sakar_asignment/install/single_robo_odometry' for CMake config files
[2.122s] Level 1:colcon.colcon_core.environment:checking '/home/asd/temp_git_repo/sakar_asignment/install/single_robo_odometry/lib'
[2.123s] Level 1:colcon.colcon_core.environment:checking '/home/asd/temp_git_repo/sakar_asignment/install/single_robo_odometry/bin'
[2.123s] Level 1:colcon.colcon_core.environment:checking '/home/asd/temp_git_repo/sakar_asignment/install/single_robo_odometry/lib/pkgconfig/single_robo_odometry.pc'
[2.123s] Level 1:colcon.colcon_core.environment:checking '/home/asd/temp_git_repo/sakar_asignment/install/single_robo_odometry/lib/python3.10/site-packages'
[2.123s] Level 1:colcon.colcon_core.shell:create_environment_hook('single_robo_odometry', 'pythonpath')
[2.123s] INFO:colcon.colcon_core.shell:Creating environment hook '/home/asd/temp_git_repo/sakar_asignment/install/single_robo_odometry/share/single_robo_odometry/hook/pythonpath.ps1'
[2.124s] INFO:colcon.colcon_core.shell:Creating environment descriptor '/home/asd/temp_git_repo/sakar_asignment/install/single_robo_odometry/share/single_robo_odometry/hook/pythonpath.dsv'
[2.124s] INFO:colcon.colcon_core.shell:Creating environment hook '/home/asd/temp_git_repo/sakar_asignment/install/single_robo_odometry/share/single_robo_odometry/hook/pythonpath.sh'
[2.125s] Level 1:colcon.colcon_core.environment:checking '/home/asd/temp_git_repo/sakar_asignment/install/single_robo_odometry/bin'
[2.125s] Level 1:colcon.colcon_core.environment:create_environment_scripts_only(single_robo_odometry)
[2.125s] INFO:colcon.colcon_core.shell:Creating package script '/home/asd/temp_git_repo/sakar_asignment/install/single_robo_odometry/share/single_robo_odometry/package.ps1'
[2.126s] INFO:colcon.colcon_core.shell:Creating package descriptor '/home/asd/temp_git_repo/sakar_asignment/install/single_robo_odometry/share/single_robo_odometry/package.dsv'
[2.127s] INFO:colcon.colcon_core.shell:Creating package script '/home/asd/temp_git_repo/sakar_asignment/install/single_robo_odometry/share/single_robo_odometry/package.sh'
[2.127s] INFO:colcon.colcon_core.shell:Creating package script '/home/asd/temp_git_repo/sakar_asignment/install/single_robo_odometry/share/single_robo_odometry/package.bash'
[2.128s] INFO:colcon.colcon_core.shell:Creating package script '/home/asd/temp_git_repo/sakar_asignment/install/single_robo_odometry/share/single_robo_odometry/package.zsh'
[2.128s] Level 1:colcon.colcon_core.environment:create_file_with_runtime_dependencies(/home/asd/temp_git_repo/sakar_asignment/install/single_robo_odometry/share/colcon-core/packages/single_robo_odometry)
[3.095s] DEBUG:colcon.colcon_core.event_handler.log_command:Invoked command in '/home/asd/temp_git_repo/sakar_asignment/build/single_robo_custom_interface' returned '0': CMAKE_PREFIX_PATH=${CMAKE_PREFIX_PATH}:/home/asd/ros2_ws_goat2/install/multi_robo_simulator:/home/asd/ros2_ws_goat2/install/swarm_interfaces:/home/asd/ros2_ws_goat2/install/my_robot_description2:/home/asd/ros2_ws_goat2/install/my_robot_bringup2:/home/asd/ros2_ws_goat2/install/goat_robo_discription:/home/asd/ros2_ws_goat2/install/micro_ros_server:/home/asd/ros2_ws_goat2/install/micro_ros_custom_interfaces:/home/asd/ros2_ws_goat2/install/Qr_action:/home/asd/ros2_ws4/install/esp_wifi:/home/asd/ros2_ws4/install/maping_odom:/home/asd/ros2_ws9/install/turtlebot3_simulations:/home/asd/ros2_ws9/install/turtlebot3_gazebo_goat:/home/asd/ros2_ws9/install/turtlebot3_fake_node:/home/asd/ros2_ws9/install/testbed_gazebo_goat:/home/asd/ros2_ws9/install/testbed_description_goat:/home/asd/ros2_ws9/install/my_goat_pkg:/home/asd/ros2_ws9/install/goat_interfaces:/home/asd/ros2_ws9/install/goat_gazebo:/home/asd/ros2_ws7/install/my_py_pkg_anscer:/home/asd/ros2_ws/install/turtlesim_catch_them_all:/home/asd/ros2_ws/install/my_py_pkg:/opt/ros/humble /usr/bin/cmake /home/asd/temp_git_repo/sakar_asignment/src/single_robo_custom_interface -DCMAKE_INSTALL_PREFIX=/home/asd/temp_git_repo/sakar_asignment/install/single_robo_custom_interface
[3.097s] DEBUG:colcon.colcon_core.event_handler.log_command:Invoking command in '/home/asd/temp_git_repo/sakar_asignment/build/single_robo_custom_interface': CMAKE_PREFIX_PATH=${CMAKE_PREFIX_PATH}:/home/asd/ros2_ws_goat2/install/multi_robo_simulator:/home/asd/ros2_ws_goat2/install/swarm_interfaces:/home/asd/ros2_ws_goat2/install/my_robot_description2:/home/asd/ros2_ws_goat2/install/my_robot_bringup2:/home/asd/ros2_ws_goat2/install/goat_robo_discription:/home/asd/ros2_ws_goat2/install/micro_ros_server:/home/asd/ros2_ws_goat2/install/micro_ros_custom_interfaces:/home/asd/ros2_ws_goat2/install/Qr_action:/home/asd/ros2_ws4/install/esp_wifi:/home/asd/ros2_ws4/install/maping_odom:/home/asd/ros2_ws9/install/turtlebot3_simulations:/home/asd/ros2_ws9/install/turtlebot3_gazebo_goat:/home/asd/ros2_ws9/install/turtlebot3_fake_node:/home/asd/ros2_ws9/install/testbed_gazebo_goat:/home/asd/ros2_ws9/install/testbed_description_goat:/home/asd/ros2_ws9/install/my_goat_pkg:/home/asd/ros2_ws9/install/goat_interfaces:/home/asd/ros2_ws9/install/goat_gazebo:/home/asd/ros2_ws7/install/my_py_pkg_anscer:/home/asd/ros2_ws/install/turtlesim_catch_them_all:/home/asd/ros2_ws/install/my_py_pkg:/opt/ros/humble /usr/bin/cmake --build /home/asd/temp_git_repo/sakar_asignment/build/single_robo_custom_interface -- -j8 -l8
[6.302s] DEBUG:colcon.colcon_core.event_handler.log_command:Invoked command in '/home/asd/temp_git_repo/sakar_asignment/build/single_robo_custom_interface' returned '0': CMAKE_PREFIX_PATH=${CMAKE_PREFIX_PATH}:/home/asd/ros2_ws_goat2/install/multi_robo_simulator:/home/asd/ros2_ws_goat2/install/swarm_interfaces:/home/asd/ros2_ws_goat2/install/my_robot_description2:/home/asd/ros2_ws_goat2/install/my_robot_bringup2:/home/asd/ros2_ws_goat2/install/goat_robo_discription:/home/asd/ros2_ws_goat2/install/micro_ros_server:/home/asd/ros2_ws_goat2/install/micro_ros_custom_interfaces:/home/asd/ros2_ws_goat2/install/Qr_action:/home/asd/ros2_ws4/install/esp_wifi:/home/asd/ros2_ws4/install/maping_odom:/home/asd/ros2_ws9/install/turtlebot3_simulations:/home/asd/ros2_ws9/install/turtlebot3_gazebo_goat:/home/asd/ros2_ws9/install/turtlebot3_fake_node:/home/asd/ros2_ws9/install/testbed_gazebo_goat:/home/asd/ros2_ws9/install/testbed_description_goat:/home/asd/ros2_ws9/install/my_goat_pkg:/home/asd/ros2_ws9/install/goat_interfaces:/home/asd/ros2_ws9/install/goat_gazebo:/home/asd/ros2_ws7/install/my_py_pkg_anscer:/home/asd/ros2_ws/install/turtlesim_catch_them_all:/home/asd/ros2_ws/install/my_py_pkg:/opt/ros/humble /usr/bin/cmake --build /home/asd/temp_git_repo/sakar_asignment/build/single_robo_custom_interface -- -j8 -l8
[6.304s] DEBUG:colcon.colcon_core.event_handler.log_command:Invoking command in '/home/asd/temp_git_repo/sakar_asignment/build/single_robo_custom_interface': CMAKE_PREFIX_PATH=${CMAKE_PREFIX_PATH}:/home/asd/ros2_ws_goat2/install/multi_robo_simulator:/home/asd/ros2_ws_goat2/install/swarm_interfaces:/home/asd/ros2_ws_goat2/install/my_robot_description2:/home/asd/ros2_ws_goat2/install/my_robot_bringup2:/home/asd/ros2_ws_goat2/install/goat_robo_discription:/home/asd/ros2_ws_goat2/install/micro_ros_server:/home/asd/ros2_ws_goat2/install/micro_ros_custom_interfaces:/home/asd/ros2_ws_goat2/install/Qr_action:/home/asd/ros2_ws4/install/esp_wifi:/home/asd/ros2_ws4/install/maping_odom:/home/asd/ros2_ws9/install/turtlebot3_simulations:/home/asd/ros2_ws9/install/turtlebot3_gazebo_goat:/home/asd/ros2_ws9/install/turtlebot3_fake_node:/home/asd/ros2_ws9/install/testbed_gazebo_goat:/home/asd/ros2_ws9/install/testbed_description_goat:/home/asd/ros2_ws9/install/my_goat_pkg:/home/asd/ros2_ws9/install/goat_interfaces:/home/asd/ros2_ws9/install/goat_gazebo:/home/asd/ros2_ws7/install/my_py_pkg_anscer:/home/asd/ros2_ws/install/turtlesim_catch_them_all:/home/asd/ros2_ws/install/my_py_pkg:/opt/ros/humble /usr/bin/cmake --install /home/asd/temp_git_repo/sakar_asignment/build/single_robo_custom_interface
[6.399s] Level 1:colcon.colcon_core.environment:create_environment_scripts_only(single_robo_custom_interface)
[6.399s] Level 1:colcon.colcon_core.environment:checking '/home/asd/temp_git_repo/sakar_asignment/install/single_robo_custom_interface' for CMake module files
[6.400s] DEBUG:colcon.colcon_core.event_handler.log_command:Invoked command in '/home/asd/temp_git_repo/sakar_asignment/build/single_robo_custom_interface' returned '0': CMAKE_PREFIX_PATH=${CMAKE_PREFIX_PATH}:/home/asd/ros2_ws_goat2/install/multi_robo_simulator:/home/asd/ros2_ws_goat2/install/swarm_interfaces:/home/asd/ros2_ws_goat2/install/my_robot_description2:/home/asd/ros2_ws_goat2/install/my_robot_bringup2:/home/asd/ros2_ws_goat2/install/goat_robo_discription:/home/asd/ros2_ws_goat2/install/micro_ros_server:/home/asd/ros2_ws_goat2/install/micro_ros_custom_interfaces:/home/asd/ros2_ws_goat2/install/Qr_action:/home/asd/ros2_ws4/install/esp_wifi:/home/asd/ros2_ws4/install/maping_odom:/home/asd/ros2_ws9/install/turtlebot3_simulations:/home/asd/ros2_ws9/install/turtlebot3_gazebo_goat:/home/asd/ros2_ws9/install/turtlebot3_fake_node:/home/asd/ros2_ws9/install/testbed_gazebo_goat:/home/asd/ros2_ws9/install/testbed_description_goat:/home/asd/ros2_ws9/install/my_goat_pkg:/home/asd/ros2_ws9/install/goat_interfaces:/home/asd/ros2_ws9/install/goat_gazebo:/home/asd/ros2_ws7/install/my_py_pkg_anscer:/home/asd/ros2_ws/install/turtlesim_catch_them_all:/home/asd/ros2_ws/install/my_py_pkg:/opt/ros/humble /usr/bin/cmake --install /home/asd/temp_git_repo/sakar_asignment/build/single_robo_custom_interface
[6.401s] Level 1:colcon.colcon_core.environment:checking '/home/asd/temp_git_repo/sakar_asignment/install/single_robo_custom_interface' for CMake config files
[6.401s] Level 1:colcon.colcon_core.shell:create_environment_hook('single_robo_custom_interface', 'cmake_prefix_path')
[6.401s] INFO:colcon.colcon_core.shell:Creating environment hook '/home/asd/temp_git_repo/sakar_asignment/install/single_robo_custom_interface/share/single_robo_custom_interface/hook/cmake_prefix_path.ps1'
[6.402s] INFO:colcon.colcon_core.shell:Creating environment descriptor '/home/asd/temp_git_repo/sakar_asignment/install/single_robo_custom_interface/share/single_robo_custom_interface/hook/cmake_prefix_path.dsv'
[6.402s] INFO:colcon.colcon_core.shell:Creating environment hook '/home/asd/temp_git_repo/sakar_asignment/install/single_robo_custom_interface/share/single_robo_custom_interface/hook/cmake_prefix_path.sh'
[6.403s] Level 1:colcon.colcon_core.environment:checking '/home/asd/temp_git_repo/sakar_asignment/install/single_robo_custom_interface/lib'
[6.403s] Level 1:colcon.colcon_core.shell:create_environment_hook('single_robo_custom_interface', 'ld_library_path_lib')
[6.403s] INFO:colcon.colcon_core.shell:Creating environment hook '/home/asd/temp_git_repo/sakar_asignment/install/single_robo_custom_interface/share/single_robo_custom_interface/hook/ld_library_path_lib.ps1'
[6.403s] INFO:colcon.colcon_core.shell:Creating environment descriptor '/home/asd/temp_git_repo/sakar_asignment/install/single_robo_custom_interface/share/single_robo_custom_interface/hook/ld_library_path_lib.dsv'
[6.404s] INFO:colcon.colcon_core.shell:Creating environment hook '/home/asd/temp_git_repo/sakar_asignment/install/single_robo_custom_interface/share/single_robo_custom_interface/hook/ld_library_path_lib.sh'
[6.404s] Level 1:colcon.colcon_core.environment:checking '/home/asd/temp_git_repo/sakar_asignment/install/single_robo_custom_interface/bin'
[6.404s] Level 1:colcon.colcon_core.environment:checking '/home/asd/temp_git_repo/sakar_asignment/install/single_robo_custom_interface/lib/pkgconfig/single_robo_custom_interface.pc'
[6.405s] Level 1:colcon.colcon_core.environment:checking '/home/asd/temp_git_repo/sakar_asignment/install/single_robo_custom_interface/lib/python3.10/site-packages'
[6.405s] Level 1:colcon.colcon_core.environment:checking '/home/asd/temp_git_repo/sakar_asignment/install/single_robo_custom_interface/bin'
[6.405s] INFO:colcon.colcon_core.shell:Creating package script '/home/asd/temp_git_repo/sakar_asignment/install/single_robo_custom_interface/share/single_robo_custom_interface/package.ps1'
[6.406s] INFO:colcon.colcon_core.shell:Creating package descriptor '/home/asd/temp_git_repo/sakar_asignment/install/single_robo_custom_interface/share/single_robo_custom_interface/package.dsv'
[6.406s] INFO:colcon.colcon_core.shell:Creating package script '/home/asd/temp_git_repo/sakar_asignment/install/single_robo_custom_interface/share/single_robo_custom_interface/package.sh'
[6.407s] INFO:colcon.colcon_core.shell:Creating package script '/home/asd/temp_git_repo/sakar_asignment/install/single_robo_custom_interface/share/single_robo_custom_interface/package.bash'
[6.407s] INFO:colcon.colcon_core.shell:Creating package script '/home/asd/temp_git_repo/sakar_asignment/install/single_robo_custom_interface/share/single_robo_custom_interface/package.zsh'
[6.407s] Level 1:colcon.colcon_core.environment:create_file_with_runtime_dependencies(/home/asd/temp_git_repo/sakar_asignment/install/single_robo_custom_interface/share/colcon-core/packages/single_robo_custom_interface)
[6.408s] Level 1:colcon.colcon_core.environment:create_environment_scripts_only(single_robo_custom_interface)
[6.408s] Level 1:colcon.colcon_core.environment:checking '/home/asd/temp_git_repo/sakar_asignment/install/single_robo_custom_interface' for CMake module files
[6.409s] Level 1:colcon.colcon_core.environment:checking '/home/asd/temp_git_repo/sakar_asignment/install/single_robo_custom_interface' for CMake config files
[6.409s] Level 1:colcon.colcon_core.shell:create_environment_hook('single_robo_custom_interface', 'cmake_prefix_path')
[6.409s] INFO:colcon.colcon_core.shell:Creating environment hook '/home/asd/temp_git_repo/sakar_asignment/install/single_robo_custom_interface/share/single_robo_custom_interface/hook/cmake_prefix_path.ps1'
[6.410s] INFO:colcon.colcon_core.shell:Creating environment descriptor '/home/asd/temp_git_repo/sakar_asignment/install/single_robo_custom_interface/share/single_robo_custom_interface/hook/cmake_prefix_path.dsv'
[6.411s] INFO:colcon.colcon_core.shell:Creating environment hook '/home/asd/temp_git_repo/sakar_asignment/install/single_robo_custom_interface/share/single_robo_custom_interface/hook/cmake_prefix_path.sh'
[6.411s] Level 1:colcon.colcon_core.environment:checking '/home/asd/temp_git_repo/sakar_asignment/install/single_robo_custom_interface/lib'
[6.411s] Level 1:colcon.colcon_core.shell:create_environment_hook('single_robo_custom_interface', 'ld_library_path_lib')
[6.412s] INFO:colcon.colcon_core.shell:Creating environment hook '/home/asd/temp_git_repo/sakar_asignment/install/single_robo_custom_interface/share/single_robo_custom_interface/hook/ld_library_path_lib.ps1'
[6.412s] INFO:colcon.colcon_core.shell:Creating environment descriptor '/home/asd/temp_git_repo/sakar_asignment/install/single_robo_custom_interface/share/single_robo_custom_interface/hook/ld_library_path_lib.dsv'
[6.412s] INFO:colcon.colcon_core.shell:Creating environment hook '/home/asd/temp_git_repo/sakar_asignment/install/single_robo_custom_interface/share/single_robo_custom_interface/hook/ld_library_path_lib.sh'
[6.413s] Level 1:colcon.colcon_core.environment:checking '/home/asd/temp_git_repo/sakar_asignment/install/single_robo_custom_interface/bin'
[6.413s] Level 1:colcon.colcon_core.environment:checking '/home/asd/temp_git_repo/sakar_asignment/install/single_robo_custom_interface/lib/pkgconfig/single_robo_custom_interface.pc'
[6.413s] Level 1:colcon.colcon_core.environment:checking '/home/asd/temp_git_repo/sakar_asignment/install/single_robo_custom_interface/lib/python3.10/site-packages'
[6.413s] Level 1:colcon.colcon_core.environment:checking '/home/asd/temp_git_repo/sakar_asignment/install/single_robo_custom_interface/bin'
[6.414s] INFO:colcon.colcon_core.shell:Creating package script '/home/asd/temp_git_repo/sakar_asignment/install/single_robo_custom_interface/share/single_robo_custom_interface/package.ps1'
[6.414s] INFO:colcon.colcon_core.shell:Creating package descriptor '/home/asd/temp_git_repo/sakar_asignment/install/single_robo_custom_interface/share/single_robo_custom_interface/package.dsv'
[6.415s] INFO:colcon.colcon_core.shell:Creating package script '/home/asd/temp_git_repo/sakar_asignment/install/single_robo_custom_interface/share/single_robo_custom_interface/package.sh'
[6.415s] INFO:colcon.colcon_core.shell:Creating package script '/home/asd/temp_git_repo/sakar_asignment/install/single_robo_custom_interface/share/single_robo_custom_interface/package.bash'
[6.416s] INFO:colcon.colcon_core.shell:Creating package script '/home/asd/temp_git_repo/sakar_asignment/install/single_robo_custom_interface/share/single_robo_custom_interface/package.zsh'
[6.416s] Level 1:colcon.colcon_core.environment:create_file_with_runtime_dependencies(/home/asd/temp_git_repo/sakar_asignment/install/single_robo_custom_interface/share/colcon-core/packages/single_robo_custom_interface)
[6.416s] INFO:colcon.colcon_ros.task.ament_python.build:Building ROS package in '/home/asd/temp_git_repo/sakar_asignment/src/single_robo_perception' with build type 'ament_python'
[6.417s] Level 1:colcon.colcon_core.shell:create_environment_hook('single_robo_perception', 'ament_prefix_path')
[6.417s] INFO:colcon.colcon_core.shell:Creating environment hook '/home/asd/temp_git_repo/sakar_asignment/install/single_robo_perception/share/single_robo_perception/hook/ament_prefix_path.ps1'
[6.418s] INFO:colcon.colcon_core.shell:Creating environment descriptor '/home/asd/temp_git_repo/sakar_asignment/install/single_robo_perception/share/single_robo_perception/hook/ament_prefix_path.dsv'
[6.418s] INFO:colcon.colcon_core.shell:Creating environment hook '/home/asd/temp_git_repo/sakar_asignment/install/single_robo_perception/share/single_robo_perception/hook/ament_prefix_path.sh'
[6.419s] INFO:colcon.colcon_core.shell:Skip shell extension 'powershell' for command environment: Not usable outside of PowerShell
[6.419s] DEBUG:colcon.colcon_core.shell:Skip shell extension 'dsv' for command environment
[6.778s] INFO:colcon.colcon_core.task.python.build:Building Python package in '/home/asd/temp_git_repo/sakar_asignment/src/single_robo_perception'
[6.778s] INFO:colcon.colcon_core.shell:Skip shell extension 'powershell' for command environment: Not usable outside of PowerShell
[6.778s] DEBUG:colcon.colcon_core.shell:Skip shell extension 'dsv' for command environment
[7.299s] DEBUG:colcon.colcon_core.event_handler.log_command:Invoking command in '/home/asd/temp_git_repo/sakar_asignment/src/single_robo_perception': AMENT_PREFIX_PATH=/home/asd/temp_git_repo/sakar_asignment/install/single_robo_custom_interface:${AMENT_PREFIX_PATH} CMAKE_PREFIX_PATH=/home/asd/temp_git_repo/sakar_asignment/install/single_robo_custom_interface:${CMAKE_PREFIX_PATH} LD_LIBRARY_PATH=/home/asd/temp_git_repo/sakar_asignment/install/single_robo_custom_interface/lib:/home/asd/ros2_ws_goat2/install/swarm_interfaces/lib:/home/asd/ros2_ws_goat2/install/micro_ros_custom_interfaces/lib:/home/asd/ros2_ws_goat2/install/apex_bot/lib:/home/asd/microros_ws/install/micro_ros_agent/lib:/home/asd/microros_ws/install/micro_ros_msgs/lib:/home/asd/ros2_ws4/install/my_interfaces/lib:/home/asd/ros2_ws_hardware_int/install/ros2_control_demo_example_9/lib:/home/asd/ros2_ws_hardware_int/install/ros2_control_demo_example_8/lib:/home/asd/ros2_ws_hardware_int/install/ros2_control_demo_example_7/lib:/home/asd/ros2_ws_hardware_int/install/ros2_control_demo_example_6/lib:/home/asd/ros2_ws_hardware_int/install/ros2_control_demo_example_5/lib:/home/asd/ros2_ws_hardware_int/install/ros2_control_demo_example_4/lib:/home/asd/ros2_ws_hardware_int/install/ros2_control_demo_example_3/lib:/home/asd/ros2_ws_hardware_int/install/ros2_control_demo_example_14/lib:/home/asd/ros2_ws_hardware_int/install/ros2_control_demo_example_12/lib:/home/asd/ros2_ws_hardware_int/install/ros2_control_demo_example_11/lib:/home/asd/ros2_ws_hardware_int/install/ros2_control_demo_example_10/lib:/home/asd/ros2_ws_hardware_int/install/ros2_control_demo_example_1/lib:/home/asd/ros2_ws9/install/goat_interfaces/lib:/home/asd/ros2_ws7/install/custom_interfaces_anscer/lib:/home/asd/ros2_ws_hardware_int2/install/ros2_control_demo_example_2/lib:/home/asd/ros2_ws_glim/install/gtsam_points/lib:/home/asd/ros2_ws_glim/install/iridescence/lib:/home/asd/ros2_ws_glim/install/glim_ros/lib:/home/asd/ros2_ws_glim/install/glim/lib:/home/asd/ros2_ws_to_build/install/rmw_cyclonedds_cpp/lib:/home/asd/ros2_ws/install/my_robot_interfaces/lib:/usr/lib/x86_64-linux-gnu/gazebo-11/plugins:/opt/ros/humble/opt/rviz_ogre_vendor/lib:/opt/ros/humble/lib/x86_64-linux-gnu:/opt/ros/humble/lib:/usr/share/gazebo/../../lib/x86_64-linux-gnu/gazebo-11/plugins PYTHONPATH=/home/asd/temp_git_repo/sakar_asignment/build/single_robo_perception/prefix_override:/usr/lib/python3/dist-packages/colcon_core/task/python/colcon_distutils_commands:/home/asd/temp_git_repo/sakar_asignment/install/single_robo_perception/lib/python3.10/site-packages:/home/asd/temp_git_repo/sakar_asignment/install/single_robo_custom_interface/local/lib/python3.10/dist-packages:${PYTHONPATH} /usr/bin/python3 -W ignore:setup.py install is deprecated -W ignore:easy_install command is deprecated setup.py egg_info --egg-base ../../build/single_robo_perception build --build-base /home/asd/temp_git_repo/sakar_asignment/build/single_robo_perception/build install --record /home/asd/temp_git_repo/sakar_asignment/build/single_robo_perception/install.log --single-version-externally-managed install_data
[7.699s] Level 1:colcon.colcon_core.environment:checking '/home/asd/temp_git_repo/sakar_asignment/install/single_robo_perception' for CMake module files
[7.700s] DEBUG:colcon.colcon_core.event_handler.log_command:Invoked command in '/home/asd/temp_git_repo/sakar_asignment/src/single_robo_perception' returned '0': AMENT_PREFIX_PATH=/home/asd/temp_git_repo/sakar_asignment/install/single_robo_custom_interface:${AMENT_PREFIX_PATH} CMAKE_PREFIX_PATH=/home/asd/temp_git_repo/sakar_asignment/install/single_robo_custom_interface:${CMAKE_PREFIX_PATH} LD_LIBRARY_PATH=/home/asd/temp_git_repo/sakar_asignment/install/single_robo_custom_interface/lib:/home/asd/ros2_ws_goat2/install/swarm_interfaces/lib:/home/asd/ros2_ws_goat2/install/micro_ros_custom_interfaces/lib:/home/asd/ros2_ws_goat2/install/apex_bot/lib:/home/asd/microros_ws/install/micro_ros_agent/lib:/home/asd/microros_ws/install/micro_ros_msgs/lib:/home/asd/ros2_ws4/install/my_interfaces/lib:/home/asd/ros2_ws_hardware_int/install/ros2_control_demo_example_9/lib:/home/asd/ros2_ws_hardware_int/install/ros2_control_demo_example_8/lib:/home/asd/ros2_ws_hardware_int/install/ros2_control_demo_example_7/lib:/home/asd/ros2_ws_hardware_int/install/ros2_control_demo_example_6/lib:/home/asd/ros2_ws_hardware_int/install/ros2_control_demo_example_5/lib:/home/asd/ros2_ws_hardware_int/install/ros2_control_demo_example_4/lib:/home/asd/ros2_ws_hardware_int/install/ros2_control_demo_example_3/lib:/home/asd/ros2_ws_hardware_int/install/ros2_control_demo_example_14/lib:/home/asd/ros2_ws_hardware_int/install/ros2_control_demo_example_12/lib:/home/asd/ros2_ws_hardware_int/install/ros2_control_demo_example_11/lib:/home/asd/ros2_ws_hardware_int/install/ros2_control_demo_example_10/lib:/home/asd/ros2_ws_hardware_int/install/ros2_control_demo_example_1/lib:/home/asd/ros2_ws9/install/goat_interfaces/lib:/home/asd/ros2_ws7/install/custom_interfaces_anscer/lib:/home/asd/ros2_ws_hardware_int2/install/ros2_control_demo_example_2/lib:/home/asd/ros2_ws_glim/install/gtsam_points/lib:/home/asd/ros2_ws_glim/install/iridescence/lib:/home/asd/ros2_ws_glim/install/glim_ros/lib:/home/asd/ros2_ws_glim/install/glim/lib:/home/asd/ros2_ws_to_build/install/rmw_cyclonedds_cpp/lib:/home/asd/ros2_ws/install/my_robot_interfaces/lib:/usr/lib/x86_64-linux-gnu/gazebo-11/plugins:/opt/ros/humble/opt/rviz_ogre_vendor/lib:/opt/ros/humble/lib/x86_64-linux-gnu:/opt/ros/humble/lib:/usr/share/gazebo/../../lib/x86_64-linux-gnu/gazebo-11/plugins PYTHONPATH=/home/asd/temp_git_repo/sakar_asignment/build/single_robo_perception/prefix_override:/usr/lib/python3/dist-packages/colcon_core/task/python/colcon_distutils_commands:/home/asd/temp_git_repo/sakar_asignment/install/single_robo_perception/lib/python3.10/site-packages:/home/asd/temp_git_repo/sakar_asignment/install/single_robo_custom_interface/local/lib/python3.10/dist-packages:${PYTHONPATH} /usr/bin/python3 -W ignore:setup.py install is deprecated -W ignore:easy_install command is deprecated setup.py egg_info --egg-base ../../build/single_robo_perception build --build-base /home/asd/temp_git_repo/sakar_asignment/build/single_robo_perception/build install --record /home/asd/temp_git_repo/sakar_asignment/build/single_robo_perception/install.log --single-version-externally-managed install_data
[7.701s] Level 1:colcon.colcon_core.environment:checking '/home/asd/temp_git_repo/sakar_asignment/install/single_robo_perception' for CMake config files
[7.701s] Level 1:colcon.colcon_core.environment:checking '/home/asd/temp_git_repo/sakar_asignment/install/single_robo_perception/lib'
[7.702s] Level 1:colcon.colcon_core.environment:checking '/home/asd/temp_git_repo/sakar_asignment/install/single_robo_perception/bin'
[7.702s] Level 1:colcon.colcon_core.environment:checking '/home/asd/temp_git_repo/sakar_asignment/install/single_robo_perception/lib/pkgconfig/single_robo_perception.pc'
[7.702s] Level 1:colcon.colcon_core.environment:checking '/home/asd/temp_git_repo/sakar_asignment/install/single_robo_perception/lib/python3.10/site-packages'
[7.702s] Level 1:colcon.colcon_core.shell:create_environment_hook('single_robo_perception', 'pythonpath')
[7.702s] INFO:colcon.colcon_core.shell:Creating environment hook '/home/asd/temp_git_repo/sakar_asignment/install/single_robo_perception/share/single_robo_perception/hook/pythonpath.ps1'
[7.703s] INFO:colcon.colcon_core.shell:Creating environment descriptor '/home/asd/temp_git_repo/sakar_asignment/install/single_robo_perception/share/single_robo_perception/hook/pythonpath.dsv'
[7.703s] INFO:colcon.colcon_core.shell:Creating environment hook '/home/asd/temp_git_repo/sakar_asignment/install/single_robo_perception/share/single_robo_perception/hook/pythonpath.sh'
[7.704s] Level 1:colcon.colcon_core.environment:checking '/home/asd/temp_git_repo/sakar_asignment/install/single_robo_perception/bin'
[7.704s] Level 1:colcon.colcon_core.environment:create_environment_scripts_only(single_robo_perception)
[7.704s] INFO:colcon.colcon_core.shell:Creating package script '/home/asd/temp_git_repo/sakar_asignment/install/single_robo_perception/share/single_robo_perception/package.ps1'
[7.705s] INFO:colcon.colcon_core.shell:Creating package descriptor '/home/asd/temp_git_repo/sakar_asignment/install/single_robo_perception/share/single_robo_perception/package.dsv'
[7.705s] INFO:colcon.colcon_core.shell:Creating package script '/home/asd/temp_git_repo/sakar_asignment/install/single_robo_perception/share/single_robo_perception/package.sh'
[7.706s] INFO:colcon.colcon_core.shell:Creating package script '/home/asd/temp_git_repo/sakar_asignment/install/single_robo_perception/share/single_robo_perception/package.bash'
[7.706s] INFO:colcon.colcon_core.shell:Creating package script '/home/asd/temp_git_repo/sakar_asignment/install/single_robo_perception/share/single_robo_perception/package.zsh'
[7.707s] Level 1:colcon.colcon_core.environment:create_file_with_runtime_dependencies(/home/asd/temp_git_repo/sakar_asignment/install/single_robo_perception/share/colcon-core/packages/single_robo_perception)
[7.707s] DEBUG:colcon.colcon_parallel_executor.executor.parallel:closing loop
[7.708s] DEBUG:colcon.colcon_parallel_executor.executor.parallel:loop closed
[7.708s] DEBUG:colcon.colcon_parallel_executor.executor.parallel:run_until_complete finished with '0'
[7.708s] DEBUG:colcon.colcon_core.event_reactor:joining thread
[7.715s] INFO:colcon.colcon_core.plugin_system:Skipping extension 'colcon_notification.desktop_notification.terminal_notifier': Not used on non-Darwin systems
[7.715s] INFO:colcon.colcon_core.plugin_system:Skipping extension 'colcon_notification.desktop_notification.win32': Not used on non-Windows systems
[7.716s] INFO:colcon.colcon_notification.desktop_notification:Sending desktop notification using 'notify2'
[7.731s] DEBUG:colcon.colcon_core.event_reactor:joined thread
[7.731s] INFO:colcon.colcon_core.shell:Creating prefix script '/home/asd/temp_git_repo/sakar_asignment/install/local_setup.ps1'
[7.732s] INFO:colcon.colcon_core.shell:Creating prefix util module '/home/asd/temp_git_repo/sakar_asignment/install/_local_setup_util_ps1.py'
[7.735s] INFO:colcon.colcon_core.shell:Creating prefix chain script '/home/asd/temp_git_repo/sakar_asignment/install/setup.ps1'
[7.741s] INFO:colcon.colcon_core.shell:Creating prefix script '/home/asd/temp_git_repo/sakar_asignment/install/local_setup.sh'
[7.742s] INFO:colcon.colcon_core.shell:Creating prefix util module '/home/asd/temp_git_repo/sakar_asignment/install/_local_setup_util_sh.py'
[7.743s] INFO:colcon.colcon_core.shell:Creating prefix chain script '/home/asd/temp_git_repo/sakar_asignment/install/setup.sh'
[7.748s] INFO:colcon.colcon_core.shell:Creating prefix script '/home/asd/temp_git_repo/sakar_asignment/install/local_setup.bash'
[7.749s] INFO:colcon.colcon_core.shell:Creating prefix chain script '/home/asd/temp_git_repo/sakar_asignment/install/setup.bash'
[7.754s] INFO:colcon.colcon_core.shell:Creating prefix script '/home/asd/temp_git_repo/sakar_asignment/install/local_setup.zsh'
[7.755s] INFO:colcon.colcon_core.shell:Creating prefix chain script '/home/asd/temp_git_repo/sakar_asignment/install/setup.zsh'
