[0.136s] Invoking command in '/home/asd/temp_git_repo/sakar_asignment/build/single_robo_bringup': CMAKE_PREFIX_PATH=${CMAKE_PREFIX_PATH}:/home/asd/temp_git_repo/sakar_asignment/install/single_robo_perception:/home/asd/temp_git_repo/sakar_asignment/install/single_robo_odometry:/home/asd/temp_git_repo/first-mega-project/install/single_robo_odometry:/home/asd/ros2_ws_goat2/install/multi_robo_simulator:/home/asd/ros2_ws_goat2/install/swarm_interfaces:/home/asd/ros2_ws_goat2/install/my_robot_description2:/home/asd/ros2_ws_goat2/install/my_robot_bringup2:/home/asd/ros2_ws_goat2/install/goat_robo_discription:/home/asd/ros2_ws_goat2/install/micro_ros_server:/home/asd/ros2_ws_goat2/install/micro_ros_custom_interfaces:/home/asd/ros2_ws_goat2/install/Qr_action:/home/asd/ros2_ws4/install/esp_wifi:/home/asd/ros2_ws4/install/maping_odom:/home/asd/ros2_ws9/install/turtlebot3_simulations:/home/asd/ros2_ws9/install/turtlebot3_gazebo_goat:/home/asd/ros2_ws9/install/turtlebot3_fake_node:/home/asd/ros2_ws9/install/testbed_gazebo_goat:/home/asd/ros2_ws9/install/testbed_description_goat:/home/asd/ros2_ws9/install/my_goat_pkg:/home/asd/ros2_ws9/install/goat_interfaces:/home/asd/ros2_ws9/install/goat_gazebo:/home/asd/ros2_ws7/install/my_py_pkg_anscer:/home/asd/ros2_ws/install/turtlesim_catch_them_all:/home/asd/ros2_ws/install/my_py_pkg:/opt/ros/humble /usr/bin/cmake --build /home/asd/temp_git_repo/sakar_asignment/build/single_robo_bringup -- -j8 -l8
[1.260s] Invoked command in '/home/asd/temp_git_repo/sakar_asignment/build/single_robo_bringup' returned '0': CMAKE_PREFIX_PATH=${CMAKE_PREFIX_PATH}:/home/asd/temp_git_repo/sakar_asignment/install/single_robo_perception:/home/asd/temp_git_repo/sakar_asignment/install/single_robo_odometry:/home/asd/temp_git_repo/first-mega-project/install/single_robo_odometry:/home/asd/ros2_ws_goat2/install/multi_robo_simulator:/home/asd/ros2_ws_goat2/install/swarm_interfaces:/home/asd/ros2_ws_goat2/install/my_robot_description2:/home/asd/ros2_ws_goat2/install/my_robot_bringup2:/home/asd/ros2_ws_goat2/install/goat_robo_discription:/home/asd/ros2_ws_goat2/install/micro_ros_server:/home/asd/ros2_ws_goat2/install/micro_ros_custom_interfaces:/home/asd/ros2_ws_goat2/install/Qr_action:/home/asd/ros2_ws4/install/esp_wifi:/home/asd/ros2_ws4/install/maping_odom:/home/asd/ros2_ws9/install/turtlebot3_simulations:/home/asd/ros2_ws9/install/turtlebot3_gazebo_goat:/home/asd/ros2_ws9/install/turtlebot3_fake_node:/home/asd/ros2_ws9/install/testbed_gazebo_goat:/home/asd/ros2_ws9/install/testbed_description_goat:/home/asd/ros2_ws9/install/my_goat_pkg:/home/asd/ros2_ws9/install/goat_interfaces:/home/asd/ros2_ws9/install/goat_gazebo:/home/asd/ros2_ws7/install/my_py_pkg_anscer:/home/asd/ros2_ws/install/turtlesim_catch_them_all:/home/asd/ros2_ws/install/my_py_pkg:/opt/ros/humble /usr/bin/cmake --build /home/asd/temp_git_repo/sakar_asignment/build/single_robo_bringup -- -j8 -l8
[1.298s] Invoking command in '/home/asd/temp_git_repo/sakar_asignment/build/single_robo_bringup': CMAKE_PREFIX_PATH=${CMAKE_PREFIX_PATH}:/home/asd/temp_git_repo/sakar_asignment/install/single_robo_perception:/home/asd/temp_git_repo/sakar_asignment/install/single_robo_odometry:/home/asd/temp_git_repo/first-mega-project/install/single_robo_odometry:/home/asd/ros2_ws_goat2/install/multi_robo_simulator:/home/asd/ros2_ws_goat2/install/swarm_interfaces:/home/asd/ros2_ws_goat2/install/my_robot_description2:/home/asd/ros2_ws_goat2/install/my_robot_bringup2:/home/asd/ros2_ws_goat2/install/goat_robo_discription:/home/asd/ros2_ws_goat2/install/micro_ros_server:/home/asd/ros2_ws_goat2/install/micro_ros_custom_interfaces:/home/asd/ros2_ws_goat2/install/Qr_action:/home/asd/ros2_ws4/install/esp_wifi:/home/asd/ros2_ws4/install/maping_odom:/home/asd/ros2_ws9/install/turtlebot3_simulations:/home/asd/ros2_ws9/install/turtlebot3_gazebo_goat:/home/asd/ros2_ws9/install/turtlebot3_fake_node:/home/asd/ros2_ws9/install/testbed_gazebo_goat:/home/asd/ros2_ws9/install/testbed_description_goat:/home/asd/ros2_ws9/install/my_goat_pkg:/home/asd/ros2_ws9/install/goat_interfaces:/home/asd/ros2_ws9/install/goat_gazebo:/home/asd/ros2_ws7/install/my_py_pkg_anscer:/home/asd/ros2_ws/install/turtlesim_catch_them_all:/home/asd/ros2_ws/install/my_py_pkg:/opt/ros/humble /usr/bin/cmake --install /home/asd/temp_git_repo/sakar_asignment/build/single_robo_bringup
[1.325s] -- Install configuration: ""
[1.325s] -- Up-to-date: /home/asd/temp_git_repo/sakar_asignment/install/single_robo_bringup/share/single_robo_bringup//launch
[1.326s] -- Up-to-date: /home/asd/temp_git_repo/sakar_asignment/install/single_robo_bringup/share/single_robo_bringup//launch/diferent_odoms.launch.py
[1.326s] -- Up-to-date: /home/asd/temp_git_repo/sakar_asignment/install/single_robo_bringup/share/single_robo_bringup//launch/single_robo_navigation.launch.py
[1.329s] -- Up-to-date: /home/asd/temp_git_repo/sakar_asignment/install/single_robo_bringup/share/single_robo_bringup//launch/single_robo_nav_map.launch.py
[1.329s] -- Up-to-date: /home/asd/temp_git_repo/sakar_asignment/install/single_robo_bringup/share/single_robo_bringup//launch/kalman_filter.launch.py
[1.330s] -- Up-to-date: /home/asd/temp_git_repo/sakar_asignment/install/single_robo_bringup/share/single_robo_bringup//launch/single_robo_spawn.launch.py
[1.330s] -- Up-to-date: /home/asd/temp_git_repo/sakar_asignment/install/single_robo_bringup/share/single_robo_bringup//launch/single_robo_bringup.launch.py
[1.330s] -- Up-to-date: /home/asd/temp_git_repo/sakar_asignment/install/single_robo_bringup/share/single_robo_bringup//config
[1.330s] -- Up-to-date: /home/asd/temp_git_repo/sakar_asignment/install/single_robo_bringup/share/single_robo_bringup//config/planner_server.yaml
[1.331s] -- Up-to-date: /home/asd/temp_git_repo/sakar_asignment/install/single_robo_bringup/share/single_robo_bringup//config/rviz_map_config.rviz
[1.331s] -- Up-to-date: /home/asd/temp_git_repo/sakar_asignment/install/single_robo_bringup/share/single_robo_bringup//config/controller_server.yaml
[1.331s] -- Up-to-date: /home/asd/temp_git_repo/sakar_asignment/install/single_robo_bringup/share/single_robo_bringup//config/bt_navigator.yaml
[1.331s] -- Up-to-date: /home/asd/temp_git_repo/sakar_asignment/install/single_robo_bringup/share/single_robo_bringup//config/smoother_server.yaml
[1.332s] -- Up-to-date: /home/asd/temp_git_repo/sakar_asignment/install/single_robo_bringup/share/single_robo_bringup//config/basic_bt_tree.xml
[1.332s] -- Up-to-date: /home/asd/temp_git_repo/sakar_asignment/install/single_robo_bringup/share/single_robo_bringup//config/behavior_server.yaml
[1.332s] -- Up-to-date: /home/asd/temp_git_repo/sakar_asignment/install/single_robo_bringup/share/single_robo_bringup//config/costmap.yaml
[1.332s] -- Up-to-date: /home/asd/temp_git_repo/sakar_asignment/install/single_robo_bringup/share/single_robo_bringup//config/amcl.yaml
[1.333s] -- Up-to-date: /home/asd/temp_git_repo/sakar_asignment/install/single_robo_bringup/share/single_robo_bringup//config/adwance_bt_tree.xml
[1.333s] -- Up-to-date: /home/asd/temp_git_repo/sakar_asignment/install/single_robo_bringup/share/ament_index/resource_index/package_run_dependencies/single_robo_bringup
[1.333s] -- Up-to-date: /home/asd/temp_git_repo/sakar_asignment/install/single_robo_bringup/share/ament_index/resource_index/parent_prefix_path/single_robo_bringup
[1.333s] -- Up-to-date: /home/asd/temp_git_repo/sakar_asignment/install/single_robo_bringup/share/single_robo_bringup/environment/ament_prefix_path.sh
[1.334s] -- Up-to-date: /home/asd/temp_git_repo/sakar_asignment/install/single_robo_bringup/share/single_robo_bringup/environment/ament_prefix_path.dsv
[1.334s] -- Up-to-date: /home/asd/temp_git_repo/sakar_asignment/install/single_robo_bringup/share/single_robo_bringup/environment/path.sh
[1.334s] -- Up-to-date: /home/asd/temp_git_repo/sakar_asignment/install/single_robo_bringup/share/single_robo_bringup/environment/path.dsv
[1.335s] -- Up-to-date: /home/asd/temp_git_repo/sakar_asignment/install/single_robo_bringup/share/single_robo_bringup/local_setup.bash
[1.335s] -- Up-to-date: /home/asd/temp_git_repo/sakar_asignment/install/single_robo_bringup/share/single_robo_bringup/local_setup.sh
[1.335s] -- Up-to-date: /home/asd/temp_git_repo/sakar_asignment/install/single_robo_bringup/share/single_robo_bringup/local_setup.zsh
[1.335s] -- Up-to-date: /home/asd/temp_git_repo/sakar_asignment/install/single_robo_bringup/share/single_robo_bringup/local_setup.dsv
[1.336s] -- Installing: /home/asd/temp_git_repo/sakar_asignment/install/single_robo_bringup/share/single_robo_bringup/package.dsv
[1.336s] -- Up-to-date: /home/asd/temp_git_repo/sakar_asignment/install/single_robo_bringup/share/ament_index/resource_index/packages/single_robo_bringup
[1.337s] -- Up-to-date: /home/asd/temp_git_repo/sakar_asignment/install/single_robo_bringup/share/single_robo_bringup/cmake/single_robo_bringupConfig.cmake
[1.338s] -- Up-to-date: /home/asd/temp_git_repo/sakar_asignment/install/single_robo_bringup/share/single_robo_bringup/cmake/single_robo_bringupConfig-version.cmake
[1.339s] -- Up-to-date: /home/asd/temp_git_repo/sakar_asignment/install/single_robo_bringup/share/single_robo_bringup/package.xml
[1.343s] Invoked command in '/home/asd/temp_git_repo/sakar_asignment/build/single_robo_bringup' returned '0': CMAKE_PREFIX_PATH=${CMAKE_PREFIX_PATH}:/home/asd/temp_git_repo/sakar_asignment/install/single_robo_perception:/home/asd/temp_git_repo/sakar_asignment/install/single_robo_odometry:/home/asd/temp_git_repo/first-mega-project/install/single_robo_odometry:/home/asd/ros2_ws_goat2/install/multi_robo_simulator:/home/asd/ros2_ws_goat2/install/swarm_interfaces:/home/asd/ros2_ws_goat2/install/my_robot_description2:/home/asd/ros2_ws_goat2/install/my_robot_bringup2:/home/asd/ros2_ws_goat2/install/goat_robo_discription:/home/asd/ros2_ws_goat2/install/micro_ros_server:/home/asd/ros2_ws_goat2/install/micro_ros_custom_interfaces:/home/asd/ros2_ws_goat2/install/Qr_action:/home/asd/ros2_ws4/install/esp_wifi:/home/asd/ros2_ws4/install/maping_odom:/home/asd/ros2_ws9/install/turtlebot3_simulations:/home/asd/ros2_ws9/install/turtlebot3_gazebo_goat:/home/asd/ros2_ws9/install/turtlebot3_fake_node:/home/asd/ros2_ws9/install/testbed_gazebo_goat:/home/asd/ros2_ws9/install/testbed_description_goat:/home/asd/ros2_ws9/install/my_goat_pkg:/home/asd/ros2_ws9/install/goat_interfaces:/home/asd/ros2_ws9/install/goat_gazebo:/home/asd/ros2_ws7/install/my_py_pkg_anscer:/home/asd/ros2_ws/install/turtlesim_catch_them_all:/home/asd/ros2_ws/install/my_py_pkg:/opt/ros/humble /usr/bin/cmake --install /home/asd/temp_git_repo/sakar_asignment/build/single_robo_bringup
