/home/asd/temp_git_repo/sakar_asignment/install/single_robo_odometry/lib/python3.10/site-packages/single_robo_odometry/imu_republisher.py
/home/asd/temp_git_repo/sakar_asignment/install/single_robo_odometry/lib/python3.10/site-packages/single_robo_odometry/odom_tf_pub_w_error.py
/home/asd/temp_git_repo/sakar_asignment/install/single_robo_odometry/lib/python3.10/site-packages/single_robo_odometry/odom_tf_pub_w_error_inv.py
/home/asd/temp_git_repo/sakar_asignment/install/single_robo_odometry/lib/python3.10/site-packages/single_robo_odometry/odometry_calculation.py
/home/asd/temp_git_repo/sakar_asignment/install/single_robo_odometry/lib/python3.10/site-packages/single_robo_odometry/odometry_error.py
/home/asd/temp_git_repo/sakar_asignment/install/single_robo_odometry/lib/python3.10/site-packages/single_robo_odometry/__init__.py
/home/asd/temp_git_repo/sakar_asignment/install/single_robo_odometry/lib/python3.10/site-packages/single_robo_odometry/odom_tf_pub_.py
/home/asd/temp_git_repo/sakar_asignment/install/single_robo_odometry/lib/python3.10/site-packages/single_robo_odometry/odom_tf_pub_inv.py
/home/asd/temp_git_repo/sakar_asignment/install/single_robo_odometry/lib/python3.10/site-packages/single_robo_odometry/__pycache__/imu_republisher.cpython-310.pyc
/home/asd/temp_git_repo/sakar_asignment/install/single_robo_odometry/lib/python3.10/site-packages/single_robo_odometry/__pycache__/odom_tf_pub_w_error.cpython-310.pyc
/home/asd/temp_git_repo/sakar_asignment/install/single_robo_odometry/lib/python3.10/site-packages/single_robo_odometry/__pycache__/odom_tf_pub_w_error_inv.cpython-310.pyc
/home/asd/temp_git_repo/sakar_asignment/install/single_robo_odometry/lib/python3.10/site-packages/single_robo_odometry/__pycache__/odometry_calculation.cpython-310.pyc
/home/asd/temp_git_repo/sakar_asignment/install/single_robo_odometry/lib/python3.10/site-packages/single_robo_odometry/__pycache__/odometry_error.cpython-310.pyc
/home/asd/temp_git_repo/sakar_asignment/install/single_robo_odometry/lib/python3.10/site-packages/single_robo_odometry/__pycache__/__init__.cpython-310.pyc
/home/asd/temp_git_repo/sakar_asignment/install/single_robo_odometry/lib/python3.10/site-packages/single_robo_odometry/__pycache__/odom_tf_pub_.cpython-310.pyc
/home/asd/temp_git_repo/sakar_asignment/install/single_robo_odometry/lib/python3.10/site-packages/single_robo_odometry/__pycache__/odom_tf_pub_inv.cpython-310.pyc
/home/asd/temp_git_repo/sakar_asignment/install/single_robo_odometry/share/ament_index/resource_index/packages/single_robo_odometry
/home/asd/temp_git_repo/sakar_asignment/install/single_robo_odometry/share/single_robo_odometry/package.xml
/home/asd/temp_git_repo/sakar_asignment/install/single_robo_odometry/lib/python3.10/site-packages/single_robo_odometry-0.0.0-py3.10.egg-info/top_level.txt
/home/asd/temp_git_repo/sakar_asignment/install/single_robo_odometry/lib/python3.10/site-packages/single_robo_odometry-0.0.0-py3.10.egg-info/PKG-INFO
/home/asd/temp_git_repo/sakar_asignment/install/single_robo_odometry/lib/python3.10/site-packages/single_robo_odometry-0.0.0-py3.10.egg-info/dependency_links.txt
/home/asd/temp_git_repo/sakar_asignment/install/single_robo_odometry/lib/python3.10/site-packages/single_robo_odometry-0.0.0-py3.10.egg-info/zip-safe
/home/asd/temp_git_repo/sakar_asignment/install/single_robo_odometry/lib/python3.10/site-packages/single_robo_odometry-0.0.0-py3.10.egg-info/SOURCES.txt
/home/asd/temp_git_repo/sakar_asignment/install/single_robo_odometry/lib/python3.10/site-packages/single_robo_odometry-0.0.0-py3.10.egg-info/entry_points.txt
/home/asd/temp_git_repo/sakar_asignment/install/single_robo_odometry/lib/python3.10/site-packages/single_robo_odometry-0.0.0-py3.10.egg-info/requires.txt
/home/asd/temp_git_repo/sakar_asignment/install/single_robo_odometry/lib/single_robo_odometry/imu_republisher
/home/asd/temp_git_repo/sakar_asignment/install/single_robo_odometry/lib/single_robo_odometry/odom_tf_pub
/home/asd/temp_git_repo/sakar_asignment/install/single_robo_odometry/lib/single_robo_odometry/odom_tf_pub_inv
/home/asd/temp_git_repo/sakar_asignment/install/single_robo_odometry/lib/single_robo_odometry/odom_tf_pub_w_error
/home/asd/temp_git_repo/sakar_asignment/install/single_robo_odometry/lib/single_robo_odometry/odom_tf_pub_w_error_inv
/home/asd/temp_git_repo/sakar_asignment/install/single_robo_odometry/lib/single_robo_odometry/odometry_calculation
/home/asd/temp_git_repo/sakar_asignment/install/single_robo_odometry/lib/single_robo_odometry/odometry_error
