[4.750s] Invoking command in '/home/asd/temp_git_repo/sakar_asignment/src/single_robo_perception': PYTHONPATH=/home/asd/temp_git_repo/sakar_asignment/build/single_robo_perception/prefix_override:/usr/lib/python3/dist-packages/colcon_core/task/python/colcon_distutils_commands:/home/asd/temp_git_repo/sakar_asignment/install/single_robo_perception/lib/python3.10/site-packages:${PYTHONPATH} /usr/bin/python3 -W ignore:setup.py install is deprecated -W ignore:easy_install command is deprecated setup.py egg_info --egg-base ../../build/single_robo_perception build --build-base /home/asd/temp_git_repo/sakar_asignment/build/single_robo_perception/build install --record /home/asd/temp_git_repo/sakar_asignment/build/single_robo_perception/install.log --single-version-externally-managed install_data
[5.948s] running egg_info
[5.952s] writing ../../build/single_robo_perception/single_robo_perception.egg-info/PKG-INFO
[5.954s] writing dependency_links to ../../build/single_robo_perception/single_robo_perception.egg-info/dependency_links.txt
[5.954s] writing entry points to ../../build/single_robo_perception/single_robo_perception.egg-info/entry_points.txt
[5.954s] writing requirements to ../../build/single_robo_perception/single_robo_perception.egg-info/requires.txt
[5.955s] writing top-level names to ../../build/single_robo_perception/single_robo_perception.egg-info/top_level.txt
[5.959s] reading manifest file '../../build/single_robo_perception/single_robo_perception.egg-info/SOURCES.txt'
[5.964s] writing manifest file '../../build/single_robo_perception/single_robo_perception.egg-info/SOURCES.txt'
[5.964s] running build
[5.965s] running build_py
[5.965s] running install
[5.965s] running install_lib
[5.969s] running install_data
[5.970s] running install_egg_info
[5.975s] removing '/home/asd/temp_git_repo/sakar_asignment/install/single_robo_perception/lib/python3.10/site-packages/single_robo_perception-0.0.0-py3.10.egg-info' (and everything under it)
[5.976s] Copying ../../build/single_robo_perception/single_robo_perception.egg-info to /home/asd/temp_git_repo/sakar_asignment/install/single_robo_perception/lib/python3.10/site-packages/single_robo_perception-0.0.0-py3.10.egg-info
[5.983s] running install_scripts
[6.066s] Installing camera_feed script to /home/asd/temp_git_repo/sakar_asignment/install/single_robo_perception/lib/single_robo_perception
[6.067s] writing list of installed files to '/home/asd/temp_git_repo/sakar_asignment/build/single_robo_perception/install.log'
[6.148s] Invoked command in '/home/asd/temp_git_repo/sakar_asignment/src/single_robo_perception' returned '0': PYTHONPATH=/home/asd/temp_git_repo/sakar_asignment/build/single_robo_perception/prefix_override:/usr/lib/python3/dist-packages/colcon_core/task/python/colcon_distutils_commands:/home/asd/temp_git_repo/sakar_asignment/install/single_robo_perception/lib/python3.10/site-packages:${PYTHONPATH} /usr/bin/python3 -W ignore:setup.py install is deprecated -W ignore:easy_install command is deprecated setup.py egg_info --egg-base ../../build/single_robo_perception build --build-base /home/asd/temp_git_repo/sakar_asignment/build/single_robo_perception/build install --record /home/asd/temp_git_repo/sakar_asignment/build/single_robo_perception/install.log --single-version-externally-managed install_data
