[0.579s] DEBUG:colcon:Command line arguments: ['/usr/bin/colcon', 'build']
[0.579s] DEBUG:colcon:Parsed command line arguments: Namespace(log_base=None, log_level=None, verb_name='build', build_base='build', install_base='install', merge_install=False, symlink_install=False, test_result_base=None, continue_on_error=False, executor='parallel', parallel_workers=8, event_handlers=None, ignore_user_meta=False, metas=['./colcon.meta'], base_paths=['.'], packages_ignore=None, packages_ignore_regex=None, paths=None, packages_up_to=None, packages_up_to_regex=None, packages_above=None, packages_above_and_dependencies=None, packages_above_depth=None, packages_select_by_dep=None, packages_skip_by_dep=None, packages_skip_up_to=None, packages_select_build_failed=False, packages_skip_build_finished=False, packages_select_test_failures=False, packages_skip_test_passed=False, packages_select=None, packages_skip=None, packages_select_regex=None, packages_skip_regex=None, packages_start=None, packages_end=None, allow_overriding=[], cmake_args=None, cmake_target=None, cmake_target_skip_unavailable=False, cmake_clean_cache=False, cmake_clean_first=False, cmake_force_configure=False, ament_cmake_args=None, catkin_cmake_args=None, catkin_skip_building_tests=False, mixin_files=None, mixin=None, verb_parser=<colcon_mixin.mixin.mixin_argument.MixinArgumentDecorator object at 0x77d771fa3190>, verb_extension=<colcon_core.verb.build.BuildVerb object at 0x77d771fa2980>, main=<bound method BuildVerb.main of <colcon_core.verb.build.BuildVerb object at 0x77d771fa2980>>, mixin_verb=('build',))
[1.956s] Level 1:colcon.colcon_core.package_discovery:discover_packages(colcon_meta) check parameters
[1.957s] Level 1:colcon.colcon_core.package_discovery:discover_packages(recursive) check parameters
[1.957s] Level 1:colcon.colcon_core.package_discovery:discover_packages(ignore) check parameters
[1.958s] Level 1:colcon.colcon_core.package_discovery:discover_packages(path) check parameters
[1.958s] Level 1:colcon.colcon_core.package_discovery:discover_packages(colcon_meta) discover
[1.958s] Level 1:colcon.colcon_core.package_discovery:discover_packages(recursive) discover
[1.958s] INFO:colcon.colcon_core.package_discovery:Crawling recursively for packages in '/home/asd/temp_git_repo/sakar_asignment'
[1.959s] Level 1:colcon.colcon_core.package_identification:_identify(.) by extensions ['ignore', 'ignore_ament_install']
[1.959s] Level 1:colcon.colcon_core.package_identification:_identify(.) by extension 'ignore'
[1.959s] Level 1:colcon.colcon_core.package_identification:_identify(.) by extension 'ignore_ament_install'
[1.960s] Level 1:colcon.colcon_core.package_identification:_identify(.) by extensions ['colcon_pkg']
[1.960s] Level 1:colcon.colcon_core.package_identification:_identify(.) by extension 'colcon_pkg'
[1.960s] Level 1:colcon.colcon_core.package_identification:_identify(.) by extensions ['colcon_meta']
[1.960s] Level 1:colcon.colcon_core.package_identification:_identify(.) by extension 'colcon_meta'
[1.961s] Level 1:colcon.colcon_core.package_identification:_identify(.) by extensions ['ros']
[1.961s] Level 1:colcon.colcon_core.package_identification:_identify(.) by extension 'ros'
[2.085s] Level 1:colcon.colcon_core.package_identification:_identify(.) by extensions ['cmake', 'python']
[2.085s] Level 1:colcon.colcon_core.package_identification:_identify(.) by extension 'cmake'
[2.086s] Level 1:colcon.colcon_core.package_identification:_identify(.) by extension 'python'
[2.087s] Level 1:colcon.colcon_core.package_identification:_identify(.) by extensions ['python_setup_py']
[2.087s] Level 1:colcon.colcon_core.package_identification:_identify(.) by extension 'python_setup_py'
[2.089s] Level 1:colcon.colcon_core.package_identification:_identify(build) by extensions ['ignore', 'ignore_ament_install']
[2.090s] Level 1:colcon.colcon_core.package_identification:_identify(build) by extension 'ignore'
[2.091s] Level 1:colcon.colcon_core.package_identification:_identify(build) ignored
[2.093s] Level 1:colcon.colcon_core.package_identification:_identify(install) by extensions ['ignore', 'ignore_ament_install']
[2.094s] Level 1:colcon.colcon_core.package_identification:_identify(install) by extension 'ignore'
[2.094s] Level 1:colcon.colcon_core.package_identification:_identify(install) ignored
[2.095s] Level 1:colcon.colcon_core.package_identification:_identify(log) by extensions ['ignore', 'ignore_ament_install']
[2.096s] Level 1:colcon.colcon_core.package_identification:_identify(log) by extension 'ignore'
[2.096s] Level 1:colcon.colcon_core.package_identification:_identify(log) ignored
[2.097s] Level 1:colcon.colcon_core.package_identification:_identify(src) by extensions ['ignore', 'ignore_ament_install']
[2.097s] Level 1:colcon.colcon_core.package_identification:_identify(src) by extension 'ignore'
[2.098s] Level 1:colcon.colcon_core.package_identification:_identify(src) by extension 'ignore_ament_install'
[2.098s] Level 1:colcon.colcon_core.package_identification:_identify(src) by extensions ['colcon_pkg']
[2.098s] Level 1:colcon.colcon_core.package_identification:_identify(src) by extension 'colcon_pkg'
[2.098s] Level 1:colcon.colcon_core.package_identification:_identify(src) by extensions ['colcon_meta']
[2.099s] Level 1:colcon.colcon_core.package_identification:_identify(src) by extension 'colcon_meta'
[2.099s] Level 1:colcon.colcon_core.package_identification:_identify(src) by extensions ['ros']
[2.099s] Level 1:colcon.colcon_core.package_identification:_identify(src) by extension 'ros'
[2.099s] Level 1:colcon.colcon_core.package_identification:_identify(src) by extensions ['cmake', 'python']
[2.100s] Level 1:colcon.colcon_core.package_identification:_identify(src) by extension 'cmake'
[2.100s] Level 1:colcon.colcon_core.package_identification:_identify(src) by extension 'python'
[2.100s] Level 1:colcon.colcon_core.package_identification:_identify(src) by extensions ['python_setup_py']
[2.100s] Level 1:colcon.colcon_core.package_identification:_identify(src) by extension 'python_setup_py'
[2.101s] Level 1:colcon.colcon_core.package_identification:_identify(src/single_robo_bringup) by extensions ['ignore', 'ignore_ament_install']
[2.101s] Level 1:colcon.colcon_core.package_identification:_identify(src/single_robo_bringup) by extension 'ignore'
[2.101s] Level 1:colcon.colcon_core.package_identification:_identify(src/single_robo_bringup) by extension 'ignore_ament_install'
[2.102s] Level 1:colcon.colcon_core.package_identification:_identify(src/single_robo_bringup) by extensions ['colcon_pkg']
[2.102s] Level 1:colcon.colcon_core.package_identification:_identify(src/single_robo_bringup) by extension 'colcon_pkg'
[2.102s] Level 1:colcon.colcon_core.package_identification:_identify(src/single_robo_bringup) by extensions ['colcon_meta']
[2.102s] Level 1:colcon.colcon_core.package_identification:_identify(src/single_robo_bringup) by extension 'colcon_meta'
[2.102s] Level 1:colcon.colcon_core.package_identification:_identify(src/single_robo_bringup) by extensions ['ros']
[2.103s] Level 1:colcon.colcon_core.package_identification:_identify(src/single_robo_bringup) by extension 'ros'
[2.128s] DEBUG:colcon.colcon_core.package_identification:Package 'src/single_robo_bringup' with type 'ros.ament_cmake' and name 'single_robo_bringup'
[2.129s] Level 1:colcon.colcon_core.package_identification:_identify(src/single_robo_custom_interface) by extensions ['ignore', 'ignore_ament_install']
[2.129s] Level 1:colcon.colcon_core.package_identification:_identify(src/single_robo_custom_interface) by extension 'ignore'
[2.130s] Level 1:colcon.colcon_core.package_identification:_identify(src/single_robo_custom_interface) by extension 'ignore_ament_install'
[2.132s] Level 1:colcon.colcon_core.package_identification:_identify(src/single_robo_custom_interface) by extensions ['colcon_pkg']
[2.133s] Level 1:colcon.colcon_core.package_identification:_identify(src/single_robo_custom_interface) by extension 'colcon_pkg'
[2.134s] Level 1:colcon.colcon_core.package_identification:_identify(src/single_robo_custom_interface) by extensions ['colcon_meta']
[2.135s] Level 1:colcon.colcon_core.package_identification:_identify(src/single_robo_custom_interface) by extension 'colcon_meta'
[2.136s] Level 1:colcon.colcon_core.package_identification:_identify(src/single_robo_custom_interface) by extensions ['ros']
[2.136s] Level 1:colcon.colcon_core.package_identification:_identify(src/single_robo_custom_interface) by extension 'ros'
[2.141s] DEBUG:colcon.colcon_core.package_identification:Package 'src/single_robo_custom_interface' with type 'ros.ament_cmake' and name 'single_robo_custom_interface'
[2.142s] Level 1:colcon.colcon_core.package_identification:_identify(src/single_robo_discription) by extensions ['ignore', 'ignore_ament_install']
[2.143s] Level 1:colcon.colcon_core.package_identification:_identify(src/single_robo_discription) by extension 'ignore'
[2.144s] Level 1:colcon.colcon_core.package_identification:_identify(src/single_robo_discription) by extension 'ignore_ament_install'
[2.144s] Level 1:colcon.colcon_core.package_identification:_identify(src/single_robo_discription) by extensions ['colcon_pkg']
[2.144s] Level 1:colcon.colcon_core.package_identification:_identify(src/single_robo_discription) by extension 'colcon_pkg'
[2.145s] Level 1:colcon.colcon_core.package_identification:_identify(src/single_robo_discription) by extensions ['colcon_meta']
[2.145s] Level 1:colcon.colcon_core.package_identification:_identify(src/single_robo_discription) by extension 'colcon_meta'
[2.145s] Level 1:colcon.colcon_core.package_identification:_identify(src/single_robo_discription) by extensions ['ros']
[2.146s] Level 1:colcon.colcon_core.package_identification:_identify(src/single_robo_discription) by extension 'ros'
[2.151s] DEBUG:colcon.colcon_core.package_identification:Package 'src/single_robo_discription' with type 'ros.ament_cmake' and name 'single_robo_discription'
[2.152s] Level 1:colcon.colcon_core.package_identification:_identify(src/single_robo_odometry) by extensions ['ignore', 'ignore_ament_install']
[2.152s] Level 1:colcon.colcon_core.package_identification:_identify(src/single_robo_odometry) by extension 'ignore'
[2.152s] Level 1:colcon.colcon_core.package_identification:_identify(src/single_robo_odometry) by extension 'ignore_ament_install'
[2.152s] Level 1:colcon.colcon_core.package_identification:_identify(src/single_robo_odometry) by extensions ['colcon_pkg']
[2.153s] Level 1:colcon.colcon_core.package_identification:_identify(src/single_robo_odometry) by extension 'colcon_pkg'
[2.153s] Level 1:colcon.colcon_core.package_identification:_identify(src/single_robo_odometry) by extensions ['colcon_meta']
[2.153s] Level 1:colcon.colcon_core.package_identification:_identify(src/single_robo_odometry) by extension 'colcon_meta'
[2.154s] Level 1:colcon.colcon_core.package_identification:_identify(src/single_robo_odometry) by extensions ['ros']
[2.155s] Level 1:colcon.colcon_core.package_identification:_identify(src/single_robo_odometry) by extension 'ros'
[2.161s] DEBUG:colcon.colcon_core.package_identification:Package 'src/single_robo_odometry' with type 'ros.ament_python' and name 'single_robo_odometry'
[2.162s] Level 1:colcon.colcon_core.package_identification:_identify(src/single_robo_perception) by extensions ['ignore', 'ignore_ament_install']
[2.162s] Level 1:colcon.colcon_core.package_identification:_identify(src/single_robo_perception) by extension 'ignore'
[2.162s] Level 1:colcon.colcon_core.package_identification:_identify(src/single_robo_perception) by extension 'ignore_ament_install'
[2.163s] Level 1:colcon.colcon_core.package_identification:_identify(src/single_robo_perception) by extensions ['colcon_pkg']
[2.163s] Level 1:colcon.colcon_core.package_identification:_identify(src/single_robo_perception) by extension 'colcon_pkg'
[2.163s] Level 1:colcon.colcon_core.package_identification:_identify(src/single_robo_perception) by extensions ['colcon_meta']
[2.163s] Level 1:colcon.colcon_core.package_identification:_identify(src/single_robo_perception) by extension 'colcon_meta'
[2.163s] Level 1:colcon.colcon_core.package_identification:_identify(src/single_robo_perception) by extensions ['ros']
[2.163s] Level 1:colcon.colcon_core.package_identification:_identify(src/single_robo_perception) by extension 'ros'
[2.174s] DEBUG:colcon.colcon_core.package_identification:Package 'src/single_robo_perception' with type 'ros.ament_python' and name 'single_robo_perception'
[2.175s] Level 1:colcon.colcon_core.package_discovery:discover_packages(recursive) using defaults
[2.175s] Level 1:colcon.colcon_core.package_discovery:discover_packages(ignore) discover
[2.175s] Level 1:colcon.colcon_core.package_discovery:discover_packages(ignore) using defaults
[2.176s] Level 1:colcon.colcon_core.package_discovery:discover_packages(path) discover
[2.177s] Level 1:colcon.colcon_core.package_discovery:discover_packages(path) using defaults
[2.326s] Level 1:colcon.colcon_core.package_discovery:discover_packages(prefix_path) check parameters
[2.327s] Level 1:colcon.colcon_core.package_discovery:discover_packages(prefix_path) discover
[2.349s] DEBUG:colcon.colcon_installed_package_information.package_discovery:Found 5 installed packages in /home/asd/temp_git_repo/sakar_asignment/install
[2.353s] DEBUG:colcon.colcon_installed_package_information.package_discovery:Found 3 installed packages in /home/asd/temp_git_repo/first-mega-project/install
[2.360s] DEBUG:colcon.colcon_installed_package_information.package_discovery:Found 4 installed packages in /home/asd/temp_git_repo/Eric_ws/assignment_ws/install
[2.364s] DEBUG:colcon.colcon_installed_package_information.package_discovery:Found 2 installed packages in /home/asd/ros2_ws2/install
[2.369s] DEBUG:colcon.colcon_installed_package_information.package_discovery:Found 6 installed packages in /home/asd/ros2_ws/install
[2.374s] DEBUG:colcon.colcon_installed_package_information.package_discovery:Found 9 installed packages in /home/asd/ros2_ws_goat2/install
[2.378s] DEBUG:colcon.colcon_installed_package_information.package_discovery:Found 3 installed packages in /home/asd/microros_ws/install
[2.380s] DEBUG:colcon.colcon_installed_package_information.package_discovery:Found 3 installed packages in /home/asd/ros2_ws4/install
[2.383s] DEBUG:colcon.colcon_installed_package_information.package_discovery:Found 16 installed packages in /home/asd/ros2_ws_hardware_int/install
[2.386s] DEBUG:colcon.colcon_installed_package_information.package_discovery:Found 8 installed packages in /home/asd/ros2_ws9/install
[2.389s] DEBUG:colcon.colcon_installed_package_information.package_discovery:Found 3 installed packages in /home/asd/ros2_ws7/install
[2.393s] DEBUG:colcon.colcon_installed_package_information.package_discovery:Found 1 installed packages in /home/asd/ros2_ws_hardware_int2/install
[2.396s] DEBUG:colcon.colcon_installed_package_information.package_discovery:Found 4 installed packages in /home/asd/ros2_ws_glim/install
[2.400s] DEBUG:colcon.colcon_installed_package_information.package_discovery:Found 1 installed packages in /home/asd/ros2_ws_to_build/install
[2.418s] DEBUG:colcon.colcon_installed_package_information.package_discovery:Found 512 installed packages in /opt/ros/humble
[2.440s] Level 1:colcon.colcon_core.package_discovery:discover_packages(prefix_path) using defaults
[2.929s] Level 5:colcon.colcon_core.verb:set package 'single_robo_bringup' build argument 'cmake_args' from command line to 'None'
[2.930s] Level 5:colcon.colcon_core.verb:set package 'single_robo_bringup' build argument 'cmake_target' from command line to 'None'
[2.930s] Level 5:colcon.colcon_core.verb:set package 'single_robo_bringup' build argument 'cmake_target_skip_unavailable' from command line to 'False'
[2.931s] Level 5:colcon.colcon_core.verb:set package 'single_robo_bringup' build argument 'cmake_clean_cache' from command line to 'False'
[2.931s] Level 5:colcon.colcon_core.verb:set package 'single_robo_bringup' build argument 'cmake_clean_first' from command line to 'False'
[2.931s] Level 5:colcon.colcon_core.verb:set package 'single_robo_bringup' build argument 'cmake_force_configure' from command line to 'False'
[2.932s] Level 5:colcon.colcon_core.verb:set package 'single_robo_bringup' build argument 'ament_cmake_args' from command line to 'None'
[2.932s] Level 5:colcon.colcon_core.verb:set package 'single_robo_bringup' build argument 'catkin_cmake_args' from command line to 'None'
[2.932s] Level 5:colcon.colcon_core.verb:set package 'single_robo_bringup' build argument 'catkin_skip_building_tests' from command line to 'False'
[2.933s] DEBUG:colcon.colcon_core.verb:Building package 'single_robo_bringup' with the following arguments: {'ament_cmake_args': None, 'build_base': '/home/asd/temp_git_repo/sakar_asignment/build/single_robo_bringup', 'catkin_cmake_args': None, 'catkin_skip_building_tests': False, 'cmake_args': None, 'cmake_clean_cache': False, 'cmake_clean_first': False, 'cmake_force_configure': False, 'cmake_target': None, 'cmake_target_skip_unavailable': False, 'install_base': '/home/asd/temp_git_repo/sakar_asignment/install/single_robo_bringup', 'merge_install': False, 'path': '/home/asd/temp_git_repo/sakar_asignment/src/single_robo_bringup', 'symlink_install': False, 'test_result_base': None}
[2.936s] Level 5:colcon.colcon_core.verb:set package 'single_robo_custom_interface' build argument 'cmake_args' from command line to 'None'
[2.937s] Level 5:colcon.colcon_core.verb:set package 'single_robo_custom_interface' build argument 'cmake_target' from command line to 'None'
[2.937s] Level 5:colcon.colcon_core.verb:set package 'single_robo_custom_interface' build argument 'cmake_target_skip_unavailable' from command line to 'False'
[2.937s] Level 5:colcon.colcon_core.verb:set package 'single_robo_custom_interface' build argument 'cmake_clean_cache' from command line to 'False'
[2.938s] Level 5:colcon.colcon_core.verb:set package 'single_robo_custom_interface' build argument 'cmake_clean_first' from command line to 'False'
[2.938s] Level 5:colcon.colcon_core.verb:set package 'single_robo_custom_interface' build argument 'cmake_force_configure' from command line to 'False'
[2.938s] Level 5:colcon.colcon_core.verb:set package 'single_robo_custom_interface' build argument 'ament_cmake_args' from command line to 'None'
[2.938s] Level 5:colcon.colcon_core.verb:set package 'single_robo_custom_interface' build argument 'catkin_cmake_args' from command line to 'None'
[2.938s] Level 5:colcon.colcon_core.verb:set package 'single_robo_custom_interface' build argument 'catkin_skip_building_tests' from command line to 'False'
[2.939s] DEBUG:colcon.colcon_core.verb:Building package 'single_robo_custom_interface' with the following arguments: {'ament_cmake_args': None, 'build_base': '/home/asd/temp_git_repo/sakar_asignment/build/single_robo_custom_interface', 'catkin_cmake_args': None, 'catkin_skip_building_tests': False, 'cmake_args': None, 'cmake_clean_cache': False, 'cmake_clean_first': False, 'cmake_force_configure': False, 'cmake_target': None, 'cmake_target_skip_unavailable': False, 'install_base': '/home/asd/temp_git_repo/sakar_asignment/install/single_robo_custom_interface', 'merge_install': False, 'path': '/home/asd/temp_git_repo/sakar_asignment/src/single_robo_custom_interface', 'symlink_install': False, 'test_result_base': None}
[2.941s] Level 5:colcon.colcon_core.verb:set package 'single_robo_discription' build argument 'cmake_args' from command line to 'None'
[2.941s] Level 5:colcon.colcon_core.verb:set package 'single_robo_discription' build argument 'cmake_target' from command line to 'None'
[2.942s] Level 5:colcon.colcon_core.verb:set package 'single_robo_discription' build argument 'cmake_target_skip_unavailable' from command line to 'False'
[2.942s] Level 5:colcon.colcon_core.verb:set package 'single_robo_discription' build argument 'cmake_clean_cache' from command line to 'False'
[2.942s] Level 5:colcon.colcon_core.verb:set package 'single_robo_discription' build argument 'cmake_clean_first' from command line to 'False'
[2.942s] Level 5:colcon.colcon_core.verb:set package 'single_robo_discription' build argument 'cmake_force_configure' from command line to 'False'
[2.942s] Level 5:colcon.colcon_core.verb:set package 'single_robo_discription' build argument 'ament_cmake_args' from command line to 'None'
[2.943s] Level 5:colcon.colcon_core.verb:set package 'single_robo_discription' build argument 'catkin_cmake_args' from command line to 'None'
[2.943s] Level 5:colcon.colcon_core.verb:set package 'single_robo_discription' build argument 'catkin_skip_building_tests' from command line to 'False'
[2.943s] DEBUG:colcon.colcon_core.verb:Building package 'single_robo_discription' with the following arguments: {'ament_cmake_args': None, 'build_base': '/home/asd/temp_git_repo/sakar_asignment/build/single_robo_discription', 'catkin_cmake_args': None, 'catkin_skip_building_tests': False, 'cmake_args': None, 'cmake_clean_cache': False, 'cmake_clean_first': False, 'cmake_force_configure': False, 'cmake_target': None, 'cmake_target_skip_unavailable': False, 'install_base': '/home/asd/temp_git_repo/sakar_asignment/install/single_robo_discription', 'merge_install': False, 'path': '/home/asd/temp_git_repo/sakar_asignment/src/single_robo_discription', 'symlink_install': False, 'test_result_base': None}
[2.949s] Level 5:colcon.colcon_core.verb:set package 'single_robo_odometry' build argument 'cmake_args' from command line to 'None'
[2.949s] Level 5:colcon.colcon_core.verb:set package 'single_robo_odometry' build argument 'cmake_target' from command line to 'None'
[2.949s] Level 5:colcon.colcon_core.verb:set package 'single_robo_odometry' build argument 'cmake_target_skip_unavailable' from command line to 'False'
[2.950s] Level 5:colcon.colcon_core.verb:set package 'single_robo_odometry' build argument 'cmake_clean_cache' from command line to 'False'
[2.950s] Level 5:colcon.colcon_core.verb:set package 'single_robo_odometry' build argument 'cmake_clean_first' from command line to 'False'
[2.950s] Level 5:colcon.colcon_core.verb:set package 'single_robo_odometry' build argument 'cmake_force_configure' from command line to 'False'
[2.950s] Level 5:colcon.colcon_core.verb:set package 'single_robo_odometry' build argument 'ament_cmake_args' from command line to 'None'
[2.950s] Level 5:colcon.colcon_core.verb:set package 'single_robo_odometry' build argument 'catkin_cmake_args' from command line to 'None'
[2.950s] Level 5:colcon.colcon_core.verb:set package 'single_robo_odometry' build argument 'catkin_skip_building_tests' from command line to 'False'
[2.950s] DEBUG:colcon.colcon_core.verb:Building package 'single_robo_odometry' with the following arguments: {'ament_cmake_args': None, 'build_base': '/home/asd/temp_git_repo/sakar_asignment/build/single_robo_odometry', 'catkin_cmake_args': None, 'catkin_skip_building_tests': False, 'cmake_args': None, 'cmake_clean_cache': False, 'cmake_clean_first': False, 'cmake_force_configure': False, 'cmake_target': None, 'cmake_target_skip_unavailable': False, 'install_base': '/home/asd/temp_git_repo/sakar_asignment/install/single_robo_odometry', 'merge_install': False, 'path': '/home/asd/temp_git_repo/sakar_asignment/src/single_robo_odometry', 'symlink_install': False, 'test_result_base': None}
[2.952s] Level 5:colcon.colcon_core.verb:set package 'single_robo_perception' build argument 'cmake_args' from command line to 'None'
[2.952s] Level 5:colcon.colcon_core.verb:set package 'single_robo_perception' build argument 'cmake_target' from command line to 'None'
[2.953s] Level 5:colcon.colcon_core.verb:set package 'single_robo_perception' build argument 'cmake_target_skip_unavailable' from command line to 'False'
[2.953s] Level 5:colcon.colcon_core.verb:set package 'single_robo_perception' build argument 'cmake_clean_cache' from command line to 'False'
[2.953s] Level 5:colcon.colcon_core.verb:set package 'single_robo_perception' build argument 'cmake_clean_first' from command line to 'False'
[2.953s] Level 5:colcon.colcon_core.verb:set package 'single_robo_perception' build argument 'cmake_force_configure' from command line to 'False'
[2.953s] Level 5:colcon.colcon_core.verb:set package 'single_robo_perception' build argument 'ament_cmake_args' from command line to 'None'
[2.953s] Level 5:colcon.colcon_core.verb:set package 'single_robo_perception' build argument 'catkin_cmake_args' from command line to 'None'
[2.954s] Level 5:colcon.colcon_core.verb:set package 'single_robo_perception' build argument 'catkin_skip_building_tests' from command line to 'False'
[2.954s] DEBUG:colcon.colcon_core.verb:Building package 'single_robo_perception' with the following arguments: {'ament_cmake_args': None, 'build_base': '/home/asd/temp_git_repo/sakar_asignment/build/single_robo_perception', 'catkin_cmake_args': None, 'catkin_skip_building_tests': False, 'cmake_args': None, 'cmake_clean_cache': False, 'cmake_clean_first': False, 'cmake_force_configure': False, 'cmake_target': None, 'cmake_target_skip_unavailable': False, 'install_base': '/home/asd/temp_git_repo/sakar_asignment/install/single_robo_perception', 'merge_install': False, 'path': '/home/asd/temp_git_repo/sakar_asignment/src/single_robo_perception', 'symlink_install': False, 'test_result_base': None}
[2.955s] INFO:colcon.colcon_core.executor:Executing jobs using 'parallel' executor
[2.958s] DEBUG:colcon.colcon_parallel_executor.executor.parallel:run_until_complete
[2.959s] INFO:colcon.colcon_ros.task.ament_cmake.build:Building ROS package in '/home/asd/temp_git_repo/sakar_asignment/src/single_robo_custom_interface' with build type 'ament_cmake'
[2.959s] INFO:colcon.colcon_cmake.task.cmake.build:Building CMake package in '/home/asd/temp_git_repo/sakar_asignment/src/single_robo_custom_interface'
[2.978s] INFO:colcon.colcon_core.plugin_system:Skipping extension 'colcon_core.shell.bat': Not used on non-Windows systems
[2.979s] INFO:colcon.colcon_core.shell:Skip shell extension 'powershell' for command environment: Not usable outside of PowerShell
[2.980s] DEBUG:colcon.colcon_core.shell:Skip shell extension 'dsv' for command environment
[3.080s] INFO:colcon.colcon_ros.task.ament_cmake.build:Building ROS package in '/home/asd/temp_git_repo/sakar_asignment/src/single_robo_bringup' with build type 'ament_cmake'
[3.081s] INFO:colcon.colcon_cmake.task.cmake.build:Building CMake package in '/home/asd/temp_git_repo/sakar_asignment/src/single_robo_bringup'
[3.085s] INFO:colcon.colcon_core.shell:Skip shell extension 'powershell' for command environment: Not usable outside of PowerShell
[3.085s] DEBUG:colcon.colcon_core.shell:Skip shell extension 'dsv' for command environment
[3.191s] INFO:colcon.colcon_ros.task.ament_cmake.build:Building ROS package in '/home/asd/temp_git_repo/sakar_asignment/src/single_robo_discription' with build type 'ament_cmake'
[3.191s] INFO:colcon.colcon_cmake.task.cmake.build:Building CMake package in '/home/asd/temp_git_repo/sakar_asignment/src/single_robo_discription'
[3.195s] INFO:colcon.colcon_core.shell:Skip shell extension 'powershell' for command environment: Not usable outside of PowerShell
[3.195s] DEBUG:colcon.colcon_core.shell:Skip shell extension 'dsv' for command environment
[3.286s] INFO:colcon.colcon_ros.task.ament_python.build:Building ROS package in '/home/asd/temp_git_repo/sakar_asignment/src/single_robo_odometry' with build type 'ament_python'
[3.292s] Level 1:colcon.colcon_core.shell:create_environment_hook('single_robo_odometry', 'ament_prefix_path')
[3.295s] INFO:colcon.colcon_core.shell:Creating environment hook '/home/asd/temp_git_repo/sakar_asignment/install/single_robo_odometry/share/single_robo_odometry/hook/ament_prefix_path.ps1'
[3.299s] INFO:colcon.colcon_core.shell:Creating environment descriptor '/home/asd/temp_git_repo/sakar_asignment/install/single_robo_odometry/share/single_robo_odometry/hook/ament_prefix_path.dsv'
[3.308s] INFO:colcon.colcon_core.shell:Creating environment hook '/home/asd/temp_git_repo/sakar_asignment/install/single_robo_odometry/share/single_robo_odometry/hook/ament_prefix_path.sh'
[3.319s] INFO:colcon.colcon_core.shell:Skip shell extension 'powershell' for command environment: Not usable outside of PowerShell
[3.320s] DEBUG:colcon.colcon_core.shell:Skip shell extension 'dsv' for command environment
[3.479s] DEBUG:colcon.colcon_core.event_handler.log_command:Invoking command in '/home/asd/temp_git_repo/sakar_asignment/build/single_robo_custom_interface': CMAKE_PREFIX_PATH=${CMAKE_PREFIX_PATH}:/home/asd/temp_git_repo/sakar_asignment/install/single_robo_perception:/home/asd/temp_git_repo/sakar_asignment/install/single_robo_odometry:/home/asd/temp_git_repo/first-mega-project/install/single_robo_odometry:/home/asd/ros2_ws_goat2/install/multi_robo_simulator:/home/asd/ros2_ws_goat2/install/swarm_interfaces:/home/asd/ros2_ws_goat2/install/my_robot_description2:/home/asd/ros2_ws_goat2/install/my_robot_bringup2:/home/asd/ros2_ws_goat2/install/goat_robo_discription:/home/asd/ros2_ws_goat2/install/micro_ros_server:/home/asd/ros2_ws_goat2/install/micro_ros_custom_interfaces:/home/asd/ros2_ws_goat2/install/Qr_action:/home/asd/ros2_ws4/install/esp_wifi:/home/asd/ros2_ws4/install/maping_odom:/home/asd/ros2_ws9/install/turtlebot3_simulations:/home/asd/ros2_ws9/install/turtlebot3_gazebo_goat:/home/asd/ros2_ws9/install/turtlebot3_fake_node:/home/asd/ros2_ws9/install/testbed_gazebo_goat:/home/asd/ros2_ws9/install/testbed_description_goat:/home/asd/ros2_ws9/install/my_goat_pkg:/home/asd/ros2_ws9/install/goat_interfaces:/home/asd/ros2_ws9/install/goat_gazebo:/home/asd/ros2_ws7/install/my_py_pkg_anscer:/home/asd/ros2_ws/install/turtlesim_catch_them_all:/home/asd/ros2_ws/install/my_py_pkg:/opt/ros/humble /usr/bin/cmake --build /home/asd/temp_git_repo/sakar_asignment/build/single_robo_custom_interface -- -j8 -l8
[3.518s] DEBUG:colcon.colcon_core.event_handler.log_command:Invoking command in '/home/asd/temp_git_repo/sakar_asignment/build/single_robo_bringup': CMAKE_PREFIX_PATH=${CMAKE_PREFIX_PATH}:/home/asd/temp_git_repo/sakar_asignment/install/single_robo_perception:/home/asd/temp_git_repo/sakar_asignment/install/single_robo_odometry:/home/asd/temp_git_repo/first-mega-project/install/single_robo_odometry:/home/asd/ros2_ws_goat2/install/multi_robo_simulator:/home/asd/ros2_ws_goat2/install/swarm_interfaces:/home/asd/ros2_ws_goat2/install/my_robot_description2:/home/asd/ros2_ws_goat2/install/my_robot_bringup2:/home/asd/ros2_ws_goat2/install/goat_robo_discription:/home/asd/ros2_ws_goat2/install/micro_ros_server:/home/asd/ros2_ws_goat2/install/micro_ros_custom_interfaces:/home/asd/ros2_ws_goat2/install/Qr_action:/home/asd/ros2_ws4/install/esp_wifi:/home/asd/ros2_ws4/install/maping_odom:/home/asd/ros2_ws9/install/turtlebot3_simulations:/home/asd/ros2_ws9/install/turtlebot3_gazebo_goat:/home/asd/ros2_ws9/install/turtlebot3_fake_node:/home/asd/ros2_ws9/install/testbed_gazebo_goat:/home/asd/ros2_ws9/install/testbed_description_goat:/home/asd/ros2_ws9/install/my_goat_pkg:/home/asd/ros2_ws9/install/goat_interfaces:/home/asd/ros2_ws9/install/goat_gazebo:/home/asd/ros2_ws7/install/my_py_pkg_anscer:/home/asd/ros2_ws/install/turtlesim_catch_them_all:/home/asd/ros2_ws/install/my_py_pkg:/opt/ros/humble /usr/bin/cmake --build /home/asd/temp_git_repo/sakar_asignment/build/single_robo_bringup -- -j8 -l8
[3.557s] DEBUG:colcon.colcon_core.event_handler.log_command:Invoking command in '/home/asd/temp_git_repo/sakar_asignment/build/single_robo_discription': CMAKE_PREFIX_PATH=${CMAKE_PREFIX_PATH}:/home/asd/temp_git_repo/sakar_asignment/install/single_robo_perception:/home/asd/temp_git_repo/sakar_asignment/install/single_robo_odometry:/home/asd/temp_git_repo/first-mega-project/install/single_robo_odometry:/home/asd/ros2_ws_goat2/install/multi_robo_simulator:/home/asd/ros2_ws_goat2/install/swarm_interfaces:/home/asd/ros2_ws_goat2/install/my_robot_description2:/home/asd/ros2_ws_goat2/install/my_robot_bringup2:/home/asd/ros2_ws_goat2/install/goat_robo_discription:/home/asd/ros2_ws_goat2/install/micro_ros_server:/home/asd/ros2_ws_goat2/install/micro_ros_custom_interfaces:/home/asd/ros2_ws_goat2/install/Qr_action:/home/asd/ros2_ws4/install/esp_wifi:/home/asd/ros2_ws4/install/maping_odom:/home/asd/ros2_ws9/install/turtlebot3_simulations:/home/asd/ros2_ws9/install/turtlebot3_gazebo_goat:/home/asd/ros2_ws9/install/turtlebot3_fake_node:/home/asd/ros2_ws9/install/testbed_gazebo_goat:/home/asd/ros2_ws9/install/testbed_description_goat:/home/asd/ros2_ws9/install/my_goat_pkg:/home/asd/ros2_ws9/install/goat_interfaces:/home/asd/ros2_ws9/install/goat_gazebo:/home/asd/ros2_ws7/install/my_py_pkg_anscer:/home/asd/ros2_ws/install/turtlesim_catch_them_all:/home/asd/ros2_ws/install/my_py_pkg:/opt/ros/humble /usr/bin/cmake --build /home/asd/temp_git_repo/sakar_asignment/build/single_robo_discription -- -j8 -l8
[5.785s] INFO:colcon.colcon_core.task.python.build:Building Python package in '/home/asd/temp_git_repo/sakar_asignment/src/single_robo_odometry'
[5.787s] INFO:colcon.colcon_core.shell:Skip shell extension 'powershell' for command environment: Not usable outside of PowerShell
[5.787s] DEBUG:colcon.colcon_core.shell:Skip shell extension 'dsv' for command environment
[5.872s] DEBUG:colcon.colcon_core.event_handler.log_command:Invoked command in '/home/asd/temp_git_repo/sakar_asignment/build/single_robo_discription' returned '0': CMAKE_PREFIX_PATH=${CMAKE_PREFIX_PATH}:/home/asd/temp_git_repo/sakar_asignment/install/single_robo_perception:/home/asd/temp_git_repo/sakar_asignment/install/single_robo_odometry:/home/asd/temp_git_repo/first-mega-project/install/single_robo_odometry:/home/asd/ros2_ws_goat2/install/multi_robo_simulator:/home/asd/ros2_ws_goat2/install/swarm_interfaces:/home/asd/ros2_ws_goat2/install/my_robot_description2:/home/asd/ros2_ws_goat2/install/my_robot_bringup2:/home/asd/ros2_ws_goat2/install/goat_robo_discription:/home/asd/ros2_ws_goat2/install/micro_ros_server:/home/asd/ros2_ws_goat2/install/micro_ros_custom_interfaces:/home/asd/ros2_ws_goat2/install/Qr_action:/home/asd/ros2_ws4/install/esp_wifi:/home/asd/ros2_ws4/install/maping_odom:/home/asd/ros2_ws9/install/turtlebot3_simulations:/home/asd/ros2_ws9/install/turtlebot3_gazebo_goat:/home/asd/ros2_ws9/install/turtlebot3_fake_node:/home/asd/ros2_ws9/install/testbed_gazebo_goat:/home/asd/ros2_ws9/install/testbed_description_goat:/home/asd/ros2_ws9/install/my_goat_pkg:/home/asd/ros2_ws9/install/goat_interfaces:/home/asd/ros2_ws9/install/goat_gazebo:/home/asd/ros2_ws7/install/my_py_pkg_anscer:/home/asd/ros2_ws/install/turtlesim_catch_them_all:/home/asd/ros2_ws/install/my_py_pkg:/opt/ros/humble /usr/bin/cmake --build /home/asd/temp_git_repo/sakar_asignment/build/single_robo_discription -- -j8 -l8
[5.970s] DEBUG:colcon.colcon_core.event_handler.log_command:Invoking command in '/home/asd/temp_git_repo/sakar_asignment/build/single_robo_discription': CMAKE_PREFIX_PATH=${CMAKE_PREFIX_PATH}:/home/asd/temp_git_repo/sakar_asignment/install/single_robo_perception:/home/asd/temp_git_repo/sakar_asignment/install/single_robo_odometry:/home/asd/temp_git_repo/first-mega-project/install/single_robo_odometry:/home/asd/ros2_ws_goat2/install/multi_robo_simulator:/home/asd/ros2_ws_goat2/install/swarm_interfaces:/home/asd/ros2_ws_goat2/install/my_robot_description2:/home/asd/ros2_ws_goat2/install/my_robot_bringup2:/home/asd/ros2_ws_goat2/install/goat_robo_discription:/home/asd/ros2_ws_goat2/install/micro_ros_server:/home/asd/ros2_ws_goat2/install/micro_ros_custom_interfaces:/home/asd/ros2_ws_goat2/install/Qr_action:/home/asd/ros2_ws4/install/esp_wifi:/home/asd/ros2_ws4/install/maping_odom:/home/asd/ros2_ws9/install/turtlebot3_simulations:/home/asd/ros2_ws9/install/turtlebot3_gazebo_goat:/home/asd/ros2_ws9/install/turtlebot3_fake_node:/home/asd/ros2_ws9/install/testbed_gazebo_goat:/home/asd/ros2_ws9/install/testbed_description_goat:/home/asd/ros2_ws9/install/my_goat_pkg:/home/asd/ros2_ws9/install/goat_interfaces:/home/asd/ros2_ws9/install/goat_gazebo:/home/asd/ros2_ws7/install/my_py_pkg_anscer:/home/asd/ros2_ws/install/turtlesim_catch_them_all:/home/asd/ros2_ws/install/my_py_pkg:/opt/ros/humble /usr/bin/cmake --install /home/asd/temp_git_repo/sakar_asignment/build/single_robo_discription
[5.973s] DEBUG:colcon.colcon_core.event_handler.log_command:Invoked command in '/home/asd/temp_git_repo/sakar_asignment/build/single_robo_bringup' returned '0': CMAKE_PREFIX_PATH=${CMAKE_PREFIX_PATH}:/home/asd/temp_git_repo/sakar_asignment/install/single_robo_perception:/home/asd/temp_git_repo/sakar_asignment/install/single_robo_odometry:/home/asd/temp_git_repo/first-mega-project/install/single_robo_odometry:/home/asd/ros2_ws_goat2/install/multi_robo_simulator:/home/asd/ros2_ws_goat2/install/swarm_interfaces:/home/asd/ros2_ws_goat2/install/my_robot_description2:/home/asd/ros2_ws_goat2/install/my_robot_bringup2:/home/asd/ros2_ws_goat2/install/goat_robo_discription:/home/asd/ros2_ws_goat2/install/micro_ros_server:/home/asd/ros2_ws_goat2/install/micro_ros_custom_interfaces:/home/asd/ros2_ws_goat2/install/Qr_action:/home/asd/ros2_ws4/install/esp_wifi:/home/asd/ros2_ws4/install/maping_odom:/home/asd/ros2_ws9/install/turtlebot3_simulations:/home/asd/ros2_ws9/install/turtlebot3_gazebo_goat:/home/asd/ros2_ws9/install/turtlebot3_fake_node:/home/asd/ros2_ws9/install/testbed_gazebo_goat:/home/asd/ros2_ws9/install/testbed_description_goat:/home/asd/ros2_ws9/install/my_goat_pkg:/home/asd/ros2_ws9/install/goat_interfaces:/home/asd/ros2_ws9/install/goat_gazebo:/home/asd/ros2_ws7/install/my_py_pkg_anscer:/home/asd/ros2_ws/install/turtlesim_catch_them_all:/home/asd/ros2_ws/install/my_py_pkg:/opt/ros/humble /usr/bin/cmake --build /home/asd/temp_git_repo/sakar_asignment/build/single_robo_bringup -- -j8 -l8
[5.993s] DEBUG:colcon.colcon_core.event_handler.log_command:Invoking command in '/home/asd/temp_git_repo/sakar_asignment/build/single_robo_bringup': CMAKE_PREFIX_PATH=${CMAKE_PREFIX_PATH}:/home/asd/temp_git_repo/sakar_asignment/install/single_robo_perception:/home/asd/temp_git_repo/sakar_asignment/install/single_robo_odometry:/home/asd/temp_git_repo/first-mega-project/install/single_robo_odometry:/home/asd/ros2_ws_goat2/install/multi_robo_simulator:/home/asd/ros2_ws_goat2/install/swarm_interfaces:/home/asd/ros2_ws_goat2/install/my_robot_description2:/home/asd/ros2_ws_goat2/install/my_robot_bringup2:/home/asd/ros2_ws_goat2/install/goat_robo_discription:/home/asd/ros2_ws_goat2/install/micro_ros_server:/home/asd/ros2_ws_goat2/install/micro_ros_custom_interfaces:/home/asd/ros2_ws_goat2/install/Qr_action:/home/asd/ros2_ws4/install/esp_wifi:/home/asd/ros2_ws4/install/maping_odom:/home/asd/ros2_ws9/install/turtlebot3_simulations:/home/asd/ros2_ws9/install/turtlebot3_gazebo_goat:/home/asd/ros2_ws9/install/turtlebot3_fake_node:/home/asd/ros2_ws9/install/testbed_gazebo_goat:/home/asd/ros2_ws9/install/testbed_description_goat:/home/asd/ros2_ws9/install/my_goat_pkg:/home/asd/ros2_ws9/install/goat_interfaces:/home/asd/ros2_ws9/install/goat_gazebo:/home/asd/ros2_ws7/install/my_py_pkg_anscer:/home/asd/ros2_ws/install/turtlesim_catch_them_all:/home/asd/ros2_ws/install/my_py_pkg:/opt/ros/humble /usr/bin/cmake --install /home/asd/temp_git_repo/sakar_asignment/build/single_robo_bringup
[6.074s] Level 1:colcon.colcon_core.environment:create_environment_scripts_only(single_robo_discription)
[6.134s] DEBUG:colcon.colcon_core.event_handler.log_command:Invoked command in '/home/asd/temp_git_repo/sakar_asignment/build/single_robo_discription' returned '0': CMAKE_PREFIX_PATH=${CMAKE_PREFIX_PATH}:/home/asd/temp_git_repo/sakar_asignment/install/single_robo_perception:/home/asd/temp_git_repo/sakar_asignment/install/single_robo_odometry:/home/asd/temp_git_repo/first-mega-project/install/single_robo_odometry:/home/asd/ros2_ws_goat2/install/multi_robo_simulator:/home/asd/ros2_ws_goat2/install/swarm_interfaces:/home/asd/ros2_ws_goat2/install/my_robot_description2:/home/asd/ros2_ws_goat2/install/my_robot_bringup2:/home/asd/ros2_ws_goat2/install/goat_robo_discription:/home/asd/ros2_ws_goat2/install/micro_ros_server:/home/asd/ros2_ws_goat2/install/micro_ros_custom_interfaces:/home/asd/ros2_ws_goat2/install/Qr_action:/home/asd/ros2_ws4/install/esp_wifi:/home/asd/ros2_ws4/install/maping_odom:/home/asd/ros2_ws9/install/turtlebot3_simulations:/home/asd/ros2_ws9/install/turtlebot3_gazebo_goat:/home/asd/ros2_ws9/install/turtlebot3_fake_node:/home/asd/ros2_ws9/install/testbed_gazebo_goat:/home/asd/ros2_ws9/install/testbed_description_goat:/home/asd/ros2_ws9/install/my_goat_pkg:/home/asd/ros2_ws9/install/goat_interfaces:/home/asd/ros2_ws9/install/goat_gazebo:/home/asd/ros2_ws7/install/my_py_pkg_anscer:/home/asd/ros2_ws/install/turtlesim_catch_them_all:/home/asd/ros2_ws/install/my_py_pkg:/opt/ros/humble /usr/bin/cmake --install /home/asd/temp_git_repo/sakar_asignment/build/single_robo_discription
[6.138s] Level 1:colcon.colcon_core.environment:checking '/home/asd/temp_git_repo/sakar_asignment/install/single_robo_discription' for CMake module files
[6.141s] Level 1:colcon.colcon_core.environment:checking '/home/asd/temp_git_repo/sakar_asignment/install/single_robo_discription' for CMake config files
[6.152s] Level 1:colcon.colcon_core.shell:create_environment_hook('single_robo_discription', 'cmake_prefix_path')
[6.154s] INFO:colcon.colcon_core.shell:Creating environment hook '/home/asd/temp_git_repo/sakar_asignment/install/single_robo_discription/share/single_robo_discription/hook/cmake_prefix_path.ps1'
[6.156s] INFO:colcon.colcon_core.shell:Creating environment descriptor '/home/asd/temp_git_repo/sakar_asignment/install/single_robo_discription/share/single_robo_discription/hook/cmake_prefix_path.dsv'
[6.160s] INFO:colcon.colcon_core.shell:Creating environment hook '/home/asd/temp_git_repo/sakar_asignment/install/single_robo_discription/share/single_robo_discription/hook/cmake_prefix_path.sh'
[6.163s] Level 1:colcon.colcon_core.environment:checking '/home/asd/temp_git_repo/sakar_asignment/install/single_robo_discription/bin'
[6.163s] Level 1:colcon.colcon_core.environment:checking '/home/asd/temp_git_repo/sakar_asignment/install/single_robo_discription/lib/pkgconfig/single_robo_discription.pc'
[6.168s] Level 1:colcon.colcon_core.environment:checking '/home/asd/temp_git_repo/sakar_asignment/install/single_robo_discription/lib/python3.10/site-packages'
[6.171s] Level 1:colcon.colcon_core.environment:checking '/home/asd/temp_git_repo/sakar_asignment/install/single_robo_discription/bin'
[6.174s] INFO:colcon.colcon_core.shell:Creating package script '/home/asd/temp_git_repo/sakar_asignment/install/single_robo_discription/share/single_robo_discription/package.ps1'
[6.179s] INFO:colcon.colcon_core.shell:Creating package descriptor '/home/asd/temp_git_repo/sakar_asignment/install/single_robo_discription/share/single_robo_discription/package.dsv'
[6.182s] INFO:colcon.colcon_core.shell:Creating package script '/home/asd/temp_git_repo/sakar_asignment/install/single_robo_discription/share/single_robo_discription/package.sh'
[6.186s] INFO:colcon.colcon_core.shell:Creating package script '/home/asd/temp_git_repo/sakar_asignment/install/single_robo_discription/share/single_robo_discription/package.bash'
[6.196s] INFO:colcon.colcon_core.shell:Creating package script '/home/asd/temp_git_repo/sakar_asignment/install/single_robo_discription/share/single_robo_discription/package.zsh'
[6.201s] Level 1:colcon.colcon_core.environment:create_file_with_runtime_dependencies(/home/asd/temp_git_repo/sakar_asignment/install/single_robo_discription/share/colcon-core/packages/single_robo_discription)
[6.205s] Level 1:colcon.colcon_core.environment:create_environment_scripts_only(single_robo_discription)
[6.206s] Level 1:colcon.colcon_core.environment:checking '/home/asd/temp_git_repo/sakar_asignment/install/single_robo_discription' for CMake module files
[6.209s] Level 1:colcon.colcon_core.environment:checking '/home/asd/temp_git_repo/sakar_asignment/install/single_robo_discription' for CMake config files
[6.215s] Level 1:colcon.colcon_core.shell:create_environment_hook('single_robo_discription', 'cmake_prefix_path')
[6.217s] INFO:colcon.colcon_core.shell:Creating environment hook '/home/asd/temp_git_repo/sakar_asignment/install/single_robo_discription/share/single_robo_discription/hook/cmake_prefix_path.ps1'
[6.220s] INFO:colcon.colcon_core.shell:Creating environment descriptor '/home/asd/temp_git_repo/sakar_asignment/install/single_robo_discription/share/single_robo_discription/hook/cmake_prefix_path.dsv'
[6.221s] INFO:colcon.colcon_core.shell:Creating environment hook '/home/asd/temp_git_repo/sakar_asignment/install/single_robo_discription/share/single_robo_discription/hook/cmake_prefix_path.sh'
[6.224s] Level 1:colcon.colcon_core.environment:checking '/home/asd/temp_git_repo/sakar_asignment/install/single_robo_discription/bin'
[6.224s] Level 1:colcon.colcon_core.environment:checking '/home/asd/temp_git_repo/sakar_asignment/install/single_robo_discription/lib/pkgconfig/single_robo_discription.pc'
[6.225s] Level 1:colcon.colcon_core.environment:checking '/home/asd/temp_git_repo/sakar_asignment/install/single_robo_discription/lib/python3.10/site-packages'
[6.226s] Level 1:colcon.colcon_core.environment:checking '/home/asd/temp_git_repo/sakar_asignment/install/single_robo_discription/bin'
[6.228s] INFO:colcon.colcon_core.shell:Creating package script '/home/asd/temp_git_repo/sakar_asignment/install/single_robo_discription/share/single_robo_discription/package.ps1'
[6.230s] INFO:colcon.colcon_core.shell:Creating package descriptor '/home/asd/temp_git_repo/sakar_asignment/install/single_robo_discription/share/single_robo_discription/package.dsv'
[6.236s] INFO:colcon.colcon_core.shell:Creating package script '/home/asd/temp_git_repo/sakar_asignment/install/single_robo_discription/share/single_robo_discription/package.sh'
[6.239s] INFO:colcon.colcon_core.shell:Creating package script '/home/asd/temp_git_repo/sakar_asignment/install/single_robo_discription/share/single_robo_discription/package.bash'
[6.245s] INFO:colcon.colcon_core.shell:Creating package script '/home/asd/temp_git_repo/sakar_asignment/install/single_robo_discription/share/single_robo_discription/package.zsh'
[6.248s] Level 1:colcon.colcon_core.environment:create_file_with_runtime_dependencies(/home/asd/temp_git_repo/sakar_asignment/install/single_robo_discription/share/colcon-core/packages/single_robo_discription)
[6.256s] Level 1:colcon.colcon_core.environment:create_environment_scripts_only(single_robo_bringup)
[6.258s] Level 1:colcon.colcon_core.environment:checking '/home/asd/temp_git_repo/sakar_asignment/install/single_robo_bringup' for CMake module files
[6.262s] DEBUG:colcon.colcon_core.event_handler.log_command:Invoked command in '/home/asd/temp_git_repo/sakar_asignment/build/single_robo_bringup' returned '0': CMAKE_PREFIX_PATH=${CMAKE_PREFIX_PATH}:/home/asd/temp_git_repo/sakar_asignment/install/single_robo_perception:/home/asd/temp_git_repo/sakar_asignment/install/single_robo_odometry:/home/asd/temp_git_repo/first-mega-project/install/single_robo_odometry:/home/asd/ros2_ws_goat2/install/multi_robo_simulator:/home/asd/ros2_ws_goat2/install/swarm_interfaces:/home/asd/ros2_ws_goat2/install/my_robot_description2:/home/asd/ros2_ws_goat2/install/my_robot_bringup2:/home/asd/ros2_ws_goat2/install/goat_robo_discription:/home/asd/ros2_ws_goat2/install/micro_ros_server:/home/asd/ros2_ws_goat2/install/micro_ros_custom_interfaces:/home/asd/ros2_ws_goat2/install/Qr_action:/home/asd/ros2_ws4/install/esp_wifi:/home/asd/ros2_ws4/install/maping_odom:/home/asd/ros2_ws9/install/turtlebot3_simulations:/home/asd/ros2_ws9/install/turtlebot3_gazebo_goat:/home/asd/ros2_ws9/install/turtlebot3_fake_node:/home/asd/ros2_ws9/install/testbed_gazebo_goat:/home/asd/ros2_ws9/install/testbed_description_goat:/home/asd/ros2_ws9/install/my_goat_pkg:/home/asd/ros2_ws9/install/goat_interfaces:/home/asd/ros2_ws9/install/goat_gazebo:/home/asd/ros2_ws7/install/my_py_pkg_anscer:/home/asd/ros2_ws/install/turtlesim_catch_them_all:/home/asd/ros2_ws/install/my_py_pkg:/opt/ros/humble /usr/bin/cmake --install /home/asd/temp_git_repo/sakar_asignment/build/single_robo_bringup
[6.264s] Level 1:colcon.colcon_core.environment:checking '/home/asd/temp_git_repo/sakar_asignment/install/single_robo_bringup' for CMake config files
[6.267s] Level 1:colcon.colcon_core.shell:create_environment_hook('single_robo_bringup', 'cmake_prefix_path')
[6.269s] INFO:colcon.colcon_core.shell:Creating environment hook '/home/asd/temp_git_repo/sakar_asignment/install/single_robo_bringup/share/single_robo_bringup/hook/cmake_prefix_path.ps1'
[6.272s] INFO:colcon.colcon_core.shell:Creating environment descriptor '/home/asd/temp_git_repo/sakar_asignment/install/single_robo_bringup/share/single_robo_bringup/hook/cmake_prefix_path.dsv'
[6.273s] INFO:colcon.colcon_core.shell:Creating environment hook '/home/asd/temp_git_repo/sakar_asignment/install/single_robo_bringup/share/single_robo_bringup/hook/cmake_prefix_path.sh'
[6.280s] Level 1:colcon.colcon_core.environment:checking '/home/asd/temp_git_repo/sakar_asignment/install/single_robo_bringup/bin'
[6.280s] Level 1:colcon.colcon_core.environment:checking '/home/asd/temp_git_repo/sakar_asignment/install/single_robo_bringup/lib/pkgconfig/single_robo_bringup.pc'
[6.281s] Level 1:colcon.colcon_core.environment:checking '/home/asd/temp_git_repo/sakar_asignment/install/single_robo_bringup/lib/python3.10/site-packages'
[6.282s] Level 1:colcon.colcon_core.environment:checking '/home/asd/temp_git_repo/sakar_asignment/install/single_robo_bringup/bin'
[6.283s] INFO:colcon.colcon_core.shell:Creating package script '/home/asd/temp_git_repo/sakar_asignment/install/single_robo_bringup/share/single_robo_bringup/package.ps1'
[6.285s] INFO:colcon.colcon_core.shell:Creating package descriptor '/home/asd/temp_git_repo/sakar_asignment/install/single_robo_bringup/share/single_robo_bringup/package.dsv'
[6.287s] INFO:colcon.colcon_core.shell:Creating package script '/home/asd/temp_git_repo/sakar_asignment/install/single_robo_bringup/share/single_robo_bringup/package.sh'
[6.289s] INFO:colcon.colcon_core.shell:Creating package script '/home/asd/temp_git_repo/sakar_asignment/install/single_robo_bringup/share/single_robo_bringup/package.bash'
[6.292s] INFO:colcon.colcon_core.shell:Creating package script '/home/asd/temp_git_repo/sakar_asignment/install/single_robo_bringup/share/single_robo_bringup/package.zsh'
[6.298s] Level 1:colcon.colcon_core.environment:create_file_with_runtime_dependencies(/home/asd/temp_git_repo/sakar_asignment/install/single_robo_bringup/share/colcon-core/packages/single_robo_bringup)
[6.303s] Level 1:colcon.colcon_core.environment:create_environment_scripts_only(single_robo_bringup)
[6.305s] Level 1:colcon.colcon_core.environment:checking '/home/asd/temp_git_repo/sakar_asignment/install/single_robo_bringup' for CMake module files
[6.310s] Level 1:colcon.colcon_core.environment:checking '/home/asd/temp_git_repo/sakar_asignment/install/single_robo_bringup' for CMake config files
[6.315s] Level 1:colcon.colcon_core.shell:create_environment_hook('single_robo_bringup', 'cmake_prefix_path')
[6.323s] INFO:colcon.colcon_core.shell:Creating environment hook '/home/asd/temp_git_repo/sakar_asignment/install/single_robo_bringup/share/single_robo_bringup/hook/cmake_prefix_path.ps1'
[6.326s] INFO:colcon.colcon_core.shell:Creating environment descriptor '/home/asd/temp_git_repo/sakar_asignment/install/single_robo_bringup/share/single_robo_bringup/hook/cmake_prefix_path.dsv'
[6.330s] INFO:colcon.colcon_core.shell:Creating environment hook '/home/asd/temp_git_repo/sakar_asignment/install/single_robo_bringup/share/single_robo_bringup/hook/cmake_prefix_path.sh'
[6.333s] Level 1:colcon.colcon_core.environment:checking '/home/asd/temp_git_repo/sakar_asignment/install/single_robo_bringup/bin'
[6.333s] Level 1:colcon.colcon_core.environment:checking '/home/asd/temp_git_repo/sakar_asignment/install/single_robo_bringup/lib/pkgconfig/single_robo_bringup.pc'
[6.335s] Level 1:colcon.colcon_core.environment:checking '/home/asd/temp_git_repo/sakar_asignment/install/single_robo_bringup/lib/python3.10/site-packages'
[6.336s] Level 1:colcon.colcon_core.environment:checking '/home/asd/temp_git_repo/sakar_asignment/install/single_robo_bringup/bin'
[6.341s] INFO:colcon.colcon_core.shell:Creating package script '/home/asd/temp_git_repo/sakar_asignment/install/single_robo_bringup/share/single_robo_bringup/package.ps1'
[6.345s] INFO:colcon.colcon_core.shell:Creating package descriptor '/home/asd/temp_git_repo/sakar_asignment/install/single_robo_bringup/share/single_robo_bringup/package.dsv'
[6.347s] INFO:colcon.colcon_core.shell:Creating package script '/home/asd/temp_git_repo/sakar_asignment/install/single_robo_bringup/share/single_robo_bringup/package.sh'
[6.349s] INFO:colcon.colcon_core.shell:Creating package script '/home/asd/temp_git_repo/sakar_asignment/install/single_robo_bringup/share/single_robo_bringup/package.bash'
[6.351s] INFO:colcon.colcon_core.shell:Creating package script '/home/asd/temp_git_repo/sakar_asignment/install/single_robo_bringup/share/single_robo_bringup/package.zsh'
[6.353s] Level 1:colcon.colcon_core.environment:create_file_with_runtime_dependencies(/home/asd/temp_git_repo/sakar_asignment/install/single_robo_bringup/share/colcon-core/packages/single_robo_bringup)
[8.569s] DEBUG:colcon.colcon_core.event_handler.log_command:Invoked command in '/home/asd/temp_git_repo/sakar_asignment/build/single_robo_custom_interface' returned '0': CMAKE_PREFIX_PATH=${CMAKE_PREFIX_PATH}:/home/asd/temp_git_repo/sakar_asignment/install/single_robo_perception:/home/asd/temp_git_repo/sakar_asignment/install/single_robo_odometry:/home/asd/temp_git_repo/first-mega-project/install/single_robo_odometry:/home/asd/ros2_ws_goat2/install/multi_robo_simulator:/home/asd/ros2_ws_goat2/install/swarm_interfaces:/home/asd/ros2_ws_goat2/install/my_robot_description2:/home/asd/ros2_ws_goat2/install/my_robot_bringup2:/home/asd/ros2_ws_goat2/install/goat_robo_discription:/home/asd/ros2_ws_goat2/install/micro_ros_server:/home/asd/ros2_ws_goat2/install/micro_ros_custom_interfaces:/home/asd/ros2_ws_goat2/install/Qr_action:/home/asd/ros2_ws4/install/esp_wifi:/home/asd/ros2_ws4/install/maping_odom:/home/asd/ros2_ws9/install/turtlebot3_simulations:/home/asd/ros2_ws9/install/turtlebot3_gazebo_goat:/home/asd/ros2_ws9/install/turtlebot3_fake_node:/home/asd/ros2_ws9/install/testbed_gazebo_goat:/home/asd/ros2_ws9/install/testbed_description_goat:/home/asd/ros2_ws9/install/my_goat_pkg:/home/asd/ros2_ws9/install/goat_interfaces:/home/asd/ros2_ws9/install/goat_gazebo:/home/asd/ros2_ws7/install/my_py_pkg_anscer:/home/asd/ros2_ws/install/turtlesim_catch_them_all:/home/asd/ros2_ws/install/my_py_pkg:/opt/ros/humble /usr/bin/cmake --build /home/asd/temp_git_repo/sakar_asignment/build/single_robo_custom_interface -- -j8 -l8
[8.586s] DEBUG:colcon.colcon_core.event_handler.log_command:Invoking command in '/home/asd/temp_git_repo/sakar_asignment/build/single_robo_custom_interface': CMAKE_PREFIX_PATH=${CMAKE_PREFIX_PATH}:/home/asd/temp_git_repo/sakar_asignment/install/single_robo_perception:/home/asd/temp_git_repo/sakar_asignment/install/single_robo_odometry:/home/asd/temp_git_repo/first-mega-project/install/single_robo_odometry:/home/asd/ros2_ws_goat2/install/multi_robo_simulator:/home/asd/ros2_ws_goat2/install/swarm_interfaces:/home/asd/ros2_ws_goat2/install/my_robot_description2:/home/asd/ros2_ws_goat2/install/my_robot_bringup2:/home/asd/ros2_ws_goat2/install/goat_robo_discription:/home/asd/ros2_ws_goat2/install/micro_ros_server:/home/asd/ros2_ws_goat2/install/micro_ros_custom_interfaces:/home/asd/ros2_ws_goat2/install/Qr_action:/home/asd/ros2_ws4/install/esp_wifi:/home/asd/ros2_ws4/install/maping_odom:/home/asd/ros2_ws9/install/turtlebot3_simulations:/home/asd/ros2_ws9/install/turtlebot3_gazebo_goat:/home/asd/ros2_ws9/install/turtlebot3_fake_node:/home/asd/ros2_ws9/install/testbed_gazebo_goat:/home/asd/ros2_ws9/install/testbed_description_goat:/home/asd/ros2_ws9/install/my_goat_pkg:/home/asd/ros2_ws9/install/goat_interfaces:/home/asd/ros2_ws9/install/goat_gazebo:/home/asd/ros2_ws7/install/my_py_pkg_anscer:/home/asd/ros2_ws/install/turtlesim_catch_them_all:/home/asd/ros2_ws/install/my_py_pkg:/opt/ros/humble /usr/bin/cmake --install /home/asd/temp_git_repo/sakar_asignment/build/single_robo_custom_interface
[8.651s] DEBUG:colcon.colcon_core.event_handler.log_command:Invoking command in '/home/asd/temp_git_repo/sakar_asignment/src/single_robo_odometry': PYTHONPATH=/home/asd/temp_git_repo/sakar_asignment/build/single_robo_odometry/prefix_override:/usr/lib/python3/dist-packages/colcon_core/task/python/colcon_distutils_commands:/home/asd/temp_git_repo/sakar_asignment/install/single_robo_odometry/lib/python3.10/site-packages:${PYTHONPATH} /usr/bin/python3 -W ignore:setup.py install is deprecated -W ignore:easy_install command is deprecated setup.py egg_info --egg-base ../../build/single_robo_odometry build --build-base /home/asd/temp_git_repo/sakar_asignment/build/single_robo_odometry/build install --record /home/asd/temp_git_repo/sakar_asignment/build/single_robo_odometry/install.log --single-version-externally-managed install_data
[8.960s] Level 1:colcon.colcon_core.environment:create_environment_scripts_only(single_robo_custom_interface)
[8.961s] Level 1:colcon.colcon_core.environment:checking '/home/asd/temp_git_repo/sakar_asignment/install/single_robo_custom_interface' for CMake module files
[8.970s] DEBUG:colcon.colcon_core.event_handler.log_command:Invoked command in '/home/asd/temp_git_repo/sakar_asignment/build/single_robo_custom_interface' returned '0': CMAKE_PREFIX_PATH=${CMAKE_PREFIX_PATH}:/home/asd/temp_git_repo/sakar_asignment/install/single_robo_perception:/home/asd/temp_git_repo/sakar_asignment/install/single_robo_odometry:/home/asd/temp_git_repo/first-mega-project/install/single_robo_odometry:/home/asd/ros2_ws_goat2/install/multi_robo_simulator:/home/asd/ros2_ws_goat2/install/swarm_interfaces:/home/asd/ros2_ws_goat2/install/my_robot_description2:/home/asd/ros2_ws_goat2/install/my_robot_bringup2:/home/asd/ros2_ws_goat2/install/goat_robo_discription:/home/asd/ros2_ws_goat2/install/micro_ros_server:/home/asd/ros2_ws_goat2/install/micro_ros_custom_interfaces:/home/asd/ros2_ws_goat2/install/Qr_action:/home/asd/ros2_ws4/install/esp_wifi:/home/asd/ros2_ws4/install/maping_odom:/home/asd/ros2_ws9/install/turtlebot3_simulations:/home/asd/ros2_ws9/install/turtlebot3_gazebo_goat:/home/asd/ros2_ws9/install/turtlebot3_fake_node:/home/asd/ros2_ws9/install/testbed_gazebo_goat:/home/asd/ros2_ws9/install/testbed_description_goat:/home/asd/ros2_ws9/install/my_goat_pkg:/home/asd/ros2_ws9/install/goat_interfaces:/home/asd/ros2_ws9/install/goat_gazebo:/home/asd/ros2_ws7/install/my_py_pkg_anscer:/home/asd/ros2_ws/install/turtlesim_catch_them_all:/home/asd/ros2_ws/install/my_py_pkg:/opt/ros/humble /usr/bin/cmake --install /home/asd/temp_git_repo/sakar_asignment/build/single_robo_custom_interface
[8.973s] Level 1:colcon.colcon_core.environment:checking '/home/asd/temp_git_repo/sakar_asignment/install/single_robo_custom_interface' for CMake config files
[8.974s] Level 1:colcon.colcon_core.shell:create_environment_hook('single_robo_custom_interface', 'cmake_prefix_path')
[8.975s] INFO:colcon.colcon_core.shell:Creating environment hook '/home/asd/temp_git_repo/sakar_asignment/install/single_robo_custom_interface/share/single_robo_custom_interface/hook/cmake_prefix_path.ps1'
[8.977s] INFO:colcon.colcon_core.shell:Creating environment descriptor '/home/asd/temp_git_repo/sakar_asignment/install/single_robo_custom_interface/share/single_robo_custom_interface/hook/cmake_prefix_path.dsv'
[8.978s] INFO:colcon.colcon_core.shell:Creating environment hook '/home/asd/temp_git_repo/sakar_asignment/install/single_robo_custom_interface/share/single_robo_custom_interface/hook/cmake_prefix_path.sh'
[8.980s] Level 1:colcon.colcon_core.environment:checking '/home/asd/temp_git_repo/sakar_asignment/install/single_robo_custom_interface/lib'
[8.981s] Level 1:colcon.colcon_core.shell:create_environment_hook('single_robo_custom_interface', 'ld_library_path_lib')
[8.982s] INFO:colcon.colcon_core.shell:Creating environment hook '/home/asd/temp_git_repo/sakar_asignment/install/single_robo_custom_interface/share/single_robo_custom_interface/hook/ld_library_path_lib.ps1'
[8.983s] INFO:colcon.colcon_core.shell:Creating environment descriptor '/home/asd/temp_git_repo/sakar_asignment/install/single_robo_custom_interface/share/single_robo_custom_interface/hook/ld_library_path_lib.dsv'
[8.984s] INFO:colcon.colcon_core.shell:Creating environment hook '/home/asd/temp_git_repo/sakar_asignment/install/single_robo_custom_interface/share/single_robo_custom_interface/hook/ld_library_path_lib.sh'
[8.986s] Level 1:colcon.colcon_core.environment:checking '/home/asd/temp_git_repo/sakar_asignment/install/single_robo_custom_interface/bin'
[8.987s] Level 1:colcon.colcon_core.environment:checking '/home/asd/temp_git_repo/sakar_asignment/install/single_robo_custom_interface/lib/pkgconfig/single_robo_custom_interface.pc'
[8.990s] Level 1:colcon.colcon_core.environment:checking '/home/asd/temp_git_repo/sakar_asignment/install/single_robo_custom_interface/lib/python3.10/site-packages'
[8.991s] Level 1:colcon.colcon_core.environment:checking '/home/asd/temp_git_repo/sakar_asignment/install/single_robo_custom_interface/bin'
[8.993s] INFO:colcon.colcon_core.shell:Creating package script '/home/asd/temp_git_repo/sakar_asignment/install/single_robo_custom_interface/share/single_robo_custom_interface/package.ps1'
[8.995s] INFO:colcon.colcon_core.shell:Creating package descriptor '/home/asd/temp_git_repo/sakar_asignment/install/single_robo_custom_interface/share/single_robo_custom_interface/package.dsv'
[8.997s] INFO:colcon.colcon_core.shell:Creating package script '/home/asd/temp_git_repo/sakar_asignment/install/single_robo_custom_interface/share/single_robo_custom_interface/package.sh'
[8.999s] INFO:colcon.colcon_core.shell:Creating package script '/home/asd/temp_git_repo/sakar_asignment/install/single_robo_custom_interface/share/single_robo_custom_interface/package.bash'
[9.001s] INFO:colcon.colcon_core.shell:Creating package script '/home/asd/temp_git_repo/sakar_asignment/install/single_robo_custom_interface/share/single_robo_custom_interface/package.zsh'
[9.003s] Level 1:colcon.colcon_core.environment:create_file_with_runtime_dependencies(/home/asd/temp_git_repo/sakar_asignment/install/single_robo_custom_interface/share/colcon-core/packages/single_robo_custom_interface)
[9.005s] Level 1:colcon.colcon_core.environment:create_environment_scripts_only(single_robo_custom_interface)
[9.008s] Level 1:colcon.colcon_core.environment:checking '/home/asd/temp_git_repo/sakar_asignment/install/single_robo_custom_interface' for CMake module files
[9.015s] Level 1:colcon.colcon_core.environment:checking '/home/asd/temp_git_repo/sakar_asignment/install/single_robo_custom_interface' for CMake config files
[9.020s] Level 1:colcon.colcon_core.shell:create_environment_hook('single_robo_custom_interface', 'cmake_prefix_path')
[9.021s] INFO:colcon.colcon_core.shell:Creating environment hook '/home/asd/temp_git_repo/sakar_asignment/install/single_robo_custom_interface/share/single_robo_custom_interface/hook/cmake_prefix_path.ps1'
[9.024s] INFO:colcon.colcon_core.shell:Creating environment descriptor '/home/asd/temp_git_repo/sakar_asignment/install/single_robo_custom_interface/share/single_robo_custom_interface/hook/cmake_prefix_path.dsv'
[9.026s] INFO:colcon.colcon_core.shell:Creating environment hook '/home/asd/temp_git_repo/sakar_asignment/install/single_robo_custom_interface/share/single_robo_custom_interface/hook/cmake_prefix_path.sh'
[9.033s] Level 1:colcon.colcon_core.environment:checking '/home/asd/temp_git_repo/sakar_asignment/install/single_robo_custom_interface/lib'
[9.034s] Level 1:colcon.colcon_core.shell:create_environment_hook('single_robo_custom_interface', 'ld_library_path_lib')
[9.036s] INFO:colcon.colcon_core.shell:Creating environment hook '/home/asd/temp_git_repo/sakar_asignment/install/single_robo_custom_interface/share/single_robo_custom_interface/hook/ld_library_path_lib.ps1'
[9.038s] INFO:colcon.colcon_core.shell:Creating environment descriptor '/home/asd/temp_git_repo/sakar_asignment/install/single_robo_custom_interface/share/single_robo_custom_interface/hook/ld_library_path_lib.dsv'
[9.040s] INFO:colcon.colcon_core.shell:Creating environment hook '/home/asd/temp_git_repo/sakar_asignment/install/single_robo_custom_interface/share/single_robo_custom_interface/hook/ld_library_path_lib.sh'
[9.042s] Level 1:colcon.colcon_core.environment:checking '/home/asd/temp_git_repo/sakar_asignment/install/single_robo_custom_interface/bin'
[9.042s] Level 1:colcon.colcon_core.environment:checking '/home/asd/temp_git_repo/sakar_asignment/install/single_robo_custom_interface/lib/pkgconfig/single_robo_custom_interface.pc'
[9.043s] Level 1:colcon.colcon_core.environment:checking '/home/asd/temp_git_repo/sakar_asignment/install/single_robo_custom_interface/lib/python3.10/site-packages'
[9.043s] Level 1:colcon.colcon_core.environment:checking '/home/asd/temp_git_repo/sakar_asignment/install/single_robo_custom_interface/bin'
[9.045s] INFO:colcon.colcon_core.shell:Creating package script '/home/asd/temp_git_repo/sakar_asignment/install/single_robo_custom_interface/share/single_robo_custom_interface/package.ps1'
[9.054s] INFO:colcon.colcon_core.shell:Creating package descriptor '/home/asd/temp_git_repo/sakar_asignment/install/single_robo_custom_interface/share/single_robo_custom_interface/package.dsv'
[9.059s] INFO:colcon.colcon_core.shell:Creating package script '/home/asd/temp_git_repo/sakar_asignment/install/single_robo_custom_interface/share/single_robo_custom_interface/package.sh'
[9.063s] INFO:colcon.colcon_core.shell:Creating package script '/home/asd/temp_git_repo/sakar_asignment/install/single_robo_custom_interface/share/single_robo_custom_interface/package.bash'
[9.066s] INFO:colcon.colcon_core.shell:Creating package script '/home/asd/temp_git_repo/sakar_asignment/install/single_robo_custom_interface/share/single_robo_custom_interface/package.zsh'
[9.072s] Level 1:colcon.colcon_core.environment:create_file_with_runtime_dependencies(/home/asd/temp_git_repo/sakar_asignment/install/single_robo_custom_interface/share/colcon-core/packages/single_robo_custom_interface)
[9.075s] INFO:colcon.colcon_ros.task.ament_python.build:Building ROS package in '/home/asd/temp_git_repo/sakar_asignment/src/single_robo_perception' with build type 'ament_python'
[9.076s] Level 1:colcon.colcon_core.shell:create_environment_hook('single_robo_perception', 'ament_prefix_path')
[9.079s] INFO:colcon.colcon_core.shell:Creating environment hook '/home/asd/temp_git_repo/sakar_asignment/install/single_robo_perception/share/single_robo_perception/hook/ament_prefix_path.ps1'
[9.085s] INFO:colcon.colcon_core.shell:Creating environment descriptor '/home/asd/temp_git_repo/sakar_asignment/install/single_robo_perception/share/single_robo_perception/hook/ament_prefix_path.dsv'
[9.086s] INFO:colcon.colcon_core.shell:Creating environment hook '/home/asd/temp_git_repo/sakar_asignment/install/single_robo_perception/share/single_robo_perception/hook/ament_prefix_path.sh'
[9.089s] INFO:colcon.colcon_core.shell:Skip shell extension 'powershell' for command environment: Not usable outside of PowerShell
[9.090s] DEBUG:colcon.colcon_core.shell:Skip shell extension 'dsv' for command environment
[11.109s] INFO:colcon.colcon_core.task.python.build:Building Python package in '/home/asd/temp_git_repo/sakar_asignment/src/single_robo_perception'
[11.110s] INFO:colcon.colcon_core.shell:Skip shell extension 'powershell' for command environment: Not usable outside of PowerShell
[11.111s] DEBUG:colcon.colcon_core.shell:Skip shell extension 'dsv' for command environment
[11.213s] Level 1:colcon.colcon_core.environment:checking '/home/asd/temp_git_repo/sakar_asignment/install/single_robo_odometry' for CMake module files
[11.215s] Level 1:colcon.colcon_core.environment:checking '/home/asd/temp_git_repo/sakar_asignment/install/single_robo_odometry' for CMake config files
[11.216s] DEBUG:colcon.colcon_core.event_handler.log_command:Invoked command in '/home/asd/temp_git_repo/sakar_asignment/src/single_robo_odometry' returned '0': PYTHONPATH=/home/asd/temp_git_repo/sakar_asignment/build/single_robo_odometry/prefix_override:/usr/lib/python3/dist-packages/colcon_core/task/python/colcon_distutils_commands:/home/asd/temp_git_repo/sakar_asignment/install/single_robo_odometry/lib/python3.10/site-packages:${PYTHONPATH} /usr/bin/python3 -W ignore:setup.py install is deprecated -W ignore:easy_install command is deprecated setup.py egg_info --egg-base ../../build/single_robo_odometry build --build-base /home/asd/temp_git_repo/sakar_asignment/build/single_robo_odometry/build install --record /home/asd/temp_git_repo/sakar_asignment/build/single_robo_odometry/install.log --single-version-externally-managed install_data
[11.218s] Level 1:colcon.colcon_core.environment:checking '/home/asd/temp_git_repo/sakar_asignment/install/single_robo_odometry/lib'
[11.218s] Level 1:colcon.colcon_core.environment:checking '/home/asd/temp_git_repo/sakar_asignment/install/single_robo_odometry/bin'
[11.218s] Level 1:colcon.colcon_core.environment:checking '/home/asd/temp_git_repo/sakar_asignment/install/single_robo_odometry/lib/pkgconfig/single_robo_odometry.pc'
[11.219s] Level 1:colcon.colcon_core.environment:checking '/home/asd/temp_git_repo/sakar_asignment/install/single_robo_odometry/lib/python3.10/site-packages'
[11.219s] Level 1:colcon.colcon_core.shell:create_environment_hook('single_robo_odometry', 'pythonpath')
[11.220s] INFO:colcon.colcon_core.shell:Creating environment hook '/home/asd/temp_git_repo/sakar_asignment/install/single_robo_odometry/share/single_robo_odometry/hook/pythonpath.ps1'
[11.222s] INFO:colcon.colcon_core.shell:Creating environment descriptor '/home/asd/temp_git_repo/sakar_asignment/install/single_robo_odometry/share/single_robo_odometry/hook/pythonpath.dsv'
[11.224s] INFO:colcon.colcon_core.shell:Creating environment hook '/home/asd/temp_git_repo/sakar_asignment/install/single_robo_odometry/share/single_robo_odometry/hook/pythonpath.sh'
[11.227s] Level 1:colcon.colcon_core.environment:checking '/home/asd/temp_git_repo/sakar_asignment/install/single_robo_odometry/bin'
[11.227s] Level 1:colcon.colcon_core.environment:create_environment_scripts_only(single_robo_odometry)
[11.229s] INFO:colcon.colcon_core.shell:Creating package script '/home/asd/temp_git_repo/sakar_asignment/install/single_robo_odometry/share/single_robo_odometry/package.ps1'
[11.230s] INFO:colcon.colcon_core.shell:Creating package descriptor '/home/asd/temp_git_repo/sakar_asignment/install/single_robo_odometry/share/single_robo_odometry/package.dsv'
[11.232s] INFO:colcon.colcon_core.shell:Creating package script '/home/asd/temp_git_repo/sakar_asignment/install/single_robo_odometry/share/single_robo_odometry/package.sh'
[11.234s] INFO:colcon.colcon_core.shell:Creating package script '/home/asd/temp_git_repo/sakar_asignment/install/single_robo_odometry/share/single_robo_odometry/package.bash'
[11.235s] INFO:colcon.colcon_core.shell:Creating package script '/home/asd/temp_git_repo/sakar_asignment/install/single_robo_odometry/share/single_robo_odometry/package.zsh'
[11.236s] Level 1:colcon.colcon_core.environment:create_file_with_runtime_dependencies(/home/asd/temp_git_repo/sakar_asignment/install/single_robo_odometry/share/colcon-core/packages/single_robo_odometry)
[13.701s] DEBUG:colcon.colcon_core.event_handler.log_command:Invoking command in '/home/asd/temp_git_repo/sakar_asignment/src/single_robo_perception': AMENT_PREFIX_PATH=/home/asd/temp_git_repo/sakar_asignment/install/single_robo_custom_interface:${AMENT_PREFIX_PATH} CMAKE_PREFIX_PATH=/home/asd/temp_git_repo/sakar_asignment/install/single_robo_custom_interface:${CMAKE_PREFIX_PATH} LD_LIBRARY_PATH=/home/asd/temp_git_repo/sakar_asignment/install/single_robo_custom_interface/lib:/home/asd/ros2_ws_goat2/install/swarm_interfaces/lib:/home/asd/ros2_ws_goat2/install/micro_ros_custom_interfaces/lib:/home/asd/ros2_ws_goat2/install/apex_bot/lib:/home/asd/microros_ws/install/micro_ros_agent/lib:/home/asd/microros_ws/install/micro_ros_msgs/lib:/home/asd/ros2_ws4/install/my_interfaces/lib:/home/asd/ros2_ws_hardware_int/install/ros2_control_demo_example_9/lib:/home/asd/ros2_ws_hardware_int/install/ros2_control_demo_example_8/lib:/home/asd/ros2_ws_hardware_int/install/ros2_control_demo_example_7/lib:/home/asd/ros2_ws_hardware_int/install/ros2_control_demo_example_6/lib:/home/asd/ros2_ws_hardware_int/install/ros2_control_demo_example_5/lib:/home/asd/ros2_ws_hardware_int/install/ros2_control_demo_example_4/lib:/home/asd/ros2_ws_hardware_int/install/ros2_control_demo_example_3/lib:/home/asd/ros2_ws_hardware_int/install/ros2_control_demo_example_14/lib:/home/asd/ros2_ws_hardware_int/install/ros2_control_demo_example_12/lib:/home/asd/ros2_ws_hardware_int/install/ros2_control_demo_example_11/lib:/home/asd/ros2_ws_hardware_int/install/ros2_control_demo_example_10/lib:/home/asd/ros2_ws_hardware_int/install/ros2_control_demo_example_1/lib:/home/asd/ros2_ws9/install/goat_interfaces/lib:/home/asd/ros2_ws7/install/custom_interfaces_anscer/lib:/home/asd/ros2_ws_hardware_int2/install/ros2_control_demo_example_2/lib:/home/asd/ros2_ws_glim/install/gtsam_points/lib:/home/asd/ros2_ws_glim/install/iridescence/lib:/home/asd/ros2_ws_glim/install/glim_ros/lib:/home/asd/ros2_ws_glim/install/glim/lib:/home/asd/ros2_ws_to_build/install/rmw_cyclonedds_cpp/lib:/home/asd/ros2_ws/install/my_robot_interfaces/lib:/usr/lib/x86_64-linux-gnu/gazebo-11/plugins:/opt/ros/humble/opt/rviz_ogre_vendor/lib:/opt/ros/humble/lib/x86_64-linux-gnu:/opt/ros/humble/lib:/usr/share/gazebo/../../lib/x86_64-linux-gnu/gazebo-11/plugins PYTHONPATH=/home/asd/temp_git_repo/sakar_asignment/build/single_robo_perception/prefix_override:/usr/lib/python3/dist-packages/colcon_core/task/python/colcon_distutils_commands:/home/asd/temp_git_repo/sakar_asignment/install/single_robo_perception/lib/python3.10/site-packages:/home/asd/temp_git_repo/sakar_asignment/install/single_robo_custom_interface/local/lib/python3.10/dist-packages:${PYTHONPATH} /usr/bin/python3 -W ignore:setup.py install is deprecated -W ignore:easy_install command is deprecated setup.py egg_info --egg-base ../../build/single_robo_perception build --build-base /home/asd/temp_git_repo/sakar_asignment/build/single_robo_perception/build install --record /home/asd/temp_git_repo/sakar_asignment/build/single_robo_perception/install.log --single-version-externally-managed install_data
[15.729s] Level 1:colcon.colcon_core.environment:checking '/home/asd/temp_git_repo/sakar_asignment/install/single_robo_perception' for CMake module files
[15.732s] DEBUG:colcon.colcon_core.event_handler.log_command:Invoked command in '/home/asd/temp_git_repo/sakar_asignment/src/single_robo_perception' returned '0': AMENT_PREFIX_PATH=/home/asd/temp_git_repo/sakar_asignment/install/single_robo_custom_interface:${AMENT_PREFIX_PATH} CMAKE_PREFIX_PATH=/home/asd/temp_git_repo/sakar_asignment/install/single_robo_custom_interface:${CMAKE_PREFIX_PATH} LD_LIBRARY_PATH=/home/asd/temp_git_repo/sakar_asignment/install/single_robo_custom_interface/lib:/home/asd/ros2_ws_goat2/install/swarm_interfaces/lib:/home/asd/ros2_ws_goat2/install/micro_ros_custom_interfaces/lib:/home/asd/ros2_ws_goat2/install/apex_bot/lib:/home/asd/microros_ws/install/micro_ros_agent/lib:/home/asd/microros_ws/install/micro_ros_msgs/lib:/home/asd/ros2_ws4/install/my_interfaces/lib:/home/asd/ros2_ws_hardware_int/install/ros2_control_demo_example_9/lib:/home/asd/ros2_ws_hardware_int/install/ros2_control_demo_example_8/lib:/home/asd/ros2_ws_hardware_int/install/ros2_control_demo_example_7/lib:/home/asd/ros2_ws_hardware_int/install/ros2_control_demo_example_6/lib:/home/asd/ros2_ws_hardware_int/install/ros2_control_demo_example_5/lib:/home/asd/ros2_ws_hardware_int/install/ros2_control_demo_example_4/lib:/home/asd/ros2_ws_hardware_int/install/ros2_control_demo_example_3/lib:/home/asd/ros2_ws_hardware_int/install/ros2_control_demo_example_14/lib:/home/asd/ros2_ws_hardware_int/install/ros2_control_demo_example_12/lib:/home/asd/ros2_ws_hardware_int/install/ros2_control_demo_example_11/lib:/home/asd/ros2_ws_hardware_int/install/ros2_control_demo_example_10/lib:/home/asd/ros2_ws_hardware_int/install/ros2_control_demo_example_1/lib:/home/asd/ros2_ws9/install/goat_interfaces/lib:/home/asd/ros2_ws7/install/custom_interfaces_anscer/lib:/home/asd/ros2_ws_hardware_int2/install/ros2_control_demo_example_2/lib:/home/asd/ros2_ws_glim/install/gtsam_points/lib:/home/asd/ros2_ws_glim/install/iridescence/lib:/home/asd/ros2_ws_glim/install/glim_ros/lib:/home/asd/ros2_ws_glim/install/glim/lib:/home/asd/ros2_ws_to_build/install/rmw_cyclonedds_cpp/lib:/home/asd/ros2_ws/install/my_robot_interfaces/lib:/usr/lib/x86_64-linux-gnu/gazebo-11/plugins:/opt/ros/humble/opt/rviz_ogre_vendor/lib:/opt/ros/humble/lib/x86_64-linux-gnu:/opt/ros/humble/lib:/usr/share/gazebo/../../lib/x86_64-linux-gnu/gazebo-11/plugins PYTHONPATH=/home/asd/temp_git_repo/sakar_asignment/build/single_robo_perception/prefix_override:/usr/lib/python3/dist-packages/colcon_core/task/python/colcon_distutils_commands:/home/asd/temp_git_repo/sakar_asignment/install/single_robo_perception/lib/python3.10/site-packages:/home/asd/temp_git_repo/sakar_asignment/install/single_robo_custom_interface/local/lib/python3.10/dist-packages:${PYTHONPATH} /usr/bin/python3 -W ignore:setup.py install is deprecated -W ignore:easy_install command is deprecated setup.py egg_info --egg-base ../../build/single_robo_perception build --build-base /home/asd/temp_git_repo/sakar_asignment/build/single_robo_perception/build install --record /home/asd/temp_git_repo/sakar_asignment/build/single_robo_perception/install.log --single-version-externally-managed install_data
[15.733s] Level 1:colcon.colcon_core.environment:checking '/home/asd/temp_git_repo/sakar_asignment/install/single_robo_perception' for CMake config files
[15.738s] Level 1:colcon.colcon_core.environment:checking '/home/asd/temp_git_repo/sakar_asignment/install/single_robo_perception/lib'
[15.739s] Level 1:colcon.colcon_core.environment:checking '/home/asd/temp_git_repo/sakar_asignment/install/single_robo_perception/bin'
[15.739s] Level 1:colcon.colcon_core.environment:checking '/home/asd/temp_git_repo/sakar_asignment/install/single_robo_perception/lib/pkgconfig/single_robo_perception.pc'
[15.740s] Level 1:colcon.colcon_core.environment:checking '/home/asd/temp_git_repo/sakar_asignment/install/single_robo_perception/lib/python3.10/site-packages'
[15.741s] Level 1:colcon.colcon_core.shell:create_environment_hook('single_robo_perception', 'pythonpath')
[15.742s] INFO:colcon.colcon_core.shell:Creating environment hook '/home/asd/temp_git_repo/sakar_asignment/install/single_robo_perception/share/single_robo_perception/hook/pythonpath.ps1'
[15.744s] INFO:colcon.colcon_core.shell:Creating environment descriptor '/home/asd/temp_git_repo/sakar_asignment/install/single_robo_perception/share/single_robo_perception/hook/pythonpath.dsv'
[15.746s] INFO:colcon.colcon_core.shell:Creating environment hook '/home/asd/temp_git_repo/sakar_asignment/install/single_robo_perception/share/single_robo_perception/hook/pythonpath.sh'
[15.749s] Level 1:colcon.colcon_core.environment:checking '/home/asd/temp_git_repo/sakar_asignment/install/single_robo_perception/bin'
[15.749s] Level 1:colcon.colcon_core.environment:create_environment_scripts_only(single_robo_perception)
[15.752s] INFO:colcon.colcon_core.shell:Creating package script '/home/asd/temp_git_repo/sakar_asignment/install/single_robo_perception/share/single_robo_perception/package.ps1'
[15.757s] INFO:colcon.colcon_core.shell:Creating package descriptor '/home/asd/temp_git_repo/sakar_asignment/install/single_robo_perception/share/single_robo_perception/package.dsv'
[15.762s] INFO:colcon.colcon_core.shell:Creating package script '/home/asd/temp_git_repo/sakar_asignment/install/single_robo_perception/share/single_robo_perception/package.sh'
[15.766s] INFO:colcon.colcon_core.shell:Creating package script '/home/asd/temp_git_repo/sakar_asignment/install/single_robo_perception/share/single_robo_perception/package.bash'
[15.769s] INFO:colcon.colcon_core.shell:Creating package script '/home/asd/temp_git_repo/sakar_asignment/install/single_robo_perception/share/single_robo_perception/package.zsh'
[15.772s] Level 1:colcon.colcon_core.environment:create_file_with_runtime_dependencies(/home/asd/temp_git_repo/sakar_asignment/install/single_robo_perception/share/colcon-core/packages/single_robo_perception)
[15.773s] DEBUG:colcon.colcon_parallel_executor.executor.parallel:closing loop
[15.774s] DEBUG:colcon.colcon_parallel_executor.executor.parallel:loop closed
[15.774s] DEBUG:colcon.colcon_parallel_executor.executor.parallel:run_until_complete finished with '0'
[15.775s] DEBUG:colcon.colcon_core.event_reactor:joining thread
[15.830s] INFO:colcon.colcon_core.plugin_system:Skipping extension 'colcon_notification.desktop_notification.terminal_notifier': Not used on non-Darwin systems
[15.831s] INFO:colcon.colcon_core.plugin_system:Skipping extension 'colcon_notification.desktop_notification.win32': Not used on non-Windows systems
[15.831s] INFO:colcon.colcon_notification.desktop_notification:Sending desktop notification using 'notify2'
[15.921s] DEBUG:colcon.colcon_core.event_reactor:joined thread
[15.922s] INFO:colcon.colcon_core.shell:Creating prefix script '/home/asd/temp_git_repo/sakar_asignment/install/local_setup.ps1'
[15.933s] INFO:colcon.colcon_core.shell:Creating prefix util module '/home/asd/temp_git_repo/sakar_asignment/install/_local_setup_util_ps1.py'
[15.944s] INFO:colcon.colcon_core.shell:Creating prefix chain script '/home/asd/temp_git_repo/sakar_asignment/install/setup.ps1'
[15.975s] INFO:colcon.colcon_core.shell:Creating prefix script '/home/asd/temp_git_repo/sakar_asignment/install/local_setup.sh'
[15.979s] INFO:colcon.colcon_core.shell:Creating prefix util module '/home/asd/temp_git_repo/sakar_asignment/install/_local_setup_util_sh.py'
[15.982s] INFO:colcon.colcon_core.shell:Creating prefix chain script '/home/asd/temp_git_repo/sakar_asignment/install/setup.sh'
[16.020s] INFO:colcon.colcon_core.shell:Creating prefix script '/home/asd/temp_git_repo/sakar_asignment/install/local_setup.bash'
[16.023s] INFO:colcon.colcon_core.shell:Creating prefix chain script '/home/asd/temp_git_repo/sakar_asignment/install/setup.bash'
[16.044s] INFO:colcon.colcon_core.shell:Creating prefix script '/home/asd/temp_git_repo/sakar_asignment/install/local_setup.zsh'
[16.047s] INFO:colcon.colcon_core.shell:Creating prefix chain script '/home/asd/temp_git_repo/sakar_asignment/install/setup.zsh'
