[0.293s] Invoking command in '/home/asd/temp_git_repo/sakar_asignment/build/single_robo_custom_interface': CMAKE_PREFIX_PATH=${CMAKE_PREFIX_PATH}:/home/asd/temp_git_repo/sakar_asignment/install/single_robo_perception:/home/asd/temp_git_repo/sakar_asignment/install/single_robo_odometry:/home/asd/temp_git_repo/first-mega-project/install/single_robo_odometry:/home/asd/ros2_ws_goat2/install/multi_robo_simulator:/home/asd/ros2_ws_goat2/install/swarm_interfaces:/home/asd/ros2_ws_goat2/install/my_robot_description2:/home/asd/ros2_ws_goat2/install/my_robot_bringup2:/home/asd/ros2_ws_goat2/install/goat_robo_discription:/home/asd/ros2_ws_goat2/install/micro_ros_server:/home/asd/ros2_ws_goat2/install/micro_ros_custom_interfaces:/home/asd/ros2_ws_goat2/install/Qr_action:/home/asd/ros2_ws4/install/esp_wifi:/home/asd/ros2_ws4/install/maping_odom:/home/asd/ros2_ws9/install/turtlebot3_simulations:/home/asd/ros2_ws9/install/turtlebot3_gazebo_goat:/home/asd/ros2_ws9/install/turtlebot3_fake_node:/home/asd/ros2_ws9/install/testbed_gazebo_goat:/home/asd/ros2_ws9/install/testbed_description_goat:/home/asd/ros2_ws9/install/my_goat_pkg:/home/asd/ros2_ws9/install/goat_interfaces:/home/asd/ros2_ws9/install/goat_gazebo:/home/asd/ros2_ws7/install/my_py_pkg_anscer:/home/asd/ros2_ws/install/turtlesim_catch_them_all:/home/asd/ros2_ws/install/my_py_pkg:/opt/ros/humble /usr/bin/cmake --build /home/asd/temp_git_repo/sakar_asignment/build/single_robo_custom_interface -- -j8 -l8
[0.631s] [  2%] Built target single_robo_custom_interface__cpp
[0.782s] [  2%] Built target ament_cmake_python_copy_single_robo_custom_interface
[0.905s] [ 12%] Built target single_robo_custom_interface__rosidl_typesupport_introspection_cpp
[2.225s] running egg_info
[2.228s] writing single_robo_custom_interface.egg-info/PKG-INFO
[2.228s] writing dependency_links to single_robo_custom_interface.egg-info/dependency_links.txt
[2.229s] writing top-level names to single_robo_custom_interface.egg-info/top_level.txt
[2.237s] reading manifest file 'single_robo_custom_interface.egg-info/SOURCES.txt'
[2.240s] writing manifest file 'single_robo_custom_interface.egg-info/SOURCES.txt'
[2.335s] [ 12%] Built target ament_cmake_python_build_single_robo_custom_interface_egg
[2.426s] [ 23%] Built target single_robo_custom_interface__rosidl_typesupport_fastrtps_cpp
[2.513s] [ 33%] Built target single_robo_custom_interface__rosidl_typesupport_cpp
[2.602s] [ 43%] Built target single_robo_custom_interface__rosidl_generator_c
[2.688s] [ 53%] Built target single_robo_custom_interface__rosidl_typesupport_fastrtps_c
[2.766s] [ 64%] Built target single_robo_custom_interface__rosidl_typesupport_c
[2.843s] [ 74%] Built target single_robo_custom_interface__rosidl_typesupport_introspection_c
[2.924s] [ 74%] Built target single_robo_custom_interface
[2.998s] [ 76%] Built target single_robo_custom_interface__py
[3.075s] [ 84%] Built target single_robo_custom_interface__rosidl_generator_py
[3.161s] [ 89%] Built target single_robo_custom_interface__rosidl_typesupport_fastrtps_c__pyext
[3.243s] [ 94%] Built target single_robo_custom_interface__rosidl_typesupport_c__pyext
[3.322s] [100%] Built target single_robo_custom_interface__rosidl_typesupport_introspection_c__pyext
[3.373s] Invoked command in '/home/asd/temp_git_repo/sakar_asignment/build/single_robo_custom_interface' returned '0': CMAKE_PREFIX_PATH=${CMAKE_PREFIX_PATH}:/home/asd/temp_git_repo/sakar_asignment/install/single_robo_perception:/home/asd/temp_git_repo/sakar_asignment/install/single_robo_odometry:/home/asd/temp_git_repo/first-mega-project/install/single_robo_odometry:/home/asd/ros2_ws_goat2/install/multi_robo_simulator:/home/asd/ros2_ws_goat2/install/swarm_interfaces:/home/asd/ros2_ws_goat2/install/my_robot_description2:/home/asd/ros2_ws_goat2/install/my_robot_bringup2:/home/asd/ros2_ws_goat2/install/goat_robo_discription:/home/asd/ros2_ws_goat2/install/micro_ros_server:/home/asd/ros2_ws_goat2/install/micro_ros_custom_interfaces:/home/asd/ros2_ws_goat2/install/Qr_action:/home/asd/ros2_ws4/install/esp_wifi:/home/asd/ros2_ws4/install/maping_odom:/home/asd/ros2_ws9/install/turtlebot3_simulations:/home/asd/ros2_ws9/install/turtlebot3_gazebo_goat:/home/asd/ros2_ws9/install/turtlebot3_fake_node:/home/asd/ros2_ws9/install/testbed_gazebo_goat:/home/asd/ros2_ws9/install/testbed_description_goat:/home/asd/ros2_ws9/install/my_goat_pkg:/home/asd/ros2_ws9/install/goat_interfaces:/home/asd/ros2_ws9/install/goat_gazebo:/home/asd/ros2_ws7/install/my_py_pkg_anscer:/home/asd/ros2_ws/install/turtlesim_catch_them_all:/home/asd/ros2_ws/install/my_py_pkg:/opt/ros/humble /usr/bin/cmake --build /home/asd/temp_git_repo/sakar_asignment/build/single_robo_custom_interface -- -j8 -l8
[3.374s] Invoking command in '/home/asd/temp_git_repo/sakar_asignment/build/single_robo_custom_interface': CMAKE_PREFIX_PATH=${CMAKE_PREFIX_PATH}:/home/asd/temp_git_repo/sakar_asignment/install/single_robo_perception:/home/asd/temp_git_repo/sakar_asignment/install/single_robo_odometry:/home/asd/temp_git_repo/first-mega-project/install/single_robo_odometry:/home/asd/ros2_ws_goat2/install/multi_robo_simulator:/home/asd/ros2_ws_goat2/install/swarm_interfaces:/home/asd/ros2_ws_goat2/install/my_robot_description2:/home/asd/ros2_ws_goat2/install/my_robot_bringup2:/home/asd/ros2_ws_goat2/install/goat_robo_discription:/home/asd/ros2_ws_goat2/install/micro_ros_server:/home/asd/ros2_ws_goat2/install/micro_ros_custom_interfaces:/home/asd/ros2_ws_goat2/install/Qr_action:/home/asd/ros2_ws4/install/esp_wifi:/home/asd/ros2_ws4/install/maping_odom:/home/asd/ros2_ws9/install/turtlebot3_simulations:/home/asd/ros2_ws9/install/turtlebot3_gazebo_goat:/home/asd/ros2_ws9/install/turtlebot3_fake_node:/home/asd/ros2_ws9/install/testbed_gazebo_goat:/home/asd/ros2_ws9/install/testbed_description_goat:/home/asd/ros2_ws9/install/my_goat_pkg:/home/asd/ros2_ws9/install/goat_interfaces:/home/asd/ros2_ws9/install/goat_gazebo:/home/asd/ros2_ws7/install/my_py_pkg_anscer:/home/asd/ros2_ws/install/turtlesim_catch_them_all:/home/asd/ros2_ws/install/my_py_pkg:/opt/ros/humble /usr/bin/cmake --install /home/asd/temp_git_repo/sakar_asignment/build/single_robo_custom_interface
[3.400s] -- Install configuration: ""
[3.400s] -- Up-to-date: /home/asd/temp_git_repo/sakar_asignment/install/single_robo_custom_interface/share/ament_index/resource_index/rosidl_interfaces/single_robo_custom_interface
[3.401s] -- Up-to-date: /home/asd/temp_git_repo/sakar_asignment/install/single_robo_custom_interface/include/single_robo_custom_interface/single_robo_custom_interface
[3.401s] -- Up-to-date: /home/asd/temp_git_repo/sakar_asignment/install/single_robo_custom_interface/include/single_robo_custom_interface/single_robo_custom_interface/msg
[3.401s] -- Up-to-date: /home/asd/temp_git_repo/sakar_asignment/install/single_robo_custom_interface/include/single_robo_custom_interface/single_robo_custom_interface/msg/cluster_points.h
[3.401s] -- Up-to-date: /home/asd/temp_git_repo/sakar_asignment/install/single_robo_custom_interface/include/single_robo_custom_interface/single_robo_custom_interface/msg/rosidl_generator_c__visibility_control.h
[3.402s] -- Up-to-date: /home/asd/temp_git_repo/sakar_asignment/install/single_robo_custom_interface/include/single_robo_custom_interface/single_robo_custom_interface/msg/com_with_id.h
[3.402s] -- Up-to-date: /home/asd/temp_git_repo/sakar_asignment/install/single_robo_custom_interface/include/single_robo_custom_interface/single_robo_custom_interface/msg/detail
[3.402s] -- Up-to-date: /home/asd/temp_git_repo/sakar_asignment/install/single_robo_custom_interface/include/single_robo_custom_interface/single_robo_custom_interface/msg/detail/com_with_id__functions.h
[3.403s] -- Up-to-date: /home/asd/temp_git_repo/sakar_asignment/install/single_robo_custom_interface/include/single_robo_custom_interface/single_robo_custom_interface/msg/detail/com_with_id__type_support.h
[3.403s] -- Up-to-date: /home/asd/temp_git_repo/sakar_asignment/install/single_robo_custom_interface/include/single_robo_custom_interface/single_robo_custom_interface/msg/detail/cluster_points__type_support.h
[3.403s] -- Up-to-date: /home/asd/temp_git_repo/sakar_asignment/install/single_robo_custom_interface/include/single_robo_custom_interface/single_robo_custom_interface/msg/detail/com_with_id__functions.c
[3.403s] -- Up-to-date: /home/asd/temp_git_repo/sakar_asignment/install/single_robo_custom_interface/include/single_robo_custom_interface/single_robo_custom_interface/msg/detail/cluster_points__struct.h
[3.403s] -- Up-to-date: /home/asd/temp_git_repo/sakar_asignment/install/single_robo_custom_interface/include/single_robo_custom_interface/single_robo_custom_interface/msg/detail/cluster_points__functions.c
[3.404s] -- Up-to-date: /home/asd/temp_git_repo/sakar_asignment/install/single_robo_custom_interface/include/single_robo_custom_interface/single_robo_custom_interface/msg/detail/cluster_points__functions.h
[3.404s] -- Up-to-date: /home/asd/temp_git_repo/sakar_asignment/install/single_robo_custom_interface/include/single_robo_custom_interface/single_robo_custom_interface/msg/detail/com_with_id__struct.h
[3.404s] -- Up-to-date: /home/asd/temp_git_repo/sakar_asignment/install/single_robo_custom_interface/share/single_robo_custom_interface/environment/library_path.sh
[3.404s] -- Up-to-date: /home/asd/temp_git_repo/sakar_asignment/install/single_robo_custom_interface/share/single_robo_custom_interface/environment/library_path.dsv
[3.404s] -- Up-to-date: /home/asd/temp_git_repo/sakar_asignment/install/single_robo_custom_interface/lib/libsingle_robo_custom_interface__rosidl_generator_c.so
[3.405s] -- Up-to-date: /home/asd/temp_git_repo/sakar_asignment/install/single_robo_custom_interface/include/single_robo_custom_interface/single_robo_custom_interface
[3.405s] -- Up-to-date: /home/asd/temp_git_repo/sakar_asignment/install/single_robo_custom_interface/include/single_robo_custom_interface/single_robo_custom_interface/msg
[3.405s] -- Up-to-date: /home/asd/temp_git_repo/sakar_asignment/install/single_robo_custom_interface/include/single_robo_custom_interface/single_robo_custom_interface/msg/rosidl_typesupport_fastrtps_c__visibility_control.h
[3.405s] -- Up-to-date: /home/asd/temp_git_repo/sakar_asignment/install/single_robo_custom_interface/include/single_robo_custom_interface/single_robo_custom_interface/msg/detail
[3.405s] -- Up-to-date: /home/asd/temp_git_repo/sakar_asignment/install/single_robo_custom_interface/include/single_robo_custom_interface/single_robo_custom_interface/msg/detail/com_with_id__rosidl_typesupport_fastrtps_c.h
[3.406s] -- Up-to-date: /home/asd/temp_git_repo/sakar_asignment/install/single_robo_custom_interface/include/single_robo_custom_interface/single_robo_custom_interface/msg/detail/cluster_points__rosidl_typesupport_fastrtps_c.h
[3.406s] -- Up-to-date: /home/asd/temp_git_repo/sakar_asignment/install/single_robo_custom_interface/lib/libsingle_robo_custom_interface__rosidl_typesupport_fastrtps_c.so
[3.406s] -- Up-to-date: /home/asd/temp_git_repo/sakar_asignment/install/single_robo_custom_interface/include/single_robo_custom_interface/single_robo_custom_interface
[3.407s] -- Up-to-date: /home/asd/temp_git_repo/sakar_asignment/install/single_robo_custom_interface/include/single_robo_custom_interface/single_robo_custom_interface/msg
[3.407s] -- Up-to-date: /home/asd/temp_git_repo/sakar_asignment/install/single_robo_custom_interface/include/single_robo_custom_interface/single_robo_custom_interface/msg/detail
[3.407s] -- Up-to-date: /home/asd/temp_git_repo/sakar_asignment/install/single_robo_custom_interface/include/single_robo_custom_interface/single_robo_custom_interface/msg/detail/com_with_id__rosidl_typesupport_introspection_c.h
[3.407s] -- Up-to-date: /home/asd/temp_git_repo/sakar_asignment/install/single_robo_custom_interface/include/single_robo_custom_interface/single_robo_custom_interface/msg/detail/com_with_id__type_support.c
[3.408s] -- Up-to-date: /home/asd/temp_git_repo/sakar_asignment/install/single_robo_custom_interface/include/single_robo_custom_interface/single_robo_custom_interface/msg/detail/cluster_points__rosidl_typesupport_introspection_c.h
[3.408s] -- Up-to-date: /home/asd/temp_git_repo/sakar_asignment/install/single_robo_custom_interface/include/single_robo_custom_interface/single_robo_custom_interface/msg/detail/cluster_points__type_support.c
[3.409s] -- Up-to-date: /home/asd/temp_git_repo/sakar_asignment/install/single_robo_custom_interface/include/single_robo_custom_interface/single_robo_custom_interface/msg/rosidl_typesupport_introspection_c__visibility_control.h
[3.409s] -- Up-to-date: /home/asd/temp_git_repo/sakar_asignment/install/single_robo_custom_interface/lib/libsingle_robo_custom_interface__rosidl_typesupport_introspection_c.so
[3.409s] -- Up-to-date: /home/asd/temp_git_repo/sakar_asignment/install/single_robo_custom_interface/lib/libsingle_robo_custom_interface__rosidl_typesupport_c.so
[3.410s] -- Up-to-date: /home/asd/temp_git_repo/sakar_asignment/install/single_robo_custom_interface/include/single_robo_custom_interface/single_robo_custom_interface
[3.410s] -- Up-to-date: /home/asd/temp_git_repo/sakar_asignment/install/single_robo_custom_interface/include/single_robo_custom_interface/single_robo_custom_interface/msg
[3.410s] -- Up-to-date: /home/asd/temp_git_repo/sakar_asignment/install/single_robo_custom_interface/include/single_robo_custom_interface/single_robo_custom_interface/msg/rosidl_generator_cpp__visibility_control.hpp
[3.410s] -- Up-to-date: /home/asd/temp_git_repo/sakar_asignment/install/single_robo_custom_interface/include/single_robo_custom_interface/single_robo_custom_interface/msg/com_with_id.hpp
[3.410s] -- Up-to-date: /home/asd/temp_git_repo/sakar_asignment/install/single_robo_custom_interface/include/single_robo_custom_interface/single_robo_custom_interface/msg/detail
[3.410s] -- Up-to-date: /home/asd/temp_git_repo/sakar_asignment/install/single_robo_custom_interface/include/single_robo_custom_interface/single_robo_custom_interface/msg/detail/cluster_points__builder.hpp
[3.411s] -- Up-to-date: /home/asd/temp_git_repo/sakar_asignment/install/single_robo_custom_interface/include/single_robo_custom_interface/single_robo_custom_interface/msg/detail/cluster_points__traits.hpp
[3.411s] -- Up-to-date: /home/asd/temp_git_repo/sakar_asignment/install/single_robo_custom_interface/include/single_robo_custom_interface/single_robo_custom_interface/msg/detail/com_with_id__traits.hpp
[3.412s] -- Up-to-date: /home/asd/temp_git_repo/sakar_asignment/install/single_robo_custom_interface/include/single_robo_custom_interface/single_robo_custom_interface/msg/detail/com_with_id__struct.hpp
[3.413s] -- Up-to-date: /home/asd/temp_git_repo/sakar_asignment/install/single_robo_custom_interface/include/single_robo_custom_interface/single_robo_custom_interface/msg/detail/cluster_points__struct.hpp
[3.413s] -- Up-to-date: /home/asd/temp_git_repo/sakar_asignment/install/single_robo_custom_interface/include/single_robo_custom_interface/single_robo_custom_interface/msg/detail/com_with_id__builder.hpp
[3.413s] -- Up-to-date: /home/asd/temp_git_repo/sakar_asignment/install/single_robo_custom_interface/include/single_robo_custom_interface/single_robo_custom_interface/msg/detail/cluster_points__type_support.hpp
[3.413s] -- Up-to-date: /home/asd/temp_git_repo/sakar_asignment/install/single_robo_custom_interface/include/single_robo_custom_interface/single_robo_custom_interface/msg/detail/com_with_id__type_support.hpp
[3.413s] -- Up-to-date: /home/asd/temp_git_repo/sakar_asignment/install/single_robo_custom_interface/include/single_robo_custom_interface/single_robo_custom_interface/msg/cluster_points.hpp
[3.414s] -- Up-to-date: /home/asd/temp_git_repo/sakar_asignment/install/single_robo_custom_interface/include/single_robo_custom_interface/single_robo_custom_interface
[3.414s] -- Up-to-date: /home/asd/temp_git_repo/sakar_asignment/install/single_robo_custom_interface/include/single_robo_custom_interface/single_robo_custom_interface/msg
[3.414s] -- Up-to-date: /home/asd/temp_git_repo/sakar_asignment/install/single_robo_custom_interface/include/single_robo_custom_interface/single_robo_custom_interface/msg/rosidl_typesupport_fastrtps_cpp__visibility_control.h
[3.414s] -- Up-to-date: /home/asd/temp_git_repo/sakar_asignment/install/single_robo_custom_interface/include/single_robo_custom_interface/single_robo_custom_interface/msg/detail
[3.415s] -- Up-to-date: /home/asd/temp_git_repo/sakar_asignment/install/single_robo_custom_interface/include/single_robo_custom_interface/single_robo_custom_interface/msg/detail/dds_fastrtps
[3.415s] -- Up-to-date: /home/asd/temp_git_repo/sakar_asignment/install/single_robo_custom_interface/include/single_robo_custom_interface/single_robo_custom_interface/msg/detail/com_with_id__rosidl_typesupport_fastrtps_cpp.hpp
[3.415s] -- Up-to-date: /home/asd/temp_git_repo/sakar_asignment/install/single_robo_custom_interface/include/single_robo_custom_interface/single_robo_custom_interface/msg/detail/cluster_points__rosidl_typesupport_fastrtps_cpp.hpp
[3.415s] -- Up-to-date: /home/asd/temp_git_repo/sakar_asignment/install/single_robo_custom_interface/lib/libsingle_robo_custom_interface__rosidl_typesupport_fastrtps_cpp.so
[3.416s] -- Up-to-date: /home/asd/temp_git_repo/sakar_asignment/install/single_robo_custom_interface/include/single_robo_custom_interface/single_robo_custom_interface
[3.416s] -- Up-to-date: /home/asd/temp_git_repo/sakar_asignment/install/single_robo_custom_interface/include/single_robo_custom_interface/single_robo_custom_interface/msg
[3.416s] -- Up-to-date: /home/asd/temp_git_repo/sakar_asignment/install/single_robo_custom_interface/include/single_robo_custom_interface/single_robo_custom_interface/msg/detail
[3.416s] -- Up-to-date: /home/asd/temp_git_repo/sakar_asignment/install/single_robo_custom_interface/include/single_robo_custom_interface/single_robo_custom_interface/msg/detail/cluster_points__rosidl_typesupport_introspection_cpp.hpp
[3.416s] -- Up-to-date: /home/asd/temp_git_repo/sakar_asignment/install/single_robo_custom_interface/include/single_robo_custom_interface/single_robo_custom_interface/msg/detail/com_with_id__type_support.cpp
[3.417s] -- Up-to-date: /home/asd/temp_git_repo/sakar_asignment/install/single_robo_custom_interface/include/single_robo_custom_interface/single_robo_custom_interface/msg/detail/cluster_points__type_support.cpp
[3.417s] -- Up-to-date: /home/asd/temp_git_repo/sakar_asignment/install/single_robo_custom_interface/include/single_robo_custom_interface/single_robo_custom_interface/msg/detail/com_with_id__rosidl_typesupport_introspection_cpp.hpp
[3.417s] -- Up-to-date: /home/asd/temp_git_repo/sakar_asignment/install/single_robo_custom_interface/lib/libsingle_robo_custom_interface__rosidl_typesupport_introspection_cpp.so
[3.417s] -- Up-to-date: /home/asd/temp_git_repo/sakar_asignment/install/single_robo_custom_interface/lib/libsingle_robo_custom_interface__rosidl_typesupport_cpp.so
[3.417s] -- Up-to-date: /home/asd/temp_git_repo/sakar_asignment/install/single_robo_custom_interface/share/single_robo_custom_interface/environment/pythonpath.sh
[3.418s] -- Up-to-date: /home/asd/temp_git_repo/sakar_asignment/install/single_robo_custom_interface/share/single_robo_custom_interface/environment/pythonpath.dsv
[3.418s] -- Up-to-date: /home/asd/temp_git_repo/sakar_asignment/install/single_robo_custom_interface/local/lib/python3.10/dist-packages/single_robo_custom_interface-0.0.0-py3.10.egg-info
[3.418s] -- Installing: /home/asd/temp_git_repo/sakar_asignment/install/single_robo_custom_interface/local/lib/python3.10/dist-packages/single_robo_custom_interface-0.0.0-py3.10.egg-info/top_level.txt
[3.418s] -- Installing: /home/asd/temp_git_repo/sakar_asignment/install/single_robo_custom_interface/local/lib/python3.10/dist-packages/single_robo_custom_interface-0.0.0-py3.10.egg-info/PKG-INFO
[3.418s] -- Installing: /home/asd/temp_git_repo/sakar_asignment/install/single_robo_custom_interface/local/lib/python3.10/dist-packages/single_robo_custom_interface-0.0.0-py3.10.egg-info/dependency_links.txt
[3.418s] -- Installing: /home/asd/temp_git_repo/sakar_asignment/install/single_robo_custom_interface/local/lib/python3.10/dist-packages/single_robo_custom_interface-0.0.0-py3.10.egg-info/SOURCES.txt
[3.419s] -- Up-to-date: /home/asd/temp_git_repo/sakar_asignment/install/single_robo_custom_interface/local/lib/python3.10/dist-packages/single_robo_custom_interface
[3.419s] -- Up-to-date: /home/asd/temp_git_repo/sakar_asignment/install/single_robo_custom_interface/local/lib/python3.10/dist-packages/single_robo_custom_interface/single_robo_custom_interface_s__rosidl_typesupport_c.cpython-310-x86_64-linux-gnu.so
[3.419s] -- Up-to-date: /home/asd/temp_git_repo/sakar_asignment/install/single_robo_custom_interface/local/lib/python3.10/dist-packages/single_robo_custom_interface/_single_robo_custom_interface_s.ep.rosidl_typesupport_fastrtps_c.c
[3.419s] -- Up-to-date: /home/asd/temp_git_repo/sakar_asignment/install/single_robo_custom_interface/local/lib/python3.10/dist-packages/single_robo_custom_interface/msg
[3.420s] -- Up-to-date: /home/asd/temp_git_repo/sakar_asignment/install/single_robo_custom_interface/local/lib/python3.10/dist-packages/single_robo_custom_interface/msg/_com_with_id_s.c
[3.420s] -- Up-to-date: /home/asd/temp_git_repo/sakar_asignment/install/single_robo_custom_interface/local/lib/python3.10/dist-packages/single_robo_custom_interface/msg/_cluster_points.py
[3.420s] -- Up-to-date: /home/asd/temp_git_repo/sakar_asignment/install/single_robo_custom_interface/local/lib/python3.10/dist-packages/single_robo_custom_interface/msg/__init__.py
[3.420s] -- Up-to-date: /home/asd/temp_git_repo/sakar_asignment/install/single_robo_custom_interface/local/lib/python3.10/dist-packages/single_robo_custom_interface/msg/_cluster_points_s.c
[3.420s] -- Up-to-date: /home/asd/temp_git_repo/sakar_asignment/install/single_robo_custom_interface/local/lib/python3.10/dist-packages/single_robo_custom_interface/msg/_com_with_id.py
[3.421s] -- Up-to-date: /home/asd/temp_git_repo/sakar_asignment/install/single_robo_custom_interface/local/lib/python3.10/dist-packages/single_robo_custom_interface/__init__.py
[3.421s] -- Up-to-date: /home/asd/temp_git_repo/sakar_asignment/install/single_robo_custom_interface/local/lib/python3.10/dist-packages/single_robo_custom_interface/_single_robo_custom_interface_s.ep.rosidl_typesupport_introspection_c.c
[3.421s] -- Up-to-date: /home/asd/temp_git_repo/sakar_asignment/install/single_robo_custom_interface/local/lib/python3.10/dist-packages/single_robo_custom_interface/_single_robo_custom_interface_s.ep.rosidl_typesupport_c.c
[3.421s] -- Up-to-date: /home/asd/temp_git_repo/sakar_asignment/install/single_robo_custom_interface/local/lib/python3.10/dist-packages/single_robo_custom_interface/single_robo_custom_interface_s__rosidl_typesupport_fastrtps_c.cpython-310-x86_64-linux-gnu.so
[3.421s] -- Up-to-date: /home/asd/temp_git_repo/sakar_asignment/install/single_robo_custom_interface/local/lib/python3.10/dist-packages/single_robo_custom_interface/libsingle_robo_custom_interface__rosidl_generator_py.so
[3.421s] -- Up-to-date: /home/asd/temp_git_repo/sakar_asignment/install/single_robo_custom_interface/local/lib/python3.10/dist-packages/single_robo_custom_interface/single_robo_custom_interface_s__rosidl_typesupport_introspection_c.cpython-310-x86_64-linux-gnu.so
[3.537s] Listing '/home/asd/temp_git_repo/sakar_asignment/install/single_robo_custom_interface/local/lib/python3.10/dist-packages/single_robo_custom_interface'...
[3.537s] Listing '/home/asd/temp_git_repo/sakar_asignment/install/single_robo_custom_interface/local/lib/python3.10/dist-packages/single_robo_custom_interface/msg'...
[3.549s] -- Up-to-date: /home/asd/temp_git_repo/sakar_asignment/install/single_robo_custom_interface/local/lib/python3.10/dist-packages/single_robo_custom_interface/single_robo_custom_interface_s__rosidl_typesupport_fastrtps_c.cpython-310-x86_64-linux-gnu.so
[3.550s] -- Up-to-date: /home/asd/temp_git_repo/sakar_asignment/install/single_robo_custom_interface/local/lib/python3.10/dist-packages/single_robo_custom_interface/single_robo_custom_interface_s__rosidl_typesupport_introspection_c.cpython-310-x86_64-linux-gnu.so
[3.552s] -- Up-to-date: /home/asd/temp_git_repo/sakar_asignment/install/single_robo_custom_interface/local/lib/python3.10/dist-packages/single_robo_custom_interface/single_robo_custom_interface_s__rosidl_typesupport_c.cpython-310-x86_64-linux-gnu.so
[3.555s] -- Up-to-date: /home/asd/temp_git_repo/sakar_asignment/install/single_robo_custom_interface/lib/libsingle_robo_custom_interface__rosidl_generator_py.so
[3.555s] -- Up-to-date: /home/asd/temp_git_repo/sakar_asignment/install/single_robo_custom_interface/share/single_robo_custom_interface/msg/ClusterPoints.idl
[3.556s] -- Up-to-date: /home/asd/temp_git_repo/sakar_asignment/install/single_robo_custom_interface/share/single_robo_custom_interface/msg/ComWithID.idl
[3.556s] -- Up-to-date: /home/asd/temp_git_repo/sakar_asignment/install/single_robo_custom_interface/share/single_robo_custom_interface/msg/ClusterPoints.msg
[3.556s] -- Up-to-date: /home/asd/temp_git_repo/sakar_asignment/install/single_robo_custom_interface/share/single_robo_custom_interface/msg/ComWithID.msg
[3.556s] -- Up-to-date: /home/asd/temp_git_repo/sakar_asignment/install/single_robo_custom_interface/share/ament_index/resource_index/package_run_dependencies/single_robo_custom_interface
[3.557s] -- Up-to-date: /home/asd/temp_git_repo/sakar_asignment/install/single_robo_custom_interface/share/ament_index/resource_index/parent_prefix_path/single_robo_custom_interface
[3.557s] -- Up-to-date: /home/asd/temp_git_repo/sakar_asignment/install/single_robo_custom_interface/share/single_robo_custom_interface/environment/ament_prefix_path.sh
[3.557s] -- Up-to-date: /home/asd/temp_git_repo/sakar_asignment/install/single_robo_custom_interface/share/single_robo_custom_interface/environment/ament_prefix_path.dsv
[3.557s] -- Up-to-date: /home/asd/temp_git_repo/sakar_asignment/install/single_robo_custom_interface/share/single_robo_custom_interface/environment/path.sh
[3.557s] -- Up-to-date: /home/asd/temp_git_repo/sakar_asignment/install/single_robo_custom_interface/share/single_robo_custom_interface/environment/path.dsv
[3.558s] -- Up-to-date: /home/asd/temp_git_repo/sakar_asignment/install/single_robo_custom_interface/share/single_robo_custom_interface/local_setup.bash
[3.558s] -- Up-to-date: /home/asd/temp_git_repo/sakar_asignment/install/single_robo_custom_interface/share/single_robo_custom_interface/local_setup.sh
[3.558s] -- Up-to-date: /home/asd/temp_git_repo/sakar_asignment/install/single_robo_custom_interface/share/single_robo_custom_interface/local_setup.zsh
[3.558s] -- Up-to-date: /home/asd/temp_git_repo/sakar_asignment/install/single_robo_custom_interface/share/single_robo_custom_interface/local_setup.dsv
[3.558s] -- Installing: /home/asd/temp_git_repo/sakar_asignment/install/single_robo_custom_interface/share/single_robo_custom_interface/package.dsv
[3.559s] -- Up-to-date: /home/asd/temp_git_repo/sakar_asignment/install/single_robo_custom_interface/share/ament_index/resource_index/packages/single_robo_custom_interface
[3.559s] -- Up-to-date: /home/asd/temp_git_repo/sakar_asignment/install/single_robo_custom_interface/share/single_robo_custom_interface/cmake/export_single_robo_custom_interface__rosidl_generator_cExport.cmake
[3.559s] -- Up-to-date: /home/asd/temp_git_repo/sakar_asignment/install/single_robo_custom_interface/share/single_robo_custom_interface/cmake/export_single_robo_custom_interface__rosidl_generator_cExport-noconfig.cmake
[3.559s] -- Up-to-date: /home/asd/temp_git_repo/sakar_asignment/install/single_robo_custom_interface/share/single_robo_custom_interface/cmake/export_single_robo_custom_interface__rosidl_typesupport_fastrtps_cExport.cmake
[3.559s] -- Up-to-date: /home/asd/temp_git_repo/sakar_asignment/install/single_robo_custom_interface/share/single_robo_custom_interface/cmake/export_single_robo_custom_interface__rosidl_typesupport_fastrtps_cExport-noconfig.cmake
[3.559s] -- Up-to-date: /home/asd/temp_git_repo/sakar_asignment/install/single_robo_custom_interface/share/single_robo_custom_interface/cmake/single_robo_custom_interface__rosidl_typesupport_introspection_cExport.cmake
[3.560s] -- Up-to-date: /home/asd/temp_git_repo/sakar_asignment/install/single_robo_custom_interface/share/single_robo_custom_interface/cmake/single_robo_custom_interface__rosidl_typesupport_introspection_cExport-noconfig.cmake
[3.560s] -- Up-to-date: /home/asd/temp_git_repo/sakar_asignment/install/single_robo_custom_interface/share/single_robo_custom_interface/cmake/single_robo_custom_interface__rosidl_typesupport_cExport.cmake
[3.561s] -- Up-to-date: /home/asd/temp_git_repo/sakar_asignment/install/single_robo_custom_interface/share/single_robo_custom_interface/cmake/single_robo_custom_interface__rosidl_typesupport_cExport-noconfig.cmake
[3.561s] -- Up-to-date: /home/asd/temp_git_repo/sakar_asignment/install/single_robo_custom_interface/share/single_robo_custom_interface/cmake/export_single_robo_custom_interface__rosidl_generator_cppExport.cmake
[3.562s] -- Up-to-date: /home/asd/temp_git_repo/sakar_asignment/install/single_robo_custom_interface/share/single_robo_custom_interface/cmake/export_single_robo_custom_interface__rosidl_typesupport_fastrtps_cppExport.cmake
[3.562s] -- Up-to-date: /home/asd/temp_git_repo/sakar_asignment/install/single_robo_custom_interface/share/single_robo_custom_interface/cmake/export_single_robo_custom_interface__rosidl_typesupport_fastrtps_cppExport-noconfig.cmake
[3.562s] -- Up-to-date: /home/asd/temp_git_repo/sakar_asignment/install/single_robo_custom_interface/share/single_robo_custom_interface/cmake/single_robo_custom_interface__rosidl_typesupport_introspection_cppExport.cmake
[3.562s] -- Up-to-date: /home/asd/temp_git_repo/sakar_asignment/install/single_robo_custom_interface/share/single_robo_custom_interface/cmake/single_robo_custom_interface__rosidl_typesupport_introspection_cppExport-noconfig.cmake
[3.562s] -- Up-to-date: /home/asd/temp_git_repo/sakar_asignment/install/single_robo_custom_interface/share/single_robo_custom_interface/cmake/single_robo_custom_interface__rosidl_typesupport_cppExport.cmake
[3.562s] -- Up-to-date: /home/asd/temp_git_repo/sakar_asignment/install/single_robo_custom_interface/share/single_robo_custom_interface/cmake/single_robo_custom_interface__rosidl_typesupport_cppExport-noconfig.cmake
[3.563s] -- Up-to-date: /home/asd/temp_git_repo/sakar_asignment/install/single_robo_custom_interface/share/single_robo_custom_interface/cmake/export_single_robo_custom_interface__rosidl_generator_pyExport.cmake
[3.563s] -- Up-to-date: /home/asd/temp_git_repo/sakar_asignment/install/single_robo_custom_interface/share/single_robo_custom_interface/cmake/export_single_robo_custom_interface__rosidl_generator_pyExport-noconfig.cmake
[3.563s] -- Up-to-date: /home/asd/temp_git_repo/sakar_asignment/install/single_robo_custom_interface/share/single_robo_custom_interface/cmake/rosidl_cmake-extras.cmake
[3.563s] -- Up-to-date: /home/asd/temp_git_repo/sakar_asignment/install/single_robo_custom_interface/share/single_robo_custom_interface/cmake/ament_cmake_export_include_directories-extras.cmake
[3.564s] -- Up-to-date: /home/asd/temp_git_repo/sakar_asignment/install/single_robo_custom_interface/share/single_robo_custom_interface/cmake/ament_cmake_export_libraries-extras.cmake
[3.565s] -- Up-to-date: /home/asd/temp_git_repo/sakar_asignment/install/single_robo_custom_interface/share/single_robo_custom_interface/cmake/ament_cmake_export_targets-extras.cmake
[3.566s] -- Up-to-date: /home/asd/temp_git_repo/sakar_asignment/install/single_robo_custom_interface/share/single_robo_custom_interface/cmake/rosidl_cmake_export_typesupport_targets-extras.cmake
[3.569s] -- Up-to-date: /home/asd/temp_git_repo/sakar_asignment/install/single_robo_custom_interface/share/single_robo_custom_interface/cmake/ament_cmake_export_dependencies-extras.cmake
[3.571s] -- Up-to-date: /home/asd/temp_git_repo/sakar_asignment/install/single_robo_custom_interface/share/single_robo_custom_interface/cmake/rosidl_cmake_export_typesupport_libraries-extras.cmake
[3.572s] -- Up-to-date: /home/asd/temp_git_repo/sakar_asignment/install/single_robo_custom_interface/share/single_robo_custom_interface/cmake/single_robo_custom_interfaceConfig.cmake
[3.573s] -- Up-to-date: /home/asd/temp_git_repo/sakar_asignment/install/single_robo_custom_interface/share/single_robo_custom_interface/cmake/single_robo_custom_interfaceConfig-version.cmake
[3.573s] -- Up-to-date: /home/asd/temp_git_repo/sakar_asignment/install/single_robo_custom_interface/share/single_robo_custom_interface/package.xml
[3.574s] Invoked command in '/home/asd/temp_git_repo/sakar_asignment/build/single_robo_custom_interface' returned '0': CMAKE_PREFIX_PATH=${CMAKE_PREFIX_PATH}:/home/asd/temp_git_repo/sakar_asignment/install/single_robo_perception:/home/asd/temp_git_repo/sakar_asignment/install/single_robo_odometry:/home/asd/temp_git_repo/first-mega-project/install/single_robo_odometry:/home/asd/ros2_ws_goat2/install/multi_robo_simulator:/home/asd/ros2_ws_goat2/install/swarm_interfaces:/home/asd/ros2_ws_goat2/install/my_robot_description2:/home/asd/ros2_ws_goat2/install/my_robot_bringup2:/home/asd/ros2_ws_goat2/install/goat_robo_discription:/home/asd/ros2_ws_goat2/install/micro_ros_server:/home/asd/ros2_ws_goat2/install/micro_ros_custom_interfaces:/home/asd/ros2_ws_goat2/install/Qr_action:/home/asd/ros2_ws4/install/esp_wifi:/home/asd/ros2_ws4/install/maping_odom:/home/asd/ros2_ws9/install/turtlebot3_simulations:/home/asd/ros2_ws9/install/turtlebot3_gazebo_goat:/home/asd/ros2_ws9/install/turtlebot3_fake_node:/home/asd/ros2_ws9/install/testbed_gazebo_goat:/home/asd/ros2_ws9/install/testbed_description_goat:/home/asd/ros2_ws9/install/my_goat_pkg:/home/asd/ros2_ws9/install/goat_interfaces:/home/asd/ros2_ws9/install/goat_gazebo:/home/asd/ros2_ws7/install/my_py_pkg_anscer:/home/asd/ros2_ws/install/turtlesim_catch_them_all:/home/asd/ros2_ws/install/my_py_pkg:/opt/ros/humble /usr/bin/cmake --install /home/asd/temp_git_repo/sakar_asignment/build/single_robo_custom_interface
