[4.985s] Invoking command in '/home/asd/temp_git_repo/sakar_asignment/src/single_robo_odometry': PYTHONPATH=/home/asd/temp_git_repo/sakar_asignment/build/single_robo_odometry/prefix_override:/usr/lib/python3/dist-packages/colcon_core/task/python/colcon_distutils_commands:/home/asd/temp_git_repo/sakar_asignment/install/single_robo_odometry/lib/python3.10/site-packages:${PYTHONPATH} /usr/bin/python3 -W ignore:setup.py install is deprecated -W ignore:easy_install command is deprecated setup.py egg_info --egg-base ../../build/single_robo_odometry build --build-base /home/asd/temp_git_repo/sakar_asignment/build/single_robo_odometry/build install --record /home/asd/temp_git_repo/sakar_asignment/build/single_robo_odometry/install.log --single-version-externally-managed install_data
[6.710s] running egg_info
[6.711s] writing ../../build/single_robo_odometry/single_robo_odometry.egg-info/PKG-INFO
[6.714s] writing dependency_links to ../../build/single_robo_odometry/single_robo_odometry.egg-info/dependency_links.txt
[6.715s] writing entry points to ../../build/single_robo_odometry/single_robo_odometry.egg-info/entry_points.txt
[6.715s] writing requirements to ../../build/single_robo_odometry/single_robo_odometry.egg-info/requires.txt
[6.715s] writing top-level names to ../../build/single_robo_odometry/single_robo_odometry.egg-info/top_level.txt
[6.723s] reading manifest file '../../build/single_robo_odometry/single_robo_odometry.egg-info/SOURCES.txt'
[6.731s] writing manifest file '../../build/single_robo_odometry/single_robo_odometry.egg-info/SOURCES.txt'
[6.731s] running build
[6.732s] running build_py
[6.736s] running install
[6.737s] running install_lib
[6.748s] running install_data
[6.750s] running install_egg_info
[6.759s] removing '/home/asd/temp_git_repo/sakar_asignment/install/single_robo_odometry/lib/python3.10/site-packages/single_robo_odometry-0.0.0-py3.10.egg-info' (and everything under it)
[6.760s] Copying ../../build/single_robo_odometry/single_robo_odometry.egg-info to /home/asd/temp_git_repo/sakar_asignment/install/single_robo_odometry/lib/python3.10/site-packages/single_robo_odometry-0.0.0-py3.10.egg-info
[6.766s] running install_scripts
[6.917s] Installing imu_republisher script to /home/asd/temp_git_repo/sakar_asignment/install/single_robo_odometry/lib/single_robo_odometry
[6.917s] Installing odom_tf_pub script to /home/asd/temp_git_repo/sakar_asignment/install/single_robo_odometry/lib/single_robo_odometry
[6.920s] Installing odom_tf_pub_inv script to /home/asd/temp_git_repo/sakar_asignment/install/single_robo_odometry/lib/single_robo_odometry
[6.920s] Installing odom_tf_pub_w_error script to /home/asd/temp_git_repo/sakar_asignment/install/single_robo_odometry/lib/single_robo_odometry
[6.921s] Installing odom_tf_pub_w_error_inv script to /home/asd/temp_git_repo/sakar_asignment/install/single_robo_odometry/lib/single_robo_odometry
[6.921s] Installing odometry_calculation script to /home/asd/temp_git_repo/sakar_asignment/install/single_robo_odometry/lib/single_robo_odometry
[6.921s] Installing odometry_error script to /home/asd/temp_git_repo/sakar_asignment/install/single_robo_odometry/lib/single_robo_odometry
[6.921s] writing list of installed files to '/home/asd/temp_git_repo/sakar_asignment/build/single_robo_odometry/install.log'
[7.442s] Invoked command in '/home/asd/temp_git_repo/sakar_asignment/src/single_robo_odometry' returned '0': PYTHONPATH=/home/asd/temp_git_repo/sakar_asignment/build/single_robo_odometry/prefix_override:/usr/lib/python3/dist-packages/colcon_core/task/python/colcon_distutils_commands:/home/asd/temp_git_repo/sakar_asignment/install/single_robo_odometry/lib/python3.10/site-packages:${PYTHONPATH} /usr/bin/python3 -W ignore:setup.py install is deprecated -W ignore:easy_install command is deprecated setup.py egg_info --egg-base ../../build/single_robo_odometry build --build-base /home/asd/temp_git_repo/sakar_asignment/build/single_robo_odometry/build install --record /home/asd/temp_git_repo/sakar_asignment/build/single_robo_odometry/install.log --single-version-externally-managed install_data
