-- Install configuration: ""
-- Up-to-date: /home/asd/temp_git_repo/sakar_asignment/install/single_robo_bringup/share/single_robo_bringup//launch
-- Up-to-date: /home/asd/temp_git_repo/sakar_asignment/install/single_robo_bringup/share/single_robo_bringup//launch/diferent_odoms.launch.py
-- Up-to-date: /home/asd/temp_git_repo/sakar_asignment/install/single_robo_bringup/share/single_robo_bringup//launch/single_robo_navigation.launch.py
-- Up-to-date: /home/asd/temp_git_repo/sakar_asignment/install/single_robo_bringup/share/single_robo_bringup//launch/single_robo_nav_map.launch.py
-- Up-to-date: /home/asd/temp_git_repo/sakar_asignment/install/single_robo_bringup/share/single_robo_bringup//launch/kalman_filter.launch.py
-- Up-to-date: /home/asd/temp_git_repo/sakar_asignment/install/single_robo_bringup/share/single_robo_bringup//launch/single_robo_spawn.launch.py
-- Up-to-date: /home/asd/temp_git_repo/sakar_asignment/install/single_robo_bringup/share/single_robo_bringup//launch/single_robo_bringup.launch.py
-- Up-to-date: /home/asd/temp_git_repo/sakar_asignment/install/single_robo_bringup/share/single_robo_bringup//config
-- Up-to-date: /home/asd/temp_git_repo/sakar_asignment/install/single_robo_bringup/share/single_robo_bringup//config/planner_server.yaml
-- Up-to-date: /home/asd/temp_git_repo/sakar_asignment/install/single_robo_bringup/share/single_robo_bringup//config/rviz_map_config.rviz
-- Up-to-date: /home/asd/temp_git_repo/sakar_asignment/install/single_robo_bringup/share/single_robo_bringup//config/controller_server.yaml
-- Up-to-date: /home/asd/temp_git_repo/sakar_asignment/install/single_robo_bringup/share/single_robo_bringup//config/bt_navigator.yaml
-- Up-to-date: /home/asd/temp_git_repo/sakar_asignment/install/single_robo_bringup/share/single_robo_bringup//config/smoother_server.yaml
-- Up-to-date: /home/asd/temp_git_repo/sakar_asignment/install/single_robo_bringup/share/single_robo_bringup//config/basic_bt_tree.xml
-- Up-to-date: /home/asd/temp_git_repo/sakar_asignment/install/single_robo_bringup/share/single_robo_bringup//config/behavior_server.yaml
-- Up-to-date: /home/asd/temp_git_repo/sakar_asignment/install/single_robo_bringup/share/single_robo_bringup//config/costmap.yaml
-- Up-to-date: /home/asd/temp_git_repo/sakar_asignment/install/single_robo_bringup/share/single_robo_bringup//config/amcl.yaml
-- Up-to-date: /home/asd/temp_git_repo/sakar_asignment/install/single_robo_bringup/share/single_robo_bringup//config/adwance_bt_tree.xml
-- Up-to-date: /home/asd/temp_git_repo/sakar_asignment/install/single_robo_bringup/share/ament_index/resource_index/package_run_dependencies/single_robo_bringup
-- Up-to-date: /home/asd/temp_git_repo/sakar_asignment/install/single_robo_bringup/share/ament_index/resource_index/parent_prefix_path/single_robo_bringup
-- Up-to-date: /home/asd/temp_git_repo/sakar_asignment/install/single_robo_bringup/share/single_robo_bringup/environment/ament_prefix_path.sh
-- Up-to-date: /home/asd/temp_git_repo/sakar_asignment/install/single_robo_bringup/share/single_robo_bringup/environment/ament_prefix_path.dsv
-- Up-to-date: /home/asd/temp_git_repo/sakar_asignment/install/single_robo_bringup/share/single_robo_bringup/environment/path.sh
-- Up-to-date: /home/asd/temp_git_repo/sakar_asignment/install/single_robo_bringup/share/single_robo_bringup/environment/path.dsv
-- Up-to-date: /home/asd/temp_git_repo/sakar_asignment/install/single_robo_bringup/share/single_robo_bringup/local_setup.bash
-- Up-to-date: /home/asd/temp_git_repo/sakar_asignment/install/single_robo_bringup/share/single_robo_bringup/local_setup.sh
-- Up-to-date: /home/asd/temp_git_repo/sakar_asignment/install/single_robo_bringup/share/single_robo_bringup/local_setup.zsh
-- Up-to-date: /home/asd/temp_git_repo/sakar_asignment/install/single_robo_bringup/share/single_robo_bringup/local_setup.dsv
-- Up-to-date: /home/asd/temp_git_repo/sakar_asignment/install/single_robo_bringup/share/single_robo_bringup/package.dsv
-- Up-to-date: /home/asd/temp_git_repo/sakar_asignment/install/single_robo_bringup/share/ament_index/resource_index/packages/single_robo_bringup
-- Up-to-date: /home/asd/temp_git_repo/sakar_asignment/install/single_robo_bringup/share/single_robo_bringup/cmake/single_robo_bringupConfig.cmake
-- Up-to-date: /home/asd/temp_git_repo/sakar_asignment/install/single_robo_bringup/share/single_robo_bringup/cmake/single_robo_bringupConfig-version.cmake
-- Up-to-date: /home/asd/temp_git_repo/sakar_asignment/install/single_robo_bringup/share/single_robo_bringup/package.xml
