[0.171s] Invoking command in '/home/asd/temp_git_repo/sakar_asignment/build/single_robo_custom_interface': CMAKE_PREFIX_PATH=${CMAKE_PREFIX_PATH}:/home/asd/temp_git_repo/sakar_asignment/install/single_robo_perception:/home/asd/temp_git_repo/sakar_asignment/install/single_robo_odometry:/home/asd/temp_git_repo/first-mega-project/install/single_robo_odometry:/home/asd/ros2_ws_goat2/install/multi_robo_simulator:/home/asd/ros2_ws_goat2/install/swarm_interfaces:/home/asd/ros2_ws_goat2/install/my_robot_description2:/home/asd/ros2_ws_goat2/install/my_robot_bringup2:/home/asd/ros2_ws_goat2/install/goat_robo_discription:/home/asd/ros2_ws_goat2/install/micro_ros_server:/home/asd/ros2_ws_goat2/install/micro_ros_custom_interfaces:/home/asd/ros2_ws_goat2/install/Qr_action:/home/asd/ros2_ws4/install/esp_wifi:/home/asd/ros2_ws4/install/maping_odom:/home/asd/ros2_ws9/install/turtlebot3_simulations:/home/asd/ros2_ws9/install/turtlebot3_gazebo_goat:/home/asd/ros2_ws9/install/turtlebot3_fake_node:/home/asd/ros2_ws9/install/testbed_gazebo_goat:/home/asd/ros2_ws9/install/testbed_description_goat:/home/asd/ros2_ws9/install/my_goat_pkg:/home/asd/ros2_ws9/install/goat_interfaces:/home/asd/ros2_ws9/install/goat_gazebo:/home/asd/ros2_ws7/install/my_py_pkg_anscer:/home/asd/ros2_ws/install/turtlesim_catch_them_all:/home/asd/ros2_ws/install/my_py_pkg:/opt/ros/humble /usr/bin/cmake --build /home/asd/temp_git_repo/sakar_asignment/build/single_robo_custom_interface -- -j8 -l8
[0.370s] [  2%] Built target single_robo_custom_interface__cpp
[0.501s] [  2%] Built target ament_cmake_python_copy_single_robo_custom_interface
[0.583s] [ 12%] Built target single_robo_custom_interface__rosidl_typesupport_introspection_cpp
[1.796s] running egg_info
[1.801s] writing single_robo_custom_interface.egg-info/PKG-INFO
[1.803s] writing dependency_links to single_robo_custom_interface.egg-info/dependency_links.txt
[1.804s] writing top-level names to single_robo_custom_interface.egg-info/top_level.txt
[1.814s] reading manifest file 'single_robo_custom_interface.egg-info/SOURCES.txt'
[1.817s] writing manifest file 'single_robo_custom_interface.egg-info/SOURCES.txt'
[1.940s] [ 12%] Built target ament_cmake_python_build_single_robo_custom_interface_egg
[2.051s] [ 23%] Built target single_robo_custom_interface__rosidl_typesupport_fastrtps_cpp
[2.183s] [ 33%] Built target single_robo_custom_interface__rosidl_typesupport_cpp
[2.294s] [ 43%] Built target single_robo_custom_interface__rosidl_generator_c
[2.408s] [ 53%] Built target single_robo_custom_interface__rosidl_typesupport_fastrtps_c
[2.506s] [ 64%] Built target single_robo_custom_interface__rosidl_typesupport_c
[2.602s] [ 74%] Built target single_robo_custom_interface__rosidl_typesupport_introspection_c
[2.700s] [ 74%] Built target single_robo_custom_interface
[2.812s] [ 76%] Built target single_robo_custom_interface__py
[2.930s] [ 84%] Built target single_robo_custom_interface__rosidl_generator_py
[3.049s] [ 89%] Built target single_robo_custom_interface__rosidl_typesupport_fastrtps_c__pyext
[3.149s] [ 94%] Built target single_robo_custom_interface__rosidl_typesupport_c__pyext
[3.259s] [100%] Built target single_robo_custom_interface__rosidl_typesupport_introspection_c__pyext
[3.301s] Invoked command in '/home/asd/temp_git_repo/sakar_asignment/build/single_robo_custom_interface' returned '0': CMAKE_PREFIX_PATH=${CMAKE_PREFIX_PATH}:/home/asd/temp_git_repo/sakar_asignment/install/single_robo_perception:/home/asd/temp_git_repo/sakar_asignment/install/single_robo_odometry:/home/asd/temp_git_repo/first-mega-project/install/single_robo_odometry:/home/asd/ros2_ws_goat2/install/multi_robo_simulator:/home/asd/ros2_ws_goat2/install/swarm_interfaces:/home/asd/ros2_ws_goat2/install/my_robot_description2:/home/asd/ros2_ws_goat2/install/my_robot_bringup2:/home/asd/ros2_ws_goat2/install/goat_robo_discription:/home/asd/ros2_ws_goat2/install/micro_ros_server:/home/asd/ros2_ws_goat2/install/micro_ros_custom_interfaces:/home/asd/ros2_ws_goat2/install/Qr_action:/home/asd/ros2_ws4/install/esp_wifi:/home/asd/ros2_ws4/install/maping_odom:/home/asd/ros2_ws9/install/turtlebot3_simulations:/home/asd/ros2_ws9/install/turtlebot3_gazebo_goat:/home/asd/ros2_ws9/install/turtlebot3_fake_node:/home/asd/ros2_ws9/install/testbed_gazebo_goat:/home/asd/ros2_ws9/install/testbed_description_goat:/home/asd/ros2_ws9/install/my_goat_pkg:/home/asd/ros2_ws9/install/goat_interfaces:/home/asd/ros2_ws9/install/goat_gazebo:/home/asd/ros2_ws7/install/my_py_pkg_anscer:/home/asd/ros2_ws/install/turtlesim_catch_them_all:/home/asd/ros2_ws/install/my_py_pkg:/opt/ros/humble /usr/bin/cmake --build /home/asd/temp_git_repo/sakar_asignment/build/single_robo_custom_interface -- -j8 -l8
[3.306s] Invoking command in '/home/asd/temp_git_repo/sakar_asignment/build/single_robo_custom_interface': CMAKE_PREFIX_PATH=${CMAKE_PREFIX_PATH}:/home/asd/temp_git_repo/sakar_asignment/install/single_robo_perception:/home/asd/temp_git_repo/sakar_asignment/install/single_robo_odometry:/home/asd/temp_git_repo/first-mega-project/install/single_robo_odometry:/home/asd/ros2_ws_goat2/install/multi_robo_simulator:/home/asd/ros2_ws_goat2/install/swarm_interfaces:/home/asd/ros2_ws_goat2/install/my_robot_description2:/home/asd/ros2_ws_goat2/install/my_robot_bringup2:/home/asd/ros2_ws_goat2/install/goat_robo_discription:/home/asd/ros2_ws_goat2/install/micro_ros_server:/home/asd/ros2_ws_goat2/install/micro_ros_custom_interfaces:/home/asd/ros2_ws_goat2/install/Qr_action:/home/asd/ros2_ws4/install/esp_wifi:/home/asd/ros2_ws4/install/maping_odom:/home/asd/ros2_ws9/install/turtlebot3_simulations:/home/asd/ros2_ws9/install/turtlebot3_gazebo_goat:/home/asd/ros2_ws9/install/turtlebot3_fake_node:/home/asd/ros2_ws9/install/testbed_gazebo_goat:/home/asd/ros2_ws9/install/testbed_description_goat:/home/asd/ros2_ws9/install/my_goat_pkg:/home/asd/ros2_ws9/install/goat_interfaces:/home/asd/ros2_ws9/install/goat_gazebo:/home/asd/ros2_ws7/install/my_py_pkg_anscer:/home/asd/ros2_ws/install/turtlesim_catch_them_all:/home/asd/ros2_ws/install/my_py_pkg:/opt/ros/humble /usr/bin/cmake --install /home/asd/temp_git_repo/sakar_asignment/build/single_robo_custom_interface
[3.346s] -- Install configuration: ""
[3.346s] -- Up-to-date: /home/asd/temp_git_repo/sakar_asignment/install/single_robo_custom_interface/share/ament_index/resource_index/rosidl_interfaces/single_robo_custom_interface
[3.347s] -- Up-to-date: /home/asd/temp_git_repo/sakar_asignment/install/single_robo_custom_interface/include/single_robo_custom_interface/single_robo_custom_interface
[3.348s] -- Up-to-date: /home/asd/temp_git_repo/sakar_asignment/install/single_robo_custom_interface/include/single_robo_custom_interface/single_robo_custom_interface/msg
[3.349s] -- Up-to-date: /home/asd/temp_git_repo/sakar_asignment/install/single_robo_custom_interface/include/single_robo_custom_interface/single_robo_custom_interface/msg/cluster_points.h
[3.352s] -- Up-to-date: /home/asd/temp_git_repo/sakar_asignment/install/single_robo_custom_interface/include/single_robo_custom_interface/single_robo_custom_interface/msg/rosidl_generator_c__visibility_control.h
[3.353s] -- Up-to-date: /home/asd/temp_git_repo/sakar_asignment/install/single_robo_custom_interface/include/single_robo_custom_interface/single_robo_custom_interface/msg/com_with_id.h
[3.354s] -- Up-to-date: /home/asd/temp_git_repo/sakar_asignment/install/single_robo_custom_interface/include/single_robo_custom_interface/single_robo_custom_interface/msg/detail
[3.354s] -- Up-to-date: /home/asd/temp_git_repo/sakar_asignment/install/single_robo_custom_interface/include/single_robo_custom_interface/single_robo_custom_interface/msg/detail/com_with_id__functions.h
[3.355s] -- Up-to-date: /home/asd/temp_git_repo/sakar_asignment/install/single_robo_custom_interface/include/single_robo_custom_interface/single_robo_custom_interface/msg/detail/com_with_id__type_support.h
[3.355s] -- Up-to-date: /home/asd/temp_git_repo/sakar_asignment/install/single_robo_custom_interface/include/single_robo_custom_interface/single_robo_custom_interface/msg/detail/cluster_points__type_support.h
[3.355s] -- Up-to-date: /home/asd/temp_git_repo/sakar_asignment/install/single_robo_custom_interface/include/single_robo_custom_interface/single_robo_custom_interface/msg/detail/com_with_id__functions.c
[3.356s] -- Up-to-date: /home/asd/temp_git_repo/sakar_asignment/install/single_robo_custom_interface/include/single_robo_custom_interface/single_robo_custom_interface/msg/detail/cluster_points__struct.h
[3.356s] -- Up-to-date: /home/asd/temp_git_repo/sakar_asignment/install/single_robo_custom_interface/include/single_robo_custom_interface/single_robo_custom_interface/msg/detail/cluster_points__functions.c
[3.356s] -- Up-to-date: /home/asd/temp_git_repo/sakar_asignment/install/single_robo_custom_interface/include/single_robo_custom_interface/single_robo_custom_interface/msg/detail/cluster_points__functions.h
[3.356s] -- Up-to-date: /home/asd/temp_git_repo/sakar_asignment/install/single_robo_custom_interface/include/single_robo_custom_interface/single_robo_custom_interface/msg/detail/com_with_id__struct.h
[3.357s] -- Up-to-date: /home/asd/temp_git_repo/sakar_asignment/install/single_robo_custom_interface/share/single_robo_custom_interface/environment/library_path.sh
[3.357s] -- Up-to-date: /home/asd/temp_git_repo/sakar_asignment/install/single_robo_custom_interface/share/single_robo_custom_interface/environment/library_path.dsv
[3.358s] -- Up-to-date: /home/asd/temp_git_repo/sakar_asignment/install/single_robo_custom_interface/lib/libsingle_robo_custom_interface__rosidl_generator_c.so
[3.358s] -- Up-to-date: /home/asd/temp_git_repo/sakar_asignment/install/single_robo_custom_interface/include/single_robo_custom_interface/single_robo_custom_interface
[3.358s] -- Up-to-date: /home/asd/temp_git_repo/sakar_asignment/install/single_robo_custom_interface/include/single_robo_custom_interface/single_robo_custom_interface/msg
[3.358s] -- Up-to-date: /home/asd/temp_git_repo/sakar_asignment/install/single_robo_custom_interface/include/single_robo_custom_interface/single_robo_custom_interface/msg/rosidl_typesupport_fastrtps_c__visibility_control.h
[3.359s] -- Up-to-date: /home/asd/temp_git_repo/sakar_asignment/install/single_robo_custom_interface/include/single_robo_custom_interface/single_robo_custom_interface/msg/detail
[3.359s] -- Up-to-date: /home/asd/temp_git_repo/sakar_asignment/install/single_robo_custom_interface/include/single_robo_custom_interface/single_robo_custom_interface/msg/detail/com_with_id__rosidl_typesupport_fastrtps_c.h
[3.359s] -- Up-to-date: /home/asd/temp_git_repo/sakar_asignment/install/single_robo_custom_interface/include/single_robo_custom_interface/single_robo_custom_interface/msg/detail/cluster_points__rosidl_typesupport_fastrtps_c.h
[3.360s] -- Up-to-date: /home/asd/temp_git_repo/sakar_asignment/install/single_robo_custom_interface/lib/libsingle_robo_custom_interface__rosidl_typesupport_fastrtps_c.so
[3.360s] -- Up-to-date: /home/asd/temp_git_repo/sakar_asignment/install/single_robo_custom_interface/include/single_robo_custom_interface/single_robo_custom_interface
[3.360s] -- Up-to-date: /home/asd/temp_git_repo/sakar_asignment/install/single_robo_custom_interface/include/single_robo_custom_interface/single_robo_custom_interface/msg
[3.360s] -- Up-to-date: /home/asd/temp_git_repo/sakar_asignment/install/single_robo_custom_interface/include/single_robo_custom_interface/single_robo_custom_interface/msg/detail
[3.361s] -- Up-to-date: /home/asd/temp_git_repo/sakar_asignment/install/single_robo_custom_interface/include/single_robo_custom_interface/single_robo_custom_interface/msg/detail/com_with_id__rosidl_typesupport_introspection_c.h
[3.361s] -- Up-to-date: /home/asd/temp_git_repo/sakar_asignment/install/single_robo_custom_interface/include/single_robo_custom_interface/single_robo_custom_interface/msg/detail/com_with_id__type_support.c
[3.361s] -- Up-to-date: /home/asd/temp_git_repo/sakar_asignment/install/single_robo_custom_interface/include/single_robo_custom_interface/single_robo_custom_interface/msg/detail/cluster_points__rosidl_typesupport_introspection_c.h
[3.361s] -- Up-to-date: /home/asd/temp_git_repo/sakar_asignment/install/single_robo_custom_interface/include/single_robo_custom_interface/single_robo_custom_interface/msg/detail/cluster_points__type_support.c
[3.361s] -- Up-to-date: /home/asd/temp_git_repo/sakar_asignment/install/single_robo_custom_interface/include/single_robo_custom_interface/single_robo_custom_interface/msg/rosidl_typesupport_introspection_c__visibility_control.h
[3.362s] -- Up-to-date: /home/asd/temp_git_repo/sakar_asignment/install/single_robo_custom_interface/lib/libsingle_robo_custom_interface__rosidl_typesupport_introspection_c.so
[3.362s] -- Up-to-date: /home/asd/temp_git_repo/sakar_asignment/install/single_robo_custom_interface/lib/libsingle_robo_custom_interface__rosidl_typesupport_c.so
[3.362s] -- Up-to-date: /home/asd/temp_git_repo/sakar_asignment/install/single_robo_custom_interface/include/single_robo_custom_interface/single_robo_custom_interface
[3.363s] -- Up-to-date: /home/asd/temp_git_repo/sakar_asignment/install/single_robo_custom_interface/include/single_robo_custom_interface/single_robo_custom_interface/msg
[3.363s] -- Up-to-date: /home/asd/temp_git_repo/sakar_asignment/install/single_robo_custom_interface/include/single_robo_custom_interface/single_robo_custom_interface/msg/rosidl_generator_cpp__visibility_control.hpp
[3.364s] -- Up-to-date: /home/asd/temp_git_repo/sakar_asignment/install/single_robo_custom_interface/include/single_robo_custom_interface/single_robo_custom_interface/msg/com_with_id.hpp
[3.364s] -- Up-to-date: /home/asd/temp_git_repo/sakar_asignment/install/single_robo_custom_interface/include/single_robo_custom_interface/single_robo_custom_interface/msg/detail
[3.364s] -- Up-to-date: /home/asd/temp_git_repo/sakar_asignment/install/single_robo_custom_interface/include/single_robo_custom_interface/single_robo_custom_interface/msg/detail/cluster_points__builder.hpp
[3.365s] -- Up-to-date: /home/asd/temp_git_repo/sakar_asignment/install/single_robo_custom_interface/include/single_robo_custom_interface/single_robo_custom_interface/msg/detail/cluster_points__traits.hpp
[3.365s] -- Up-to-date: /home/asd/temp_git_repo/sakar_asignment/install/single_robo_custom_interface/include/single_robo_custom_interface/single_robo_custom_interface/msg/detail/com_with_id__traits.hpp
[3.366s] -- Up-to-date: /home/asd/temp_git_repo/sakar_asignment/install/single_robo_custom_interface/include/single_robo_custom_interface/single_robo_custom_interface/msg/detail/com_with_id__struct.hpp
[3.366s] -- Up-to-date: /home/asd/temp_git_repo/sakar_asignment/install/single_robo_custom_interface/include/single_robo_custom_interface/single_robo_custom_interface/msg/detail/cluster_points__struct.hpp
[3.367s] -- Up-to-date: /home/asd/temp_git_repo/sakar_asignment/install/single_robo_custom_interface/include/single_robo_custom_interface/single_robo_custom_interface/msg/detail/com_with_id__builder.hpp
[3.367s] -- Up-to-date: /home/asd/temp_git_repo/sakar_asignment/install/single_robo_custom_interface/include/single_robo_custom_interface/single_robo_custom_interface/msg/detail/cluster_points__type_support.hpp
[3.367s] -- Up-to-date: /home/asd/temp_git_repo/sakar_asignment/install/single_robo_custom_interface/include/single_robo_custom_interface/single_robo_custom_interface/msg/detail/com_with_id__type_support.hpp
[3.367s] -- Up-to-date: /home/asd/temp_git_repo/sakar_asignment/install/single_robo_custom_interface/include/single_robo_custom_interface/single_robo_custom_interface/msg/cluster_points.hpp
[3.368s] -- Up-to-date: /home/asd/temp_git_repo/sakar_asignment/install/single_robo_custom_interface/include/single_robo_custom_interface/single_robo_custom_interface
[3.368s] -- Up-to-date: /home/asd/temp_git_repo/sakar_asignment/install/single_robo_custom_interface/include/single_robo_custom_interface/single_robo_custom_interface/msg
[3.368s] -- Up-to-date: /home/asd/temp_git_repo/sakar_asignment/install/single_robo_custom_interface/include/single_robo_custom_interface/single_robo_custom_interface/msg/rosidl_typesupport_fastrtps_cpp__visibility_control.h
[3.369s] -- Up-to-date: /home/asd/temp_git_repo/sakar_asignment/install/single_robo_custom_interface/include/single_robo_custom_interface/single_robo_custom_interface/msg/detail
[3.369s] -- Up-to-date: /home/asd/temp_git_repo/sakar_asignment/install/single_robo_custom_interface/include/single_robo_custom_interface/single_robo_custom_interface/msg/detail/dds_fastrtps
[3.369s] -- Up-to-date: /home/asd/temp_git_repo/sakar_asignment/install/single_robo_custom_interface/include/single_robo_custom_interface/single_robo_custom_interface/msg/detail/com_with_id__rosidl_typesupport_fastrtps_cpp.hpp
[3.370s] -- Up-to-date: /home/asd/temp_git_repo/sakar_asignment/install/single_robo_custom_interface/include/single_robo_custom_interface/single_robo_custom_interface/msg/detail/cluster_points__rosidl_typesupport_fastrtps_cpp.hpp
[3.370s] -- Up-to-date: /home/asd/temp_git_repo/sakar_asignment/install/single_robo_custom_interface/lib/libsingle_robo_custom_interface__rosidl_typesupport_fastrtps_cpp.so
[3.370s] -- Up-to-date: /home/asd/temp_git_repo/sakar_asignment/install/single_robo_custom_interface/include/single_robo_custom_interface/single_robo_custom_interface
[3.370s] -- Up-to-date: /home/asd/temp_git_repo/sakar_asignment/install/single_robo_custom_interface/include/single_robo_custom_interface/single_robo_custom_interface/msg
[3.371s] -- Up-to-date: /home/asd/temp_git_repo/sakar_asignment/install/single_robo_custom_interface/include/single_robo_custom_interface/single_robo_custom_interface/msg/detail
[3.371s] -- Up-to-date: /home/asd/temp_git_repo/sakar_asignment/install/single_robo_custom_interface/include/single_robo_custom_interface/single_robo_custom_interface/msg/detail/cluster_points__rosidl_typesupport_introspection_cpp.hpp
[3.371s] -- Up-to-date: /home/asd/temp_git_repo/sakar_asignment/install/single_robo_custom_interface/include/single_robo_custom_interface/single_robo_custom_interface/msg/detail/com_with_id__type_support.cpp
[3.371s] -- Up-to-date: /home/asd/temp_git_repo/sakar_asignment/install/single_robo_custom_interface/include/single_robo_custom_interface/single_robo_custom_interface/msg/detail/cluster_points__type_support.cpp
[3.371s] -- Up-to-date: /home/asd/temp_git_repo/sakar_asignment/install/single_robo_custom_interface/include/single_robo_custom_interface/single_robo_custom_interface/msg/detail/com_with_id__rosidl_typesupport_introspection_cpp.hpp
[3.371s] -- Up-to-date: /home/asd/temp_git_repo/sakar_asignment/install/single_robo_custom_interface/lib/libsingle_robo_custom_interface__rosidl_typesupport_introspection_cpp.so
[3.372s] -- Up-to-date: /home/asd/temp_git_repo/sakar_asignment/install/single_robo_custom_interface/lib/libsingle_robo_custom_interface__rosidl_typesupport_cpp.so
[3.372s] -- Up-to-date: /home/asd/temp_git_repo/sakar_asignment/install/single_robo_custom_interface/share/single_robo_custom_interface/environment/pythonpath.sh
[3.372s] -- Up-to-date: /home/asd/temp_git_repo/sakar_asignment/install/single_robo_custom_interface/share/single_robo_custom_interface/environment/pythonpath.dsv
[3.373s] -- Up-to-date: /home/asd/temp_git_repo/sakar_asignment/install/single_robo_custom_interface/local/lib/python3.10/dist-packages/single_robo_custom_interface-0.0.0-py3.10.egg-info
[3.373s] -- Installing: /home/asd/temp_git_repo/sakar_asignment/install/single_robo_custom_interface/local/lib/python3.10/dist-packages/single_robo_custom_interface-0.0.0-py3.10.egg-info/top_level.txt
[3.373s] -- Installing: /home/asd/temp_git_repo/sakar_asignment/install/single_robo_custom_interface/local/lib/python3.10/dist-packages/single_robo_custom_interface-0.0.0-py3.10.egg-info/PKG-INFO
[3.373s] -- Installing: /home/asd/temp_git_repo/sakar_asignment/install/single_robo_custom_interface/local/lib/python3.10/dist-packages/single_robo_custom_interface-0.0.0-py3.10.egg-info/dependency_links.txt
[3.373s] -- Installing: /home/asd/temp_git_repo/sakar_asignment/install/single_robo_custom_interface/local/lib/python3.10/dist-packages/single_robo_custom_interface-0.0.0-py3.10.egg-info/SOURCES.txt
[3.374s] -- Up-to-date: /home/asd/temp_git_repo/sakar_asignment/install/single_robo_custom_interface/local/lib/python3.10/dist-packages/single_robo_custom_interface
[3.374s] -- Up-to-date: /home/asd/temp_git_repo/sakar_asignment/install/single_robo_custom_interface/local/lib/python3.10/dist-packages/single_robo_custom_interface/single_robo_custom_interface_s__rosidl_typesupport_c.cpython-310-x86_64-linux-gnu.so
[3.374s] -- Up-to-date: /home/asd/temp_git_repo/sakar_asignment/install/single_robo_custom_interface/local/lib/python3.10/dist-packages/single_robo_custom_interface/_single_robo_custom_interface_s.ep.rosidl_typesupport_fastrtps_c.c
[3.374s] -- Up-to-date: /home/asd/temp_git_repo/sakar_asignment/install/single_robo_custom_interface/local/lib/python3.10/dist-packages/single_robo_custom_interface/msg
[3.374s] -- Up-to-date: /home/asd/temp_git_repo/sakar_asignment/install/single_robo_custom_interface/local/lib/python3.10/dist-packages/single_robo_custom_interface/msg/_com_with_id_s.c
[3.375s] -- Up-to-date: /home/asd/temp_git_repo/sakar_asignment/install/single_robo_custom_interface/local/lib/python3.10/dist-packages/single_robo_custom_interface/msg/_cluster_points.py
[3.375s] -- Up-to-date: /home/asd/temp_git_repo/sakar_asignment/install/single_robo_custom_interface/local/lib/python3.10/dist-packages/single_robo_custom_interface/msg/__init__.py
[3.375s] -- Up-to-date: /home/asd/temp_git_repo/sakar_asignment/install/single_robo_custom_interface/local/lib/python3.10/dist-packages/single_robo_custom_interface/msg/_cluster_points_s.c
[3.376s] -- Up-to-date: /home/asd/temp_git_repo/sakar_asignment/install/single_robo_custom_interface/local/lib/python3.10/dist-packages/single_robo_custom_interface/msg/_com_with_id.py
[3.377s] -- Up-to-date: /home/asd/temp_git_repo/sakar_asignment/install/single_robo_custom_interface/local/lib/python3.10/dist-packages/single_robo_custom_interface/__init__.py
[3.377s] -- Up-to-date: /home/asd/temp_git_repo/sakar_asignment/install/single_robo_custom_interface/local/lib/python3.10/dist-packages/single_robo_custom_interface/_single_robo_custom_interface_s.ep.rosidl_typesupport_introspection_c.c
[3.377s] -- Up-to-date: /home/asd/temp_git_repo/sakar_asignment/install/single_robo_custom_interface/local/lib/python3.10/dist-packages/single_robo_custom_interface/_single_robo_custom_interface_s.ep.rosidl_typesupport_c.c
[3.377s] -- Up-to-date: /home/asd/temp_git_repo/sakar_asignment/install/single_robo_custom_interface/local/lib/python3.10/dist-packages/single_robo_custom_interface/single_robo_custom_interface_s__rosidl_typesupport_fastrtps_c.cpython-310-x86_64-linux-gnu.so
[3.377s] -- Up-to-date: /home/asd/temp_git_repo/sakar_asignment/install/single_robo_custom_interface/local/lib/python3.10/dist-packages/single_robo_custom_interface/libsingle_robo_custom_interface__rosidl_generator_py.so
[3.378s] -- Up-to-date: /home/asd/temp_git_repo/sakar_asignment/install/single_robo_custom_interface/local/lib/python3.10/dist-packages/single_robo_custom_interface/single_robo_custom_interface_s__rosidl_typesupport_introspection_c.cpython-310-x86_64-linux-gnu.so
[3.518s] Listing '/home/asd/temp_git_repo/sakar_asignment/install/single_robo_custom_interface/local/lib/python3.10/dist-packages/single_robo_custom_interface'...
[3.518s] Listing '/home/asd/temp_git_repo/sakar_asignment/install/single_robo_custom_interface/local/lib/python3.10/dist-packages/single_robo_custom_interface/msg'...
[3.535s] -- Up-to-date: /home/asd/temp_git_repo/sakar_asignment/install/single_robo_custom_interface/local/lib/python3.10/dist-packages/single_robo_custom_interface/single_robo_custom_interface_s__rosidl_typesupport_fastrtps_c.cpython-310-x86_64-linux-gnu.so
[3.536s] -- Up-to-date: /home/asd/temp_git_repo/sakar_asignment/install/single_robo_custom_interface/local/lib/python3.10/dist-packages/single_robo_custom_interface/single_robo_custom_interface_s__rosidl_typesupport_introspection_c.cpython-310-x86_64-linux-gnu.so
[3.536s] -- Up-to-date: /home/asd/temp_git_repo/sakar_asignment/install/single_robo_custom_interface/local/lib/python3.10/dist-packages/single_robo_custom_interface/single_robo_custom_interface_s__rosidl_typesupport_c.cpython-310-x86_64-linux-gnu.so
[3.537s] -- Up-to-date: /home/asd/temp_git_repo/sakar_asignment/install/single_robo_custom_interface/lib/libsingle_robo_custom_interface__rosidl_generator_py.so
[3.538s] -- Up-to-date: /home/asd/temp_git_repo/sakar_asignment/install/single_robo_custom_interface/share/single_robo_custom_interface/msg/ClusterPoints.idl
[3.539s] -- Up-to-date: /home/asd/temp_git_repo/sakar_asignment/install/single_robo_custom_interface/share/single_robo_custom_interface/msg/ComWithID.idl
[3.539s] -- Up-to-date: /home/asd/temp_git_repo/sakar_asignment/install/single_robo_custom_interface/share/single_robo_custom_interface/msg/ClusterPoints.msg
[3.540s] -- Up-to-date: /home/asd/temp_git_repo/sakar_asignment/install/single_robo_custom_interface/share/single_robo_custom_interface/msg/ComWithID.msg
[3.540s] -- Up-to-date: /home/asd/temp_git_repo/sakar_asignment/install/single_robo_custom_interface/share/ament_index/resource_index/package_run_dependencies/single_robo_custom_interface
[3.541s] -- Up-to-date: /home/asd/temp_git_repo/sakar_asignment/install/single_robo_custom_interface/share/ament_index/resource_index/parent_prefix_path/single_robo_custom_interface
[3.542s] -- Up-to-date: /home/asd/temp_git_repo/sakar_asignment/install/single_robo_custom_interface/share/single_robo_custom_interface/environment/ament_prefix_path.sh
[3.542s] -- Up-to-date: /home/asd/temp_git_repo/sakar_asignment/install/single_robo_custom_interface/share/single_robo_custom_interface/environment/ament_prefix_path.dsv
[3.543s] -- Up-to-date: /home/asd/temp_git_repo/sakar_asignment/install/single_robo_custom_interface/share/single_robo_custom_interface/environment/path.sh
[3.543s] -- Up-to-date: /home/asd/temp_git_repo/sakar_asignment/install/single_robo_custom_interface/share/single_robo_custom_interface/environment/path.dsv
[3.544s] -- Up-to-date: /home/asd/temp_git_repo/sakar_asignment/install/single_robo_custom_interface/share/single_robo_custom_interface/local_setup.bash
[3.544s] -- Up-to-date: /home/asd/temp_git_repo/sakar_asignment/install/single_robo_custom_interface/share/single_robo_custom_interface/local_setup.sh
[3.548s] -- Up-to-date: /home/asd/temp_git_repo/sakar_asignment/install/single_robo_custom_interface/share/single_robo_custom_interface/local_setup.zsh
[3.549s] -- Up-to-date: /home/asd/temp_git_repo/sakar_asignment/install/single_robo_custom_interface/share/single_robo_custom_interface/local_setup.dsv
[3.549s] -- Installing: /home/asd/temp_git_repo/sakar_asignment/install/single_robo_custom_interface/share/single_robo_custom_interface/package.dsv
[3.550s] -- Up-to-date: /home/asd/temp_git_repo/sakar_asignment/install/single_robo_custom_interface/share/ament_index/resource_index/packages/single_robo_custom_interface
[3.550s] -- Up-to-date: /home/asd/temp_git_repo/sakar_asignment/install/single_robo_custom_interface/share/single_robo_custom_interface/cmake/export_single_robo_custom_interface__rosidl_generator_cExport.cmake
[3.550s] -- Up-to-date: /home/asd/temp_git_repo/sakar_asignment/install/single_robo_custom_interface/share/single_robo_custom_interface/cmake/export_single_robo_custom_interface__rosidl_generator_cExport-noconfig.cmake
[3.550s] -- Up-to-date: /home/asd/temp_git_repo/sakar_asignment/install/single_robo_custom_interface/share/single_robo_custom_interface/cmake/export_single_robo_custom_interface__rosidl_typesupport_fastrtps_cExport.cmake
[3.551s] -- Up-to-date: /home/asd/temp_git_repo/sakar_asignment/install/single_robo_custom_interface/share/single_robo_custom_interface/cmake/export_single_robo_custom_interface__rosidl_typesupport_fastrtps_cExport-noconfig.cmake
[3.551s] -- Up-to-date: /home/asd/temp_git_repo/sakar_asignment/install/single_robo_custom_interface/share/single_robo_custom_interface/cmake/single_robo_custom_interface__rosidl_typesupport_introspection_cExport.cmake
[3.551s] -- Up-to-date: /home/asd/temp_git_repo/sakar_asignment/install/single_robo_custom_interface/share/single_robo_custom_interface/cmake/single_robo_custom_interface__rosidl_typesupport_introspection_cExport-noconfig.cmake
[3.551s] -- Up-to-date: /home/asd/temp_git_repo/sakar_asignment/install/single_robo_custom_interface/share/single_robo_custom_interface/cmake/single_robo_custom_interface__rosidl_typesupport_cExport.cmake
[3.551s] -- Up-to-date: /home/asd/temp_git_repo/sakar_asignment/install/single_robo_custom_interface/share/single_robo_custom_interface/cmake/single_robo_custom_interface__rosidl_typesupport_cExport-noconfig.cmake
[3.552s] -- Up-to-date: /home/asd/temp_git_repo/sakar_asignment/install/single_robo_custom_interface/share/single_robo_custom_interface/cmake/export_single_robo_custom_interface__rosidl_generator_cppExport.cmake
[3.552s] -- Up-to-date: /home/asd/temp_git_repo/sakar_asignment/install/single_robo_custom_interface/share/single_robo_custom_interface/cmake/export_single_robo_custom_interface__rosidl_typesupport_fastrtps_cppExport.cmake
[3.552s] -- Up-to-date: /home/asd/temp_git_repo/sakar_asignment/install/single_robo_custom_interface/share/single_robo_custom_interface/cmake/export_single_robo_custom_interface__rosidl_typesupport_fastrtps_cppExport-noconfig.cmake
[3.553s] -- Up-to-date: /home/asd/temp_git_repo/sakar_asignment/install/single_robo_custom_interface/share/single_robo_custom_interface/cmake/single_robo_custom_interface__rosidl_typesupport_introspection_cppExport.cmake
[3.553s] -- Up-to-date: /home/asd/temp_git_repo/sakar_asignment/install/single_robo_custom_interface/share/single_robo_custom_interface/cmake/single_robo_custom_interface__rosidl_typesupport_introspection_cppExport-noconfig.cmake
[3.553s] -- Up-to-date: /home/asd/temp_git_repo/sakar_asignment/install/single_robo_custom_interface/share/single_robo_custom_interface/cmake/single_robo_custom_interface__rosidl_typesupport_cppExport.cmake
[3.553s] -- Up-to-date: /home/asd/temp_git_repo/sakar_asignment/install/single_robo_custom_interface/share/single_robo_custom_interface/cmake/single_robo_custom_interface__rosidl_typesupport_cppExport-noconfig.cmake
[3.553s] -- Up-to-date: /home/asd/temp_git_repo/sakar_asignment/install/single_robo_custom_interface/share/single_robo_custom_interface/cmake/export_single_robo_custom_interface__rosidl_generator_pyExport.cmake
[3.553s] -- Up-to-date: /home/asd/temp_git_repo/sakar_asignment/install/single_robo_custom_interface/share/single_robo_custom_interface/cmake/export_single_robo_custom_interface__rosidl_generator_pyExport-noconfig.cmake
[3.553s] -- Up-to-date: /home/asd/temp_git_repo/sakar_asignment/install/single_robo_custom_interface/share/single_robo_custom_interface/cmake/rosidl_cmake-extras.cmake
[3.554s] -- Up-to-date: /home/asd/temp_git_repo/sakar_asignment/install/single_robo_custom_interface/share/single_robo_custom_interface/cmake/ament_cmake_export_include_directories-extras.cmake
[3.554s] -- Up-to-date: /home/asd/temp_git_repo/sakar_asignment/install/single_robo_custom_interface/share/single_robo_custom_interface/cmake/ament_cmake_export_libraries-extras.cmake
[3.554s] -- Up-to-date: /home/asd/temp_git_repo/sakar_asignment/install/single_robo_custom_interface/share/single_robo_custom_interface/cmake/ament_cmake_export_targets-extras.cmake
[3.554s] -- Up-to-date: /home/asd/temp_git_repo/sakar_asignment/install/single_robo_custom_interface/share/single_robo_custom_interface/cmake/rosidl_cmake_export_typesupport_targets-extras.cmake
[3.554s] -- Up-to-date: /home/asd/temp_git_repo/sakar_asignment/install/single_robo_custom_interface/share/single_robo_custom_interface/cmake/ament_cmake_export_dependencies-extras.cmake
[3.555s] -- Up-to-date: /home/asd/temp_git_repo/sakar_asignment/install/single_robo_custom_interface/share/single_robo_custom_interface/cmake/rosidl_cmake_export_typesupport_libraries-extras.cmake
[3.558s] -- Up-to-date: /home/asd/temp_git_repo/sakar_asignment/install/single_robo_custom_interface/share/single_robo_custom_interface/cmake/single_robo_custom_interfaceConfig.cmake
[3.560s] -- Up-to-date: /home/asd/temp_git_repo/sakar_asignment/install/single_robo_custom_interface/share/single_robo_custom_interface/cmake/single_robo_custom_interfaceConfig-version.cmake
[3.560s] -- Up-to-date: /home/asd/temp_git_repo/sakar_asignment/install/single_robo_custom_interface/share/single_robo_custom_interface/package.xml
[3.561s] Invoked command in '/home/asd/temp_git_repo/sakar_asignment/build/single_robo_custom_interface' returned '0': CMAKE_PREFIX_PATH=${CMAKE_PREFIX_PATH}:/home/asd/temp_git_repo/sakar_asignment/install/single_robo_perception:/home/asd/temp_git_repo/sakar_asignment/install/single_robo_odometry:/home/asd/temp_git_repo/first-mega-project/install/single_robo_odometry:/home/asd/ros2_ws_goat2/install/multi_robo_simulator:/home/asd/ros2_ws_goat2/install/swarm_interfaces:/home/asd/ros2_ws_goat2/install/my_robot_description2:/home/asd/ros2_ws_goat2/install/my_robot_bringup2:/home/asd/ros2_ws_goat2/install/goat_robo_discription:/home/asd/ros2_ws_goat2/install/micro_ros_server:/home/asd/ros2_ws_goat2/install/micro_ros_custom_interfaces:/home/asd/ros2_ws_goat2/install/Qr_action:/home/asd/ros2_ws4/install/esp_wifi:/home/asd/ros2_ws4/install/maping_odom:/home/asd/ros2_ws9/install/turtlebot3_simulations:/home/asd/ros2_ws9/install/turtlebot3_gazebo_goat:/home/asd/ros2_ws9/install/turtlebot3_fake_node:/home/asd/ros2_ws9/install/testbed_gazebo_goat:/home/asd/ros2_ws9/install/testbed_description_goat:/home/asd/ros2_ws9/install/my_goat_pkg:/home/asd/ros2_ws9/install/goat_interfaces:/home/asd/ros2_ws9/install/goat_gazebo:/home/asd/ros2_ws7/install/my_py_pkg_anscer:/home/asd/ros2_ws/install/turtlesim_catch_them_all:/home/asd/ros2_ws/install/my_py_pkg:/opt/ros/humble /usr/bin/cmake --install /home/asd/temp_git_repo/sakar_asignment/build/single_robo_custom_interface
