[0.194s] Invoking command in '/home/asd/temp_git_repo/sakar_asignment/build/single_robo_custom_interface': CMAKE_PREFIX_PATH=${CMAKE_PREFIX_PATH}:/home/asd/temp_git_repo/sakar_asignment/install/single_robo_perception:/home/asd/temp_git_repo/sakar_asignment/install/single_robo_odometry:/home/asd/temp_git_repo/first-mega-project/install/single_robo_odometry:/home/asd/ros2_ws_goat2/install/multi_robo_simulator:/home/asd/ros2_ws_goat2/install/swarm_interfaces:/home/asd/ros2_ws_goat2/install/my_robot_description2:/home/asd/ros2_ws_goat2/install/my_robot_bringup2:/home/asd/ros2_ws_goat2/install/goat_robo_discription:/home/asd/ros2_ws_goat2/install/micro_ros_server:/home/asd/ros2_ws_goat2/install/micro_ros_custom_interfaces:/home/asd/ros2_ws_goat2/install/Qr_action:/home/asd/ros2_ws4/install/esp_wifi:/home/asd/ros2_ws4/install/maping_odom:/home/asd/ros2_ws9/install/turtlebot3_simulations:/home/asd/ros2_ws9/install/turtlebot3_gazebo_goat:/home/asd/ros2_ws9/install/turtlebot3_fake_node:/home/asd/ros2_ws9/install/testbed_gazebo_goat:/home/asd/ros2_ws9/install/testbed_description_goat:/home/asd/ros2_ws9/install/my_goat_pkg:/home/asd/ros2_ws9/install/goat_interfaces:/home/asd/ros2_ws9/install/goat_gazebo:/home/asd/ros2_ws7/install/my_py_pkg_anscer:/home/asd/ros2_ws/install/turtlesim_catch_them_all:/home/asd/ros2_ws/install/my_py_pkg:/opt/ros/humble /usr/bin/cmake --build /home/asd/temp_git_repo/sakar_asignment/build/single_robo_custom_interface -- -j8 -l8
[0.397s] [  2%] Built target single_robo_custom_interface__cpp
[0.418s] [ 12%] Built target single_robo_custom_interface__rosidl_generator_c
[0.440s] [ 12%] Built target ament_cmake_python_copy_single_robo_custom_interface
[0.486s] [ 23%] Built target single_robo_custom_interface__rosidl_typesupport_cpp
[0.509s] [ 33%] Built target single_robo_custom_interface__rosidl_typesupport_introspection_cpp
[0.532s] [ 43%] Built target single_robo_custom_interface__rosidl_typesupport_c
[0.596s] [ 53%] Built target single_robo_custom_interface__rosidl_typesupport_introspection_c
[0.621s] [ 64%] Built target single_robo_custom_interface__rosidl_typesupport_fastrtps_c
[0.702s] [ 74%] Built target single_robo_custom_interface__rosidl_typesupport_fastrtps_cpp
[0.778s] [ 74%] Built target single_robo_custom_interface
[0.856s] [ 76%] Built target single_robo_custom_interface__py
[0.961s] [ 84%] Built target single_robo_custom_interface__rosidl_generator_py
[1.032s] [ 89%] Built target single_robo_custom_interface__rosidl_typesupport_fastrtps_c__pyext
[1.114s] [ 94%] Built target single_robo_custom_interface__rosidl_typesupport_c__pyext
[1.196s] [100%] Built target single_robo_custom_interface__rosidl_typesupport_introspection_c__pyext
[1.505s] running egg_info
[1.510s] writing single_robo_custom_interface.egg-info/PKG-INFO
[1.510s] writing dependency_links to single_robo_custom_interface.egg-info/dependency_links.txt
[1.510s] writing top-level names to single_robo_custom_interface.egg-info/top_level.txt
[1.515s] reading manifest file 'single_robo_custom_interface.egg-info/SOURCES.txt'
[1.517s] writing manifest file 'single_robo_custom_interface.egg-info/SOURCES.txt'
[1.609s] [100%] Built target ament_cmake_python_build_single_robo_custom_interface_egg
[1.656s] Invoked command in '/home/asd/temp_git_repo/sakar_asignment/build/single_robo_custom_interface' returned '0': CMAKE_PREFIX_PATH=${CMAKE_PREFIX_PATH}:/home/asd/temp_git_repo/sakar_asignment/install/single_robo_perception:/home/asd/temp_git_repo/sakar_asignment/install/single_robo_odometry:/home/asd/temp_git_repo/first-mega-project/install/single_robo_odometry:/home/asd/ros2_ws_goat2/install/multi_robo_simulator:/home/asd/ros2_ws_goat2/install/swarm_interfaces:/home/asd/ros2_ws_goat2/install/my_robot_description2:/home/asd/ros2_ws_goat2/install/my_robot_bringup2:/home/asd/ros2_ws_goat2/install/goat_robo_discription:/home/asd/ros2_ws_goat2/install/micro_ros_server:/home/asd/ros2_ws_goat2/install/micro_ros_custom_interfaces:/home/asd/ros2_ws_goat2/install/Qr_action:/home/asd/ros2_ws4/install/esp_wifi:/home/asd/ros2_ws4/install/maping_odom:/home/asd/ros2_ws9/install/turtlebot3_simulations:/home/asd/ros2_ws9/install/turtlebot3_gazebo_goat:/home/asd/ros2_ws9/install/turtlebot3_fake_node:/home/asd/ros2_ws9/install/testbed_gazebo_goat:/home/asd/ros2_ws9/install/testbed_description_goat:/home/asd/ros2_ws9/install/my_goat_pkg:/home/asd/ros2_ws9/install/goat_interfaces:/home/asd/ros2_ws9/install/goat_gazebo:/home/asd/ros2_ws7/install/my_py_pkg_anscer:/home/asd/ros2_ws/install/turtlesim_catch_them_all:/home/asd/ros2_ws/install/my_py_pkg:/opt/ros/humble /usr/bin/cmake --build /home/asd/temp_git_repo/sakar_asignment/build/single_robo_custom_interface -- -j8 -l8
[1.660s] Invoking command in '/home/asd/temp_git_repo/sakar_asignment/build/single_robo_custom_interface': CMAKE_PREFIX_PATH=${CMAKE_PREFIX_PATH}:/home/asd/temp_git_repo/sakar_asignment/install/single_robo_perception:/home/asd/temp_git_repo/sakar_asignment/install/single_robo_odometry:/home/asd/temp_git_repo/first-mega-project/install/single_robo_odometry:/home/asd/ros2_ws_goat2/install/multi_robo_simulator:/home/asd/ros2_ws_goat2/install/swarm_interfaces:/home/asd/ros2_ws_goat2/install/my_robot_description2:/home/asd/ros2_ws_goat2/install/my_robot_bringup2:/home/asd/ros2_ws_goat2/install/goat_robo_discription:/home/asd/ros2_ws_goat2/install/micro_ros_server:/home/asd/ros2_ws_goat2/install/micro_ros_custom_interfaces:/home/asd/ros2_ws_goat2/install/Qr_action:/home/asd/ros2_ws4/install/esp_wifi:/home/asd/ros2_ws4/install/maping_odom:/home/asd/ros2_ws9/install/turtlebot3_simulations:/home/asd/ros2_ws9/install/turtlebot3_gazebo_goat:/home/asd/ros2_ws9/install/turtlebot3_fake_node:/home/asd/ros2_ws9/install/testbed_gazebo_goat:/home/asd/ros2_ws9/install/testbed_description_goat:/home/asd/ros2_ws9/install/my_goat_pkg:/home/asd/ros2_ws9/install/goat_interfaces:/home/asd/ros2_ws9/install/goat_gazebo:/home/asd/ros2_ws7/install/my_py_pkg_anscer:/home/asd/ros2_ws/install/turtlesim_catch_them_all:/home/asd/ros2_ws/install/my_py_pkg:/opt/ros/humble /usr/bin/cmake --install /home/asd/temp_git_repo/sakar_asignment/build/single_robo_custom_interface
[1.683s] -- Install configuration: ""
[1.684s] -- Up-to-date: /home/asd/temp_git_repo/sakar_asignment/install/single_robo_custom_interface/share/ament_index/resource_index/rosidl_interfaces/single_robo_custom_interface
[1.684s] -- Up-to-date: /home/asd/temp_git_repo/sakar_asignment/install/single_robo_custom_interface/include/single_robo_custom_interface/single_robo_custom_interface
[1.684s] -- Up-to-date: /home/asd/temp_git_repo/sakar_asignment/install/single_robo_custom_interface/include/single_robo_custom_interface/single_robo_custom_interface/msg
[1.684s] -- Up-to-date: /home/asd/temp_git_repo/sakar_asignment/install/single_robo_custom_interface/include/single_robo_custom_interface/single_robo_custom_interface/msg/cluster_points.h
[1.684s] -- Up-to-date: /home/asd/temp_git_repo/sakar_asignment/install/single_robo_custom_interface/include/single_robo_custom_interface/single_robo_custom_interface/msg/rosidl_generator_c__visibility_control.h
[1.685s] -- Up-to-date: /home/asd/temp_git_repo/sakar_asignment/install/single_robo_custom_interface/include/single_robo_custom_interface/single_robo_custom_interface/msg/com_with_id.h
[1.685s] -- Up-to-date: /home/asd/temp_git_repo/sakar_asignment/install/single_robo_custom_interface/include/single_robo_custom_interface/single_robo_custom_interface/msg/detail
[1.685s] -- Up-to-date: /home/asd/temp_git_repo/sakar_asignment/install/single_robo_custom_interface/include/single_robo_custom_interface/single_robo_custom_interface/msg/detail/com_with_id__functions.h
[1.685s] -- Up-to-date: /home/asd/temp_git_repo/sakar_asignment/install/single_robo_custom_interface/include/single_robo_custom_interface/single_robo_custom_interface/msg/detail/com_with_id__type_support.h
[1.685s] -- Up-to-date: /home/asd/temp_git_repo/sakar_asignment/install/single_robo_custom_interface/include/single_robo_custom_interface/single_robo_custom_interface/msg/detail/cluster_points__type_support.h
[1.685s] -- Up-to-date: /home/asd/temp_git_repo/sakar_asignment/install/single_robo_custom_interface/include/single_robo_custom_interface/single_robo_custom_interface/msg/detail/com_with_id__functions.c
[1.686s] -- Up-to-date: /home/asd/temp_git_repo/sakar_asignment/install/single_robo_custom_interface/include/single_robo_custom_interface/single_robo_custom_interface/msg/detail/cluster_points__struct.h
[1.687s] -- Up-to-date: /home/asd/temp_git_repo/sakar_asignment/install/single_robo_custom_interface/include/single_robo_custom_interface/single_robo_custom_interface/msg/detail/cluster_points__functions.c
[1.688s] -- Up-to-date: /home/asd/temp_git_repo/sakar_asignment/install/single_robo_custom_interface/include/single_robo_custom_interface/single_robo_custom_interface/msg/detail/cluster_points__functions.h
[1.688s] -- Up-to-date: /home/asd/temp_git_repo/sakar_asignment/install/single_robo_custom_interface/include/single_robo_custom_interface/single_robo_custom_interface/msg/detail/com_with_id__struct.h
[1.690s] -- Up-to-date: /home/asd/temp_git_repo/sakar_asignment/install/single_robo_custom_interface/share/single_robo_custom_interface/environment/library_path.sh
[1.690s] -- Up-to-date: /home/asd/temp_git_repo/sakar_asignment/install/single_robo_custom_interface/share/single_robo_custom_interface/environment/library_path.dsv
[1.691s] -- Up-to-date: /home/asd/temp_git_repo/sakar_asignment/install/single_robo_custom_interface/lib/libsingle_robo_custom_interface__rosidl_generator_c.so
[1.692s] -- Up-to-date: /home/asd/temp_git_repo/sakar_asignment/install/single_robo_custom_interface/include/single_robo_custom_interface/single_robo_custom_interface
[1.694s] -- Up-to-date: /home/asd/temp_git_repo/sakar_asignment/install/single_robo_custom_interface/include/single_robo_custom_interface/single_robo_custom_interface/msg
[1.695s] -- Up-to-date: /home/asd/temp_git_repo/sakar_asignment/install/single_robo_custom_interface/include/single_robo_custom_interface/single_robo_custom_interface/msg/rosidl_typesupport_fastrtps_c__visibility_control.h
[1.695s] -- Up-to-date: /home/asd/temp_git_repo/sakar_asignment/install/single_robo_custom_interface/include/single_robo_custom_interface/single_robo_custom_interface/msg/detail
[1.695s] -- Up-to-date: /home/asd/temp_git_repo/sakar_asignment/install/single_robo_custom_interface/include/single_robo_custom_interface/single_robo_custom_interface/msg/detail/com_with_id__rosidl_typesupport_fastrtps_c.h
[1.695s] -- Up-to-date: /home/asd/temp_git_repo/sakar_asignment/install/single_robo_custom_interface/include/single_robo_custom_interface/single_robo_custom_interface/msg/detail/cluster_points__rosidl_typesupport_fastrtps_c.h
[1.695s] -- Up-to-date: /home/asd/temp_git_repo/sakar_asignment/install/single_robo_custom_interface/lib/libsingle_robo_custom_interface__rosidl_typesupport_fastrtps_c.so
[1.696s] -- Up-to-date: /home/asd/temp_git_repo/sakar_asignment/install/single_robo_custom_interface/include/single_robo_custom_interface/single_robo_custom_interface
[1.696s] -- Up-to-date: /home/asd/temp_git_repo/sakar_asignment/install/single_robo_custom_interface/include/single_robo_custom_interface/single_robo_custom_interface/msg
[1.696s] -- Up-to-date: /home/asd/temp_git_repo/sakar_asignment/install/single_robo_custom_interface/include/single_robo_custom_interface/single_robo_custom_interface/msg/detail
[1.696s] -- Up-to-date: /home/asd/temp_git_repo/sakar_asignment/install/single_robo_custom_interface/include/single_robo_custom_interface/single_robo_custom_interface/msg/detail/com_with_id__rosidl_typesupport_introspection_c.h
[1.696s] -- Up-to-date: /home/asd/temp_git_repo/sakar_asignment/install/single_robo_custom_interface/include/single_robo_custom_interface/single_robo_custom_interface/msg/detail/com_with_id__type_support.c
[1.697s] -- Up-to-date: /home/asd/temp_git_repo/sakar_asignment/install/single_robo_custom_interface/include/single_robo_custom_interface/single_robo_custom_interface/msg/detail/cluster_points__rosidl_typesupport_introspection_c.h
[1.698s] -- Up-to-date: /home/asd/temp_git_repo/sakar_asignment/install/single_robo_custom_interface/include/single_robo_custom_interface/single_robo_custom_interface/msg/detail/cluster_points__type_support.c
[1.698s] -- Up-to-date: /home/asd/temp_git_repo/sakar_asignment/install/single_robo_custom_interface/include/single_robo_custom_interface/single_robo_custom_interface/msg/rosidl_typesupport_introspection_c__visibility_control.h
[1.698s] -- Up-to-date: /home/asd/temp_git_repo/sakar_asignment/install/single_robo_custom_interface/lib/libsingle_robo_custom_interface__rosidl_typesupport_introspection_c.so
[1.699s] -- Up-to-date: /home/asd/temp_git_repo/sakar_asignment/install/single_robo_custom_interface/lib/libsingle_robo_custom_interface__rosidl_typesupport_c.so
[1.699s] -- Up-to-date: /home/asd/temp_git_repo/sakar_asignment/install/single_robo_custom_interface/include/single_robo_custom_interface/single_robo_custom_interface
[1.699s] -- Up-to-date: /home/asd/temp_git_repo/sakar_asignment/install/single_robo_custom_interface/include/single_robo_custom_interface/single_robo_custom_interface/msg
[1.699s] -- Up-to-date: /home/asd/temp_git_repo/sakar_asignment/install/single_robo_custom_interface/include/single_robo_custom_interface/single_robo_custom_interface/msg/rosidl_generator_cpp__visibility_control.hpp
[1.699s] -- Up-to-date: /home/asd/temp_git_repo/sakar_asignment/install/single_robo_custom_interface/include/single_robo_custom_interface/single_robo_custom_interface/msg/com_with_id.hpp
[1.700s] -- Up-to-date: /home/asd/temp_git_repo/sakar_asignment/install/single_robo_custom_interface/include/single_robo_custom_interface/single_robo_custom_interface/msg/detail
[1.700s] -- Up-to-date: /home/asd/temp_git_repo/sakar_asignment/install/single_robo_custom_interface/include/single_robo_custom_interface/single_robo_custom_interface/msg/detail/cluster_points__builder.hpp
[1.700s] -- Up-to-date: /home/asd/temp_git_repo/sakar_asignment/install/single_robo_custom_interface/include/single_robo_custom_interface/single_robo_custom_interface/msg/detail/cluster_points__traits.hpp
[1.700s] -- Up-to-date: /home/asd/temp_git_repo/sakar_asignment/install/single_robo_custom_interface/include/single_robo_custom_interface/single_robo_custom_interface/msg/detail/com_with_id__traits.hpp
[1.700s] -- Up-to-date: /home/asd/temp_git_repo/sakar_asignment/install/single_robo_custom_interface/include/single_robo_custom_interface/single_robo_custom_interface/msg/detail/com_with_id__struct.hpp
[1.701s] -- Up-to-date: /home/asd/temp_git_repo/sakar_asignment/install/single_robo_custom_interface/include/single_robo_custom_interface/single_robo_custom_interface/msg/detail/cluster_points__struct.hpp
[1.701s] -- Up-to-date: /home/asd/temp_git_repo/sakar_asignment/install/single_robo_custom_interface/include/single_robo_custom_interface/single_robo_custom_interface/msg/detail/com_with_id__builder.hpp
[1.701s] -- Up-to-date: /home/asd/temp_git_repo/sakar_asignment/install/single_robo_custom_interface/include/single_robo_custom_interface/single_robo_custom_interface/msg/detail/cluster_points__type_support.hpp
[1.701s] -- Up-to-date: /home/asd/temp_git_repo/sakar_asignment/install/single_robo_custom_interface/include/single_robo_custom_interface/single_robo_custom_interface/msg/detail/com_with_id__type_support.hpp
[1.702s] -- Up-to-date: /home/asd/temp_git_repo/sakar_asignment/install/single_robo_custom_interface/include/single_robo_custom_interface/single_robo_custom_interface/msg/cluster_points.hpp
[1.702s] -- Up-to-date: /home/asd/temp_git_repo/sakar_asignment/install/single_robo_custom_interface/include/single_robo_custom_interface/single_robo_custom_interface
[1.702s] -- Up-to-date: /home/asd/temp_git_repo/sakar_asignment/install/single_robo_custom_interface/include/single_robo_custom_interface/single_robo_custom_interface/msg
[1.703s] -- Up-to-date: /home/asd/temp_git_repo/sakar_asignment/install/single_robo_custom_interface/include/single_robo_custom_interface/single_robo_custom_interface/msg/rosidl_typesupport_fastrtps_cpp__visibility_control.h
[1.703s] -- Up-to-date: /home/asd/temp_git_repo/sakar_asignment/install/single_robo_custom_interface/include/single_robo_custom_interface/single_robo_custom_interface/msg/detail
[1.704s] -- Up-to-date: /home/asd/temp_git_repo/sakar_asignment/install/single_robo_custom_interface/include/single_robo_custom_interface/single_robo_custom_interface/msg/detail/dds_fastrtps
[1.704s] -- Up-to-date: /home/asd/temp_git_repo/sakar_asignment/install/single_robo_custom_interface/include/single_robo_custom_interface/single_robo_custom_interface/msg/detail/com_with_id__rosidl_typesupport_fastrtps_cpp.hpp
[1.704s] -- Up-to-date: /home/asd/temp_git_repo/sakar_asignment/install/single_robo_custom_interface/include/single_robo_custom_interface/single_robo_custom_interface/msg/detail/cluster_points__rosidl_typesupport_fastrtps_cpp.hpp
[1.704s] -- Up-to-date: /home/asd/temp_git_repo/sakar_asignment/install/single_robo_custom_interface/lib/libsingle_robo_custom_interface__rosidl_typesupport_fastrtps_cpp.so
[1.704s] -- Up-to-date: /home/asd/temp_git_repo/sakar_asignment/install/single_robo_custom_interface/include/single_robo_custom_interface/single_robo_custom_interface
[1.705s] -- Up-to-date: /home/asd/temp_git_repo/sakar_asignment/install/single_robo_custom_interface/include/single_robo_custom_interface/single_robo_custom_interface/msg
[1.705s] -- Up-to-date: /home/asd/temp_git_repo/sakar_asignment/install/single_robo_custom_interface/include/single_robo_custom_interface/single_robo_custom_interface/msg/detail
[1.705s] -- Up-to-date: /home/asd/temp_git_repo/sakar_asignment/install/single_robo_custom_interface/include/single_robo_custom_interface/single_robo_custom_interface/msg/detail/cluster_points__rosidl_typesupport_introspection_cpp.hpp
[1.705s] -- Up-to-date: /home/asd/temp_git_repo/sakar_asignment/install/single_robo_custom_interface/include/single_robo_custom_interface/single_robo_custom_interface/msg/detail/com_with_id__type_support.cpp
[1.706s] -- Up-to-date: /home/asd/temp_git_repo/sakar_asignment/install/single_robo_custom_interface/include/single_robo_custom_interface/single_robo_custom_interface/msg/detail/cluster_points__type_support.cpp
[1.706s] -- Up-to-date: /home/asd/temp_git_repo/sakar_asignment/install/single_robo_custom_interface/include/single_robo_custom_interface/single_robo_custom_interface/msg/detail/com_with_id__rosidl_typesupport_introspection_cpp.hpp
[1.706s] -- Up-to-date: /home/asd/temp_git_repo/sakar_asignment/install/single_robo_custom_interface/lib/libsingle_robo_custom_interface__rosidl_typesupport_introspection_cpp.so
[1.706s] -- Up-to-date: /home/asd/temp_git_repo/sakar_asignment/install/single_robo_custom_interface/lib/libsingle_robo_custom_interface__rosidl_typesupport_cpp.so
[1.706s] -- Up-to-date: /home/asd/temp_git_repo/sakar_asignment/install/single_robo_custom_interface/share/single_robo_custom_interface/environment/pythonpath.sh
[1.707s] -- Up-to-date: /home/asd/temp_git_repo/sakar_asignment/install/single_robo_custom_interface/share/single_robo_custom_interface/environment/pythonpath.dsv
[1.707s] -- Up-to-date: /home/asd/temp_git_repo/sakar_asignment/install/single_robo_custom_interface/local/lib/python3.10/dist-packages/single_robo_custom_interface-0.0.0-py3.10.egg-info
[1.707s] -- Installing: /home/asd/temp_git_repo/sakar_asignment/install/single_robo_custom_interface/local/lib/python3.10/dist-packages/single_robo_custom_interface-0.0.0-py3.10.egg-info/top_level.txt
[1.708s] -- Installing: /home/asd/temp_git_repo/sakar_asignment/install/single_robo_custom_interface/local/lib/python3.10/dist-packages/single_robo_custom_interface-0.0.0-py3.10.egg-info/PKG-INFO
[1.708s] -- Installing: /home/asd/temp_git_repo/sakar_asignment/install/single_robo_custom_interface/local/lib/python3.10/dist-packages/single_robo_custom_interface-0.0.0-py3.10.egg-info/dependency_links.txt
[1.708s] -- Installing: /home/asd/temp_git_repo/sakar_asignment/install/single_robo_custom_interface/local/lib/python3.10/dist-packages/single_robo_custom_interface-0.0.0-py3.10.egg-info/SOURCES.txt
[1.708s] -- Up-to-date: /home/asd/temp_git_repo/sakar_asignment/install/single_robo_custom_interface/local/lib/python3.10/dist-packages/single_robo_custom_interface
[1.708s] -- Up-to-date: /home/asd/temp_git_repo/sakar_asignment/install/single_robo_custom_interface/local/lib/python3.10/dist-packages/single_robo_custom_interface/single_robo_custom_interface_s__rosidl_typesupport_c.cpython-310-x86_64-linux-gnu.so
[1.709s] -- Up-to-date: /home/asd/temp_git_repo/sakar_asignment/install/single_robo_custom_interface/local/lib/python3.10/dist-packages/single_robo_custom_interface/_single_robo_custom_interface_s.ep.rosidl_typesupport_fastrtps_c.c
[1.709s] -- Up-to-date: /home/asd/temp_git_repo/sakar_asignment/install/single_robo_custom_interface/local/lib/python3.10/dist-packages/single_robo_custom_interface/msg
[1.709s] -- Up-to-date: /home/asd/temp_git_repo/sakar_asignment/install/single_robo_custom_interface/local/lib/python3.10/dist-packages/single_robo_custom_interface/msg/_com_with_id_s.c
[1.709s] -- Up-to-date: /home/asd/temp_git_repo/sakar_asignment/install/single_robo_custom_interface/local/lib/python3.10/dist-packages/single_robo_custom_interface/msg/_cluster_points.py
[1.709s] -- Up-to-date: /home/asd/temp_git_repo/sakar_asignment/install/single_robo_custom_interface/local/lib/python3.10/dist-packages/single_robo_custom_interface/msg/__init__.py
[1.710s] -- Up-to-date: /home/asd/temp_git_repo/sakar_asignment/install/single_robo_custom_interface/local/lib/python3.10/dist-packages/single_robo_custom_interface/msg/_cluster_points_s.c
[1.710s] -- Up-to-date: /home/asd/temp_git_repo/sakar_asignment/install/single_robo_custom_interface/local/lib/python3.10/dist-packages/single_robo_custom_interface/msg/_com_with_id.py
[1.710s] -- Up-to-date: /home/asd/temp_git_repo/sakar_asignment/install/single_robo_custom_interface/local/lib/python3.10/dist-packages/single_robo_custom_interface/__init__.py
[1.710s] -- Up-to-date: /home/asd/temp_git_repo/sakar_asignment/install/single_robo_custom_interface/local/lib/python3.10/dist-packages/single_robo_custom_interface/_single_robo_custom_interface_s.ep.rosidl_typesupport_introspection_c.c
[1.710s] -- Up-to-date: /home/asd/temp_git_repo/sakar_asignment/install/single_robo_custom_interface/local/lib/python3.10/dist-packages/single_robo_custom_interface/_single_robo_custom_interface_s.ep.rosidl_typesupport_c.c
[1.711s] -- Up-to-date: /home/asd/temp_git_repo/sakar_asignment/install/single_robo_custom_interface/local/lib/python3.10/dist-packages/single_robo_custom_interface/single_robo_custom_interface_s__rosidl_typesupport_fastrtps_c.cpython-310-x86_64-linux-gnu.so
[1.711s] -- Up-to-date: /home/asd/temp_git_repo/sakar_asignment/install/single_robo_custom_interface/local/lib/python3.10/dist-packages/single_robo_custom_interface/libsingle_robo_custom_interface__rosidl_generator_py.so
[1.711s] -- Up-to-date: /home/asd/temp_git_repo/sakar_asignment/install/single_robo_custom_interface/local/lib/python3.10/dist-packages/single_robo_custom_interface/single_robo_custom_interface_s__rosidl_typesupport_introspection_c.cpython-310-x86_64-linux-gnu.so
[1.833s] Listing '/home/asd/temp_git_repo/sakar_asignment/install/single_robo_custom_interface/local/lib/python3.10/dist-packages/single_robo_custom_interface'...
[1.833s] Listing '/home/asd/temp_git_repo/sakar_asignment/install/single_robo_custom_interface/local/lib/python3.10/dist-packages/single_robo_custom_interface/msg'...
[1.851s] -- Up-to-date: /home/asd/temp_git_repo/sakar_asignment/install/single_robo_custom_interface/local/lib/python3.10/dist-packages/single_robo_custom_interface/single_robo_custom_interface_s__rosidl_typesupport_fastrtps_c.cpython-310-x86_64-linux-gnu.so
[1.851s] -- Up-to-date: /home/asd/temp_git_repo/sakar_asignment/install/single_robo_custom_interface/local/lib/python3.10/dist-packages/single_robo_custom_interface/single_robo_custom_interface_s__rosidl_typesupport_introspection_c.cpython-310-x86_64-linux-gnu.so
[1.852s] -- Up-to-date: /home/asd/temp_git_repo/sakar_asignment/install/single_robo_custom_interface/local/lib/python3.10/dist-packages/single_robo_custom_interface/single_robo_custom_interface_s__rosidl_typesupport_c.cpython-310-x86_64-linux-gnu.so
[1.853s] -- Up-to-date: /home/asd/temp_git_repo/sakar_asignment/install/single_robo_custom_interface/lib/libsingle_robo_custom_interface__rosidl_generator_py.so
[1.854s] -- Up-to-date: /home/asd/temp_git_repo/sakar_asignment/install/single_robo_custom_interface/share/single_robo_custom_interface/msg/ClusterPoints.idl
[1.854s] -- Up-to-date: /home/asd/temp_git_repo/sakar_asignment/install/single_robo_custom_interface/share/single_robo_custom_interface/msg/ComWithID.idl
[1.854s] -- Up-to-date: /home/asd/temp_git_repo/sakar_asignment/install/single_robo_custom_interface/share/single_robo_custom_interface/msg/ClusterPoints.msg
[1.854s] -- Up-to-date: /home/asd/temp_git_repo/sakar_asignment/install/single_robo_custom_interface/share/single_robo_custom_interface/msg/ComWithID.msg
[1.856s] -- Up-to-date: /home/asd/temp_git_repo/sakar_asignment/install/single_robo_custom_interface/share/ament_index/resource_index/package_run_dependencies/single_robo_custom_interface
[1.856s] -- Up-to-date: /home/asd/temp_git_repo/sakar_asignment/install/single_robo_custom_interface/share/ament_index/resource_index/parent_prefix_path/single_robo_custom_interface
[1.856s] -- Up-to-date: /home/asd/temp_git_repo/sakar_asignment/install/single_robo_custom_interface/share/single_robo_custom_interface/environment/ament_prefix_path.sh
[1.857s] -- Up-to-date: /home/asd/temp_git_repo/sakar_asignment/install/single_robo_custom_interface/share/single_robo_custom_interface/environment/ament_prefix_path.dsv
[1.858s] -- Up-to-date: /home/asd/temp_git_repo/sakar_asignment/install/single_robo_custom_interface/share/single_robo_custom_interface/environment/path.sh
[1.859s] -- Up-to-date: /home/asd/temp_git_repo/sakar_asignment/install/single_robo_custom_interface/share/single_robo_custom_interface/environment/path.dsv
[1.860s] -- Up-to-date: /home/asd/temp_git_repo/sakar_asignment/install/single_robo_custom_interface/share/single_robo_custom_interface/local_setup.bash
[1.860s] -- Up-to-date: /home/asd/temp_git_repo/sakar_asignment/install/single_robo_custom_interface/share/single_robo_custom_interface/local_setup.sh
[1.861s] -- Up-to-date: /home/asd/temp_git_repo/sakar_asignment/install/single_robo_custom_interface/share/single_robo_custom_interface/local_setup.zsh
[1.862s] -- Up-to-date: /home/asd/temp_git_repo/sakar_asignment/install/single_robo_custom_interface/share/single_robo_custom_interface/local_setup.dsv
[1.862s] -- Installing: /home/asd/temp_git_repo/sakar_asignment/install/single_robo_custom_interface/share/single_robo_custom_interface/package.dsv
[1.862s] -- Up-to-date: /home/asd/temp_git_repo/sakar_asignment/install/single_robo_custom_interface/share/ament_index/resource_index/packages/single_robo_custom_interface
[1.863s] -- Up-to-date: /home/asd/temp_git_repo/sakar_asignment/install/single_robo_custom_interface/share/single_robo_custom_interface/cmake/export_single_robo_custom_interface__rosidl_generator_cExport.cmake
[1.863s] -- Up-to-date: /home/asd/temp_git_repo/sakar_asignment/install/single_robo_custom_interface/share/single_robo_custom_interface/cmake/export_single_robo_custom_interface__rosidl_generator_cExport-noconfig.cmake
[1.863s] -- Up-to-date: /home/asd/temp_git_repo/sakar_asignment/install/single_robo_custom_interface/share/single_robo_custom_interface/cmake/export_single_robo_custom_interface__rosidl_typesupport_fastrtps_cExport.cmake
[1.864s] -- Up-to-date: /home/asd/temp_git_repo/sakar_asignment/install/single_robo_custom_interface/share/single_robo_custom_interface/cmake/export_single_robo_custom_interface__rosidl_typesupport_fastrtps_cExport-noconfig.cmake
[1.864s] -- Up-to-date: /home/asd/temp_git_repo/sakar_asignment/install/single_robo_custom_interface/share/single_robo_custom_interface/cmake/single_robo_custom_interface__rosidl_typesupport_introspection_cExport.cmake
[1.864s] -- Up-to-date: /home/asd/temp_git_repo/sakar_asignment/install/single_robo_custom_interface/share/single_robo_custom_interface/cmake/single_robo_custom_interface__rosidl_typesupport_introspection_cExport-noconfig.cmake
[1.864s] -- Up-to-date: /home/asd/temp_git_repo/sakar_asignment/install/single_robo_custom_interface/share/single_robo_custom_interface/cmake/single_robo_custom_interface__rosidl_typesupport_cExport.cmake
[1.865s] -- Up-to-date: /home/asd/temp_git_repo/sakar_asignment/install/single_robo_custom_interface/share/single_robo_custom_interface/cmake/single_robo_custom_interface__rosidl_typesupport_cExport-noconfig.cmake
[1.865s] -- Up-to-date: /home/asd/temp_git_repo/sakar_asignment/install/single_robo_custom_interface/share/single_robo_custom_interface/cmake/export_single_robo_custom_interface__rosidl_generator_cppExport.cmake
[1.865s] -- Up-to-date: /home/asd/temp_git_repo/sakar_asignment/install/single_robo_custom_interface/share/single_robo_custom_interface/cmake/export_single_robo_custom_interface__rosidl_typesupport_fastrtps_cppExport.cmake
[1.865s] -- Up-to-date: /home/asd/temp_git_repo/sakar_asignment/install/single_robo_custom_interface/share/single_robo_custom_interface/cmake/export_single_robo_custom_interface__rosidl_typesupport_fastrtps_cppExport-noconfig.cmake
[1.865s] -- Up-to-date: /home/asd/temp_git_repo/sakar_asignment/install/single_robo_custom_interface/share/single_robo_custom_interface/cmake/single_robo_custom_interface__rosidl_typesupport_introspection_cppExport.cmake
[1.865s] -- Up-to-date: /home/asd/temp_git_repo/sakar_asignment/install/single_robo_custom_interface/share/single_robo_custom_interface/cmake/single_robo_custom_interface__rosidl_typesupport_introspection_cppExport-noconfig.cmake
[1.866s] -- Up-to-date: /home/asd/temp_git_repo/sakar_asignment/install/single_robo_custom_interface/share/single_robo_custom_interface/cmake/single_robo_custom_interface__rosidl_typesupport_cppExport.cmake
[1.866s] -- Up-to-date: /home/asd/temp_git_repo/sakar_asignment/install/single_robo_custom_interface/share/single_robo_custom_interface/cmake/single_robo_custom_interface__rosidl_typesupport_cppExport-noconfig.cmake
[1.867s] -- Up-to-date: /home/asd/temp_git_repo/sakar_asignment/install/single_robo_custom_interface/share/single_robo_custom_interface/cmake/export_single_robo_custom_interface__rosidl_generator_pyExport.cmake
[1.869s] -- Up-to-date: /home/asd/temp_git_repo/sakar_asignment/install/single_robo_custom_interface/share/single_robo_custom_interface/cmake/export_single_robo_custom_interface__rosidl_generator_pyExport-noconfig.cmake
[1.871s] -- Up-to-date: /home/asd/temp_git_repo/sakar_asignment/install/single_robo_custom_interface/share/single_robo_custom_interface/cmake/rosidl_cmake-extras.cmake
[1.872s] -- Up-to-date: /home/asd/temp_git_repo/sakar_asignment/install/single_robo_custom_interface/share/single_robo_custom_interface/cmake/ament_cmake_export_include_directories-extras.cmake
[1.872s] -- Up-to-date: /home/asd/temp_git_repo/sakar_asignment/install/single_robo_custom_interface/share/single_robo_custom_interface/cmake/ament_cmake_export_libraries-extras.cmake
[1.873s] -- Up-to-date: /home/asd/temp_git_repo/sakar_asignment/install/single_robo_custom_interface/share/single_robo_custom_interface/cmake/ament_cmake_export_targets-extras.cmake
[1.873s] -- Up-to-date: /home/asd/temp_git_repo/sakar_asignment/install/single_robo_custom_interface/share/single_robo_custom_interface/cmake/rosidl_cmake_export_typesupport_targets-extras.cmake
[1.873s] -- Up-to-date: /home/asd/temp_git_repo/sakar_asignment/install/single_robo_custom_interface/share/single_robo_custom_interface/cmake/ament_cmake_export_dependencies-extras.cmake
[1.873s] -- Up-to-date: /home/asd/temp_git_repo/sakar_asignment/install/single_robo_custom_interface/share/single_robo_custom_interface/cmake/rosidl_cmake_export_typesupport_libraries-extras.cmake
[1.874s] -- Up-to-date: /home/asd/temp_git_repo/sakar_asignment/install/single_robo_custom_interface/share/single_robo_custom_interface/cmake/single_robo_custom_interfaceConfig.cmake
[1.874s] -- Up-to-date: /home/asd/temp_git_repo/sakar_asignment/install/single_robo_custom_interface/share/single_robo_custom_interface/cmake/single_robo_custom_interfaceConfig-version.cmake
[1.874s] -- Up-to-date: /home/asd/temp_git_repo/sakar_asignment/install/single_robo_custom_interface/share/single_robo_custom_interface/package.xml
[1.875s] Invoked command in '/home/asd/temp_git_repo/sakar_asignment/build/single_robo_custom_interface' returned '0': CMAKE_PREFIX_PATH=${CMAKE_PREFIX_PATH}:/home/asd/temp_git_repo/sakar_asignment/install/single_robo_perception:/home/asd/temp_git_repo/sakar_asignment/install/single_robo_odometry:/home/asd/temp_git_repo/first-mega-project/install/single_robo_odometry:/home/asd/ros2_ws_goat2/install/multi_robo_simulator:/home/asd/ros2_ws_goat2/install/swarm_interfaces:/home/asd/ros2_ws_goat2/install/my_robot_description2:/home/asd/ros2_ws_goat2/install/my_robot_bringup2:/home/asd/ros2_ws_goat2/install/goat_robo_discription:/home/asd/ros2_ws_goat2/install/micro_ros_server:/home/asd/ros2_ws_goat2/install/micro_ros_custom_interfaces:/home/asd/ros2_ws_goat2/install/Qr_action:/home/asd/ros2_ws4/install/esp_wifi:/home/asd/ros2_ws4/install/maping_odom:/home/asd/ros2_ws9/install/turtlebot3_simulations:/home/asd/ros2_ws9/install/turtlebot3_gazebo_goat:/home/asd/ros2_ws9/install/turtlebot3_fake_node:/home/asd/ros2_ws9/install/testbed_gazebo_goat:/home/asd/ros2_ws9/install/testbed_description_goat:/home/asd/ros2_ws9/install/my_goat_pkg:/home/asd/ros2_ws9/install/goat_interfaces:/home/asd/ros2_ws9/install/goat_gazebo:/home/asd/ros2_ws7/install/my_py_pkg_anscer:/home/asd/ros2_ws/install/turtlesim_catch_them_all:/home/asd/ros2_ws/install/my_py_pkg:/opt/ros/humble /usr/bin/cmake --install /home/asd/temp_git_repo/sakar_asignment/build/single_robo_custom_interface
