[0.215s] Invoking command in '/home/asd/temp_git_repo/sakar_asignment/build/single_robo_custom_interface': CMAKE_PREFIX_PATH=${CMAKE_PREFIX_PATH}:/home/asd/temp_git_repo/sakar_asignment/install/single_robo_perception:/home/asd/temp_git_repo/sakar_asignment/install/single_robo_odometry:/home/asd/temp_git_repo/first-mega-project/install/single_robo_odometry:/home/asd/ros2_ws_goat2/install/multi_robo_simulator:/home/asd/ros2_ws_goat2/install/swarm_interfaces:/home/asd/ros2_ws_goat2/install/my_robot_description2:/home/asd/ros2_ws_goat2/install/my_robot_bringup2:/home/asd/ros2_ws_goat2/install/goat_robo_discription:/home/asd/ros2_ws_goat2/install/micro_ros_server:/home/asd/ros2_ws_goat2/install/micro_ros_custom_interfaces:/home/asd/ros2_ws_goat2/install/Qr_action:/home/asd/ros2_ws4/install/esp_wifi:/home/asd/ros2_ws4/install/maping_odom:/home/asd/ros2_ws9/install/turtlebot3_simulations:/home/asd/ros2_ws9/install/turtlebot3_gazebo_goat:/home/asd/ros2_ws9/install/turtlebot3_fake_node:/home/asd/ros2_ws9/install/testbed_gazebo_goat:/home/asd/ros2_ws9/install/testbed_description_goat:/home/asd/ros2_ws9/install/my_goat_pkg:/home/asd/ros2_ws9/install/goat_interfaces:/home/asd/ros2_ws9/install/goat_gazebo:/home/asd/ros2_ws7/install/my_py_pkg_anscer:/home/asd/ros2_ws/install/turtlesim_catch_them_all:/home/asd/ros2_ws/install/my_py_pkg:/opt/ros/humble /usr/bin/cmake --build /home/asd/temp_git_repo/sakar_asignment/build/single_robo_custom_interface -- -j8 -l8
[0.603s] [  2%] Built target single_robo_custom_interface__cpp
[0.810s] [  2%] Built target ament_cmake_python_copy_single_robo_custom_interface
[0.975s] [ 12%] Built target single_robo_custom_interface__rosidl_typesupport_introspection_cpp
[1.868s] running egg_info
[1.871s] writing single_robo_custom_interface.egg-info/PKG-INFO
[1.876s] writing dependency_links to single_robo_custom_interface.egg-info/dependency_links.txt
[1.877s] writing top-level names to single_robo_custom_interface.egg-info/top_level.txt
[1.877s] reading manifest file 'single_robo_custom_interface.egg-info/SOURCES.txt'
[1.879s] writing manifest file 'single_robo_custom_interface.egg-info/SOURCES.txt'
[1.981s] [ 12%] Built target ament_cmake_python_build_single_robo_custom_interface_egg
[2.137s] [ 23%] Built target single_robo_custom_interface__rosidl_typesupport_fastrtps_cpp
[2.209s] [ 33%] Built target single_robo_custom_interface__rosidl_typesupport_cpp
[2.288s] [ 43%] Built target single_robo_custom_interface__rosidl_generator_c
[2.352s] [ 53%] Built target single_robo_custom_interface__rosidl_typesupport_fastrtps_c
[2.476s] [ 64%] Built target single_robo_custom_interface__rosidl_typesupport_c
[2.577s] [ 74%] Built target single_robo_custom_interface__rosidl_typesupport_introspection_c
[2.648s] [ 74%] Built target single_robo_custom_interface
[2.748s] [ 76%] Built target single_robo_custom_interface__py
[2.874s] [ 84%] Built target single_robo_custom_interface__rosidl_generator_py
[3.023s] [ 89%] Built target single_robo_custom_interface__rosidl_typesupport_fastrtps_c__pyext
[3.124s] [ 94%] Built target single_robo_custom_interface__rosidl_typesupport_c__pyext
[3.189s] [100%] Built target single_robo_custom_interface__rosidl_typesupport_introspection_c__pyext
[3.217s] Invoked command in '/home/asd/temp_git_repo/sakar_asignment/build/single_robo_custom_interface' returned '0': CMAKE_PREFIX_PATH=${CMAKE_PREFIX_PATH}:/home/asd/temp_git_repo/sakar_asignment/install/single_robo_perception:/home/asd/temp_git_repo/sakar_asignment/install/single_robo_odometry:/home/asd/temp_git_repo/first-mega-project/install/single_robo_odometry:/home/asd/ros2_ws_goat2/install/multi_robo_simulator:/home/asd/ros2_ws_goat2/install/swarm_interfaces:/home/asd/ros2_ws_goat2/install/my_robot_description2:/home/asd/ros2_ws_goat2/install/my_robot_bringup2:/home/asd/ros2_ws_goat2/install/goat_robo_discription:/home/asd/ros2_ws_goat2/install/micro_ros_server:/home/asd/ros2_ws_goat2/install/micro_ros_custom_interfaces:/home/asd/ros2_ws_goat2/install/Qr_action:/home/asd/ros2_ws4/install/esp_wifi:/home/asd/ros2_ws4/install/maping_odom:/home/asd/ros2_ws9/install/turtlebot3_simulations:/home/asd/ros2_ws9/install/turtlebot3_gazebo_goat:/home/asd/ros2_ws9/install/turtlebot3_fake_node:/home/asd/ros2_ws9/install/testbed_gazebo_goat:/home/asd/ros2_ws9/install/testbed_description_goat:/home/asd/ros2_ws9/install/my_goat_pkg:/home/asd/ros2_ws9/install/goat_interfaces:/home/asd/ros2_ws9/install/goat_gazebo:/home/asd/ros2_ws7/install/my_py_pkg_anscer:/home/asd/ros2_ws/install/turtlesim_catch_them_all:/home/asd/ros2_ws/install/my_py_pkg:/opt/ros/humble /usr/bin/cmake --build /home/asd/temp_git_repo/sakar_asignment/build/single_robo_custom_interface -- -j8 -l8
[3.219s] Invoking command in '/home/asd/temp_git_repo/sakar_asignment/build/single_robo_custom_interface': CMAKE_PREFIX_PATH=${CMAKE_PREFIX_PATH}:/home/asd/temp_git_repo/sakar_asignment/install/single_robo_perception:/home/asd/temp_git_repo/sakar_asignment/install/single_robo_odometry:/home/asd/temp_git_repo/first-mega-project/install/single_robo_odometry:/home/asd/ros2_ws_goat2/install/multi_robo_simulator:/home/asd/ros2_ws_goat2/install/swarm_interfaces:/home/asd/ros2_ws_goat2/install/my_robot_description2:/home/asd/ros2_ws_goat2/install/my_robot_bringup2:/home/asd/ros2_ws_goat2/install/goat_robo_discription:/home/asd/ros2_ws_goat2/install/micro_ros_server:/home/asd/ros2_ws_goat2/install/micro_ros_custom_interfaces:/home/asd/ros2_ws_goat2/install/Qr_action:/home/asd/ros2_ws4/install/esp_wifi:/home/asd/ros2_ws4/install/maping_odom:/home/asd/ros2_ws9/install/turtlebot3_simulations:/home/asd/ros2_ws9/install/turtlebot3_gazebo_goat:/home/asd/ros2_ws9/install/turtlebot3_fake_node:/home/asd/ros2_ws9/install/testbed_gazebo_goat:/home/asd/ros2_ws9/install/testbed_description_goat:/home/asd/ros2_ws9/install/my_goat_pkg:/home/asd/ros2_ws9/install/goat_interfaces:/home/asd/ros2_ws9/install/goat_gazebo:/home/asd/ros2_ws7/install/my_py_pkg_anscer:/home/asd/ros2_ws/install/turtlesim_catch_them_all:/home/asd/ros2_ws/install/my_py_pkg:/opt/ros/humble /usr/bin/cmake --install /home/asd/temp_git_repo/sakar_asignment/build/single_robo_custom_interface
[3.244s] -- Install configuration: ""
[3.244s] -- Up-to-date: /home/asd/temp_git_repo/sakar_asignment/install/single_robo_custom_interface/share/ament_index/resource_index/rosidl_interfaces/single_robo_custom_interface
[3.244s] -- Up-to-date: /home/asd/temp_git_repo/sakar_asignment/install/single_robo_custom_interface/include/single_robo_custom_interface/single_robo_custom_interface
[3.245s] -- Up-to-date: /home/asd/temp_git_repo/sakar_asignment/install/single_robo_custom_interface/include/single_robo_custom_interface/single_robo_custom_interface/msg
[3.245s] -- Up-to-date: /home/asd/temp_git_repo/sakar_asignment/install/single_robo_custom_interface/include/single_robo_custom_interface/single_robo_custom_interface/msg/cluster_points.h
[3.245s] -- Up-to-date: /home/asd/temp_git_repo/sakar_asignment/install/single_robo_custom_interface/include/single_robo_custom_interface/single_robo_custom_interface/msg/rosidl_generator_c__visibility_control.h
[3.245s] -- Up-to-date: /home/asd/temp_git_repo/sakar_asignment/install/single_robo_custom_interface/include/single_robo_custom_interface/single_robo_custom_interface/msg/com_with_id.h
[3.246s] -- Up-to-date: /home/asd/temp_git_repo/sakar_asignment/install/single_robo_custom_interface/include/single_robo_custom_interface/single_robo_custom_interface/msg/detail
[3.246s] -- Up-to-date: /home/asd/temp_git_repo/sakar_asignment/install/single_robo_custom_interface/include/single_robo_custom_interface/single_robo_custom_interface/msg/detail/com_with_id__functions.h
[3.246s] -- Up-to-date: /home/asd/temp_git_repo/sakar_asignment/install/single_robo_custom_interface/include/single_robo_custom_interface/single_robo_custom_interface/msg/detail/com_with_id__type_support.h
[3.246s] -- Up-to-date: /home/asd/temp_git_repo/sakar_asignment/install/single_robo_custom_interface/include/single_robo_custom_interface/single_robo_custom_interface/msg/detail/cluster_points__type_support.h
[3.247s] -- Up-to-date: /home/asd/temp_git_repo/sakar_asignment/install/single_robo_custom_interface/include/single_robo_custom_interface/single_robo_custom_interface/msg/detail/com_with_id__functions.c
[3.247s] -- Up-to-date: /home/asd/temp_git_repo/sakar_asignment/install/single_robo_custom_interface/include/single_robo_custom_interface/single_robo_custom_interface/msg/detail/cluster_points__struct.h
[3.247s] -- Up-to-date: /home/asd/temp_git_repo/sakar_asignment/install/single_robo_custom_interface/include/single_robo_custom_interface/single_robo_custom_interface/msg/detail/cluster_points__functions.c
[3.247s] -- Up-to-date: /home/asd/temp_git_repo/sakar_asignment/install/single_robo_custom_interface/include/single_robo_custom_interface/single_robo_custom_interface/msg/detail/cluster_points__functions.h
[3.248s] -- Up-to-date: /home/asd/temp_git_repo/sakar_asignment/install/single_robo_custom_interface/include/single_robo_custom_interface/single_robo_custom_interface/msg/detail/com_with_id__struct.h
[3.248s] -- Up-to-date: /home/asd/temp_git_repo/sakar_asignment/install/single_robo_custom_interface/share/single_robo_custom_interface/environment/library_path.sh
[3.248s] -- Up-to-date: /home/asd/temp_git_repo/sakar_asignment/install/single_robo_custom_interface/share/single_robo_custom_interface/environment/library_path.dsv
[3.249s] -- Up-to-date: /home/asd/temp_git_repo/sakar_asignment/install/single_robo_custom_interface/lib/libsingle_robo_custom_interface__rosidl_generator_c.so
[3.249s] -- Up-to-date: /home/asd/temp_git_repo/sakar_asignment/install/single_robo_custom_interface/include/single_robo_custom_interface/single_robo_custom_interface
[3.249s] -- Up-to-date: /home/asd/temp_git_repo/sakar_asignment/install/single_robo_custom_interface/include/single_robo_custom_interface/single_robo_custom_interface/msg
[3.249s] -- Up-to-date: /home/asd/temp_git_repo/sakar_asignment/install/single_robo_custom_interface/include/single_robo_custom_interface/single_robo_custom_interface/msg/rosidl_typesupport_fastrtps_c__visibility_control.h
[3.250s] -- Up-to-date: /home/asd/temp_git_repo/sakar_asignment/install/single_robo_custom_interface/include/single_robo_custom_interface/single_robo_custom_interface/msg/detail
[3.250s] -- Up-to-date: /home/asd/temp_git_repo/sakar_asignment/install/single_robo_custom_interface/include/single_robo_custom_interface/single_robo_custom_interface/msg/detail/com_with_id__rosidl_typesupport_fastrtps_c.h
[3.250s] -- Up-to-date: /home/asd/temp_git_repo/sakar_asignment/install/single_robo_custom_interface/include/single_robo_custom_interface/single_robo_custom_interface/msg/detail/cluster_points__rosidl_typesupport_fastrtps_c.h
[3.251s] -- Up-to-date: /home/asd/temp_git_repo/sakar_asignment/install/single_robo_custom_interface/lib/libsingle_robo_custom_interface__rosidl_typesupport_fastrtps_c.so
[3.251s] -- Up-to-date: /home/asd/temp_git_repo/sakar_asignment/install/single_robo_custom_interface/include/single_robo_custom_interface/single_robo_custom_interface
[3.252s] -- Up-to-date: /home/asd/temp_git_repo/sakar_asignment/install/single_robo_custom_interface/include/single_robo_custom_interface/single_robo_custom_interface/msg
[3.252s] -- Up-to-date: /home/asd/temp_git_repo/sakar_asignment/install/single_robo_custom_interface/include/single_robo_custom_interface/single_robo_custom_interface/msg/detail
[3.252s] -- Up-to-date: /home/asd/temp_git_repo/sakar_asignment/install/single_robo_custom_interface/include/single_robo_custom_interface/single_robo_custom_interface/msg/detail/com_with_id__rosidl_typesupport_introspection_c.h
[3.253s] -- Up-to-date: /home/asd/temp_git_repo/sakar_asignment/install/single_robo_custom_interface/include/single_robo_custom_interface/single_robo_custom_interface/msg/detail/com_with_id__type_support.c
[3.253s] -- Up-to-date: /home/asd/temp_git_repo/sakar_asignment/install/single_robo_custom_interface/include/single_robo_custom_interface/single_robo_custom_interface/msg/detail/cluster_points__rosidl_typesupport_introspection_c.h
[3.253s] -- Up-to-date: /home/asd/temp_git_repo/sakar_asignment/install/single_robo_custom_interface/include/single_robo_custom_interface/single_robo_custom_interface/msg/detail/cluster_points__type_support.c
[3.254s] -- Up-to-date: /home/asd/temp_git_repo/sakar_asignment/install/single_robo_custom_interface/include/single_robo_custom_interface/single_robo_custom_interface/msg/rosidl_typesupport_introspection_c__visibility_control.h
[3.255s] -- Up-to-date: /home/asd/temp_git_repo/sakar_asignment/install/single_robo_custom_interface/lib/libsingle_robo_custom_interface__rosidl_typesupport_introspection_c.so
[3.256s] -- Up-to-date: /home/asd/temp_git_repo/sakar_asignment/install/single_robo_custom_interface/lib/libsingle_robo_custom_interface__rosidl_typesupport_c.so
[3.256s] -- Up-to-date: /home/asd/temp_git_repo/sakar_asignment/install/single_robo_custom_interface/include/single_robo_custom_interface/single_robo_custom_interface
[3.257s] -- Up-to-date: /home/asd/temp_git_repo/sakar_asignment/install/single_robo_custom_interface/include/single_robo_custom_interface/single_robo_custom_interface/msg
[3.257s] -- Up-to-date: /home/asd/temp_git_repo/sakar_asignment/install/single_robo_custom_interface/include/single_robo_custom_interface/single_robo_custom_interface/msg/rosidl_generator_cpp__visibility_control.hpp
[3.258s] -- Up-to-date: /home/asd/temp_git_repo/sakar_asignment/install/single_robo_custom_interface/include/single_robo_custom_interface/single_robo_custom_interface/msg/com_with_id.hpp
[3.258s] -- Up-to-date: /home/asd/temp_git_repo/sakar_asignment/install/single_robo_custom_interface/include/single_robo_custom_interface/single_robo_custom_interface/msg/detail
[3.259s] -- Up-to-date: /home/asd/temp_git_repo/sakar_asignment/install/single_robo_custom_interface/include/single_robo_custom_interface/single_robo_custom_interface/msg/detail/cluster_points__builder.hpp
[3.259s] -- Up-to-date: /home/asd/temp_git_repo/sakar_asignment/install/single_robo_custom_interface/include/single_robo_custom_interface/single_robo_custom_interface/msg/detail/cluster_points__traits.hpp
[3.259s] -- Up-to-date: /home/asd/temp_git_repo/sakar_asignment/install/single_robo_custom_interface/include/single_robo_custom_interface/single_robo_custom_interface/msg/detail/com_with_id__traits.hpp
[3.259s] -- Up-to-date: /home/asd/temp_git_repo/sakar_asignment/install/single_robo_custom_interface/include/single_robo_custom_interface/single_robo_custom_interface/msg/detail/com_with_id__struct.hpp
[3.259s] -- Up-to-date: /home/asd/temp_git_repo/sakar_asignment/install/single_robo_custom_interface/include/single_robo_custom_interface/single_robo_custom_interface/msg/detail/cluster_points__struct.hpp
[3.259s] -- Up-to-date: /home/asd/temp_git_repo/sakar_asignment/install/single_robo_custom_interface/include/single_robo_custom_interface/single_robo_custom_interface/msg/detail/com_with_id__builder.hpp
[3.260s] -- Up-to-date: /home/asd/temp_git_repo/sakar_asignment/install/single_robo_custom_interface/include/single_robo_custom_interface/single_robo_custom_interface/msg/detail/cluster_points__type_support.hpp
[3.260s] -- Up-to-date: /home/asd/temp_git_repo/sakar_asignment/install/single_robo_custom_interface/include/single_robo_custom_interface/single_robo_custom_interface/msg/detail/com_with_id__type_support.hpp
[3.260s] -- Up-to-date: /home/asd/temp_git_repo/sakar_asignment/install/single_robo_custom_interface/include/single_robo_custom_interface/single_robo_custom_interface/msg/cluster_points.hpp
[3.260s] -- Up-to-date: /home/asd/temp_git_repo/sakar_asignment/install/single_robo_custom_interface/include/single_robo_custom_interface/single_robo_custom_interface
[3.261s] -- Up-to-date: /home/asd/temp_git_repo/sakar_asignment/install/single_robo_custom_interface/include/single_robo_custom_interface/single_robo_custom_interface/msg
[3.261s] -- Up-to-date: /home/asd/temp_git_repo/sakar_asignment/install/single_robo_custom_interface/include/single_robo_custom_interface/single_robo_custom_interface/msg/rosidl_typesupport_fastrtps_cpp__visibility_control.h
[3.261s] -- Up-to-date: /home/asd/temp_git_repo/sakar_asignment/install/single_robo_custom_interface/include/single_robo_custom_interface/single_robo_custom_interface/msg/detail
[3.262s] -- Up-to-date: /home/asd/temp_git_repo/sakar_asignment/install/single_robo_custom_interface/include/single_robo_custom_interface/single_robo_custom_interface/msg/detail/dds_fastrtps
[3.262s] -- Up-to-date: /home/asd/temp_git_repo/sakar_asignment/install/single_robo_custom_interface/include/single_robo_custom_interface/single_robo_custom_interface/msg/detail/com_with_id__rosidl_typesupport_fastrtps_cpp.hpp
[3.263s] -- Up-to-date: /home/asd/temp_git_repo/sakar_asignment/install/single_robo_custom_interface/include/single_robo_custom_interface/single_robo_custom_interface/msg/detail/cluster_points__rosidl_typesupport_fastrtps_cpp.hpp
[3.263s] -- Up-to-date: /home/asd/temp_git_repo/sakar_asignment/install/single_robo_custom_interface/lib/libsingle_robo_custom_interface__rosidl_typesupport_fastrtps_cpp.so
[3.264s] -- Up-to-date: /home/asd/temp_git_repo/sakar_asignment/install/single_robo_custom_interface/include/single_robo_custom_interface/single_robo_custom_interface
[3.264s] -- Up-to-date: /home/asd/temp_git_repo/sakar_asignment/install/single_robo_custom_interface/include/single_robo_custom_interface/single_robo_custom_interface/msg
[3.265s] -- Up-to-date: /home/asd/temp_git_repo/sakar_asignment/install/single_robo_custom_interface/include/single_robo_custom_interface/single_robo_custom_interface/msg/detail
[3.265s] -- Up-to-date: /home/asd/temp_git_repo/sakar_asignment/install/single_robo_custom_interface/include/single_robo_custom_interface/single_robo_custom_interface/msg/detail/cluster_points__rosidl_typesupport_introspection_cpp.hpp
[3.265s] -- Up-to-date: /home/asd/temp_git_repo/sakar_asignment/install/single_robo_custom_interface/include/single_robo_custom_interface/single_robo_custom_interface/msg/detail/com_with_id__type_support.cpp
[3.265s] -- Up-to-date: /home/asd/temp_git_repo/sakar_asignment/install/single_robo_custom_interface/include/single_robo_custom_interface/single_robo_custom_interface/msg/detail/cluster_points__type_support.cpp
[3.266s] -- Up-to-date: /home/asd/temp_git_repo/sakar_asignment/install/single_robo_custom_interface/include/single_robo_custom_interface/single_robo_custom_interface/msg/detail/com_with_id__rosidl_typesupport_introspection_cpp.hpp
[3.266s] -- Up-to-date: /home/asd/temp_git_repo/sakar_asignment/install/single_robo_custom_interface/lib/libsingle_robo_custom_interface__rosidl_typesupport_introspection_cpp.so
[3.268s] -- Up-to-date: /home/asd/temp_git_repo/sakar_asignment/install/single_robo_custom_interface/lib/libsingle_robo_custom_interface__rosidl_typesupport_cpp.so
[3.268s] -- Up-to-date: /home/asd/temp_git_repo/sakar_asignment/install/single_robo_custom_interface/share/single_robo_custom_interface/environment/pythonpath.sh
[3.269s] -- Up-to-date: /home/asd/temp_git_repo/sakar_asignment/install/single_robo_custom_interface/share/single_robo_custom_interface/environment/pythonpath.dsv
[3.274s] -- Up-to-date: /home/asd/temp_git_repo/sakar_asignment/install/single_robo_custom_interface/local/lib/python3.10/dist-packages/single_robo_custom_interface-0.0.0-py3.10.egg-info
[3.274s] -- Installing: /home/asd/temp_git_repo/sakar_asignment/install/single_robo_custom_interface/local/lib/python3.10/dist-packages/single_robo_custom_interface-0.0.0-py3.10.egg-info/top_level.txt
[3.274s] -- Installing: /home/asd/temp_git_repo/sakar_asignment/install/single_robo_custom_interface/local/lib/python3.10/dist-packages/single_robo_custom_interface-0.0.0-py3.10.egg-info/PKG-INFO
[3.274s] -- Installing: /home/asd/temp_git_repo/sakar_asignment/install/single_robo_custom_interface/local/lib/python3.10/dist-packages/single_robo_custom_interface-0.0.0-py3.10.egg-info/dependency_links.txt
[3.274s] -- Installing: /home/asd/temp_git_repo/sakar_asignment/install/single_robo_custom_interface/local/lib/python3.10/dist-packages/single_robo_custom_interface-0.0.0-py3.10.egg-info/SOURCES.txt
[3.275s] -- Up-to-date: /home/asd/temp_git_repo/sakar_asignment/install/single_robo_custom_interface/local/lib/python3.10/dist-packages/single_robo_custom_interface
[3.275s] -- Up-to-date: /home/asd/temp_git_repo/sakar_asignment/install/single_robo_custom_interface/local/lib/python3.10/dist-packages/single_robo_custom_interface/single_robo_custom_interface_s__rosidl_typesupport_c.cpython-310-x86_64-linux-gnu.so
[3.275s] -- Up-to-date: /home/asd/temp_git_repo/sakar_asignment/install/single_robo_custom_interface/local/lib/python3.10/dist-packages/single_robo_custom_interface/_single_robo_custom_interface_s.ep.rosidl_typesupport_fastrtps_c.c
[3.275s] -- Up-to-date: /home/asd/temp_git_repo/sakar_asignment/install/single_robo_custom_interface/local/lib/python3.10/dist-packages/single_robo_custom_interface/msg
[3.275s] -- Up-to-date: /home/asd/temp_git_repo/sakar_asignment/install/single_robo_custom_interface/local/lib/python3.10/dist-packages/single_robo_custom_interface/msg/_com_with_id_s.c
[3.275s] -- Up-to-date: /home/asd/temp_git_repo/sakar_asignment/install/single_robo_custom_interface/local/lib/python3.10/dist-packages/single_robo_custom_interface/msg/_cluster_points.py
[3.277s] -- Up-to-date: /home/asd/temp_git_repo/sakar_asignment/install/single_robo_custom_interface/local/lib/python3.10/dist-packages/single_robo_custom_interface/msg/__init__.py
[3.278s] -- Up-to-date: /home/asd/temp_git_repo/sakar_asignment/install/single_robo_custom_interface/local/lib/python3.10/dist-packages/single_robo_custom_interface/msg/_cluster_points_s.c
[3.278s] -- Up-to-date: /home/asd/temp_git_repo/sakar_asignment/install/single_robo_custom_interface/local/lib/python3.10/dist-packages/single_robo_custom_interface/msg/_com_with_id.py
[3.278s] -- Up-to-date: /home/asd/temp_git_repo/sakar_asignment/install/single_robo_custom_interface/local/lib/python3.10/dist-packages/single_robo_custom_interface/__init__.py
[3.278s] -- Up-to-date: /home/asd/temp_git_repo/sakar_asignment/install/single_robo_custom_interface/local/lib/python3.10/dist-packages/single_robo_custom_interface/_single_robo_custom_interface_s.ep.rosidl_typesupport_introspection_c.c
[3.278s] -- Up-to-date: /home/asd/temp_git_repo/sakar_asignment/install/single_robo_custom_interface/local/lib/python3.10/dist-packages/single_robo_custom_interface/_single_robo_custom_interface_s.ep.rosidl_typesupport_c.c
[3.278s] -- Up-to-date: /home/asd/temp_git_repo/sakar_asignment/install/single_robo_custom_interface/local/lib/python3.10/dist-packages/single_robo_custom_interface/single_robo_custom_interface_s__rosidl_typesupport_fastrtps_c.cpython-310-x86_64-linux-gnu.so
[3.280s] -- Up-to-date: /home/asd/temp_git_repo/sakar_asignment/install/single_robo_custom_interface/local/lib/python3.10/dist-packages/single_robo_custom_interface/libsingle_robo_custom_interface__rosidl_generator_py.so
[3.280s] -- Up-to-date: /home/asd/temp_git_repo/sakar_asignment/install/single_robo_custom_interface/local/lib/python3.10/dist-packages/single_robo_custom_interface/single_robo_custom_interface_s__rosidl_typesupport_introspection_c.cpython-310-x86_64-linux-gnu.so
[3.428s] Listing '/home/asd/temp_git_repo/sakar_asignment/install/single_robo_custom_interface/local/lib/python3.10/dist-packages/single_robo_custom_interface'...
[3.428s] Listing '/home/asd/temp_git_repo/sakar_asignment/install/single_robo_custom_interface/local/lib/python3.10/dist-packages/single_robo_custom_interface/msg'...
[3.440s] -- Up-to-date: /home/asd/temp_git_repo/sakar_asignment/install/single_robo_custom_interface/local/lib/python3.10/dist-packages/single_robo_custom_interface/single_robo_custom_interface_s__rosidl_typesupport_fastrtps_c.cpython-310-x86_64-linux-gnu.so
[3.442s] -- Up-to-date: /home/asd/temp_git_repo/sakar_asignment/install/single_robo_custom_interface/local/lib/python3.10/dist-packages/single_robo_custom_interface/single_robo_custom_interface_s__rosidl_typesupport_introspection_c.cpython-310-x86_64-linux-gnu.so
[3.443s] -- Up-to-date: /home/asd/temp_git_repo/sakar_asignment/install/single_robo_custom_interface/local/lib/python3.10/dist-packages/single_robo_custom_interface/single_robo_custom_interface_s__rosidl_typesupport_c.cpython-310-x86_64-linux-gnu.so
[3.445s] -- Up-to-date: /home/asd/temp_git_repo/sakar_asignment/install/single_robo_custom_interface/lib/libsingle_robo_custom_interface__rosidl_generator_py.so
[3.446s] -- Up-to-date: /home/asd/temp_git_repo/sakar_asignment/install/single_robo_custom_interface/share/single_robo_custom_interface/msg/ClusterPoints.idl
[3.447s] -- Up-to-date: /home/asd/temp_git_repo/sakar_asignment/install/single_robo_custom_interface/share/single_robo_custom_interface/msg/ComWithID.idl
[3.448s] -- Up-to-date: /home/asd/temp_git_repo/sakar_asignment/install/single_robo_custom_interface/share/single_robo_custom_interface/msg/ClusterPoints.msg
[3.448s] -- Up-to-date: /home/asd/temp_git_repo/sakar_asignment/install/single_robo_custom_interface/share/single_robo_custom_interface/msg/ComWithID.msg
[3.449s] -- Up-to-date: /home/asd/temp_git_repo/sakar_asignment/install/single_robo_custom_interface/share/ament_index/resource_index/package_run_dependencies/single_robo_custom_interface
[3.449s] -- Up-to-date: /home/asd/temp_git_repo/sakar_asignment/install/single_robo_custom_interface/share/ament_index/resource_index/parent_prefix_path/single_robo_custom_interface
[3.449s] -- Up-to-date: /home/asd/temp_git_repo/sakar_asignment/install/single_robo_custom_interface/share/single_robo_custom_interface/environment/ament_prefix_path.sh
[3.450s] -- Up-to-date: /home/asd/temp_git_repo/sakar_asignment/install/single_robo_custom_interface/share/single_robo_custom_interface/environment/ament_prefix_path.dsv
[3.450s] -- Up-to-date: /home/asd/temp_git_repo/sakar_asignment/install/single_robo_custom_interface/share/single_robo_custom_interface/environment/path.sh
[3.451s] -- Up-to-date: /home/asd/temp_git_repo/sakar_asignment/install/single_robo_custom_interface/share/single_robo_custom_interface/environment/path.dsv
[3.451s] -- Up-to-date: /home/asd/temp_git_repo/sakar_asignment/install/single_robo_custom_interface/share/single_robo_custom_interface/local_setup.bash
[3.452s] -- Up-to-date: /home/asd/temp_git_repo/sakar_asignment/install/single_robo_custom_interface/share/single_robo_custom_interface/local_setup.sh
[3.452s] -- Up-to-date: /home/asd/temp_git_repo/sakar_asignment/install/single_robo_custom_interface/share/single_robo_custom_interface/local_setup.zsh
[3.452s] -- Up-to-date: /home/asd/temp_git_repo/sakar_asignment/install/single_robo_custom_interface/share/single_robo_custom_interface/local_setup.dsv
[3.453s] -- Installing: /home/asd/temp_git_repo/sakar_asignment/install/single_robo_custom_interface/share/single_robo_custom_interface/package.dsv
[3.455s] -- Up-to-date: /home/asd/temp_git_repo/sakar_asignment/install/single_robo_custom_interface/share/ament_index/resource_index/packages/single_robo_custom_interface
[3.455s] -- Up-to-date: /home/asd/temp_git_repo/sakar_asignment/install/single_robo_custom_interface/share/single_robo_custom_interface/cmake/export_single_robo_custom_interface__rosidl_generator_cExport.cmake
[3.456s] -- Up-to-date: /home/asd/temp_git_repo/sakar_asignment/install/single_robo_custom_interface/share/single_robo_custom_interface/cmake/export_single_robo_custom_interface__rosidl_generator_cExport-noconfig.cmake
[3.457s] -- Up-to-date: /home/asd/temp_git_repo/sakar_asignment/install/single_robo_custom_interface/share/single_robo_custom_interface/cmake/export_single_robo_custom_interface__rosidl_typesupport_fastrtps_cExport.cmake
[3.457s] -- Up-to-date: /home/asd/temp_git_repo/sakar_asignment/install/single_robo_custom_interface/share/single_robo_custom_interface/cmake/export_single_robo_custom_interface__rosidl_typesupport_fastrtps_cExport-noconfig.cmake
[3.458s] -- Up-to-date: /home/asd/temp_git_repo/sakar_asignment/install/single_robo_custom_interface/share/single_robo_custom_interface/cmake/single_robo_custom_interface__rosidl_typesupport_introspection_cExport.cmake
[3.458s] -- Up-to-date: /home/asd/temp_git_repo/sakar_asignment/install/single_robo_custom_interface/share/single_robo_custom_interface/cmake/single_robo_custom_interface__rosidl_typesupport_introspection_cExport-noconfig.cmake
[3.459s] -- Up-to-date: /home/asd/temp_git_repo/sakar_asignment/install/single_robo_custom_interface/share/single_robo_custom_interface/cmake/single_robo_custom_interface__rosidl_typesupport_cExport.cmake
[3.460s] -- Up-to-date: /home/asd/temp_git_repo/sakar_asignment/install/single_robo_custom_interface/share/single_robo_custom_interface/cmake/single_robo_custom_interface__rosidl_typesupport_cExport-noconfig.cmake
[3.461s] -- Up-to-date: /home/asd/temp_git_repo/sakar_asignment/install/single_robo_custom_interface/share/single_robo_custom_interface/cmake/export_single_robo_custom_interface__rosidl_generator_cppExport.cmake
[3.462s] -- Up-to-date: /home/asd/temp_git_repo/sakar_asignment/install/single_robo_custom_interface/share/single_robo_custom_interface/cmake/export_single_robo_custom_interface__rosidl_typesupport_fastrtps_cppExport.cmake
[3.462s] -- Up-to-date: /home/asd/temp_git_repo/sakar_asignment/install/single_robo_custom_interface/share/single_robo_custom_interface/cmake/export_single_robo_custom_interface__rosidl_typesupport_fastrtps_cppExport-noconfig.cmake
[3.463s] -- Up-to-date: /home/asd/temp_git_repo/sakar_asignment/install/single_robo_custom_interface/share/single_robo_custom_interface/cmake/single_robo_custom_interface__rosidl_typesupport_introspection_cppExport.cmake
[3.464s] -- Up-to-date: /home/asd/temp_git_repo/sakar_asignment/install/single_robo_custom_interface/share/single_robo_custom_interface/cmake/single_robo_custom_interface__rosidl_typesupport_introspection_cppExport-noconfig.cmake
[3.465s] -- Up-to-date: /home/asd/temp_git_repo/sakar_asignment/install/single_robo_custom_interface/share/single_robo_custom_interface/cmake/single_robo_custom_interface__rosidl_typesupport_cppExport.cmake
[3.465s] -- Up-to-date: /home/asd/temp_git_repo/sakar_asignment/install/single_robo_custom_interface/share/single_robo_custom_interface/cmake/single_robo_custom_interface__rosidl_typesupport_cppExport-noconfig.cmake
[3.466s] -- Up-to-date: /home/asd/temp_git_repo/sakar_asignment/install/single_robo_custom_interface/share/single_robo_custom_interface/cmake/export_single_robo_custom_interface__rosidl_generator_pyExport.cmake
[3.466s] -- Up-to-date: /home/asd/temp_git_repo/sakar_asignment/install/single_robo_custom_interface/share/single_robo_custom_interface/cmake/export_single_robo_custom_interface__rosidl_generator_pyExport-noconfig.cmake
[3.467s] -- Up-to-date: /home/asd/temp_git_repo/sakar_asignment/install/single_robo_custom_interface/share/single_robo_custom_interface/cmake/rosidl_cmake-extras.cmake
[3.467s] -- Up-to-date: /home/asd/temp_git_repo/sakar_asignment/install/single_robo_custom_interface/share/single_robo_custom_interface/cmake/ament_cmake_export_include_directories-extras.cmake
[3.468s] -- Up-to-date: /home/asd/temp_git_repo/sakar_asignment/install/single_robo_custom_interface/share/single_robo_custom_interface/cmake/ament_cmake_export_libraries-extras.cmake
[3.468s] -- Up-to-date: /home/asd/temp_git_repo/sakar_asignment/install/single_robo_custom_interface/share/single_robo_custom_interface/cmake/ament_cmake_export_targets-extras.cmake
[3.468s] -- Up-to-date: /home/asd/temp_git_repo/sakar_asignment/install/single_robo_custom_interface/share/single_robo_custom_interface/cmake/rosidl_cmake_export_typesupport_targets-extras.cmake
[3.469s] -- Up-to-date: /home/asd/temp_git_repo/sakar_asignment/install/single_robo_custom_interface/share/single_robo_custom_interface/cmake/ament_cmake_export_dependencies-extras.cmake
[3.472s] -- Up-to-date: /home/asd/temp_git_repo/sakar_asignment/install/single_robo_custom_interface/share/single_robo_custom_interface/cmake/rosidl_cmake_export_typesupport_libraries-extras.cmake
[3.472s] -- Up-to-date: /home/asd/temp_git_repo/sakar_asignment/install/single_robo_custom_interface/share/single_robo_custom_interface/cmake/single_robo_custom_interfaceConfig.cmake
[3.472s] -- Up-to-date: /home/asd/temp_git_repo/sakar_asignment/install/single_robo_custom_interface/share/single_robo_custom_interface/cmake/single_robo_custom_interfaceConfig-version.cmake
[3.473s] -- Up-to-date: /home/asd/temp_git_repo/sakar_asignment/install/single_robo_custom_interface/share/single_robo_custom_interface/package.xml
[3.486s] Invoked command in '/home/asd/temp_git_repo/sakar_asignment/build/single_robo_custom_interface' returned '0': CMAKE_PREFIX_PATH=${CMAKE_PREFIX_PATH}:/home/asd/temp_git_repo/sakar_asignment/install/single_robo_perception:/home/asd/temp_git_repo/sakar_asignment/install/single_robo_odometry:/home/asd/temp_git_repo/first-mega-project/install/single_robo_odometry:/home/asd/ros2_ws_goat2/install/multi_robo_simulator:/home/asd/ros2_ws_goat2/install/swarm_interfaces:/home/asd/ros2_ws_goat2/install/my_robot_description2:/home/asd/ros2_ws_goat2/install/my_robot_bringup2:/home/asd/ros2_ws_goat2/install/goat_robo_discription:/home/asd/ros2_ws_goat2/install/micro_ros_server:/home/asd/ros2_ws_goat2/install/micro_ros_custom_interfaces:/home/asd/ros2_ws_goat2/install/Qr_action:/home/asd/ros2_ws4/install/esp_wifi:/home/asd/ros2_ws4/install/maping_odom:/home/asd/ros2_ws9/install/turtlebot3_simulations:/home/asd/ros2_ws9/install/turtlebot3_gazebo_goat:/home/asd/ros2_ws9/install/turtlebot3_fake_node:/home/asd/ros2_ws9/install/testbed_gazebo_goat:/home/asd/ros2_ws9/install/testbed_description_goat:/home/asd/ros2_ws9/install/my_goat_pkg:/home/asd/ros2_ws9/install/goat_interfaces:/home/asd/ros2_ws9/install/goat_gazebo:/home/asd/ros2_ws7/install/my_py_pkg_anscer:/home/asd/ros2_ws/install/turtlesim_catch_them_all:/home/asd/ros2_ws/install/my_py_pkg:/opt/ros/humble /usr/bin/cmake --install /home/asd/temp_git_repo/sakar_asignment/build/single_robo_custom_interface
