[3.926s] Invoking command in '/home/asd/temp_git_repo/sakar_asignment/src/single_robo_perception': PYTHONPATH=/home/asd/temp_git_repo/sakar_asignment/build/single_robo_perception/prefix_override:/usr/lib/python3/dist-packages/colcon_core/task/python/colcon_distutils_commands:/home/asd/temp_git_repo/sakar_asignment/install/single_robo_perception/lib/python3.10/site-packages:${PYTHONPATH} /usr/bin/python3 -W ignore:setup.py install is deprecated -W ignore:easy_install command is deprecated setup.py egg_info --egg-base ../../build/single_robo_perception build --build-base /home/asd/temp_git_repo/sakar_asignment/build/single_robo_perception/build install --record /home/asd/temp_git_repo/sakar_asignment/build/single_robo_perception/install.log --single-version-externally-managed install_data
[4.356s] running egg_info
[4.357s] writing ../../build/single_robo_perception/single_robo_perception.egg-info/PKG-INFO
[4.357s] writing dependency_links to ../../build/single_robo_perception/single_robo_perception.egg-info/dependency_links.txt
[4.357s] writing entry points to ../../build/single_robo_perception/single_robo_perception.egg-info/entry_points.txt
[4.358s] writing requirements to ../../build/single_robo_perception/single_robo_perception.egg-info/requires.txt
[4.358s] writing top-level names to ../../build/single_robo_perception/single_robo_perception.egg-info/top_level.txt
[4.361s] reading manifest file '../../build/single_robo_perception/single_robo_perception.egg-info/SOURCES.txt'
[4.362s] writing manifest file '../../build/single_robo_perception/single_robo_perception.egg-info/SOURCES.txt'
[4.362s] running build
[4.362s] running build_py
[4.362s] running install
[4.363s] running install_lib
[4.364s] running install_data
[4.364s] running install_egg_info
[4.367s] removing '/home/asd/temp_git_repo/sakar_asignment/install/single_robo_perception/lib/python3.10/site-packages/single_robo_perception-0.0.0-py3.10.egg-info' (and everything under it)
[4.367s] Copying ../../build/single_robo_perception/single_robo_perception.egg-info to /home/asd/temp_git_repo/sakar_asignment/install/single_robo_perception/lib/python3.10/site-packages/single_robo_perception-0.0.0-py3.10.egg-info
[4.368s] running install_scripts
[4.398s] Installing camera_feed script to /home/asd/temp_git_repo/sakar_asignment/install/single_robo_perception/lib/single_robo_perception
[4.399s] writing list of installed files to '/home/asd/temp_git_repo/sakar_asignment/build/single_robo_perception/install.log'
[4.428s] Invoked command in '/home/asd/temp_git_repo/sakar_asignment/src/single_robo_perception' returned '0': PYTHONPATH=/home/asd/temp_git_repo/sakar_asignment/build/single_robo_perception/prefix_override:/usr/lib/python3/dist-packages/colcon_core/task/python/colcon_distutils_commands:/home/asd/temp_git_repo/sakar_asignment/install/single_robo_perception/lib/python3.10/site-packages:${PYTHONPATH} /usr/bin/python3 -W ignore:setup.py install is deprecated -W ignore:easy_install command is deprecated setup.py egg_info --egg-base ../../build/single_robo_perception build --build-base /home/asd/temp_git_repo/sakar_asignment/build/single_robo_perception/build install --record /home/asd/temp_git_repo/sakar_asignment/build/single_robo_perception/install.log --single-version-externally-managed install_data
