[2.487s] Invoking command in '/home/asd/temp_git_repo/sakar_asignment/src/single_robo_odometry': PYTHONPATH=/home/asd/temp_git_repo/sakar_asignment/build/single_robo_odometry/prefix_override:/usr/lib/python3/dist-packages/colcon_core/task/python/colcon_distutils_commands:/home/asd/temp_git_repo/sakar_asignment/install/single_robo_odometry/lib/python3.10/site-packages:${PYTHONPATH} /usr/bin/python3 -W ignore:setup.py install is deprecated -W ignore:easy_install command is deprecated setup.py egg_info --egg-base ../../build/single_robo_odometry build --build-base /home/asd/temp_git_repo/sakar_asignment/build/single_robo_odometry/build install --record /home/asd/temp_git_repo/sakar_asignment/build/single_robo_odometry/install.log --single-version-externally-managed install_data
[3.471s] running egg_info
[3.472s] writing ../../build/single_robo_odometry/single_robo_odometry.egg-info/PKG-INFO
[3.472s] writing dependency_links to ../../build/single_robo_odometry/single_robo_odometry.egg-info/dependency_links.txt
[3.473s] writing entry points to ../../build/single_robo_odometry/single_robo_odometry.egg-info/entry_points.txt
[3.473s] writing requirements to ../../build/single_robo_odometry/single_robo_odometry.egg-info/requires.txt
[3.473s] writing top-level names to ../../build/single_robo_odometry/single_robo_odometry.egg-info/top_level.txt
[3.479s] reading manifest file '../../build/single_robo_odometry/single_robo_odometry.egg-info/SOURCES.txt'
[3.483s] writing manifest file '../../build/single_robo_odometry/single_robo_odometry.egg-info/SOURCES.txt'
[3.483s] running build
[3.484s] running build_py
[3.485s] running install
[3.487s] running install_lib
[3.491s] running install_data
[3.491s] running install_egg_info
[3.496s] removing '/home/asd/temp_git_repo/sakar_asignment/install/single_robo_odometry/lib/python3.10/site-packages/single_robo_odometry-0.0.0-py3.10.egg-info' (and everything under it)
[3.497s] Copying ../../build/single_robo_odometry/single_robo_odometry.egg-info to /home/asd/temp_git_repo/sakar_asignment/install/single_robo_odometry/lib/python3.10/site-packages/single_robo_odometry-0.0.0-py3.10.egg-info
[3.499s] running install_scripts
[3.564s] Installing imu_republisher script to /home/asd/temp_git_repo/sakar_asignment/install/single_robo_odometry/lib/single_robo_odometry
[3.565s] Installing odom_tf_pub script to /home/asd/temp_git_repo/sakar_asignment/install/single_robo_odometry/lib/single_robo_odometry
[3.565s] Installing odom_tf_pub_inv script to /home/asd/temp_git_repo/sakar_asignment/install/single_robo_odometry/lib/single_robo_odometry
[3.566s] Installing odom_tf_pub_w_error script to /home/asd/temp_git_repo/sakar_asignment/install/single_robo_odometry/lib/single_robo_odometry
[3.566s] Installing odom_tf_pub_w_error_inv script to /home/asd/temp_git_repo/sakar_asignment/install/single_robo_odometry/lib/single_robo_odometry
[3.567s] Installing odometry_calculation script to /home/asd/temp_git_repo/sakar_asignment/install/single_robo_odometry/lib/single_robo_odometry
[3.567s] Installing odometry_error script to /home/asd/temp_git_repo/sakar_asignment/install/single_robo_odometry/lib/single_robo_odometry
[3.567s] writing list of installed files to '/home/asd/temp_git_repo/sakar_asignment/build/single_robo_odometry/install.log'
[3.859s] Invoked command in '/home/asd/temp_git_repo/sakar_asignment/src/single_robo_odometry' returned '0': PYTHONPATH=/home/asd/temp_git_repo/sakar_asignment/build/single_robo_odometry/prefix_override:/usr/lib/python3/dist-packages/colcon_core/task/python/colcon_distutils_commands:/home/asd/temp_git_repo/sakar_asignment/install/single_robo_odometry/lib/python3.10/site-packages:${PYTHONPATH} /usr/bin/python3 -W ignore:setup.py install is deprecated -W ignore:easy_install command is deprecated setup.py egg_info --egg-base ../../build/single_robo_odometry build --build-base /home/asd/temp_git_repo/sakar_asignment/build/single_robo_odometry/build install --record /home/asd/temp_git_repo/sakar_asignment/build/single_robo_odometry/install.log --single-version-externally-managed install_data
