[0.181s] Invoking command in '/home/asd/temp_git_repo/sakar_asignment/build/single_robo_bringup': CMAKE_PREFIX_PATH=${CMAKE_PREFIX_PATH}:/home/asd/temp_git_repo/first-mega-project/install/single_robo_odometry:/home/asd/ros2_ws_goat2/install/multi_robo_simulator:/home/asd/ros2_ws_goat2/install/swarm_interfaces:/home/asd/ros2_ws_goat2/install/my_robot_description2:/home/asd/ros2_ws_goat2/install/my_robot_bringup2:/home/asd/ros2_ws_goat2/install/goat_robo_discription:/home/asd/ros2_ws_goat2/install/micro_ros_server:/home/asd/ros2_ws_goat2/install/micro_ros_custom_interfaces:/home/asd/ros2_ws_goat2/install/Qr_action:/home/asd/ros2_ws4/install/esp_wifi:/home/asd/ros2_ws4/install/maping_odom:/home/asd/ros2_ws9/install/turtlebot3_simulations:/home/asd/ros2_ws9/install/turtlebot3_gazebo_goat:/home/asd/ros2_ws9/install/turtlebot3_fake_node:/home/asd/ros2_ws9/install/testbed_gazebo_goat:/home/asd/ros2_ws9/install/testbed_description_goat:/home/asd/ros2_ws9/install/my_goat_pkg:/home/asd/ros2_ws9/install/goat_interfaces:/home/asd/ros2_ws9/install/goat_gazebo:/home/asd/ros2_ws7/install/my_py_pkg_anscer:/home/asd/ros2_ws/install/turtlesim_catch_them_all:/home/asd/ros2_ws/install/my_py_pkg:/opt/ros/humble /usr/bin/cmake /home/asd/temp_git_repo/sakar_asignment/src/single_robo_bringup -DCMAKE_INSTALL_PREFIX=/home/asd/temp_git_repo/sakar_asignment/install/single_robo_bringup
[0.674s] -- The C compiler identification is GNU 11.4.0
[1.004s] -- The CXX compiler identification is GNU 11.4.0
[1.064s] -- Detecting C compiler ABI info
[1.397s] -- Detecting C compiler ABI info - done
[1.422s] -- Check for working C compiler: /usr/bin/cc - skipped
[1.423s] -- Detecting C compile features
[1.425s] -- Detecting C compile features - done
[1.444s] -- Detecting CXX compiler ABI info
[1.835s] -- Detecting CXX compiler ABI info - done
[1.876s] -- Check for working CXX compiler: /usr/bin/c++ - skipped
[1.877s] -- Detecting CXX compile features
[1.878s] -- Detecting CXX compile features - done
[1.953s] -- Found ament_cmake: 1.3.11 (/opt/ros/humble/share/ament_cmake/cmake)
[2.621s] -- Found Python3: /usr/bin/python3 (found version "3.10.12") found components: Interpreter 
[3.802s] -- Configuring done
[3.811s] -- Generating done
[3.815s] -- Build files have been written to: /home/asd/temp_git_repo/sakar_asignment/build/single_robo_bringup
[3.837s] Invoked command in '/home/asd/temp_git_repo/sakar_asignment/build/single_robo_bringup' returned '0': CMAKE_PREFIX_PATH=${CMAKE_PREFIX_PATH}:/home/asd/temp_git_repo/first-mega-project/install/single_robo_odometry:/home/asd/ros2_ws_goat2/install/multi_robo_simulator:/home/asd/ros2_ws_goat2/install/swarm_interfaces:/home/asd/ros2_ws_goat2/install/my_robot_description2:/home/asd/ros2_ws_goat2/install/my_robot_bringup2:/home/asd/ros2_ws_goat2/install/goat_robo_discription:/home/asd/ros2_ws_goat2/install/micro_ros_server:/home/asd/ros2_ws_goat2/install/micro_ros_custom_interfaces:/home/asd/ros2_ws_goat2/install/Qr_action:/home/asd/ros2_ws4/install/esp_wifi:/home/asd/ros2_ws4/install/maping_odom:/home/asd/ros2_ws9/install/turtlebot3_simulations:/home/asd/ros2_ws9/install/turtlebot3_gazebo_goat:/home/asd/ros2_ws9/install/turtlebot3_fake_node:/home/asd/ros2_ws9/install/testbed_gazebo_goat:/home/asd/ros2_ws9/install/testbed_description_goat:/home/asd/ros2_ws9/install/my_goat_pkg:/home/asd/ros2_ws9/install/goat_interfaces:/home/asd/ros2_ws9/install/goat_gazebo:/home/asd/ros2_ws7/install/my_py_pkg_anscer:/home/asd/ros2_ws/install/turtlesim_catch_them_all:/home/asd/ros2_ws/install/my_py_pkg:/opt/ros/humble /usr/bin/cmake /home/asd/temp_git_repo/sakar_asignment/src/single_robo_bringup -DCMAKE_INSTALL_PREFIX=/home/asd/temp_git_repo/sakar_asignment/install/single_robo_bringup
[3.845s] Invoking command in '/home/asd/temp_git_repo/sakar_asignment/build/single_robo_bringup': CMAKE_PREFIX_PATH=${CMAKE_PREFIX_PATH}:/home/asd/temp_git_repo/first-mega-project/install/single_robo_odometry:/home/asd/ros2_ws_goat2/install/multi_robo_simulator:/home/asd/ros2_ws_goat2/install/swarm_interfaces:/home/asd/ros2_ws_goat2/install/my_robot_description2:/home/asd/ros2_ws_goat2/install/my_robot_bringup2:/home/asd/ros2_ws_goat2/install/goat_robo_discription:/home/asd/ros2_ws_goat2/install/micro_ros_server:/home/asd/ros2_ws_goat2/install/micro_ros_custom_interfaces:/home/asd/ros2_ws_goat2/install/Qr_action:/home/asd/ros2_ws4/install/esp_wifi:/home/asd/ros2_ws4/install/maping_odom:/home/asd/ros2_ws9/install/turtlebot3_simulations:/home/asd/ros2_ws9/install/turtlebot3_gazebo_goat:/home/asd/ros2_ws9/install/turtlebot3_fake_node:/home/asd/ros2_ws9/install/testbed_gazebo_goat:/home/asd/ros2_ws9/install/testbed_description_goat:/home/asd/ros2_ws9/install/my_goat_pkg:/home/asd/ros2_ws9/install/goat_interfaces:/home/asd/ros2_ws9/install/goat_gazebo:/home/asd/ros2_ws7/install/my_py_pkg_anscer:/home/asd/ros2_ws/install/turtlesim_catch_them_all:/home/asd/ros2_ws/install/my_py_pkg:/opt/ros/humble /usr/bin/cmake --build /home/asd/temp_git_repo/sakar_asignment/build/single_robo_bringup -- -j8 -l8
[4.066s] Invoked command in '/home/asd/temp_git_repo/sakar_asignment/build/single_robo_bringup' returned '0': CMAKE_PREFIX_PATH=${CMAKE_PREFIX_PATH}:/home/asd/temp_git_repo/first-mega-project/install/single_robo_odometry:/home/asd/ros2_ws_goat2/install/multi_robo_simulator:/home/asd/ros2_ws_goat2/install/swarm_interfaces:/home/asd/ros2_ws_goat2/install/my_robot_description2:/home/asd/ros2_ws_goat2/install/my_robot_bringup2:/home/asd/ros2_ws_goat2/install/goat_robo_discription:/home/asd/ros2_ws_goat2/install/micro_ros_server:/home/asd/ros2_ws_goat2/install/micro_ros_custom_interfaces:/home/asd/ros2_ws_goat2/install/Qr_action:/home/asd/ros2_ws4/install/esp_wifi:/home/asd/ros2_ws4/install/maping_odom:/home/asd/ros2_ws9/install/turtlebot3_simulations:/home/asd/ros2_ws9/install/turtlebot3_gazebo_goat:/home/asd/ros2_ws9/install/turtlebot3_fake_node:/home/asd/ros2_ws9/install/testbed_gazebo_goat:/home/asd/ros2_ws9/install/testbed_description_goat:/home/asd/ros2_ws9/install/my_goat_pkg:/home/asd/ros2_ws9/install/goat_interfaces:/home/asd/ros2_ws9/install/goat_gazebo:/home/asd/ros2_ws7/install/my_py_pkg_anscer:/home/asd/ros2_ws/install/turtlesim_catch_them_all:/home/asd/ros2_ws/install/my_py_pkg:/opt/ros/humble /usr/bin/cmake --build /home/asd/temp_git_repo/sakar_asignment/build/single_robo_bringup -- -j8 -l8
[4.074s] Invoking command in '/home/asd/temp_git_repo/sakar_asignment/build/single_robo_bringup': CMAKE_PREFIX_PATH=${CMAKE_PREFIX_PATH}:/home/asd/temp_git_repo/first-mega-project/install/single_robo_odometry:/home/asd/ros2_ws_goat2/install/multi_robo_simulator:/home/asd/ros2_ws_goat2/install/swarm_interfaces:/home/asd/ros2_ws_goat2/install/my_robot_description2:/home/asd/ros2_ws_goat2/install/my_robot_bringup2:/home/asd/ros2_ws_goat2/install/goat_robo_discription:/home/asd/ros2_ws_goat2/install/micro_ros_server:/home/asd/ros2_ws_goat2/install/micro_ros_custom_interfaces:/home/asd/ros2_ws_goat2/install/Qr_action:/home/asd/ros2_ws4/install/esp_wifi:/home/asd/ros2_ws4/install/maping_odom:/home/asd/ros2_ws9/install/turtlebot3_simulations:/home/asd/ros2_ws9/install/turtlebot3_gazebo_goat:/home/asd/ros2_ws9/install/turtlebot3_fake_node:/home/asd/ros2_ws9/install/testbed_gazebo_goat:/home/asd/ros2_ws9/install/testbed_description_goat:/home/asd/ros2_ws9/install/my_goat_pkg:/home/asd/ros2_ws9/install/goat_interfaces:/home/asd/ros2_ws9/install/goat_gazebo:/home/asd/ros2_ws7/install/my_py_pkg_anscer:/home/asd/ros2_ws/install/turtlesim_catch_them_all:/home/asd/ros2_ws/install/my_py_pkg:/opt/ros/humble /usr/bin/cmake --install /home/asd/temp_git_repo/sakar_asignment/build/single_robo_bringup
[4.105s] -- Install configuration: ""
[4.106s] -- Installing: /home/asd/temp_git_repo/sakar_asignment/install/single_robo_bringup/share/single_robo_bringup//launch
[4.106s] -- Installing: /home/asd/temp_git_repo/sakar_asignment/install/single_robo_bringup/share/single_robo_bringup//launch/diferent_odoms.launch.py
[4.107s] -- Installing: /home/asd/temp_git_repo/sakar_asignment/install/single_robo_bringup/share/single_robo_bringup//launch/single_robo_navigation.launch.py
[4.109s] -- Installing: /home/asd/temp_git_repo/sakar_asignment/install/single_robo_bringup/share/single_robo_bringup//launch/single_robo_nav_map.launch.py
[4.110s] -- Installing: /home/asd/temp_git_repo/sakar_asignment/install/single_robo_bringup/share/single_robo_bringup//launch/kalman_filter.launch.py
[4.110s] -- Installing: /home/asd/temp_git_repo/sakar_asignment/install/single_robo_bringup/share/single_robo_bringup//launch/single_robo_spawn.launch.py
[4.111s] -- Installing: /home/asd/temp_git_repo/sakar_asignment/install/single_robo_bringup/share/single_robo_bringup//launch/single_robo_bringup.launch.py
[4.111s] -- Installing: /home/asd/temp_git_repo/sakar_asignment/install/single_robo_bringup/share/single_robo_bringup//config
[4.112s] -- Installing: /home/asd/temp_git_repo/sakar_asignment/install/single_robo_bringup/share/single_robo_bringup//config/planner_server.yaml
[4.112s] -- Installing: /home/asd/temp_git_repo/sakar_asignment/install/single_robo_bringup/share/single_robo_bringup//config/rviz_map_config.rviz
[4.113s] -- Installing: /home/asd/temp_git_repo/sakar_asignment/install/single_robo_bringup/share/single_robo_bringup//config/controller_server.yaml
[4.113s] -- Installing: /home/asd/temp_git_repo/sakar_asignment/install/single_robo_bringup/share/single_robo_bringup//config/bt_navigator.yaml
[4.114s] -- Installing: /home/asd/temp_git_repo/sakar_asignment/install/single_robo_bringup/share/single_robo_bringup//config/smoother_server.yaml
[4.114s] -- Installing: /home/asd/temp_git_repo/sakar_asignment/install/single_robo_bringup/share/single_robo_bringup//config/basic_bt_tree.xml
[4.115s] -- Installing: /home/asd/temp_git_repo/sakar_asignment/install/single_robo_bringup/share/single_robo_bringup//config/behavior_server.yaml
[4.116s] -- Installing: /home/asd/temp_git_repo/sakar_asignment/install/single_robo_bringup/share/single_robo_bringup//config/costmap.yaml
[4.117s] -- Installing: /home/asd/temp_git_repo/sakar_asignment/install/single_robo_bringup/share/single_robo_bringup//config/amcl.yaml
[4.117s] -- Installing: /home/asd/temp_git_repo/sakar_asignment/install/single_robo_bringup/share/single_robo_bringup//config/adwance_bt_tree.xml
[4.118s] -- Installing: /home/asd/temp_git_repo/sakar_asignment/install/single_robo_bringup/share/ament_index/resource_index/package_run_dependencies/single_robo_bringup
[4.119s] -- Installing: /home/asd/temp_git_repo/sakar_asignment/install/single_robo_bringup/share/ament_index/resource_index/parent_prefix_path/single_robo_bringup
[4.119s] -- Installing: /home/asd/temp_git_repo/sakar_asignment/install/single_robo_bringup/share/single_robo_bringup/environment/ament_prefix_path.sh
[4.120s] -- Installing: /home/asd/temp_git_repo/sakar_asignment/install/single_robo_bringup/share/single_robo_bringup/environment/ament_prefix_path.dsv
[4.121s] -- Installing: /home/asd/temp_git_repo/sakar_asignment/install/single_robo_bringup/share/single_robo_bringup/environment/path.sh
[4.123s] -- Installing: /home/asd/temp_git_repo/sakar_asignment/install/single_robo_bringup/share/single_robo_bringup/environment/path.dsv
[4.125s] -- Installing: /home/asd/temp_git_repo/sakar_asignment/install/single_robo_bringup/share/single_robo_bringup/local_setup.bash
[4.125s] -- Installing: /home/asd/temp_git_repo/sakar_asignment/install/single_robo_bringup/share/single_robo_bringup/local_setup.sh
[4.126s] -- Installing: /home/asd/temp_git_repo/sakar_asignment/install/single_robo_bringup/share/single_robo_bringup/local_setup.zsh
[4.126s] -- Installing: /home/asd/temp_git_repo/sakar_asignment/install/single_robo_bringup/share/single_robo_bringup/local_setup.dsv
[4.126s] -- Installing: /home/asd/temp_git_repo/sakar_asignment/install/single_robo_bringup/share/single_robo_bringup/package.dsv
[4.127s] -- Installing: /home/asd/temp_git_repo/sakar_asignment/install/single_robo_bringup/share/ament_index/resource_index/packages/single_robo_bringup
[4.127s] -- Installing: /home/asd/temp_git_repo/sakar_asignment/install/single_robo_bringup/share/single_robo_bringup/cmake/single_robo_bringupConfig.cmake
[4.127s] -- Installing: /home/asd/temp_git_repo/sakar_asignment/install/single_robo_bringup/share/single_robo_bringup/cmake/single_robo_bringupConfig-version.cmake
[4.128s] -- Installing: /home/asd/temp_git_repo/sakar_asignment/install/single_robo_bringup/share/single_robo_bringup/package.xml
[4.128s] Invoked command in '/home/asd/temp_git_repo/sakar_asignment/build/single_robo_bringup' returned '0': CMAKE_PREFIX_PATH=${CMAKE_PREFIX_PATH}:/home/asd/temp_git_repo/first-mega-project/install/single_robo_odometry:/home/asd/ros2_ws_goat2/install/multi_robo_simulator:/home/asd/ros2_ws_goat2/install/swarm_interfaces:/home/asd/ros2_ws_goat2/install/my_robot_description2:/home/asd/ros2_ws_goat2/install/my_robot_bringup2:/home/asd/ros2_ws_goat2/install/goat_robo_discription:/home/asd/ros2_ws_goat2/install/micro_ros_server:/home/asd/ros2_ws_goat2/install/micro_ros_custom_interfaces:/home/asd/ros2_ws_goat2/install/Qr_action:/home/asd/ros2_ws4/install/esp_wifi:/home/asd/ros2_ws4/install/maping_odom:/home/asd/ros2_ws9/install/turtlebot3_simulations:/home/asd/ros2_ws9/install/turtlebot3_gazebo_goat:/home/asd/ros2_ws9/install/turtlebot3_fake_node:/home/asd/ros2_ws9/install/testbed_gazebo_goat:/home/asd/ros2_ws9/install/testbed_description_goat:/home/asd/ros2_ws9/install/my_goat_pkg:/home/asd/ros2_ws9/install/goat_interfaces:/home/asd/ros2_ws9/install/goat_gazebo:/home/asd/ros2_ws7/install/my_py_pkg_anscer:/home/asd/ros2_ws/install/turtlesim_catch_them_all:/home/asd/ros2_ws/install/my_py_pkg:/opt/ros/humble /usr/bin/cmake --install /home/asd/temp_git_repo/sakar_asignment/build/single_robo_bringup
