[0.517s] Invoking command in '/home/asd/temp_git_repo/sakar_asignment/build/single_robo_custom_interface': CMAKE_PREFIX_PATH=${CMAKE_PREFIX_PATH}:/home/asd/temp_git_repo/sakar_asignment/install/single_robo_perception:/home/asd/temp_git_repo/sakar_asignment/install/single_robo_odometry:/home/asd/temp_git_repo/first-mega-project/install/single_robo_odometry:/home/asd/ros2_ws_goat2/install/multi_robo_simulator:/home/asd/ros2_ws_goat2/install/swarm_interfaces:/home/asd/ros2_ws_goat2/install/my_robot_description2:/home/asd/ros2_ws_goat2/install/my_robot_bringup2:/home/asd/ros2_ws_goat2/install/goat_robo_discription:/home/asd/ros2_ws_goat2/install/micro_ros_server:/home/asd/ros2_ws_goat2/install/micro_ros_custom_interfaces:/home/asd/ros2_ws_goat2/install/Qr_action:/home/asd/ros2_ws4/install/esp_wifi:/home/asd/ros2_ws4/install/maping_odom:/home/asd/ros2_ws9/install/turtlebot3_simulations:/home/asd/ros2_ws9/install/turtlebot3_gazebo_goat:/home/asd/ros2_ws9/install/turtlebot3_fake_node:/home/asd/ros2_ws9/install/testbed_gazebo_goat:/home/asd/ros2_ws9/install/testbed_description_goat:/home/asd/ros2_ws9/install/my_goat_pkg:/home/asd/ros2_ws9/install/goat_interfaces:/home/asd/ros2_ws9/install/goat_gazebo:/home/asd/ros2_ws7/install/my_py_pkg_anscer:/home/asd/ros2_ws/install/turtlesim_catch_them_all:/home/asd/ros2_ws/install/my_py_pkg:/opt/ros/humble /usr/bin/cmake --build /home/asd/temp_git_repo/sakar_asignment/build/single_robo_custom_interface -- -j8 -l8
[0.984s] [  2%] Built target single_robo_custom_interface__cpp
[1.280s] [  2%] Built target ament_cmake_python_copy_single_robo_custom_interface
[1.457s] [ 12%] Built target single_robo_custom_interface__rosidl_typesupport_introspection_cpp
[3.582s] running egg_info
[3.587s] writing single_robo_custom_interface.egg-info/PKG-INFO
[3.588s] writing dependency_links to single_robo_custom_interface.egg-info/dependency_links.txt
[3.589s] writing top-level names to single_robo_custom_interface.egg-info/top_level.txt
[3.601s] reading manifest file 'single_robo_custom_interface.egg-info/SOURCES.txt'
[3.604s] writing manifest file 'single_robo_custom_interface.egg-info/SOURCES.txt'
[3.761s] [ 12%] Built target ament_cmake_python_build_single_robo_custom_interface_egg
[3.899s] [ 23%] Built target single_robo_custom_interface__rosidl_typesupport_fastrtps_cpp
[4.032s] [ 33%] Built target single_robo_custom_interface__rosidl_typesupport_cpp
[4.179s] [ 43%] Built target single_robo_custom_interface__rosidl_generator_c
[4.318s] [ 53%] Built target single_robo_custom_interface__rosidl_typesupport_fastrtps_c
[4.474s] [ 64%] Built target single_robo_custom_interface__rosidl_typesupport_c
[4.658s] [ 74%] Built target single_robo_custom_interface__rosidl_typesupport_introspection_c
[4.823s] [ 74%] Built target single_robo_custom_interface
[4.946s] [ 76%] Built target single_robo_custom_interface__py
[5.090s] [ 84%] Built target single_robo_custom_interface__rosidl_generator_py
[5.232s] [ 89%] Built target single_robo_custom_interface__rosidl_typesupport_fastrtps_c__pyext
[5.414s] [ 94%] Built target single_robo_custom_interface__rosidl_typesupport_c__pyext
[5.537s] [100%] Built target single_robo_custom_interface__rosidl_typesupport_introspection_c__pyext
[5.606s] Invoked command in '/home/asd/temp_git_repo/sakar_asignment/build/single_robo_custom_interface' returned '0': CMAKE_PREFIX_PATH=${CMAKE_PREFIX_PATH}:/home/asd/temp_git_repo/sakar_asignment/install/single_robo_perception:/home/asd/temp_git_repo/sakar_asignment/install/single_robo_odometry:/home/asd/temp_git_repo/first-mega-project/install/single_robo_odometry:/home/asd/ros2_ws_goat2/install/multi_robo_simulator:/home/asd/ros2_ws_goat2/install/swarm_interfaces:/home/asd/ros2_ws_goat2/install/my_robot_description2:/home/asd/ros2_ws_goat2/install/my_robot_bringup2:/home/asd/ros2_ws_goat2/install/goat_robo_discription:/home/asd/ros2_ws_goat2/install/micro_ros_server:/home/asd/ros2_ws_goat2/install/micro_ros_custom_interfaces:/home/asd/ros2_ws_goat2/install/Qr_action:/home/asd/ros2_ws4/install/esp_wifi:/home/asd/ros2_ws4/install/maping_odom:/home/asd/ros2_ws9/install/turtlebot3_simulations:/home/asd/ros2_ws9/install/turtlebot3_gazebo_goat:/home/asd/ros2_ws9/install/turtlebot3_fake_node:/home/asd/ros2_ws9/install/testbed_gazebo_goat:/home/asd/ros2_ws9/install/testbed_description_goat:/home/asd/ros2_ws9/install/my_goat_pkg:/home/asd/ros2_ws9/install/goat_interfaces:/home/asd/ros2_ws9/install/goat_gazebo:/home/asd/ros2_ws7/install/my_py_pkg_anscer:/home/asd/ros2_ws/install/turtlesim_catch_them_all:/home/asd/ros2_ws/install/my_py_pkg:/opt/ros/humble /usr/bin/cmake --build /home/asd/temp_git_repo/sakar_asignment/build/single_robo_custom_interface -- -j8 -l8
[5.622s] Invoking command in '/home/asd/temp_git_repo/sakar_asignment/build/single_robo_custom_interface': CMAKE_PREFIX_PATH=${CMAKE_PREFIX_PATH}:/home/asd/temp_git_repo/sakar_asignment/install/single_robo_perception:/home/asd/temp_git_repo/sakar_asignment/install/single_robo_odometry:/home/asd/temp_git_repo/first-mega-project/install/single_robo_odometry:/home/asd/ros2_ws_goat2/install/multi_robo_simulator:/home/asd/ros2_ws_goat2/install/swarm_interfaces:/home/asd/ros2_ws_goat2/install/my_robot_description2:/home/asd/ros2_ws_goat2/install/my_robot_bringup2:/home/asd/ros2_ws_goat2/install/goat_robo_discription:/home/asd/ros2_ws_goat2/install/micro_ros_server:/home/asd/ros2_ws_goat2/install/micro_ros_custom_interfaces:/home/asd/ros2_ws_goat2/install/Qr_action:/home/asd/ros2_ws4/install/esp_wifi:/home/asd/ros2_ws4/install/maping_odom:/home/asd/ros2_ws9/install/turtlebot3_simulations:/home/asd/ros2_ws9/install/turtlebot3_gazebo_goat:/home/asd/ros2_ws9/install/turtlebot3_fake_node:/home/asd/ros2_ws9/install/testbed_gazebo_goat:/home/asd/ros2_ws9/install/testbed_description_goat:/home/asd/ros2_ws9/install/my_goat_pkg:/home/asd/ros2_ws9/install/goat_interfaces:/home/asd/ros2_ws9/install/goat_gazebo:/home/asd/ros2_ws7/install/my_py_pkg_anscer:/home/asd/ros2_ws/install/turtlesim_catch_them_all:/home/asd/ros2_ws/install/my_py_pkg:/opt/ros/humble /usr/bin/cmake --install /home/asd/temp_git_repo/sakar_asignment/build/single_robo_custom_interface
[5.697s] -- Install configuration: ""
[5.697s] -- Up-to-date: /home/asd/temp_git_repo/sakar_asignment/install/single_robo_custom_interface/share/ament_index/resource_index/rosidl_interfaces/single_robo_custom_interface
[5.698s] -- Up-to-date: /home/asd/temp_git_repo/sakar_asignment/install/single_robo_custom_interface/include/single_robo_custom_interface/single_robo_custom_interface
[5.698s] -- Up-to-date: /home/asd/temp_git_repo/sakar_asignment/install/single_robo_custom_interface/include/single_robo_custom_interface/single_robo_custom_interface/msg
[5.699s] -- Up-to-date: /home/asd/temp_git_repo/sakar_asignment/install/single_robo_custom_interface/include/single_robo_custom_interface/single_robo_custom_interface/msg/cluster_points.h
[5.699s] -- Up-to-date: /home/asd/temp_git_repo/sakar_asignment/install/single_robo_custom_interface/include/single_robo_custom_interface/single_robo_custom_interface/msg/rosidl_generator_c__visibility_control.h
[5.700s] -- Up-to-date: /home/asd/temp_git_repo/sakar_asignment/install/single_robo_custom_interface/include/single_robo_custom_interface/single_robo_custom_interface/msg/com_with_id.h
[5.700s] -- Up-to-date: /home/asd/temp_git_repo/sakar_asignment/install/single_robo_custom_interface/include/single_robo_custom_interface/single_robo_custom_interface/msg/detail
[5.700s] -- Up-to-date: /home/asd/temp_git_repo/sakar_asignment/install/single_robo_custom_interface/include/single_robo_custom_interface/single_robo_custom_interface/msg/detail/com_with_id__functions.h
[5.701s] -- Up-to-date: /home/asd/temp_git_repo/sakar_asignment/install/single_robo_custom_interface/include/single_robo_custom_interface/single_robo_custom_interface/msg/detail/com_with_id__type_support.h
[5.701s] -- Up-to-date: /home/asd/temp_git_repo/sakar_asignment/install/single_robo_custom_interface/include/single_robo_custom_interface/single_robo_custom_interface/msg/detail/cluster_points__type_support.h
[5.701s] -- Up-to-date: /home/asd/temp_git_repo/sakar_asignment/install/single_robo_custom_interface/include/single_robo_custom_interface/single_robo_custom_interface/msg/detail/com_with_id__functions.c
[5.701s] -- Up-to-date: /home/asd/temp_git_repo/sakar_asignment/install/single_robo_custom_interface/include/single_robo_custom_interface/single_robo_custom_interface/msg/detail/cluster_points__struct.h
[5.702s] -- Up-to-date: /home/asd/temp_git_repo/sakar_asignment/install/single_robo_custom_interface/include/single_robo_custom_interface/single_robo_custom_interface/msg/detail/cluster_points__functions.c
[5.702s] -- Up-to-date: /home/asd/temp_git_repo/sakar_asignment/install/single_robo_custom_interface/include/single_robo_custom_interface/single_robo_custom_interface/msg/detail/cluster_points__functions.h
[5.702s] -- Up-to-date: /home/asd/temp_git_repo/sakar_asignment/install/single_robo_custom_interface/include/single_robo_custom_interface/single_robo_custom_interface/msg/detail/com_with_id__struct.h
[5.704s] -- Up-to-date: /home/asd/temp_git_repo/sakar_asignment/install/single_robo_custom_interface/share/single_robo_custom_interface/environment/library_path.sh
[5.705s] -- Up-to-date: /home/asd/temp_git_repo/sakar_asignment/install/single_robo_custom_interface/share/single_robo_custom_interface/environment/library_path.dsv
[5.706s] -- Up-to-date: /home/asd/temp_git_repo/sakar_asignment/install/single_robo_custom_interface/lib/libsingle_robo_custom_interface__rosidl_generator_c.so
[5.707s] -- Up-to-date: /home/asd/temp_git_repo/sakar_asignment/install/single_robo_custom_interface/include/single_robo_custom_interface/single_robo_custom_interface
[5.709s] -- Up-to-date: /home/asd/temp_git_repo/sakar_asignment/install/single_robo_custom_interface/include/single_robo_custom_interface/single_robo_custom_interface/msg
[5.711s] -- Up-to-date: /home/asd/temp_git_repo/sakar_asignment/install/single_robo_custom_interface/include/single_robo_custom_interface/single_robo_custom_interface/msg/rosidl_typesupport_fastrtps_c__visibility_control.h
[5.712s] -- Up-to-date: /home/asd/temp_git_repo/sakar_asignment/install/single_robo_custom_interface/include/single_robo_custom_interface/single_robo_custom_interface/msg/detail
[5.712s] -- Up-to-date: /home/asd/temp_git_repo/sakar_asignment/install/single_robo_custom_interface/include/single_robo_custom_interface/single_robo_custom_interface/msg/detail/com_with_id__rosidl_typesupport_fastrtps_c.h
[5.724s] -- Up-to-date: /home/asd/temp_git_repo/sakar_asignment/install/single_robo_custom_interface/include/single_robo_custom_interface/single_robo_custom_interface/msg/detail/cluster_points__rosidl_typesupport_fastrtps_c.h
[5.725s] -- Up-to-date: /home/asd/temp_git_repo/sakar_asignment/install/single_robo_custom_interface/lib/libsingle_robo_custom_interface__rosidl_typesupport_fastrtps_c.so
[5.725s] -- Up-to-date: /home/asd/temp_git_repo/sakar_asignment/install/single_robo_custom_interface/include/single_robo_custom_interface/single_robo_custom_interface
[5.725s] -- Up-to-date: /home/asd/temp_git_repo/sakar_asignment/install/single_robo_custom_interface/include/single_robo_custom_interface/single_robo_custom_interface/msg
[5.726s] -- Up-to-date: /home/asd/temp_git_repo/sakar_asignment/install/single_robo_custom_interface/include/single_robo_custom_interface/single_robo_custom_interface/msg/detail
[5.727s] -- Up-to-date: /home/asd/temp_git_repo/sakar_asignment/install/single_robo_custom_interface/include/single_robo_custom_interface/single_robo_custom_interface/msg/detail/com_with_id__rosidl_typesupport_introspection_c.h
[5.727s] -- Up-to-date: /home/asd/temp_git_repo/sakar_asignment/install/single_robo_custom_interface/include/single_robo_custom_interface/single_robo_custom_interface/msg/detail/com_with_id__type_support.c
[5.727s] -- Up-to-date: /home/asd/temp_git_repo/sakar_asignment/install/single_robo_custom_interface/include/single_robo_custom_interface/single_robo_custom_interface/msg/detail/cluster_points__rosidl_typesupport_introspection_c.h
[5.728s] -- Up-to-date: /home/asd/temp_git_repo/sakar_asignment/install/single_robo_custom_interface/include/single_robo_custom_interface/single_robo_custom_interface/msg/detail/cluster_points__type_support.c
[5.728s] -- Up-to-date: /home/asd/temp_git_repo/sakar_asignment/install/single_robo_custom_interface/include/single_robo_custom_interface/single_robo_custom_interface/msg/rosidl_typesupport_introspection_c__visibility_control.h
[5.729s] -- Up-to-date: /home/asd/temp_git_repo/sakar_asignment/install/single_robo_custom_interface/lib/libsingle_robo_custom_interface__rosidl_typesupport_introspection_c.so
[5.729s] -- Up-to-date: /home/asd/temp_git_repo/sakar_asignment/install/single_robo_custom_interface/lib/libsingle_robo_custom_interface__rosidl_typesupport_c.so
[5.729s] -- Up-to-date: /home/asd/temp_git_repo/sakar_asignment/install/single_robo_custom_interface/include/single_robo_custom_interface/single_robo_custom_interface
[5.729s] -- Up-to-date: /home/asd/temp_git_repo/sakar_asignment/install/single_robo_custom_interface/include/single_robo_custom_interface/single_robo_custom_interface/msg
[5.730s] -- Up-to-date: /home/asd/temp_git_repo/sakar_asignment/install/single_robo_custom_interface/include/single_robo_custom_interface/single_robo_custom_interface/msg/rosidl_generator_cpp__visibility_control.hpp
[5.730s] -- Up-to-date: /home/asd/temp_git_repo/sakar_asignment/install/single_robo_custom_interface/include/single_robo_custom_interface/single_robo_custom_interface/msg/com_with_id.hpp
[5.730s] -- Up-to-date: /home/asd/temp_git_repo/sakar_asignment/install/single_robo_custom_interface/include/single_robo_custom_interface/single_robo_custom_interface/msg/detail
[5.731s] -- Up-to-date: /home/asd/temp_git_repo/sakar_asignment/install/single_robo_custom_interface/include/single_robo_custom_interface/single_robo_custom_interface/msg/detail/cluster_points__builder.hpp
[5.731s] -- Up-to-date: /home/asd/temp_git_repo/sakar_asignment/install/single_robo_custom_interface/include/single_robo_custom_interface/single_robo_custom_interface/msg/detail/cluster_points__traits.hpp
[5.731s] -- Up-to-date: /home/asd/temp_git_repo/sakar_asignment/install/single_robo_custom_interface/include/single_robo_custom_interface/single_robo_custom_interface/msg/detail/com_with_id__traits.hpp
[5.731s] -- Up-to-date: /home/asd/temp_git_repo/sakar_asignment/install/single_robo_custom_interface/include/single_robo_custom_interface/single_robo_custom_interface/msg/detail/com_with_id__struct.hpp
[5.732s] -- Up-to-date: /home/asd/temp_git_repo/sakar_asignment/install/single_robo_custom_interface/include/single_robo_custom_interface/single_robo_custom_interface/msg/detail/cluster_points__struct.hpp
[5.732s] -- Up-to-date: /home/asd/temp_git_repo/sakar_asignment/install/single_robo_custom_interface/include/single_robo_custom_interface/single_robo_custom_interface/msg/detail/com_with_id__builder.hpp
[5.732s] -- Up-to-date: /home/asd/temp_git_repo/sakar_asignment/install/single_robo_custom_interface/include/single_robo_custom_interface/single_robo_custom_interface/msg/detail/cluster_points__type_support.hpp
[5.732s] -- Up-to-date: /home/asd/temp_git_repo/sakar_asignment/install/single_robo_custom_interface/include/single_robo_custom_interface/single_robo_custom_interface/msg/detail/com_with_id__type_support.hpp
[5.733s] -- Up-to-date: /home/asd/temp_git_repo/sakar_asignment/install/single_robo_custom_interface/include/single_robo_custom_interface/single_robo_custom_interface/msg/cluster_points.hpp
[5.733s] -- Up-to-date: /home/asd/temp_git_repo/sakar_asignment/install/single_robo_custom_interface/include/single_robo_custom_interface/single_robo_custom_interface
[5.733s] -- Up-to-date: /home/asd/temp_git_repo/sakar_asignment/install/single_robo_custom_interface/include/single_robo_custom_interface/single_robo_custom_interface/msg
[5.733s] -- Up-to-date: /home/asd/temp_git_repo/sakar_asignment/install/single_robo_custom_interface/include/single_robo_custom_interface/single_robo_custom_interface/msg/rosidl_typesupport_fastrtps_cpp__visibility_control.h
[5.733s] -- Up-to-date: /home/asd/temp_git_repo/sakar_asignment/install/single_robo_custom_interface/include/single_robo_custom_interface/single_robo_custom_interface/msg/detail
[5.734s] -- Up-to-date: /home/asd/temp_git_repo/sakar_asignment/install/single_robo_custom_interface/include/single_robo_custom_interface/single_robo_custom_interface/msg/detail/dds_fastrtps
[5.734s] -- Up-to-date: /home/asd/temp_git_repo/sakar_asignment/install/single_robo_custom_interface/include/single_robo_custom_interface/single_robo_custom_interface/msg/detail/com_with_id__rosidl_typesupport_fastrtps_cpp.hpp
[5.734s] -- Up-to-date: /home/asd/temp_git_repo/sakar_asignment/install/single_robo_custom_interface/include/single_robo_custom_interface/single_robo_custom_interface/msg/detail/cluster_points__rosidl_typesupport_fastrtps_cpp.hpp
[5.734s] -- Up-to-date: /home/asd/temp_git_repo/sakar_asignment/install/single_robo_custom_interface/lib/libsingle_robo_custom_interface__rosidl_typesupport_fastrtps_cpp.so
[5.735s] -- Up-to-date: /home/asd/temp_git_repo/sakar_asignment/install/single_robo_custom_interface/include/single_robo_custom_interface/single_robo_custom_interface
[5.735s] -- Up-to-date: /home/asd/temp_git_repo/sakar_asignment/install/single_robo_custom_interface/include/single_robo_custom_interface/single_robo_custom_interface/msg
[5.735s] -- Up-to-date: /home/asd/temp_git_repo/sakar_asignment/install/single_robo_custom_interface/include/single_robo_custom_interface/single_robo_custom_interface/msg/detail
[5.735s] -- Up-to-date: /home/asd/temp_git_repo/sakar_asignment/install/single_robo_custom_interface/include/single_robo_custom_interface/single_robo_custom_interface/msg/detail/cluster_points__rosidl_typesupport_introspection_cpp.hpp
[5.735s] -- Up-to-date: /home/asd/temp_git_repo/sakar_asignment/install/single_robo_custom_interface/include/single_robo_custom_interface/single_robo_custom_interface/msg/detail/com_with_id__type_support.cpp
[5.736s] -- Up-to-date: /home/asd/temp_git_repo/sakar_asignment/install/single_robo_custom_interface/include/single_robo_custom_interface/single_robo_custom_interface/msg/detail/cluster_points__type_support.cpp
[5.736s] -- Up-to-date: /home/asd/temp_git_repo/sakar_asignment/install/single_robo_custom_interface/include/single_robo_custom_interface/single_robo_custom_interface/msg/detail/com_with_id__rosidl_typesupport_introspection_cpp.hpp
[5.736s] -- Up-to-date: /home/asd/temp_git_repo/sakar_asignment/install/single_robo_custom_interface/lib/libsingle_robo_custom_interface__rosidl_typesupport_introspection_cpp.so
[5.736s] -- Up-to-date: /home/asd/temp_git_repo/sakar_asignment/install/single_robo_custom_interface/lib/libsingle_robo_custom_interface__rosidl_typesupport_cpp.so
[5.736s] -- Up-to-date: /home/asd/temp_git_repo/sakar_asignment/install/single_robo_custom_interface/share/single_robo_custom_interface/environment/pythonpath.sh
[5.737s] -- Up-to-date: /home/asd/temp_git_repo/sakar_asignment/install/single_robo_custom_interface/share/single_robo_custom_interface/environment/pythonpath.dsv
[5.737s] -- Up-to-date: /home/asd/temp_git_repo/sakar_asignment/install/single_robo_custom_interface/local/lib/python3.10/dist-packages/single_robo_custom_interface-0.0.0-py3.10.egg-info
[5.737s] -- Installing: /home/asd/temp_git_repo/sakar_asignment/install/single_robo_custom_interface/local/lib/python3.10/dist-packages/single_robo_custom_interface-0.0.0-py3.10.egg-info/top_level.txt
[5.737s] -- Installing: /home/asd/temp_git_repo/sakar_asignment/install/single_robo_custom_interface/local/lib/python3.10/dist-packages/single_robo_custom_interface-0.0.0-py3.10.egg-info/PKG-INFO
[5.738s] -- Installing: /home/asd/temp_git_repo/sakar_asignment/install/single_robo_custom_interface/local/lib/python3.10/dist-packages/single_robo_custom_interface-0.0.0-py3.10.egg-info/dependency_links.txt
[5.738s] -- Installing: /home/asd/temp_git_repo/sakar_asignment/install/single_robo_custom_interface/local/lib/python3.10/dist-packages/single_robo_custom_interface-0.0.0-py3.10.egg-info/SOURCES.txt
[5.738s] -- Up-to-date: /home/asd/temp_git_repo/sakar_asignment/install/single_robo_custom_interface/local/lib/python3.10/dist-packages/single_robo_custom_interface
[5.739s] -- Up-to-date: /home/asd/temp_git_repo/sakar_asignment/install/single_robo_custom_interface/local/lib/python3.10/dist-packages/single_robo_custom_interface/single_robo_custom_interface_s__rosidl_typesupport_c.cpython-310-x86_64-linux-gnu.so
[5.739s] -- Up-to-date: /home/asd/temp_git_repo/sakar_asignment/install/single_robo_custom_interface/local/lib/python3.10/dist-packages/single_robo_custom_interface/_single_robo_custom_interface_s.ep.rosidl_typesupport_fastrtps_c.c
[5.739s] -- Up-to-date: /home/asd/temp_git_repo/sakar_asignment/install/single_robo_custom_interface/local/lib/python3.10/dist-packages/single_robo_custom_interface/msg
[5.739s] -- Up-to-date: /home/asd/temp_git_repo/sakar_asignment/install/single_robo_custom_interface/local/lib/python3.10/dist-packages/single_robo_custom_interface/msg/_com_with_id_s.c
[5.740s] -- Up-to-date: /home/asd/temp_git_repo/sakar_asignment/install/single_robo_custom_interface/local/lib/python3.10/dist-packages/single_robo_custom_interface/msg/_cluster_points.py
[5.740s] -- Up-to-date: /home/asd/temp_git_repo/sakar_asignment/install/single_robo_custom_interface/local/lib/python3.10/dist-packages/single_robo_custom_interface/msg/__init__.py
[5.740s] -- Up-to-date: /home/asd/temp_git_repo/sakar_asignment/install/single_robo_custom_interface/local/lib/python3.10/dist-packages/single_robo_custom_interface/msg/_cluster_points_s.c
[5.741s] -- Up-to-date: /home/asd/temp_git_repo/sakar_asignment/install/single_robo_custom_interface/local/lib/python3.10/dist-packages/single_robo_custom_interface/msg/_com_with_id.py
[5.741s] -- Up-to-date: /home/asd/temp_git_repo/sakar_asignment/install/single_robo_custom_interface/local/lib/python3.10/dist-packages/single_robo_custom_interface/__init__.py
[5.741s] -- Up-to-date: /home/asd/temp_git_repo/sakar_asignment/install/single_robo_custom_interface/local/lib/python3.10/dist-packages/single_robo_custom_interface/_single_robo_custom_interface_s.ep.rosidl_typesupport_introspection_c.c
[5.742s] -- Up-to-date: /home/asd/temp_git_repo/sakar_asignment/install/single_robo_custom_interface/local/lib/python3.10/dist-packages/single_robo_custom_interface/_single_robo_custom_interface_s.ep.rosidl_typesupport_c.c
[5.742s] -- Up-to-date: /home/asd/temp_git_repo/sakar_asignment/install/single_robo_custom_interface/local/lib/python3.10/dist-packages/single_robo_custom_interface/single_robo_custom_interface_s__rosidl_typesupport_fastrtps_c.cpython-310-x86_64-linux-gnu.so
[5.742s] -- Up-to-date: /home/asd/temp_git_repo/sakar_asignment/install/single_robo_custom_interface/local/lib/python3.10/dist-packages/single_robo_custom_interface/libsingle_robo_custom_interface__rosidl_generator_py.so
[5.742s] -- Up-to-date: /home/asd/temp_git_repo/sakar_asignment/install/single_robo_custom_interface/local/lib/python3.10/dist-packages/single_robo_custom_interface/single_robo_custom_interface_s__rosidl_typesupport_introspection_c.cpython-310-x86_64-linux-gnu.so
[5.949s] Listing '/home/asd/temp_git_repo/sakar_asignment/install/single_robo_custom_interface/local/lib/python3.10/dist-packages/single_robo_custom_interface'...
[5.950s] Listing '/home/asd/temp_git_repo/sakar_asignment/install/single_robo_custom_interface/local/lib/python3.10/dist-packages/single_robo_custom_interface/msg'...
[5.967s] -- Up-to-date: /home/asd/temp_git_repo/sakar_asignment/install/single_robo_custom_interface/local/lib/python3.10/dist-packages/single_robo_custom_interface/single_robo_custom_interface_s__rosidl_typesupport_fastrtps_c.cpython-310-x86_64-linux-gnu.so
[5.969s] -- Up-to-date: /home/asd/temp_git_repo/sakar_asignment/install/single_robo_custom_interface/local/lib/python3.10/dist-packages/single_robo_custom_interface/single_robo_custom_interface_s__rosidl_typesupport_introspection_c.cpython-310-x86_64-linux-gnu.so
[5.970s] -- Up-to-date: /home/asd/temp_git_repo/sakar_asignment/install/single_robo_custom_interface/local/lib/python3.10/dist-packages/single_robo_custom_interface/single_robo_custom_interface_s__rosidl_typesupport_c.cpython-310-x86_64-linux-gnu.so
[5.971s] -- Up-to-date: /home/asd/temp_git_repo/sakar_asignment/install/single_robo_custom_interface/lib/libsingle_robo_custom_interface__rosidl_generator_py.so
[5.971s] -- Up-to-date: /home/asd/temp_git_repo/sakar_asignment/install/single_robo_custom_interface/share/single_robo_custom_interface/msg/ClusterPoints.idl
[5.972s] -- Up-to-date: /home/asd/temp_git_repo/sakar_asignment/install/single_robo_custom_interface/share/single_robo_custom_interface/msg/ComWithID.idl
[5.972s] -- Up-to-date: /home/asd/temp_git_repo/sakar_asignment/install/single_robo_custom_interface/share/single_robo_custom_interface/msg/ClusterPoints.msg
[5.972s] -- Up-to-date: /home/asd/temp_git_repo/sakar_asignment/install/single_robo_custom_interface/share/single_robo_custom_interface/msg/ComWithID.msg
[5.972s] -- Up-to-date: /home/asd/temp_git_repo/sakar_asignment/install/single_robo_custom_interface/share/ament_index/resource_index/package_run_dependencies/single_robo_custom_interface
[5.973s] -- Up-to-date: /home/asd/temp_git_repo/sakar_asignment/install/single_robo_custom_interface/share/ament_index/resource_index/parent_prefix_path/single_robo_custom_interface
[5.973s] -- Up-to-date: /home/asd/temp_git_repo/sakar_asignment/install/single_robo_custom_interface/share/single_robo_custom_interface/environment/ament_prefix_path.sh
[5.974s] -- Up-to-date: /home/asd/temp_git_repo/sakar_asignment/install/single_robo_custom_interface/share/single_robo_custom_interface/environment/ament_prefix_path.dsv
[5.974s] -- Up-to-date: /home/asd/temp_git_repo/sakar_asignment/install/single_robo_custom_interface/share/single_robo_custom_interface/environment/path.sh
[5.974s] -- Up-to-date: /home/asd/temp_git_repo/sakar_asignment/install/single_robo_custom_interface/share/single_robo_custom_interface/environment/path.dsv
[5.975s] -- Up-to-date: /home/asd/temp_git_repo/sakar_asignment/install/single_robo_custom_interface/share/single_robo_custom_interface/local_setup.bash
[5.975s] -- Up-to-date: /home/asd/temp_git_repo/sakar_asignment/install/single_robo_custom_interface/share/single_robo_custom_interface/local_setup.sh
[5.975s] -- Up-to-date: /home/asd/temp_git_repo/sakar_asignment/install/single_robo_custom_interface/share/single_robo_custom_interface/local_setup.zsh
[5.975s] -- Up-to-date: /home/asd/temp_git_repo/sakar_asignment/install/single_robo_custom_interface/share/single_robo_custom_interface/local_setup.dsv
[5.976s] -- Installing: /home/asd/temp_git_repo/sakar_asignment/install/single_robo_custom_interface/share/single_robo_custom_interface/package.dsv
[5.976s] -- Up-to-date: /home/asd/temp_git_repo/sakar_asignment/install/single_robo_custom_interface/share/ament_index/resource_index/packages/single_robo_custom_interface
[5.977s] -- Up-to-date: /home/asd/temp_git_repo/sakar_asignment/install/single_robo_custom_interface/share/single_robo_custom_interface/cmake/export_single_robo_custom_interface__rosidl_generator_cExport.cmake
[5.977s] -- Up-to-date: /home/asd/temp_git_repo/sakar_asignment/install/single_robo_custom_interface/share/single_robo_custom_interface/cmake/export_single_robo_custom_interface__rosidl_generator_cExport-noconfig.cmake
[5.977s] -- Up-to-date: /home/asd/temp_git_repo/sakar_asignment/install/single_robo_custom_interface/share/single_robo_custom_interface/cmake/export_single_robo_custom_interface__rosidl_typesupport_fastrtps_cExport.cmake
[5.978s] -- Up-to-date: /home/asd/temp_git_repo/sakar_asignment/install/single_robo_custom_interface/share/single_robo_custom_interface/cmake/export_single_robo_custom_interface__rosidl_typesupport_fastrtps_cExport-noconfig.cmake
[5.978s] -- Up-to-date: /home/asd/temp_git_repo/sakar_asignment/install/single_robo_custom_interface/share/single_robo_custom_interface/cmake/single_robo_custom_interface__rosidl_typesupport_introspection_cExport.cmake
[5.979s] -- Up-to-date: /home/asd/temp_git_repo/sakar_asignment/install/single_robo_custom_interface/share/single_robo_custom_interface/cmake/single_robo_custom_interface__rosidl_typesupport_introspection_cExport-noconfig.cmake
[5.979s] -- Up-to-date: /home/asd/temp_git_repo/sakar_asignment/install/single_robo_custom_interface/share/single_robo_custom_interface/cmake/single_robo_custom_interface__rosidl_typesupport_cExport.cmake
[5.980s] -- Up-to-date: /home/asd/temp_git_repo/sakar_asignment/install/single_robo_custom_interface/share/single_robo_custom_interface/cmake/single_robo_custom_interface__rosidl_typesupport_cExport-noconfig.cmake
[5.981s] -- Up-to-date: /home/asd/temp_git_repo/sakar_asignment/install/single_robo_custom_interface/share/single_robo_custom_interface/cmake/export_single_robo_custom_interface__rosidl_generator_cppExport.cmake
[5.983s] -- Up-to-date: /home/asd/temp_git_repo/sakar_asignment/install/single_robo_custom_interface/share/single_robo_custom_interface/cmake/export_single_robo_custom_interface__rosidl_typesupport_fastrtps_cppExport.cmake
[5.984s] -- Up-to-date: /home/asd/temp_git_repo/sakar_asignment/install/single_robo_custom_interface/share/single_robo_custom_interface/cmake/export_single_robo_custom_interface__rosidl_typesupport_fastrtps_cppExport-noconfig.cmake
[5.985s] -- Up-to-date: /home/asd/temp_git_repo/sakar_asignment/install/single_robo_custom_interface/share/single_robo_custom_interface/cmake/single_robo_custom_interface__rosidl_typesupport_introspection_cppExport.cmake
[5.987s] -- Up-to-date: /home/asd/temp_git_repo/sakar_asignment/install/single_robo_custom_interface/share/single_robo_custom_interface/cmake/single_robo_custom_interface__rosidl_typesupport_introspection_cppExport-noconfig.cmake
[5.988s] -- Up-to-date: /home/asd/temp_git_repo/sakar_asignment/install/single_robo_custom_interface/share/single_robo_custom_interface/cmake/single_robo_custom_interface__rosidl_typesupport_cppExport.cmake
[5.989s] -- Up-to-date: /home/asd/temp_git_repo/sakar_asignment/install/single_robo_custom_interface/share/single_robo_custom_interface/cmake/single_robo_custom_interface__rosidl_typesupport_cppExport-noconfig.cmake
[5.989s] -- Up-to-date: /home/asd/temp_git_repo/sakar_asignment/install/single_robo_custom_interface/share/single_robo_custom_interface/cmake/export_single_robo_custom_interface__rosidl_generator_pyExport.cmake
[5.990s] -- Up-to-date: /home/asd/temp_git_repo/sakar_asignment/install/single_robo_custom_interface/share/single_robo_custom_interface/cmake/export_single_robo_custom_interface__rosidl_generator_pyExport-noconfig.cmake
[5.991s] -- Up-to-date: /home/asd/temp_git_repo/sakar_asignment/install/single_robo_custom_interface/share/single_robo_custom_interface/cmake/rosidl_cmake-extras.cmake
[5.991s] -- Up-to-date: /home/asd/temp_git_repo/sakar_asignment/install/single_robo_custom_interface/share/single_robo_custom_interface/cmake/ament_cmake_export_include_directories-extras.cmake
[5.992s] -- Up-to-date: /home/asd/temp_git_repo/sakar_asignment/install/single_robo_custom_interface/share/single_robo_custom_interface/cmake/ament_cmake_export_libraries-extras.cmake
[5.993s] -- Up-to-date: /home/asd/temp_git_repo/sakar_asignment/install/single_robo_custom_interface/share/single_robo_custom_interface/cmake/ament_cmake_export_targets-extras.cmake
[5.993s] -- Up-to-date: /home/asd/temp_git_repo/sakar_asignment/install/single_robo_custom_interface/share/single_robo_custom_interface/cmake/rosidl_cmake_export_typesupport_targets-extras.cmake
[5.994s] -- Up-to-date: /home/asd/temp_git_repo/sakar_asignment/install/single_robo_custom_interface/share/single_robo_custom_interface/cmake/ament_cmake_export_dependencies-extras.cmake
[5.995s] -- Up-to-date: /home/asd/temp_git_repo/sakar_asignment/install/single_robo_custom_interface/share/single_robo_custom_interface/cmake/rosidl_cmake_export_typesupport_libraries-extras.cmake
[5.995s] -- Up-to-date: /home/asd/temp_git_repo/sakar_asignment/install/single_robo_custom_interface/share/single_robo_custom_interface/cmake/single_robo_custom_interfaceConfig.cmake
[5.996s] -- Up-to-date: /home/asd/temp_git_repo/sakar_asignment/install/single_robo_custom_interface/share/single_robo_custom_interface/cmake/single_robo_custom_interfaceConfig-version.cmake
[5.996s] -- Up-to-date: /home/asd/temp_git_repo/sakar_asignment/install/single_robo_custom_interface/share/single_robo_custom_interface/package.xml
[6.007s] Invoked command in '/home/asd/temp_git_repo/sakar_asignment/build/single_robo_custom_interface' returned '0': CMAKE_PREFIX_PATH=${CMAKE_PREFIX_PATH}:/home/asd/temp_git_repo/sakar_asignment/install/single_robo_perception:/home/asd/temp_git_repo/sakar_asignment/install/single_robo_odometry:/home/asd/temp_git_repo/first-mega-project/install/single_robo_odometry:/home/asd/ros2_ws_goat2/install/multi_robo_simulator:/home/asd/ros2_ws_goat2/install/swarm_interfaces:/home/asd/ros2_ws_goat2/install/my_robot_description2:/home/asd/ros2_ws_goat2/install/my_robot_bringup2:/home/asd/ros2_ws_goat2/install/goat_robo_discription:/home/asd/ros2_ws_goat2/install/micro_ros_server:/home/asd/ros2_ws_goat2/install/micro_ros_custom_interfaces:/home/asd/ros2_ws_goat2/install/Qr_action:/home/asd/ros2_ws4/install/esp_wifi:/home/asd/ros2_ws4/install/maping_odom:/home/asd/ros2_ws9/install/turtlebot3_simulations:/home/asd/ros2_ws9/install/turtlebot3_gazebo_goat:/home/asd/ros2_ws9/install/turtlebot3_fake_node:/home/asd/ros2_ws9/install/testbed_gazebo_goat:/home/asd/ros2_ws9/install/testbed_description_goat:/home/asd/ros2_ws9/install/my_goat_pkg:/home/asd/ros2_ws9/install/goat_interfaces:/home/asd/ros2_ws9/install/goat_gazebo:/home/asd/ros2_ws7/install/my_py_pkg_anscer:/home/asd/ros2_ws/install/turtlesim_catch_them_all:/home/asd/ros2_ws/install/my_py_pkg:/opt/ros/humble /usr/bin/cmake --install /home/asd/temp_git_repo/sakar_asignment/build/single_robo_custom_interface
